PCC-Arena Evaluator 0.6.5
Reference Point Cloud: /temp/pranav/dynamic_pc_data/loot/Ply/loot_vox10_1124.ply
Target Point Cloud: /temp/pranav/dynamic_pc_data/loot/experiments/2DD_lodX=2_lodY=1_OM=1/decompressed/loot_dec_1124.ply

========== Time & Binary Size ==========
Encoding time (s)           : -1
Decoding time (s)           : -1
Source point cloud size (kB): 16675.054
Total binary files size (kB): 8130.086
Compression ratio           : 0.4875598004060437
bpp (bits per point)        : 82.62565916259831

========== Point-based Metrics =========
Asym. Chamfer dist. (1->2) p2pt: 0.696847
Asym. Chamfer dist. (2->1) p2pt: 0.332144
Chamfer dist.              p2pt: 0.514496
CD-PSNR (dB)               p2pt: 62.9668
Hausdorff distance         p2pt: 18


----------------------------------------
Y-CPSNR (dB)                   : 36.1579
U-CPSNR (dB)                   : 46.2408
V-CPSNR (dB)                   : 45.9804

