PCC-Arena Evaluator 0.6.5
Reference Point Cloud: /home/p/pranav/dynamic_pc_data/loot/Ply/loot_vox10_1028.ply
Target Point Cloud: /home/p/pranav/dynamic_pc_data/loot/experiments/2DD_lodX=2_lodY=1_OM=1/decompressed/loot_dec_1028.ply

========== Time & Binary Size ==========
Encoding time (s)           : -1
Decoding time (s)           : -1
Source point cloud size (kB): 16965.623
Total binary files size (kB): 8130.086
Compression ratio           : 0.47920939891214137
bpp (bits per point)        : 83.20937093408695

========== Point-based Metrics =========
Asym. Chamfer dist. (1->2) p2pt: 0.670185
Asym. Chamfer dist. (2->1) p2pt: 0.323009
Chamfer dist.              p2pt: 0.496597
CD-PSNR (dB)               p2pt: 63.1741
Hausdorff distance         p2pt: 33


----------------------------------------
Y-CPSNR (dB)                   : 35.5453
U-CPSNR (dB)                   : 45.8887
V-CPSNR (dB)                   : 45.6898

