PCC-Arena Evaluator 0.6.5
Reference Point Cloud: /temp/pranav/dynamic_pc_data/loot/Ply/loot_vox10_1191.ply
Target Point Cloud: /temp/pranav/dynamic_pc_data/loot/experiments/2DD_lodX=2_lodY=1_OM=1/decompressed/loot_dec_1191.ply

========== Time & Binary Size ==========
Encoding time (s)           : -1
Decoding time (s)           : -1
Source point cloud size (kB): 17165.421
Total binary files size (kB): 8130.086
Compression ratio           : 0.47363161089961037
bpp (bits per point)        : 82.53852518515134

========== Point-based Metrics =========
Asym. Chamfer dist. (1->2) p2pt: 0.693273
Asym. Chamfer dist. (2->1) p2pt: 0.333816
Chamfer dist.              p2pt: 0.513544
CD-PSNR (dB)               p2pt: 63.029
Hausdorff distance         p2pt: 26


----------------------------------------
Y-CPSNR (dB)                   : 35.121
U-CPSNR (dB)                   : 45.9231
V-CPSNR (dB)                   : 45.7122

