PCC-Arena Evaluator 0.6.5
Reference Point Cloud: /temp/pranav/dynamic_pc_data/loot/Ply/loot_vox10_1016.ply
Target Point Cloud: /temp/pranav/dynamic_pc_data/loot/experiments/2DD_lodX=2_lodY=1_OM=1/decompressed/loot_dec_1016.ply

========== Time & Binary Size ==========
Encoding time (s)           : -1
Decoding time (s)           : -1
Source point cloud size (kB): 17005.104
Total binary files size (kB): 8130.086
Compression ratio           : 0.4780968114043878
bpp (bits per point)        : 83.09572771872445

========== Point-based Metrics =========
Asym. Chamfer dist. (1->2) p2pt: 0.67354
Asym. Chamfer dist. (2->1) p2pt: 0.324225
Chamfer dist.              p2pt: 0.498882
CD-PSNR (dB)               p2pt: 63.1174
Hausdorff distance         p2pt: 54


----------------------------------------
Y-CPSNR (dB)                   : 35.6714
U-CPSNR (dB)                   : 46.1066
V-CPSNR (dB)                   : 45.9628

