PCC-Arena Evaluator 0.6.5
Reference Point Cloud: /temp/pranav/dynamic_pc_data/loot/Ply/loot_vox10_1042.ply
Target Point Cloud: /temp/pranav/dynamic_pc_data/loot/experiments/2DD_lodX=2_lodY=1_OM=1/decompressed/loot_dec_1042.ply

========== Time & Binary Size ==========
Encoding time (s)           : -1
Decoding time (s)           : -1
Source point cloud size (kB): 17276.449
Total binary files size (kB): 8130.086
Compression ratio           : 0.47058779266503203
bpp (bits per point)        : 82.048113190886

========== Point-based Metrics =========
Asym. Chamfer dist. (1->2) p2pt: 0.66959
Asym. Chamfer dist. (2->1) p2pt: 0.329264
Chamfer dist.              p2pt: 0.499427
CD-PSNR (dB)               p2pt: 62.9501
Hausdorff distance         p2pt: 35


----------------------------------------
Y-CPSNR (dB)                   : 35.9336
U-CPSNR (dB)                   : 46.1227
V-CPSNR (dB)                   : 45.8468

