PCC-Arena Evaluator 0.6.5
Reference Point Cloud: /home/p/pranav/dynamic_pc_data/loot/Ply/loot_vox10_1187.ply
Target Point Cloud: /home/p/pranav/dynamic_pc_data/loot/experiments/2DD_lodX=2_lodY=1_OM=1/decompressed/loot_dec_1187.ply

========== Time & Binary Size ==========
Encoding time (s)           : -1
Decoding time (s)           : -1
Source point cloud size (kB): 17296.65
Total binary files size (kB): 8130.086
Compression ratio           : 0.4700381865852636
bpp (bits per point)        : 81.82463997665053

========== Point-based Metrics =========
Asym. Chamfer dist. (1->2) p2pt: 0.682832
Asym. Chamfer dist. (2->1) p2pt: 0.339897
Chamfer dist.              p2pt: 0.511365
CD-PSNR (dB)               p2pt: 62.9022
Hausdorff distance         p2pt: 26


----------------------------------------
Y-CPSNR (dB)                   : 35.7584
U-CPSNR (dB)                   : 45.9776
V-CPSNR (dB)                   : 45.7949

