PCC-Arena Evaluator 0.6.5
Reference Point Cloud: /temp/pranav/dynamic_pc_data/loot/Ply/loot_vox10_1280.ply
Target Point Cloud: /temp/pranav/dynamic_pc_data/loot/experiments/2DD_lodX=2_lodY=1_OM=1/decompressed/loot_dec_1280.ply

========== Time & Binary Size ==========
Encoding time (s)           : -1
Decoding time (s)           : -1
Source point cloud size (kB): 17732.742
Total binary files size (kB): 8130.086
Compression ratio           : 0.45847878461210345
bpp (bits per point)        : 79.77447513635968

========== Point-based Metrics =========
Asym. Chamfer dist. (1->2) p2pt: 0.705879
Asym. Chamfer dist. (2->1) p2pt: 0.346416
Chamfer dist.              p2pt: 0.526147
CD-PSNR (dB)               p2pt: 62.7155
Hausdorff distance         p2pt: 21


----------------------------------------
Y-CPSNR (dB)                   : 35.6489
U-CPSNR (dB)                   : 45.9964
V-CPSNR (dB)                   : 45.9693

