PCC-Arena Evaluator 0.6.5
Reference Point Cloud: /temp/pranav/dynamic_pc_data/loot/Ply/loot_vox10_1120.ply
Target Point Cloud: /temp/pranav/dynamic_pc_data/loot/experiments/2DD_lodX=2_lodY=1_OM=1/decompressed/loot_dec_1120.ply

========== Time & Binary Size ==========
Encoding time (s)           : -1
Decoding time (s)           : -1
Source point cloud size (kB): 16659.096
Total binary files size (kB): 8130.086
Compression ratio           : 0.4880268413123977
bpp (bits per point)        : 82.62429463938638

========== Point-based Metrics =========
Asym. Chamfer dist. (1->2) p2pt: 0.686157
Asym. Chamfer dist. (2->1) p2pt: 0.336279
Chamfer dist.              p2pt: 0.511218
CD-PSNR (dB)               p2pt: 63.1606
Hausdorff distance         p2pt: 25


----------------------------------------
Y-CPSNR (dB)                   : 35.8543
U-CPSNR (dB)                   : 46.0599
V-CPSNR (dB)                   : 45.9394

