PCC-Arena Evaluator 0.6.5
Reference Point Cloud: /temp/pranav/dynamic_pc_data/loot/Ply/loot_vox10_1031.ply
Target Point Cloud: /temp/pranav/dynamic_pc_data/loot/experiments/2DD_lodX=2_lodY=1_OM=1/decompressed/loot_dec_1031.ply

========== Time & Binary Size ==========
Encoding time (s)           : -1
Decoding time (s)           : -1
Source point cloud size (kB): 16996.664
Total binary files size (kB): 8130.086
Compression ratio           : 0.4783342189973279
bpp (bits per point)        : 83.10093002040449

========== Point-based Metrics =========
Asym. Chamfer dist. (1->2) p2pt: 0.671923
Asym. Chamfer dist. (2->1) p2pt: 0.324388
Chamfer dist.              p2pt: 0.498156
CD-PSNR (dB)               p2pt: 63.1564
Hausdorff distance         p2pt: 26


----------------------------------------
Y-CPSNR (dB)                   : 35.5265
U-CPSNR (dB)                   : 46.0658
V-CPSNR (dB)                   : 45.6077

