PCC-Arena Evaluator 0.6.5
Reference Point Cloud: /temp/pranav/dynamic_pc_data/soldier/Ply/soldier_vox10_0780.ply
Target Point Cloud: /temp/pranav/dynamic_pc_data/soldier/experiments/2DD_INT_lodX=2_lodY=2_OM=4_r1/decompressed/soldier_dec_0780.ply

========== Time & Binary Size ==========
Encoding time (s)           : -1
Decoding time (s)           : -1
Source point cloud size (kB): 24185.752
Total binary files size (kB): 4630.941
Compression ratio           : 0.1914739306017857
bpp (bits per point)        : 33.91720719623764

========== Point-based Metrics =========
Asym. Chamfer dist. (1->2) p2pt: 1.06273
Asym. Chamfer dist. (2->1) p2pt: 1.12496
Chamfer dist.              p2pt: 1.09385
CD-PSNR (dB)               p2pt: 59.5786
Hausdorff distance         p2pt: 194


----------------------------------------
Y-CPSNR (dB)                   : 28.8153
U-CPSNR (dB)                   : 42.9148
V-CPSNR (dB)                   : 43.4001

