PCC-Arena Evaluator 0.6.5
Reference Point Cloud: /temp/pranav/dynamic_pc_data/soldier/Ply/soldier_vox10_0811.ply
Target Point Cloud: /temp/pranav/dynamic_pc_data/soldier/experiments/2DD_INT_lodX=2_lodY=2_OM=4_r1/decompressed/soldier_dec_0811.ply

========== Time & Binary Size ==========
Encoding time (s)           : -1
Decoding time (s)           : -1
Source point cloud size (kB): 24078.605
Total binary files size (kB): 4630.941
Compression ratio           : 0.19232596738889152
bpp (bits per point)        : 34.008276358402306

========== Point-based Metrics =========
Asym. Chamfer dist. (1->2) p2pt: 1.10685
Asym. Chamfer dist. (2->1) p2pt: 1.13562
Chamfer dist.              p2pt: 1.12123
CD-PSNR (dB)               p2pt: 59.4797
Hausdorff distance         p2pt: 251


----------------------------------------
Y-CPSNR (dB)                   : 28.6203
U-CPSNR (dB)                   : 42.8548
V-CPSNR (dB)                   : 43.0818

