PCC-Arena Evaluator 0.6.5
Reference Point Cloud: /temp/pranav/dynamic_pc_data/soldier/Ply/soldier_vox10_0673.ply
Target Point Cloud: /temp/pranav/dynamic_pc_data/soldier/experiments/2DD_INT_lodX=2_lodY=2_OM=4_r1/decompressed/soldier_dec_0673.ply

========== Time & Binary Size ==========
Encoding time (s)           : -1
Decoding time (s)           : -1
Source point cloud size (kB): 23208.136
Total binary files size (kB): 4630.941
Compression ratio           : 0.19953954940629443
bpp (bits per point)        : 35.451501406671646

========== Point-based Metrics =========
Asym. Chamfer dist. (1->2) p2pt: 1.05183
Asym. Chamfer dist. (2->1) p2pt: 1.11766
Chamfer dist.              p2pt: 1.08475
CD-PSNR (dB)               p2pt: 59.8819
Hausdorff distance         p2pt: 469


----------------------------------------
Y-CPSNR (dB)                   : 28.6162
U-CPSNR (dB)                   : 42.8985
V-CPSNR (dB)                   : 42.9268

