PCC-Arena Evaluator 0.6.5
Reference Point Cloud: /temp/pranav/dynamic_pc_data/soldier/Ply/soldier_vox10_0740.ply
Target Point Cloud: /temp/pranav/dynamic_pc_data/soldier/experiments/2DD_INT_lodX=2_lodY=2_OM=4_r1/decompressed/soldier_dec_0740.ply

========== Time & Binary Size ==========
Encoding time (s)           : -1
Decoding time (s)           : -1
Source point cloud size (kB): 24152.266
Total binary files size (kB): 4630.941
Compression ratio           : 0.19173940035274536
bpp (bits per point)        : 34.03842878051604

========== Point-based Metrics =========
Asym. Chamfer dist. (1->2) p2pt: 1.13532
Asym. Chamfer dist. (2->1) p2pt: 1.2346
Chamfer dist.              p2pt: 1.18496
CD-PSNR (dB)               p2pt: 59.1753
Hausdorff distance         p2pt: 234


----------------------------------------
Y-CPSNR (dB)                   : 28.2097
U-CPSNR (dB)                   : 42.6651
V-CPSNR (dB)                   : 42.8663

