PCC-Arena Evaluator 0.6.5
Reference Point Cloud: /temp/pranav/dynamic_pc_data/soldier/Ply/soldier_vox10_0559.ply
Target Point Cloud: /temp/pranav/dynamic_pc_data/soldier/experiments/2DD_INT_lodX=2_lodY=1_OM=4_r1/decompressed/soldier_dec_0559.ply

========== Time & Binary Size ==========
Encoding time (s)           : -1
Decoding time (s)           : -1
Source point cloud size (kB): 23495.503
Total binary files size (kB): 5013.382
Compression ratio           : 0.21337623629509014
bpp (bits per point)        : 37.80054249786526

========== Point-based Metrics =========
Asym. Chamfer dist. (1->2) p2pt: 0.960834
Asym. Chamfer dist. (2->1) p2pt: 1.16088
Chamfer dist.              p2pt: 1.06086
CD-PSNR (dB)               p2pt: 60.0411
Hausdorff distance         p2pt: 3075


----------------------------------------
Y-CPSNR (dB)                   : 28.7466
U-CPSNR (dB)                   : 42.987
V-CPSNR (dB)                   : 43.1596

