PCC-Arena Evaluator 0.6.5
Reference Point Cloud: /temp/pranav/dynamic_pc_data/soldier/Ply/soldier_vox10_0803.ply
Target Point Cloud: /temp/pranav/dynamic_pc_data/soldier/experiments/2DD_INT_lodX=2_lodY=1_OM=4_r1/decompressed/soldier_dec_0803.ply

========== Time & Binary Size ==========
Encoding time (s)           : -1
Decoding time (s)           : -1
Source point cloud size (kB): 24061.131
Total binary files size (kB): 5013.382
Compression ratio           : 0.20836019719937518
bpp (bits per point)        : 36.8331759856881

========== Point-based Metrics =========
Asym. Chamfer dist. (1->2) p2pt: 0.911925
Asym. Chamfer dist. (2->1) p2pt: 1.01112
Chamfer dist.              p2pt: 0.961525
CD-PSNR (dB)               p2pt: 60.1297
Hausdorff distance         p2pt: 258


----------------------------------------
Y-CPSNR (dB)                   : 29.1218
U-CPSNR (dB)                   : 43.1392
V-CPSNR (dB)                   : 43.2423

