PCC-Arena Evaluator 0.6.5
Reference Point Cloud: /temp/pranav/dynamic_pc_data/soldier/Ply/soldier_vox10_0710.ply
Target Point Cloud: /temp/pranav/dynamic_pc_data/soldier/experiments/2DD_INT_lodX=2_lodY=1_OM=4_r1/decompressed/soldier_dec_0710.ply

========== Time & Binary Size ==========
Encoding time (s)           : -1
Decoding time (s)           : -1
Source point cloud size (kB): 24077.346
Total binary files size (kB): 5013.382
Compression ratio           : 0.20821987606109077
bpp (bits per point)        : 37.04146713817731

========== Point-based Metrics =========
Asym. Chamfer dist. (1->2) p2pt: 0.937237
Asym. Chamfer dist. (2->1) p2pt: 1.03561
Chamfer dist.              p2pt: 0.986425
CD-PSNR (dB)               p2pt: 59.9728
Hausdorff distance         p2pt: 386


----------------------------------------
Y-CPSNR (dB)                   : 29.1165
U-CPSNR (dB)                   : 42.9027
V-CPSNR (dB)                   : 43.2794

