PCC-Arena Evaluator 0.6.5
Reference Point Cloud: /temp/pranav/dynamic_pc_data/soldier/Ply/soldier_vox10_0659.ply
Target Point Cloud: /temp/pranav/dynamic_pc_data/soldier/experiments/2DD_INT_lodX=2_lodY=1_OM=4_r1/decompressed/soldier_dec_0659.ply

========== Time & Binary Size ==========
Encoding time (s)           : -1
Decoding time (s)           : -1
Source point cloud size (kB): 23232.902
Total binary files size (kB): 5013.382
Compression ratio           : 0.21578802338166794
bpp (bits per point)        : 38.3319054582294

========== Point-based Metrics =========
Asym. Chamfer dist. (1->2) p2pt: 0.943421
Asym. Chamfer dist. (2->1) p2pt: 1.0711
Chamfer dist.              p2pt: 1.00726
CD-PSNR (dB)               p2pt: 60.2355
Hausdorff distance         p2pt: 305


----------------------------------------
Y-CPSNR (dB)                   : 28.7518
U-CPSNR (dB)                   : 43.0531
V-CPSNR (dB)                   : 43.1675

