PCC-Arena Evaluator 0.6.5
Reference Point Cloud: /temp/pranav/dynamic_pc_data/soldier/Ply/soldier_vox10_0661.ply
Target Point Cloud: /temp/pranav/dynamic_pc_data/soldier/experiments/2DD_INT_lodX=2_lodY=1_OM=4_r1/decompressed/soldier_dec_0661.ply

========== Time & Binary Size ==========
Encoding time (s)           : -1
Decoding time (s)           : -1
Source point cloud size (kB): 23201.066
Total binary files size (kB): 5013.382
Compression ratio           : 0.21608412303124347
bpp (bits per point)        : 38.383520766999425

========== Point-based Metrics =========
Asym. Chamfer dist. (1->2) p2pt: 0.941109
Asym. Chamfer dist. (2->1) p2pt: 1.06676
Chamfer dist.              p2pt: 1.00393
CD-PSNR (dB)               p2pt: 60.2491
Hausdorff distance         p2pt: 230


----------------------------------------
Y-CPSNR (dB)                   : 28.8399
U-CPSNR (dB)                   : 42.6943
V-CPSNR (dB)                   : 43.2766

