PCC-Arena Evaluator 0.6.5
Reference Point Cloud: /temp/pranav/dynamic_pc_data/soldier/Ply/soldier_vox10_0618.ply
Target Point Cloud: /temp/pranav/dynamic_pc_data/soldier/experiments/2DD_INT_lodX=2_lodY=1_OM=4_r1/decompressed/soldier_dec_0618.ply

========== Time & Binary Size ==========
Encoding time (s)           : -1
Decoding time (s)           : -1
Source point cloud size (kB): 23537.103
Total binary files size (kB): 5013.382
Compression ratio           : 0.21299911038329566
bpp (bits per point)        : 37.7343573445331

========== Point-based Metrics =========
Asym. Chamfer dist. (1->2) p2pt: 0.9522
Asym. Chamfer dist. (2->1) p2pt: 1.17189
Chamfer dist.              p2pt: 1.06205
CD-PSNR (dB)               p2pt: 60.0308
Hausdorff distance         p2pt: 2828


----------------------------------------
Y-CPSNR (dB)                   : 28.8705
U-CPSNR (dB)                   : 42.8044
V-CPSNR (dB)                   : 43.0298

