PCC-Arena Evaluator 0.6.5
Reference Point Cloud: /home/p/pranav/dynamic_pc_data/loot/Ply/loot_vox10_1214.ply
Target Point Cloud: /home/p/pranav/dynamic_pc_data/loot/experiments/3DD_2_Quantize=2_OM=4/decompressed/loot_dec_1214.ply

========== Time & Binary Size ==========
Encoding time (s)           : -1
Decoding time (s)           : -1
Source point cloud size (kB): 17624.009
Total binary files size (kB): 3179.536
Compression ratio           : 0.18040934954129906
bpp (bits per point)        : 31.430102916481836

========== Point-based Metrics =========
Asym. Chamfer dist. (1->2) p2pt: 52954.9
Asym. Chamfer dist. (2->1) p2pt: 4870.6
Chamfer dist.              p2pt: 28912.8
CD-PSNR (dB)               p2pt: 15.5232
Hausdorff distance         p2pt: 290942


----------------------------------------
Y-CPSNR (dB)                   : 13.6541
U-CPSNR (dB)                   : 30.7952
V-CPSNR (dB)                   : 28.7633

