PCC-Arena Evaluator 0.6.5
Reference Point Cloud: /home/p/pranav/dynamic_pc_data/loot/Ply/loot_vox10_1103.ply
Target Point Cloud: /home/p/pranav/dynamic_pc_data/loot/experiments/3DD_2_Quantize=2_OM=4/decompressed/loot_dec_1103.ply

========== Time & Binary Size ==========
Encoding time (s)           : -1
Decoding time (s)           : -1
Source point cloud size (kB): 16531.853
Total binary files size (kB): 3179.536
Compression ratio           : 0.1923278654848915
bpp (bits per point)        : 32.520402370858285

========== Point-based Metrics =========
Asym. Chamfer dist. (1->2) p2pt: 48556.2
Asym. Chamfer dist. (2->1) p2pt: 1342.5
Chamfer dist.              p2pt: 24949.4
CD-PSNR (dB)               p2pt: 16.3348
Hausdorff distance         p2pt: 271550


----------------------------------------
Y-CPSNR (dB)                   : 13.9903
U-CPSNR (dB)                   : 31.8398
V-CPSNR (dB)                   : 30.6079

