PCC-Arena Evaluator 0.6.5
Reference Point Cloud: /home/p/pranav/dynamic_pc_data/loot/Ply/loot_vox10_1292.ply
Target Point Cloud: /home/p/pranav/dynamic_pc_data/loot/experiments/3DD_2_Quantize=2_OM=4/decompressed/loot_dec_1292.ply

========== Time & Binary Size ==========
Encoding time (s)           : -1
Decoding time (s)           : -1
Source point cloud size (kB): 18086.316
Total binary files size (kB): 3179.536
Compression ratio           : 0.17579787945759656
bpp (bits per point)        : 30.617688869736668

========== Point-based Metrics =========
Asym. Chamfer dist. (1->2) p2pt: 2.25005
Asym. Chamfer dist. (2->1) p2pt: 1.71986
Chamfer dist.              p2pt: 1.98495
CD-PSNR (dB)               p2pt: 57.1165
Hausdorff distance         p2pt: 90


----------------------------------------
Y-CPSNR (dB)                   : 32.8798
U-CPSNR (dB)                   : 44.656
V-CPSNR (dB)                   : 44.4336

