PCC-Arena Evaluator 0.6.5
Reference Point Cloud: /home/p/pranav/dynamic_pc_data/loot/Ply/loot_vox10_1099.ply
Target Point Cloud: /home/p/pranav/dynamic_pc_data/loot/experiments/3DD_2_Quantize=2_OM=4/decompressed/loot_dec_1099.ply

========== Time & Binary Size ==========
Encoding time (s)           : -1
Decoding time (s)           : -1
Source point cloud size (kB): 16473.212
Total binary files size (kB): 3179.536
Compression ratio           : 0.19301251024997432
bpp (bits per point)        : 32.683241098491905

========== Point-based Metrics =========
Asym. Chamfer dist. (1->2) p2pt: 47562.4
Asym. Chamfer dist. (2->1) p2pt: 1074.57
Chamfer dist.              p2pt: 24318.5
CD-PSNR (dB)               p2pt: 16.479
Hausdorff distance         p2pt: 272097


----------------------------------------
Y-CPSNR (dB)                   : 13.7048
U-CPSNR (dB)                   : 30.7766
V-CPSNR (dB)                   : 29.6793

