PCC-Arena Evaluator 0.6.5
Reference Point Cloud: /home/p/pranav/dynamic_pc_data/loot/Ply/loot_vox10_1232.ply
Target Point Cloud: /home/p/pranav/dynamic_pc_data/loot/experiments/3DD_2_Quantize=2_OM=4/decompressed/loot_dec_1232.ply

========== Time & Binary Size ==========
Encoding time (s)           : -1
Decoding time (s)           : -1
Source point cloud size (kB): 17733.079
Total binary files size (kB): 3179.536
Compression ratio           : 0.17929971439252032
bpp (bits per point)        : 31.242907291812525

========== Point-based Metrics =========
Asym. Chamfer dist. (1->2) p2pt: 51848.7
Asym. Chamfer dist. (2->1) p2pt: 8051.28
Chamfer dist.              p2pt: 29950
CD-PSNR (dB)               p2pt: 15.226
Hausdorff distance         p2pt: 281901


----------------------------------------
Y-CPSNR (dB)                   : 13.24
U-CPSNR (dB)                   : 30.3189
V-CPSNR (dB)                   : 27.4098

