PCC-Arena Evaluator 0.6.5
Reference Point Cloud: /home/p/pranav/dynamic_pc_data/loot/Ply/loot_vox10_1124.ply
Target Point Cloud: /home/p/pranav/dynamic_pc_data/loot/experiments/3DD_2_Quantize=2_OM=4/decompressed/loot_dec_1124.ply

========== Time & Binary Size ==========
Encoding time (s)           : -1
Decoding time (s)           : -1
Source point cloud size (kB): 16675.054
Total binary files size (kB): 3179.536
Compression ratio           : 0.19067620410704517
bpp (bits per point)        : 32.31346603605561

========== Point-based Metrics =========
Asym. Chamfer dist. (1->2) p2pt: 46484.8
Asym. Chamfer dist. (2->1) p2pt: 2098.03
Chamfer dist.              p2pt: 24291.4
CD-PSNR (dB)               p2pt: 16.2261
Hausdorff distance         p2pt: 258264


----------------------------------------
Y-CPSNR (dB)                   : 13.5994
U-CPSNR (dB)                   : 30.2324
V-CPSNR (dB)                   : 28.5266

