PCC-Arena Evaluator 0.6.5
Reference Point Cloud: /home/p/pranav/dynamic_pc_data/loot/Ply/loot_vox10_1162.ply
Target Point Cloud: /home/p/pranav/dynamic_pc_data/loot/experiments/3DD_2_Quantize=2_OM=4/decompressed/loot_dec_1162.ply

========== Time & Binary Size ==========
Encoding time (s)           : -1
Decoding time (s)           : -1
Source point cloud size (kB): 17224.759
Total binary files size (kB): 3179.536
Compression ratio           : 0.18459102969162008
bpp (bits per point)        : 32.046363139288474

========== Point-based Metrics =========
Asym. Chamfer dist. (1->2) p2pt: 54443.9
Asym. Chamfer dist. (2->1) p2pt: 5512.89
Chamfer dist.              p2pt: 29978.4
CD-PSNR (dB)               p2pt: 15.3112
Hausdorff distance         p2pt: 286865


----------------------------------------
Y-CPSNR (dB)                   : 13.4401
U-CPSNR (dB)                   : 30.1962
V-CPSNR (dB)                   : 27.851

