PCC-Arena Evaluator 0.6.5
Reference Point Cloud: /home/p/pranav/dynamic_pc_data/loot/Ply/loot_vox10_1087.ply
Target Point Cloud: /home/p/pranav/dynamic_pc_data/loot/experiments/3DD_2_Quantize=2_OM=4/decompressed/loot_dec_1087.ply

========== Time & Binary Size ==========
Encoding time (s)           : -1
Decoding time (s)           : -1
Source point cloud size (kB): 16480.435
Total binary files size (kB): 3179.536
Compression ratio           : 0.19292791725461128
bpp (bits per point)        : 32.669598454646334

========== Point-based Metrics =========
Asym. Chamfer dist. (1->2) p2pt: 50124.6
Asym. Chamfer dist. (2->1) p2pt: 1435.82
Chamfer dist.              p2pt: 25780.2
CD-PSNR (dB)               p2pt: 16.16
Hausdorff distance         p2pt: 268242


----------------------------------------
Y-CPSNR (dB)                   : 13.3378
U-CPSNR (dB)                   : 30.4445
V-CPSNR (dB)                   : 27.5829

