PCC-Arena Evaluator 0.6.5
Reference Point Cloud: /home/p/pranav/dynamic_pc_data/loot/Ply/loot_vox10_1128.ply
Target Point Cloud: /home/p/pranav/dynamic_pc_data/loot/experiments/3DD_2_Quantize=2_OM=4/decompressed/loot_dec_1128.ply

========== Time & Binary Size ==========
Encoding time (s)           : -1
Decoding time (s)           : -1
Source point cloud size (kB): 16507.036
Total binary files size (kB): 3179.536
Compression ratio           : 0.19261701495047323
bpp (bits per point)        : 32.73649326062643

========== Point-based Metrics =========
Asym. Chamfer dist. (1->2) p2pt: 49183.1
Asym. Chamfer dist. (2->1) p2pt: 1160.8
Chamfer dist.              p2pt: 25172
CD-PSNR (dB)               p2pt: 16.276
Hausdorff distance         p2pt: 275294


----------------------------------------
Y-CPSNR (dB)                   : 13.5486
U-CPSNR (dB)                   : 30.6785
V-CPSNR (dB)                   : 29.5741

