PCC-Arena Evaluator 0.6.5
Reference Point Cloud: /home/p/pranav/dynamic_pc_data/loot/Ply/loot_vox10_1241.ply
Target Point Cloud: /home/p/pranav/dynamic_pc_data/loot/experiments/3DD_2_Quantize=2_OM=4/decompressed/loot_dec_1241.ply

========== Time & Binary Size ==========
Encoding time (s)           : -1
Decoding time (s)           : -1
Source point cloud size (kB): 17653.307
Total binary files size (kB): 3179.536
Compression ratio           : 0.18010993634223887
bpp (bits per point)        : 31.379232157550682

========== Point-based Metrics =========
Asym. Chamfer dist. (1->2) p2pt: 2.20392
Asym. Chamfer dist. (2->1) p2pt: 1.7366
Chamfer dist.              p2pt: 1.97026
CD-PSNR (dB)               p2pt: 57.1876
Hausdorff distance         p2pt: 107


----------------------------------------
Y-CPSNR (dB)                   : 32.5308
U-CPSNR (dB)                   : 44.464
V-CPSNR (dB)                   : 44.1991

