PCC-Arena Evaluator 0.6.5
Reference Point Cloud: /home/p/pranav/dynamic_pc_data/loot/Ply/loot_vox10_1229.ply
Target Point Cloud: /home/p/pranav/dynamic_pc_data/loot/experiments/3DD_2_Quantize=2_OM=4/decompressed/loot_dec_1229.ply

========== Time & Binary Size ==========
Encoding time (s)           : -1
Decoding time (s)           : -1
Source point cloud size (kB): 17605.237
Total binary files size (kB): 3179.536
Compression ratio           : 0.18060171527369953
bpp (bits per point)        : 31.470233153730522

========== Point-based Metrics =========
Asym. Chamfer dist. (1->2) p2pt: 53303.1
Asym. Chamfer dist. (2->1) p2pt: 5636.71
Chamfer dist.              p2pt: 29469.9
CD-PSNR (dB)               p2pt: 15.4378
Hausdorff distance         p2pt: 291931


----------------------------------------
Y-CPSNR (dB)                   : 13.7154
U-CPSNR (dB)                   : 30.5257
V-CPSNR (dB)                   : 28.6031

