PCC-Arena Evaluator 0.6.5
Reference Point Cloud: /temp/pranav/dynamic_pc_data/longdress/Ply/longdress_vox10_1296.ply
Target Point Cloud: /temp/pranav/dynamic_pc_data/longdress/experiments/vanilla_rc_OM=4_GQP=35_AQP=47/decompressed/longdress_dec_1296.ply

========== Time & Binary Size ==========
Encoding time (s)           : -1
Decoding time (s)           : -1
Source point cloud size (kB): 19500.922
Total binary files size (kB): 3602.198
Compression ratio           : 0.1847193686534411
bpp (bits per point)        : 33.427077738970866

========== Point-based Metrics =========
Asym. Chamfer dist. (1->2) p2pt: 1.08762
Asym. Chamfer dist. (2->1) p2pt: 0.956903
Chamfer dist.              p2pt: 1.02226
CD-PSNR (dB)               p2pt: 60.0379
Hausdorff distance         p2pt: 138


----------------------------------------
Y-CPSNR (dB)                   : 25.1353
U-CPSNR (dB)                   : 31.6257
V-CPSNR (dB)                   : 30.7378

