PCC-Arena Evaluator 0.6.5
Reference Point Cloud: /temp/pranav/dynamic_pc_data/longdress/Ply/longdress_vox10_1243.ply
Target Point Cloud: /temp/pranav/dynamic_pc_data/longdress/experiments/vanilla_rc_OM=4_GQP=35_AQP=47/decompressed/longdress_dec_1243.ply

========== Time & Binary Size ==========
Encoding time (s)           : -1
Decoding time (s)           : -1
Source point cloud size (kB): 18709.536
Total binary files size (kB): 3602.198
Compression ratio           : 0.19253272769565208
bpp (bits per point)        : 35.02524897723046

========== Point-based Metrics =========
Asym. Chamfer dist. (1->2) p2pt: 1.09467
Asym. Chamfer dist. (2->1) p2pt: 0.922355
Chamfer dist.              p2pt: 1.00851
CD-PSNR (dB)               p2pt: 60.0126
Hausdorff distance         p2pt: 171


----------------------------------------
Y-CPSNR (dB)                   : 25.1706
U-CPSNR (dB)                   : 31.6123
V-CPSNR (dB)                   : 30.8061

