PCC-Arena Evaluator 0.6.5
Reference Point Cloud: /temp/pranav/dynamic_pc_data/longdress/Ply/longdress_vox10_1290.ply
Target Point Cloud: /temp/pranav/dynamic_pc_data/longdress/experiments/vanilla_rc_OM=4_GQP=35_AQP=47/decompressed/longdress_dec_1290.ply

========== Time & Binary Size ==========
Encoding time (s)           : -1
Decoding time (s)           : -1
Source point cloud size (kB): 19101.311
Total binary files size (kB): 3602.198
Compression ratio           : 0.1885838097709628
bpp (bits per point)        : 34.194903559202366

========== Point-based Metrics =========
Asym. Chamfer dist. (1->2) p2pt: 1.09332
Asym. Chamfer dist. (2->1) p2pt: 0.967367
Chamfer dist.              p2pt: 1.03034
CD-PSNR (dB)               p2pt: 60.0512
Hausdorff distance         p2pt: 275


----------------------------------------
Y-CPSNR (dB)                   : 25.1618
U-CPSNR (dB)                   : 31.5207
V-CPSNR (dB)                   : 30.5435

