PCC-Arena Evaluator 0.6.5
Reference Point Cloud: /temp/pranav/dynamic_pc_data/longdress/Ply/longdress_vox10_1144.ply
Target Point Cloud: /temp/pranav/dynamic_pc_data/longdress/experiments/vanilla_rc_OM=4_GQP=35_AQP=47/decompressed/longdress_dec_1144.ply

========== Time & Binary Size ==========
Encoding time (s)           : -1
Decoding time (s)           : -1
Source point cloud size (kB): 20459.038
Total binary files size (kB): 3602.198
Compression ratio           : 0.17606878681197033
bpp (bits per point)        : 32.055225929312414

========== Point-based Metrics =========
Asym. Chamfer dist. (1->2) p2pt: 1.06238
Asym. Chamfer dist. (2->1) p2pt: 0.943292
Chamfer dist.              p2pt: 1.00284
CD-PSNR (dB)               p2pt: 60.0958
Hausdorff distance         p2pt: 105


----------------------------------------
Y-CPSNR (dB)                   : 25.1881
U-CPSNR (dB)                   : 31.5756
V-CPSNR (dB)                   : 30.9537

