PCC-Arena Evaluator 0.6.5
Reference Point Cloud: /temp/pranav/dynamic_pc_data/longdress/Ply/longdress_vox10_1154.ply
Target Point Cloud: /temp/pranav/dynamic_pc_data/longdress/experiments/vanilla_rc_OM=4_GQP=35_AQP=47/decompressed/longdress_dec_1154.ply

========== Time & Binary Size ==========
Encoding time (s)           : -1
Decoding time (s)           : -1
Source point cloud size (kB): 19350.19
Total binary files size (kB): 3602.198
Compression ratio           : 0.18615827544845814
bpp (bits per point)        : 33.90543332470527

========== Point-based Metrics =========
Asym. Chamfer dist. (1->2) p2pt: 1.08869
Asym. Chamfer dist. (2->1) p2pt: 0.930313
Chamfer dist.              p2pt: 1.0095
CD-PSNR (dB)               p2pt: 59.9236
Hausdorff distance         p2pt: 137


----------------------------------------
Y-CPSNR (dB)                   : 25.3971
U-CPSNR (dB)                   : 31.6245
V-CPSNR (dB)                   : 30.9518

