PCC-Arena Evaluator 0.6.5
Reference Point Cloud: /home/p/pranav/dynamic_pc_data/longdress/Ply/longdress_vox10_1335.ply
Target Point Cloud: /home/p/pranav/dynamic_pc_data/longdress/experiments/2DD_lodX=2_lodY=1_OM=4/decompressed/longdress_dec_1335.ply

========== Time & Binary Size ==========
Encoding time (s)           : -1
Decoding time (s)           : -1
Source point cloud size (kB): 19707.799
Total binary files size (kB): 14842.157
Compression ratio           : 0.7531108369838763
bpp (bits per point)        : 136.90021871796912

========== Point-based Metrics =========
Asym. Chamfer dist. (1->2) p2pt: 0.690101
Asym. Chamfer dist. (2->1) p2pt: 0.529211
Chamfer dist.              p2pt: 0.609656
CD-PSNR (dB)               p2pt: 62.2845
Hausdorff distance         p2pt: 125


----------------------------------------
Y-CPSNR (dB)                   : 30.6753
U-CPSNR (dB)                   : 34.6122
V-CPSNR (dB)                   : 33.9423

