PCC-Arena Evaluator 0.6.5
Reference Point Cloud: /temp/pranav/dynamic_pc_data/longdress/Ply/longdress_vox10_1114.ply
Target Point Cloud: /temp/pranav/dynamic_pc_data/longdress/experiments/2DD_lodX=2_lodY=1_OM=4/decompressed/longdress_dec_1114.ply

========== Time & Binary Size ==========
Encoding time (s)           : -1
Decoding time (s)           : -1
Source point cloud size (kB): 19244.134
Total binary files size (kB): 14842.157
Compression ratio           : 0.771256165645074
bpp (bits per point)        : 140.1548845235875

========== Point-based Metrics =========
Asym. Chamfer dist. (1->2) p2pt: 0.672327
Asym. Chamfer dist. (2->1) p2pt: 0.473449
Chamfer dist.              p2pt: 0.572888
CD-PSNR (dB)               p2pt: 62.3653
Hausdorff distance         p2pt: 122


----------------------------------------
Y-CPSNR (dB)                   : 30.3724
U-CPSNR (dB)                   : 34.6686
V-CPSNR (dB)                   : 34.2274

