PCC-Arena Evaluator 0.6.5
Reference Point Cloud: /home/p/pranav/dynamic_pc_data/longdress/Ply/longdress_vox10_1347.ply
Target Point Cloud: /home/p/pranav/dynamic_pc_data/longdress/experiments/2DD_lodX=2_lodY=1_OM=4/decompressed/longdress_dec_1347.ply

========== Time & Binary Size ==========
Encoding time (s)           : -1
Decoding time (s)           : -1
Source point cloud size (kB): 18820.006
Total binary files size (kB): 14842.157
Compression ratio           : 0.7886372087235253
bpp (bits per point)        : 143.48236880678735

========== Point-based Metrics =========
Asym. Chamfer dist. (1->2) p2pt: 0.709948
Asym. Chamfer dist. (2->1) p2pt: 0.494626
Chamfer dist.              p2pt: 0.602287
CD-PSNR (dB)               p2pt: 62.2946
Hausdorff distance         p2pt: 147


----------------------------------------
Y-CPSNR (dB)                   : 29.7182
U-CPSNR (dB)                   : 34.013
V-CPSNR (dB)                   : 33.429

