PCC-Arena Evaluator 0.6.5
Reference Point Cloud: /home/p/pranav/dynamic_pc_data/longdress/Ply/longdress_vox10_1237.ply
Target Point Cloud: /home/p/pranav/dynamic_pc_data/longdress/experiments/2DD_lodX=2_lodY=1_OM=4/decompressed/longdress_dec_1237.ply

========== Time & Binary Size ==========
Encoding time (s)           : -1
Decoding time (s)           : -1
Source point cloud size (kB): 19902.388
Total binary files size (kB): 14842.157
Compression ratio           : 0.745747545470423
bpp (bits per point)        : 135.37266079437794

========== Point-based Metrics =========
Asym. Chamfer dist. (1->2) p2pt: 0.726835
Asym. Chamfer dist. (2->1) p2pt: 0.526572
Chamfer dist.              p2pt: 0.626704
CD-PSNR (dB)               p2pt: 62.0934
Hausdorff distance         p2pt: 97


----------------------------------------
Y-CPSNR (dB)                   : 30.4753
U-CPSNR (dB)                   : 34.6414
V-CPSNR (dB)                   : 33.722

