PCC-Arena Evaluator 0.6.5
Reference Point Cloud: /temp/pranav/dynamic_pc_data/redandblack/Ply/redandblack_vox10_1712.ply
Target Point Cloud: /temp/pranav/dynamic_pc_data/redandblack/experiments/3DD_4_noQuantize_OM=1/decompressed/redandblack_dec_1712.ply

========== Time & Binary Size ==========
Encoding time (s)           : -1
Decoding time (s)           : -1
Source point cloud size (kB): 14916.03
Total binary files size (kB): 31692.867
Compression ratio           : 2.1247521626062698
bpp (bits per point)        : 366.88618614403526

========== Point-based Metrics =========
Asym. Chamfer dist. (1->2) p2pt: 1.04211
Asym. Chamfer dist. (2->1) p2pt: 0.315203
Chamfer dist.              p2pt: 0.678657
CD-PSNR (dB)               p2pt: 61.4785
Hausdorff distance         p2pt: 67


----------------------------------------
Y-CPSNR (dB)                   : 34.2453
U-CPSNR (dB)                   : 40.4126
V-CPSNR (dB)                   : 33.7557

