PCC-Arena Evaluator 0.6.5
Reference Point Cloud: /temp/pranav/dynamic_pc_data/redandblack/Ply/redandblack_vox10_1692.ply
Target Point Cloud: /temp/pranav/dynamic_pc_data/redandblack/experiments/3DD_4_noQuantize_OM=1/decompressed/redandblack_dec_1692.ply

========== Time & Binary Size ==========
Encoding time (s)           : -1
Decoding time (s)           : -1
Source point cloud size (kB): 16578.852
Total binary files size (kB): 31692.867
Compression ratio           : 1.9116442441249852
bpp (bits per point)        : 330.1301625371578

========== Point-based Metrics =========
Asym. Chamfer dist. (1->2) p2pt: 0.97544
Asym. Chamfer dist. (2->1) p2pt: 0.366782
Chamfer dist.              p2pt: 0.671111
CD-PSNR (dB)               p2pt: 61.5129
Hausdorff distance         p2pt: 59


----------------------------------------
Y-CPSNR (dB)                   : 34.5427
U-CPSNR (dB)                   : 41.0439
V-CPSNR (dB)                   : 33.0517

