PCC-Arena Evaluator 0.6.5
Reference Point Cloud: /temp/pranav/dynamic_pc_data/redandblack/Ply/redandblack_vox10_1649.ply
Target Point Cloud: /temp/pranav/dynamic_pc_data/redandblack/experiments/3DD_4_noQuantize_OM=1/decompressed/redandblack_dec_1649.ply

========== Time & Binary Size ==========
Encoding time (s)           : -1
Decoding time (s)           : -1
Source point cloud size (kB): 15978.858
Total binary files size (kB): 31692.867
Compression ratio           : 1.9834250357566228
bpp (bits per point)        : 341.3152155037215

========== Point-based Metrics =========
Asym. Chamfer dist. (1->2) p2pt: 1.02042
Asym. Chamfer dist. (2->1) p2pt: 0.336958
Chamfer dist.              p2pt: 0.678687
CD-PSNR (dB)               p2pt: 61.2531
Hausdorff distance         p2pt: 82


----------------------------------------
Y-CPSNR (dB)                   : 34.4377
U-CPSNR (dB)                   : 40.4984
V-CPSNR (dB)                   : 33.4367

