PCC-Arena Evaluator 0.6.5
Reference Point Cloud: /temp/pranav/dynamic_pc_data/redandblack/Ply/redandblack_vox10_1527.ply
Target Point Cloud: /temp/pranav/dynamic_pc_data/redandblack/experiments/3DD_4_noQuantize_OM=1/decompressed/redandblack_dec_1527.ply

========== Time & Binary Size ==========
Encoding time (s)           : -1
Decoding time (s)           : -1
Source point cloud size (kB): 15020.909
Total binary files size (kB): 31692.867
Compression ratio           : 2.109916716757954
bpp (bits per point)        : 363.88691133139963

========== Point-based Metrics =========
Asym. Chamfer dist. (1->2) p2pt: 1.04673
Asym. Chamfer dist. (2->1) p2pt: 0.31294
Chamfer dist.              p2pt: 0.679834
CD-PSNR (dB)               p2pt: 61.3319
Hausdorff distance         p2pt: 138


----------------------------------------
Y-CPSNR (dB)                   : 33.891
U-CPSNR (dB)                   : 39.9307
V-CPSNR (dB)                   : 33.2338

