PCC-Arena Evaluator 0.6.5
Reference Point Cloud: /temp/pranav/dynamic_pc_data/redandblack/Ply/redandblack_vox10_1600.ply
Target Point Cloud: /temp/pranav/dynamic_pc_data/redandblack/experiments/3DD_4_noQuantize_OM=1/decompressed/redandblack_dec_1600.ply

========== Time & Binary Size ==========
Encoding time (s)           : -1
Decoding time (s)           : -1
Source point cloud size (kB): 15840.499
Total binary files size (kB): 31692.867
Compression ratio           : 2.0007492819512818
bpp (bits per point)        : 344.9864151436316

========== Point-based Metrics =========
Asym. Chamfer dist. (1->2) p2pt: 1.00276
Asym. Chamfer dist. (2->1) p2pt: 0.357836
Chamfer dist.              p2pt: 0.680298
CD-PSNR (dB)               p2pt: 61.4526
Hausdorff distance         p2pt: 91


----------------------------------------
Y-CPSNR (dB)                   : 34.3809
U-CPSNR (dB)                   : 40.7636
V-CPSNR (dB)                   : 33.1097

