PCC-Arena Evaluator 0.6.5
Reference Point Cloud: /temp/pranav/dynamic_pc_data/redandblack/Ply/redandblack_vox10_1480.ply
Target Point Cloud: /temp/pranav/dynamic_pc_data/redandblack/experiments/3DD_4_noQuantize_OM=1/decompressed/redandblack_dec_1480.ply

========== Time & Binary Size ==========
Encoding time (s)           : -1
Decoding time (s)           : -1
Source point cloud size (kB): 15663.436
Total binary files size (kB): 31692.867
Compression ratio           : 2.0233662013877414
bpp (bits per point)        : 347.7649918251347

========== Point-based Metrics =========
Asym. Chamfer dist. (1->2) p2pt: 0.909838
Asym. Chamfer dist. (2->1) p2pt: 0.309505
Chamfer dist.              p2pt: 0.609671
CD-PSNR (dB)               p2pt: 61.9492
Hausdorff distance         p2pt: 50


----------------------------------------
Y-CPSNR (dB)                   : 34.7416
U-CPSNR (dB)                   : 40.1444
V-CPSNR (dB)                   : 33.5217

