PCC-Arena Evaluator 0.6.5
Reference Point Cloud: /temp/pranav/dynamic_pc_data/redandblack/Ply/redandblack_vox10_1597.ply
Target Point Cloud: /temp/pranav/dynamic_pc_data/redandblack/experiments/3DD_4_noQuantize_OM=1/decompressed/redandblack_dec_1597.ply

========== Time & Binary Size ==========
Encoding time (s)           : -1
Decoding time (s)           : -1
Source point cloud size (kB): 15472.437
Total binary files size (kB): 31692.867
Compression ratio           : 2.048343580264699
bpp (bits per point)        : 353.5749451947052

========== Point-based Metrics =========
Asym. Chamfer dist. (1->2) p2pt: 0.967311
Asym. Chamfer dist. (2->1) p2pt: 0.313817
Chamfer dist.              p2pt: 0.640564
CD-PSNR (dB)               p2pt: 61.7176
Hausdorff distance         p2pt: 131


----------------------------------------
Y-CPSNR (dB)                   : 34.4474
U-CPSNR (dB)                   : 40.5116
V-CPSNR (dB)                   : 33.6823

