PCC-Arena Evaluator 0.6.5
Reference Point Cloud: /temp/pranav/dynamic_pc_data/redandblack/Ply/redandblack_vox10_1595.ply
Target Point Cloud: /temp/pranav/dynamic_pc_data/redandblack/experiments/3DD_4_noQuantize_OM=1/decompressed/redandblack_dec_1595.ply

========== Time & Binary Size ==========
Encoding time (s)           : -1
Decoding time (s)           : -1
Source point cloud size (kB): 15284.678
Total binary files size (kB): 31692.867
Compression ratio           : 2.0735057029006434
bpp (bits per point)        : 358.0326029857828

========== Point-based Metrics =========
Asym. Chamfer dist. (1->2) p2pt: 0.996423
Asym. Chamfer dist. (2->1) p2pt: 0.341959
Chamfer dist.              p2pt: 0.669191
CD-PSNR (dB)               p2pt: 61.5167
Hausdorff distance         p2pt: 67


----------------------------------------
Y-CPSNR (dB)                   : 34.5734
U-CPSNR (dB)                   : 40.5092
V-CPSNR (dB)                   : 33.7701

