PCC-Arena Evaluator 0.6.5
Reference Point Cloud: /temp/pranav/dynamic_pc_data/soldier/Ply/soldier_vox10_0743.ply
Target Point Cloud: /temp/pranav/dynamic_pc_data/soldier/experiments/2DD_INT_lodX=2_lodY=2_OM=4_r1/decompressed/soldier_dec_0743.ply

========== Time & Binary Size ==========
Encoding time (s)           : -1
Decoding time (s)           : -1
Source point cloud size (kB): 24153.419
Total binary files size (kB): 4630.941
Compression ratio           : 0.1917302473823685
bpp (bits per point)        : 34.037490594276356

========== Point-based Metrics =========
Asym. Chamfer dist. (1->2) p2pt: 1.15674
Asym. Chamfer dist. (2->1) p2pt: 1.20967
Chamfer dist.              p2pt: 1.1832
CD-PSNR (dB)               p2pt: 59.1879
Hausdorff distance         p2pt: 307


----------------------------------------
Y-CPSNR (dB)                   : 28.1457
U-CPSNR (dB)                   : 42.789
V-CPSNR (dB)                   : 43.0676

