PCC-Arena Evaluator 0.6.5
Reference Point Cloud: /temp/pranav/dynamic_pc_data/soldier/Ply/soldier_vox10_0689.ply
Target Point Cloud: /temp/pranav/dynamic_pc_data/soldier/experiments/2DD_INT_lodX=2_lodY=2_OM=4_r1/decompressed/soldier_dec_0689.ply

========== Time & Binary Size ==========
Encoding time (s)           : -1
Decoding time (s)           : -1
Source point cloud size (kB): 24270.587
Total binary files size (kB): 4630.941
Compression ratio           : 0.19080465585772605
bpp (bits per point)        : 34.02454890356496

========== Point-based Metrics =========
Asym. Chamfer dist. (1->2) p2pt: 1.1677
Asym. Chamfer dist. (2->1) p2pt: 1.22453
Chamfer dist.              p2pt: 1.19612
CD-PSNR (dB)               p2pt: 59.3215
Hausdorff distance         p2pt: 184


----------------------------------------
Y-CPSNR (dB)                   : 28.4586
U-CPSNR (dB)                   : 42.6094
V-CPSNR (dB)                   : 43.0275

