PCC-Arena Evaluator 0.6.5
Reference Point Cloud: /temp/pranav/dynamic_pc_data/longdress/Ply/longdress_vox10_1117.ply
Target Point Cloud: /temp/pranav/dynamic_pc_data/longdress/experiments/vanilla_rc_OM=4_GQP=36_AQP=47/decompressed/longdress_dec_1117.ply

========== Time & Binary Size ==========
Encoding time (s)           : -1
Decoding time (s)           : -1
Source point cloud size (kB): 18674.862
Total binary files size (kB): 3545.264
Compression ratio           : 0.1898415099399396
bpp (bits per point)        : 34.58545299789405

========== Point-based Metrics =========
Asym. Chamfer dist. (1->2) p2pt: 1.17327
Asym. Chamfer dist. (2->1) p2pt: 1.09708
Chamfer dist.              p2pt: 1.13518
CD-PSNR (dB)               p2pt: 59.3754
Hausdorff distance         p2pt: 283


----------------------------------------
Y-CPSNR (dB)                   : 25.3919
U-CPSNR (dB)                   : 31.7828
V-CPSNR (dB)                   : 31.2556

