PCC-Arena Evaluator 0.6.5
Reference Point Cloud: /temp/pranav/dynamic_pc_data/longdress/Ply/longdress_vox10_1051.ply
Target Point Cloud: /temp/pranav/dynamic_pc_data/longdress/experiments/vanilla_rc_OM=4_GQP=36_AQP=47/decompressed/longdress_dec_1051.ply

========== Time & Binary Size ==========
Encoding time (s)           : -1
Decoding time (s)           : -1
Source point cloud size (kB): 17216.785
Total binary files size (kB): 3545.264
Compression ratio           : 0.20591904934632105
bpp (bits per point)        : 37.03491024665033

========== Point-based Metrics =========
Asym. Chamfer dist. (1->2) p2pt: 1.16824
Asym. Chamfer dist. (2->1) p2pt: 1.03735
Chamfer dist.              p2pt: 1.1028
CD-PSNR (dB)               p2pt: 59.6082
Hausdorff distance         p2pt: 233


----------------------------------------
Y-CPSNR (dB)                   : 24.9651
U-CPSNR (dB)                   : 31.6005
V-CPSNR (dB)                   : 30.8691

