PCC-Arena Evaluator 0.6.5
Reference Point Cloud: /temp/pranav/dynamic_pc_data/soldier/Ply/soldier_vox10_0571.ply
Target Point Cloud: /temp/pranav/dynamic_pc_data/soldier/experiments/3DD_4_noQuantize_OM=4_r1/decompressed/soldier_dec_0571.ply

========== Time & Binary Size ==========
Encoding time (s)           : -1
Decoding time (s)           : -1
Source point cloud size (kB): 23497.984
Total binary files size (kB): 5063.599
Compression ratio           : 0.21549078423068124
bpp (bits per point)        : 38.18374554973131

========== Point-based Metrics =========
Asym. Chamfer dist. (1->2) p2pt: 1.04416
Asym. Chamfer dist. (2->1) p2pt: 0.771148
Chamfer dist.              p2pt: 0.907654
CD-PSNR (dB)               p2pt: 60.7159
Hausdorff distance         p2pt: 115


----------------------------------------
Y-CPSNR (dB)                   : 28.9059
U-CPSNR (dB)                   : 43.2336
V-CPSNR (dB)                   : 43.4117

