PCC-Arena Evaluator 0.6.5
Reference Point Cloud: /temp/pranav/dynamic_pc_data/soldier/Ply/soldier_vox10_0814.ply
Target Point Cloud: /temp/pranav/dynamic_pc_data/soldier/experiments/3DD_4_noQuantize_OM=4_r1/decompressed/soldier_dec_0814.ply

========== Time & Binary Size ==========
Encoding time (s)           : -1
Decoding time (s)           : -1
Source point cloud size (kB): 24163.689
Total binary files size (kB): 5063.599
Compression ratio           : 0.2095540544326655
bpp (bits per point)        : 37.04975296379424

========== Point-based Metrics =========
Asym. Chamfer dist. (1->2) p2pt: 0.995984
Asym. Chamfer dist. (2->1) p2pt: 0.783962
Chamfer dist.              p2pt: 0.889973
CD-PSNR (dB)               p2pt: 60.4864
Hausdorff distance         p2pt: 106


----------------------------------------
Y-CPSNR (dB)                   : 29.0941
U-CPSNR (dB)                   : 43.2225
V-CPSNR (dB)                   : 43.4365

