PCC-Arena Evaluator 0.6.5
Reference Point Cloud: /temp/pranav/dynamic_pc_data/soldier/Ply/soldier_vox10_0632.ply
Target Point Cloud: /temp/pranav/dynamic_pc_data/soldier/experiments/3DD_4_noQuantize_OM=4_r1/decompressed/soldier_dec_0632.ply

========== Time & Binary Size ==========
Encoding time (s)           : -1
Decoding time (s)           : -1
Source point cloud size (kB): 23516.559
Total binary files size (kB): 5063.599
Compression ratio           : 0.21532057474905236
bpp (bits per point)        : 38.173130817783125

========== Point-based Metrics =========
Asym. Chamfer dist. (1->2) p2pt: 1.01678
Asym. Chamfer dist. (2->1) p2pt: 0.793051
Chamfer dist.              p2pt: 0.904917
CD-PSNR (dB)               p2pt: 60.7318
Hausdorff distance         p2pt: 104


----------------------------------------
Y-CPSNR (dB)                   : 29.2263
U-CPSNR (dB)                   : 43.4459
V-CPSNR (dB)                   : 43.6083

