PCC-Arena Evaluator 0.6.5
Reference Point Cloud: /temp/pranav/dynamic_pc_data/soldier/Ply/soldier_vox10_0637.ply
Target Point Cloud: /temp/pranav/dynamic_pc_data/soldier/experiments/3DD_4_noQuantize_OM=4_r1/decompressed/soldier_dec_0637.ply

========== Time & Binary Size ==========
Encoding time (s)           : -1
Decoding time (s)           : -1
Source point cloud size (kB): 23659.681
Total binary files size (kB): 5063.599
Compression ratio           : 0.21401805882336283
bpp (bits per point)        : 37.960076540891464

========== Point-based Metrics =========
Asym. Chamfer dist. (1->2) p2pt: 1.01449
Asym. Chamfer dist. (2->1) p2pt: 0.784891
Chamfer dist.              p2pt: 0.899692
CD-PSNR (dB)               p2pt: 60.752
Hausdorff distance         p2pt: 155


----------------------------------------
Y-CPSNR (dB)                   : 29.2543
U-CPSNR (dB)                   : 43.2062
V-CPSNR (dB)                   : 43.4592

