PCC-Arena Evaluator 0.6.5
Reference Point Cloud: /temp/pranav/dynamic_pc_data/longdress/Ply/longdress_vox10_1338.ply
Target Point Cloud: /temp/pranav/dynamic_pc_data/longdress/experiments/3DD_2_Quantize=2_OM=4_r1/decompressed/longdress_dec_1338.ply

========== Time & Binary Size ==========
Encoding time (s)           : -1
Decoding time (s)           : -1
Source point cloud size (kB): 19567.349
Total binary files size (kB): 2448.642
Compression ratio           : 0.12513917955876394
bpp (bits per point)        : 22.735079953483297

========== Point-based Metrics =========
Asym. Chamfer dist. (1->2) p2pt: 3.94929
Asym. Chamfer dist. (2->1) p2pt: 3.58545
Chamfer dist.              p2pt: 3.76737
CD-PSNR (dB)               p2pt: 54.3801
Hausdorff distance         p2pt: 350


----------------------------------------
Y-CPSNR (dB)                   : 24.4545
U-CPSNR (dB)                   : 30.7892
V-CPSNR (dB)                   : 29.6495

