PCC-Arena Evaluator 0.6.5
Reference Point Cloud: /temp/pranav/dynamic_pc_data/longdress/Ply/longdress_vox10_1114.ply
Target Point Cloud: /temp/pranav/dynamic_pc_data/longdress/experiments/3DD_2_Quantize=2_OM=4_r1/decompressed/longdress_dec_1114.ply

========== Time & Binary Size ==========
Encoding time (s)           : -1
Decoding time (s)           : -1
Source point cloud size (kB): 19244.134
Total binary files size (kB): 2448.642
Compression ratio           : 0.12724095560756332
bpp (bits per point)        : 23.122591733102293

========== Point-based Metrics =========
Asym. Chamfer dist. (1->2) p2pt: 4.00132
Asym. Chamfer dist. (2->1) p2pt: 3.98964
Chamfer dist.              p2pt: 3.99548
CD-PSNR (dB)               p2pt: 53.9303
Hausdorff distance         p2pt: 706


----------------------------------------
Y-CPSNR (dB)                   : 24.5496
U-CPSNR (dB)                   : 31.0079
V-CPSNR (dB)                   : 30.1225

