PCC-Arena Evaluator 0.6.5
Reference Point Cloud: /temp/pranav/dynamic_pc_data/longdress/Ply/longdress_vox10_1060.ply
Target Point Cloud: /temp/pranav/dynamic_pc_data/longdress/experiments/3DD_2_Quantize=2_OM=4_r1/decompressed/longdress_dec_1060.ply

========== Time & Binary Size ==========
Encoding time (s)           : -1
Decoding time (s)           : -1
Source point cloud size (kB): 18042.567
Total binary files size (kB): 2448.642
Compression ratio           : 0.13571472396361337
bpp (bits per point)        : 24.493614999406077

========== Point-based Metrics =========
Asym. Chamfer dist. (1->2) p2pt: 4.04691
Asym. Chamfer dist. (2->1) p2pt: 3.58079
Chamfer dist.              p2pt: 3.81385
CD-PSNR (dB)               p2pt: 54.4753
Hausdorff distance         p2pt: 261


----------------------------------------
Y-CPSNR (dB)                   : 24.3916
U-CPSNR (dB)                   : 30.9333
V-CPSNR (dB)                   : 29.8198

