PCC-Arena Evaluator 0.6.5
Reference Point Cloud: /temp/pranav/dynamic_pc_data/longdress/Ply/longdress_vox10_1080.ply
Target Point Cloud: /temp/pranav/dynamic_pc_data/longdress/experiments/3DD_2_Quantize=2_OM=4_r1/decompressed/longdress_dec_1080.ply

========== Time & Binary Size ==========
Encoding time (s)           : -1
Decoding time (s)           : -1
Source point cloud size (kB): 18025.558
Total binary files size (kB): 2448.642
Compression ratio           : 0.13584278500560149
bpp (bits per point)        : 24.754824181184492

========== Point-based Metrics =========
Asym. Chamfer dist. (1->2) p2pt: 3.85835
Asym. Chamfer dist. (2->1) p2pt: 3.33183
Chamfer dist.              p2pt: 3.59509
CD-PSNR (dB)               p2pt: 54.3714
Hausdorff distance         p2pt: 293


----------------------------------------
Y-CPSNR (dB)                   : 24.8442
U-CPSNR (dB)                   : 31.0125
V-CPSNR (dB)                   : 30.1886

