PCC-Arena Evaluator 0.6.5
Reference Point Cloud: /temp/pranav/dynamic_pc_data/longdress/Ply/longdress_vox10_1121.ply
Target Point Cloud: /temp/pranav/dynamic_pc_data/longdress/experiments/3DD_2_Quantize=2_OM=4_r1/decompressed/longdress_dec_1121.ply

========== Time & Binary Size ==========
Encoding time (s)           : -1
Decoding time (s)           : -1
Source point cloud size (kB): 18390.895
Total binary files size (kB): 2448.642
Compression ratio           : 0.13314425426277512
bpp (bits per point)        : 24.28518687029601

========== Point-based Metrics =========
Asym. Chamfer dist. (1->2) p2pt: 3.94091
Asym. Chamfer dist. (2->1) p2pt: 3.5525
Chamfer dist.              p2pt: 3.74671
CD-PSNR (dB)               p2pt: 54.1808
Hausdorff distance         p2pt: 449


----------------------------------------
Y-CPSNR (dB)                   : 24.6722
U-CPSNR (dB)                   : 31.1127
V-CPSNR (dB)                   : 30.2035

