PCC-Arena Evaluator 0.6.5
Reference Point Cloud: /temp/pranav/dynamic_pc_data/longdress/Ply/longdress_vox10_1090.ply
Target Point Cloud: /temp/pranav/dynamic_pc_data/longdress/experiments/2DD_lodX=2_lodY=2_OM=1/decompressed/longdress_dec_1090.ply

========== Time & Binary Size ==========
Encoding time (s)           : -1
Decoding time (s)           : -1
Source point cloud size (kB): 19056.18
Total binary files size (kB): 13931.144
Compression ratio           : 0.7310564866620697
bpp (bits per point)        : 133.01215080315126

========== Point-based Metrics =========
Asym. Chamfer dist. (1->2) p2pt: 1.12031
Asym. Chamfer dist. (2->1) p2pt: 0.37765
Chamfer dist.              p2pt: 0.748978
CD-PSNR (dB)               p2pt: 61.2439
Hausdorff distance         p2pt: 40


----------------------------------------
Y-CPSNR (dB)                   : 29.2745
U-CPSNR (dB)                   : 33.831
V-CPSNR (dB)                   : 33.072

