PCC-Arena Evaluator 0.6.5
Reference Point Cloud: /temp/pranav/dynamic_pc_data/longdress/Ply/longdress_vox10_1230.ply
Target Point Cloud: /temp/pranav/dynamic_pc_data/longdress/experiments/2DD_lodX=2_lodY=2_OM=1/decompressed/longdress_dec_1230.ply

========== Time & Binary Size ==========
Encoding time (s)           : -1
Decoding time (s)           : -1
Source point cloud size (kB): 20321.309
Total binary files size (kB): 13931.144
Compression ratio           : 0.6855436330405684
bpp (bits per point)        : 124.54325634203225

========== Point-based Metrics =========
Asym. Chamfer dist. (1->2) p2pt: 1.05567
Asym. Chamfer dist. (2->1) p2pt: 0.367145
Chamfer dist.              p2pt: 0.71141
CD-PSNR (dB)               p2pt: 61.5996
Hausdorff distance         p2pt: 122


----------------------------------------
Y-CPSNR (dB)                   : 29.8058
U-CPSNR (dB)                   : 34.0482
V-CPSNR (dB)                   : 33.0756

