PCC-Arena Evaluator 0.6.5
Reference Point Cloud: /temp/pranav/dynamic_pc_data/longdress/Ply/longdress_vox10_1173.ply
Target Point Cloud: /temp/pranav/dynamic_pc_data/longdress/experiments/2DD_lodX=2_lodY=2_OM=1/decompressed/longdress_dec_1173.ply

========== Time & Binary Size ==========
Encoding time (s)           : -1
Decoding time (s)           : -1
Source point cloud size (kB): 18274.957
Total binary files size (kB): 13931.144
Compression ratio           : 0.7623078948968253
bpp (bits per point)        : 138.9728673519139

========== Point-based Metrics =========
Asym. Chamfer dist. (1->2) p2pt: 1.08364
Asym. Chamfer dist. (2->1) p2pt: 0.376033
Chamfer dist.              p2pt: 0.729835
CD-PSNR (dB)               p2pt: 61.5459
Hausdorff distance         p2pt: 41


----------------------------------------
Y-CPSNR (dB)                   : 28.4788
U-CPSNR (dB)                   : 33.2729
V-CPSNR (dB)                   : 32.5485

