PCC-Arena Evaluator 0.6.5
Reference Point Cloud: /temp/pranav/dynamic_pc_data/longdress/Ply/longdress_vox10_1157.ply
Target Point Cloud: /temp/pranav/dynamic_pc_data/longdress/experiments/2DD_lodX=2_lodY=2_OM=1/decompressed/longdress_dec_1157.ply

========== Time & Binary Size ==========
Encoding time (s)           : -1
Decoding time (s)           : -1
Source point cloud size (kB): 18972.385
Total binary files size (kB): 13931.144
Compression ratio           : 0.7342853310219037
bpp (bits per point)        : 133.89118990468364

========== Point-based Metrics =========
Asym. Chamfer dist. (1->2) p2pt: 1.14446
Asym. Chamfer dist. (2->1) p2pt: 0.378214
Chamfer dist.              p2pt: 0.761336
CD-PSNR (dB)               p2pt: 61.2295
Hausdorff distance         p2pt: 45


----------------------------------------
Y-CPSNR (dB)                   : 28.8824
U-CPSNR (dB)                   : 33.5523
V-CPSNR (dB)                   : 32.8669

