PCC-Arena Evaluator 0.6.5
Reference Point Cloud: /temp/pranav/dynamic_pc_data/longdress/Ply/longdress_vox10_1082.ply
Target Point Cloud: /temp/pranav/dynamic_pc_data/longdress/experiments/2DD_lodX=2_lodY=2_OM=1/decompressed/longdress_dec_1082.ply

========== Time & Binary Size ==========
Encoding time (s)           : -1
Decoding time (s)           : -1
Source point cloud size (kB): 18388.015
Total binary files size (kB): 13931.144
Compression ratio           : 0.7576208742487974
bpp (bits per point)        : 138.14788940151573

========== Point-based Metrics =========
Asym. Chamfer dist. (1->2) p2pt: 1.09022
Asym. Chamfer dist. (2->1) p2pt: 0.379402
Chamfer dist.              p2pt: 0.734812
CD-PSNR (dB)               p2pt: 61.2794
Hausdorff distance         p2pt: 35


----------------------------------------
Y-CPSNR (dB)                   : 29.4992
U-CPSNR (dB)                   : 33.9359
V-CPSNR (dB)                   : 33.1822

