PCC-Arena Evaluator 0.6.5
Reference Point Cloud: /temp/pranav/dynamic_pc_data/redandblack/Ply/redandblack_vox10_1527.ply
Target Point Cloud: /temp/pranav/dynamic_pc_data/redandblack/experiments/2DD_lodX=1_lodY=2_OM=4/decompressed/redandblack_dec_1527.ply

========== Time & Binary Size ==========
Encoding time (s)           : -1
Decoding time (s)           : -1
Source point cloud size (kB): 15020.909
Total binary files size (kB): 8157.459
Compression ratio           : 0.5430735916181904
bpp (bits per point)        : 93.66121909458452

========== Point-based Metrics =========
Asym. Chamfer dist. (1->2) p2pt: 0.64196
Asym. Chamfer dist. (2->1) p2pt: 0.479453
Chamfer dist.              p2pt: 0.560706
CD-PSNR (dB)               p2pt: 62.1686
Hausdorff distance         p2pt: 136


----------------------------------------
Y-CPSNR (dB)                   : 34.9964
U-CPSNR (dB)                   : 39.7598
V-CPSNR (dB)                   : 33.577

