PCC-Arena Evaluator 0.6.5
Reference Point Cloud: /temp/pranav/dynamic_pc_data/redandblack/Ply/redandblack_vox10_1472.ply
Target Point Cloud: /temp/pranav/dynamic_pc_data/redandblack/experiments/2DD_lodX=1_lodY=2_OM=4/decompressed/redandblack_dec_1472.ply

========== Time & Binary Size ==========
Encoding time (s)           : -1
Decoding time (s)           : -1
Source point cloud size (kB): 15124.974
Total binary files size (kB): 8157.459
Compression ratio           : 0.5393370593562673
bpp (bits per point)        : 93.16089392652444

========== Point-based Metrics =========
Asym. Chamfer dist. (1->2) p2pt: 0.691328
Asym. Chamfer dist. (2->1) p2pt: 0.472051
Chamfer dist.              p2pt: 0.58169
CD-PSNR (dB)               p2pt: 62.1378
Hausdorff distance         p2pt: 185


----------------------------------------
Y-CPSNR (dB)                   : 35.1755
U-CPSNR (dB)                   : 40.3305
V-CPSNR (dB)                   : 33.1414

