PCC-Arena Evaluator 0.6.5
Reference Point Cloud: /temp/pranav/dynamic_pc_data/redandblack/Ply/redandblack_vox10_1580.ply
Target Point Cloud: /temp/pranav/dynamic_pc_data/redandblack/experiments/2DD_lodX=1_lodY=2_OM=4/decompressed/redandblack_dec_1580.ply

========== Time & Binary Size ==========
Encoding time (s)           : -1
Decoding time (s)           : -1
Source point cloud size (kB): 15718.15
Total binary files size (kB): 8157.459
Compression ratio           : 0.518983404535521
bpp (bits per point)        : 89.37403894350207

========== Point-based Metrics =========
Asym. Chamfer dist. (1->2) p2pt: 0.68628
Asym. Chamfer dist. (2->1) p2pt: 0.497582
Chamfer dist.              p2pt: 0.591931
CD-PSNR (dB)               p2pt: 62.1459
Hausdorff distance         p2pt: 202


----------------------------------------
Y-CPSNR (dB)                   : 35.1806
U-CPSNR (dB)                   : 40.5181
V-CPSNR (dB)                   : 33.5084

