PCC-Arena Evaluator 0.6.5
Reference Point Cloud: /home/p/pranav/dynamic_pc_data/redandblack/Ply/redandblack_vox10_1529.ply
Target Point Cloud: /home/p/pranav/dynamic_pc_data/redandblack/experiments/2DD_lodX=1_lodY=2_OM=4/decompressed/redandblack_dec_1529.ply

========== Time & Binary Size ==========
Encoding time (s)           : -1
Decoding time (s)           : -1
Source point cloud size (kB): 15223.218
Total binary files size (kB): 8157.459
Compression ratio           : 0.5358564135388457
bpp (bits per point)        : 92.42349035680802

========== Point-based Metrics =========
Asym. Chamfer dist. (1->2) p2pt: 0.667633
Asym. Chamfer dist. (2->1) p2pt: 0.506783
Chamfer dist.              p2pt: 0.587208
CD-PSNR (dB)               p2pt: 61.9961
Hausdorff distance         p2pt: 101


----------------------------------------
Y-CPSNR (dB)                   : 34.8245
U-CPSNR (dB)                   : 39.7448
V-CPSNR (dB)                   : 33.6418

