PCC-Arena Evaluator 0.6.5
Reference Point Cloud: /home/p/pranav/dynamic_pc_data/redandblack/Ply/redandblack_vox10_1739.ply
Target Point Cloud: /home/p/pranav/dynamic_pc_data/redandblack/experiments/2DD_lodX=1_lodY=2_OM=4/decompressed/redandblack_dec_1739.ply

========== Time & Binary Size ==========
Encoding time (s)           : -1
Decoding time (s)           : -1
Source point cloud size (kB): 14254.217
Total binary files size (kB): 8157.459
Compression ratio           : 0.5722839072816135
bpp (bits per point)        : 98.62485491827063

========== Point-based Metrics =========
Asym. Chamfer dist. (1->2) p2pt: 0.648183
Asym. Chamfer dist. (2->1) p2pt: 0.459598
Chamfer dist.              p2pt: 0.55389
CD-PSNR (dB)               p2pt: 62.3154
Hausdorff distance         p2pt: 75


----------------------------------------
Y-CPSNR (dB)                   : 35.0283
U-CPSNR (dB)                   : 40.2051
V-CPSNR (dB)                   : 33.9509

