PCC-Arena Evaluator 0.6.5
Reference Point Cloud: /temp/pranav/dynamic_pc_data/soldier/Ply/soldier_vox10_0647.ply
Target Point Cloud: /temp/pranav/dynamic_pc_data/soldier/experiments/vanilla_rc_OM=4_GQP=27_AQP=35/decompressed/soldier_dec_0647.ply

========== Time & Binary Size ==========
Encoding time (s)           : -1
Decoding time (s)           : -1
Source point cloud size (kB): 23560.986
Total binary files size (kB): 10528.632
Compression ratio           : 0.44686720666104546
bpp (bits per point)        : 79.2854496438092

========== Point-based Metrics =========
Asym. Chamfer dist. (1->2) p2pt: 0.476238
Asym. Chamfer dist. (2->1) p2pt: 0.483713
Chamfer dist.              p2pt: 0.479975
CD-PSNR (dB)               p2pt: 63.454
Hausdorff distance         p2pt: 84


----------------------------------------
Y-CPSNR (dB)                   : 33.0031
U-CPSNR (dB)                   : 44.3794
V-CPSNR (dB)                   : 44.9104

