PCC-Arena Evaluator 0.6.5
Reference Point Cloud: /temp/pranav/dynamic_pc_data/soldier/Ply/soldier_vox10_0762.ply
Target Point Cloud: /temp/pranav/dynamic_pc_data/soldier/experiments/vanilla_rc_OM=4_GQP=27_AQP=35/decompressed/soldier_dec_0762.ply

========== Time & Binary Size ==========
Encoding time (s)           : -1
Decoding time (s)           : -1
Source point cloud size (kB): 24209.344
Total binary files size (kB): 10528.632
Compression ratio           : 0.43489951648421366
bpp (bits per point)        : 77.19900574118475

========== Point-based Metrics =========
Asym. Chamfer dist. (1->2) p2pt: 0.477267
Asym. Chamfer dist. (2->1) p2pt: 0.478793
Chamfer dist.              p2pt: 0.47803
CD-PSNR (dB)               p2pt: 63.2024
Hausdorff distance         p2pt: 69


----------------------------------------
Y-CPSNR (dB)                   : 32.6799
U-CPSNR (dB)                   : 44.3622
V-CPSNR (dB)                   : 44.6976

