PCC-Arena Evaluator 0.6.5
Reference Point Cloud: /temp/pranav/dynamic_pc_data/soldier/Ply/soldier_vox10_0700.ply
Target Point Cloud: /temp/pranav/dynamic_pc_data/soldier/experiments/vanilla_rc_OM=4_GQP=27_AQP=35/decompressed/soldier_dec_0700.ply

========== Time & Binary Size ==========
Encoding time (s)           : -1
Decoding time (s)           : -1
Source point cloud size (kB): 24192.902
Total binary files size (kB): 10528.632
Compression ratio           : 0.43519508325210426
bpp (bits per point)        : 77.56355438994564

========== Point-based Metrics =========
Asym. Chamfer dist. (1->2) p2pt: 0.475267
Asym. Chamfer dist. (2->1) p2pt: 0.464478
Chamfer dist.              p2pt: 0.469873
CD-PSNR (dB)               p2pt: 63.4915
Hausdorff distance         p2pt: 45


----------------------------------------
Y-CPSNR (dB)                   : 32.8016
U-CPSNR (dB)                   : 44.3265
V-CPSNR (dB)                   : 44.4605

