PCC-Arena Evaluator 0.6.5
Reference Point Cloud: /temp/pranav/dynamic_pc_data/longdress/Ply/longdress_vox10_1170.ply
Target Point Cloud: /temp/pranav/dynamic_pc_data/longdress/experiments/2DD_lodX=1_lodY=2_OM=4_r1/decompressed/longdress_dec_1170.ply

========== Time & Binary Size ==========
Encoding time (s)           : -1
Decoding time (s)           : -1
Source point cloud size (kB): 18129.639
Total binary files size (kB): 4767.52
Compression ratio           : 0.2629682808355975
bpp (bits per point)        : 47.936092181698896

========== Point-based Metrics =========
Asym. Chamfer dist. (1->2) p2pt: 1.15662
Asym. Chamfer dist. (2->1) p2pt: 0.857417
Chamfer dist.              p2pt: 1.00702
CD-PSNR (dB)               p2pt: 60.1156
Hausdorff distance         p2pt: 121


----------------------------------------
Y-CPSNR (dB)                   : 26.049
U-CPSNR (dB)                   : 32.1303
V-CPSNR (dB)                   : 31.4963

