PCC-Arena Evaluator 0.6.5
Reference Point Cloud: /temp/pranav/dynamic_pc_data/longdress/Ply/longdress_vox10_1305.ply
Target Point Cloud: /temp/pranav/dynamic_pc_data/longdress/experiments/2DD_lodX=1_lodY=2_OM=4_r1/decompressed/longdress_dec_1305.ply

========== Time & Binary Size ==========
Encoding time (s)           : -1
Decoding time (s)           : -1
Source point cloud size (kB): 19173.75
Total binary files size (kB): 4767.52
Compression ratio           : 0.24864828215659432
bpp (bits per point)        : 44.98503846829771

========== Point-based Metrics =========
Asym. Chamfer dist. (1->2) p2pt: 1.20696
Asym. Chamfer dist. (2->1) p2pt: 0.899948
Chamfer dist.              p2pt: 1.05345
CD-PSNR (dB)               p2pt: 59.8455
Hausdorff distance         p2pt: 356


----------------------------------------
Y-CPSNR (dB)                   : 25.8147
U-CPSNR (dB)                   : 32.0968
V-CPSNR (dB)                   : 31.1591

