PCC-Arena Evaluator 0.6.5
Reference Point Cloud: /temp/pranav/dynamic_pc_data/longdress/Ply/longdress_vox10_1221.ply
Target Point Cloud: /temp/pranav/dynamic_pc_data/longdress/experiments/2DD_lodX=1_lodY=2_OM=4_r1/decompressed/longdress_dec_1221.ply

========== Time & Binary Size ==========
Encoding time (s)           : -1
Decoding time (s)           : -1
Source point cloud size (kB): 19591.424
Total binary files size (kB): 4767.52
Compression ratio           : 0.24334729318297643
bpp (bits per point)        : 44.25223435717924

========== Point-based Metrics =========
Asym. Chamfer dist. (1->2) p2pt: 1.15248
Asym. Chamfer dist. (2->1) p2pt: 0.879883
Chamfer dist.              p2pt: 1.01618
CD-PSNR (dB)               p2pt: 60.0693
Hausdorff distance         p2pt: 867


----------------------------------------
Y-CPSNR (dB)                   : 26.9596
U-CPSNR (dB)                   : 32.4678
V-CPSNR (dB)                   : 31.8227

