PCC-Arena Evaluator 0.6.5
Reference Point Cloud: /temp/pranav/dynamic_pc_data/soldier/Ply/soldier_vox10_0550.ply
Target Point Cloud: /temp/pranav/dynamic_pc_data/soldier/experiments/vanilla_rc_OM=4_GQP=25_AQP=33/decompressed/soldier_dec_0550.ply

========== Time & Binary Size ==========
Encoding time (s)           : -1
Decoding time (s)           : -1
Source point cloud size (kB): 23476.836
Total binary files size (kB): 13215.853
Compression ratio           : 0.5629316062862986
bpp (bits per point)        : 99.72206014817749

========== Point-based Metrics =========
Asym. Chamfer dist. (1->2) p2pt: 0.407233
Asym. Chamfer dist. (2->1) p2pt: 0.400471
Chamfer dist.              p2pt: 0.403852
CD-PSNR (dB)               p2pt: 64.2383
Hausdorff distance         p2pt: 78


----------------------------------------
Y-CPSNR (dB)                   : 33.7361
U-CPSNR (dB)                   : 44.5262
V-CPSNR (dB)                   : 44.7941

