PCC-Arena Evaluator 0.6.5
Reference Point Cloud: /temp/pranav/dynamic_pc_data/soldier/Ply/soldier_vox10_0705.ply
Target Point Cloud: /temp/pranav/dynamic_pc_data/soldier/experiments/vanilla_rc_OM=4_GQP=25_AQP=33/decompressed/soldier_dec_0705.ply

========== Time & Binary Size ==========
Encoding time (s)           : -1
Decoding time (s)           : -1
Source point cloud size (kB): 24138.995
Total binary files size (kB): 13215.853
Compression ratio           : 0.547489777432739
bpp (bits per point)        : 97.55124892969972

========== Point-based Metrics =========
Asym. Chamfer dist. (1->2) p2pt: 0.408688
Asym. Chamfer dist. (2->1) p2pt: 0.398054
Chamfer dist.              p2pt: 0.403371
CD-PSNR (dB)               p2pt: 64.1448
Hausdorff distance         p2pt: 54


----------------------------------------
Y-CPSNR (dB)                   : 33.9644
U-CPSNR (dB)                   : 44.5806
V-CPSNR (dB)                   : 44.9211

