PCC-Arena Evaluator 0.6.5
Reference Point Cloud: /temp/pranav/dynamic_pc_data/soldier/Ply/soldier_vox10_0699.ply
Target Point Cloud: /temp/pranav/dynamic_pc_data/soldier/experiments/vanilla_rc_OM=4_GQP=25_AQP=33/decompressed/soldier_dec_0699.ply

========== Time & Binary Size ==========
Encoding time (s)           : -1
Decoding time (s)           : -1
Source point cloud size (kB): 24192.33
Total binary files size (kB): 13215.853
Compression ratio           : 0.5462827681335365
bpp (bits per point)        : 97.3770353498559

========== Point-based Metrics =========
Asym. Chamfer dist. (1->2) p2pt: 0.406714
Asym. Chamfer dist. (2->1) p2pt: 0.392088
Chamfer dist.              p2pt: 0.399401
CD-PSNR (dB)               p2pt: 64.1969
Hausdorff distance         p2pt: 85


----------------------------------------
Y-CPSNR (dB)                   : 33.8169
U-CPSNR (dB)                   : 44.4501
V-CPSNR (dB)                   : 44.8892

