PCC-Arena Evaluator 0.6.5
Reference Point Cloud: /temp/pranav/dynamic_pc_data/soldier/Ply/soldier_vox10_0692.ply
Target Point Cloud: /temp/pranav/dynamic_pc_data/soldier/experiments/vanilla_rc_OM=4_GQP=25_AQP=33/decompressed/soldier_dec_0692.ply

========== Time & Binary Size ==========
Encoding time (s)           : -1
Decoding time (s)           : -1
Source point cloud size (kB): 24347.709
Total binary files size (kB): 13215.853
Compression ratio           : 0.5427965727699473
bpp (bits per point)        : 96.74457402467871

========== Point-based Metrics =========
Asym. Chamfer dist. (1->2) p2pt: 0.405806
Asym. Chamfer dist. (2->1) p2pt: 0.393826
Chamfer dist.              p2pt: 0.399816
CD-PSNR (dB)               p2pt: 64.1018
Hausdorff distance         p2pt: 49


----------------------------------------
Y-CPSNR (dB)                   : 34.0607
U-CPSNR (dB)                   : 44.5784
V-CPSNR (dB)                   : 44.9994

