PCC-Arena Evaluator 0.6.5
Reference Point Cloud: /temp/pranav/dynamic_pc_data/soldier/Ply/soldier_vox10_0772.ply
Target Point Cloud: /temp/pranav/dynamic_pc_data/soldier/experiments/vanilla_rc_OM=4_GQP=25_AQP=33/decompressed/soldier_dec_0772.ply

========== Time & Binary Size ==========
Encoding time (s)           : -1
Decoding time (s)           : -1
Source point cloud size (kB): 24387.369
Total binary files size (kB): 13215.853
Compression ratio           : 0.5419138489272869
bpp (bits per point)        : 96.04736286517354

========== Point-based Metrics =========
Asym. Chamfer dist. (1->2) p2pt: 0.404766
Asym. Chamfer dist. (2->1) p2pt: 0.398625
Chamfer dist.              p2pt: 0.401695
CD-PSNR (dB)               p2pt: 63.876
Hausdorff distance         p2pt: 68


----------------------------------------
Y-CPSNR (dB)                   : 34.3162
U-CPSNR (dB)                   : 44.8148
V-CPSNR (dB)                   : 45.1848

