PCC-Arena Evaluator 0.6.5
Reference Point Cloud: /temp/pranav/dynamic_pc_data/soldier/Ply/soldier_vox10_0678.ply
Target Point Cloud: /temp/pranav/dynamic_pc_data/soldier/experiments/vanilla_rc_OM=4_GQP=25_AQP=33/decompressed/soldier_dec_0678.ply

========== Time & Binary Size ==========
Encoding time (s)           : -1
Decoding time (s)           : -1
Source point cloud size (kB): 23495.785
Total binary files size (kB): 13215.853
Compression ratio           : 0.5624776103458556
bpp (bits per point)        : 99.89467328934799

========== Point-based Metrics =========
Asym. Chamfer dist. (1->2) p2pt: 0.411258
Asym. Chamfer dist. (2->1) p2pt: 0.399205
Chamfer dist.              p2pt: 0.405232
CD-PSNR (dB)               p2pt: 64.1116
Hausdorff distance         p2pt: 130


----------------------------------------
Y-CPSNR (dB)                   : 34.2208
U-CPSNR (dB)                   : 44.7817
V-CPSNR (dB)                   : 45.0986

