PCC-Arena Evaluator 0.6.5
Reference Point Cloud: /temp/pranav/dynamic_pc_data/soldier/Ply/soldier_vox10_0811.ply
Target Point Cloud: /temp/pranav/dynamic_pc_data/soldier/experiments/vanilla_rc_OM=4_GQP=25_AQP=33/decompressed/soldier_dec_0811.ply

========== Time & Binary Size ==========
Encoding time (s)           : -1
Decoding time (s)           : -1
Source point cloud size (kB): 24078.605
Total binary files size (kB): 13215.853
Compression ratio           : 0.5488629013184111
bpp (bits per point)        : 97.05335937901609

========== Point-based Metrics =========
Asym. Chamfer dist. (1->2) p2pt: 0.41189
Asym. Chamfer dist. (2->1) p2pt: 0.397906
Chamfer dist.              p2pt: 0.404898
CD-PSNR (dB)               p2pt: 63.9032
Hausdorff distance         p2pt: 53


----------------------------------------
Y-CPSNR (dB)                   : 33.923
U-CPSNR (dB)                   : 44.5583
V-CPSNR (dB)                   : 44.985

