PCC-Arena Evaluator 0.6.5
Reference Point Cloud: /home/p/pranav/dynamic_pc_data/longdress/Ply/longdress_vox10_1113.ply
Target Point Cloud: /home/p/pranav/dynamic_pc_data/longdress/experiments/3DD_2_noQuantize_OM=4/decompressed/longdress_dec_1113.ply

========== Time & Binary Size ==========
Encoding time (s)           : -1
Decoding time (s)           : -1
Source point cloud size (kB): 19413.66
Total binary files size (kB): 15691.94
Compression ratio           : 0.8082937478043811
bpp (bits per point)        : 146.81778577217753

========== Point-based Metrics =========
Asym. Chamfer dist. (1->2) p2pt: 0.44206
Asym. Chamfer dist. (2->1) p2pt: 0.376451
Chamfer dist.              p2pt: 0.409255
CD-PSNR (dB)               p2pt: 63.8329
Hausdorff distance         p2pt: 80


----------------------------------------
Y-CPSNR (dB)                   : 30.2676
U-CPSNR (dB)                   : 35.2293
V-CPSNR (dB)                   : 34.7398

