PCC-Arena Evaluator 0.6.5
Reference Point Cloud: /temp/pranav/dynamic_pc_data/longdress/Ply/longdress_vox10_1090.ply
Target Point Cloud: /temp/pranav/dynamic_pc_data/longdress/experiments/3DD_2_noQuantize_OM=4/decompressed/longdress_dec_1090.ply

========== Time & Binary Size ==========
Encoding time (s)           : -1
Decoding time (s)           : -1
Source point cloud size (kB): 19056.18
Total binary files size (kB): 15691.94
Compression ratio           : 0.8234567473648968
bpp (bits per point)        : 149.82392613801144

========== Point-based Metrics =========
Asym. Chamfer dist. (1->2) p2pt: 0.446364
Asym. Chamfer dist. (2->1) p2pt: 0.361799
Chamfer dist.              p2pt: 0.404082
CD-PSNR (dB)               p2pt: 63.9239
Hausdorff distance         p2pt: 61


----------------------------------------
Y-CPSNR (dB)                   : 30.5784
U-CPSNR (dB)                   : 35.434
V-CPSNR (dB)                   : 34.9047

