PCC-Arena Evaluator 0.6.5
Reference Point Cloud: /home/p/pranav/dynamic_pc_data/longdress/Ply/longdress_vox10_1093.ply
Target Point Cloud: /home/p/pranav/dynamic_pc_data/longdress/experiments/3DD_2_noQuantize_OM=4/decompressed/longdress_dec_1093.ply

========== Time & Binary Size ==========
Encoding time (s)           : -1
Decoding time (s)           : -1
Source point cloud size (kB): 18885.889
Total binary files size (kB): 15691.94
Compression ratio           : 0.8308817233861748
bpp (bits per point)        : 151.4103349623933

========== Point-based Metrics =========
Asym. Chamfer dist. (1->2) p2pt: 0.432901
Asym. Chamfer dist. (2->1) p2pt: 0.359729
Chamfer dist.              p2pt: 0.396315
CD-PSNR (dB)               p2pt: 64.0678
Hausdorff distance         p2pt: 49


----------------------------------------
Y-CPSNR (dB)                   : 30.3385
U-CPSNR (dB)                   : 35.2956
V-CPSNR (dB)                   : 34.6608

