PCC-Arena Evaluator 0.6.5
Reference Point Cloud: /temp/pranav/dynamic_pc_data/soldier/Ply/soldier_vox10_0717.ply
Target Point Cloud: /temp/pranav/dynamic_pc_data/soldier/experiments/2DD_INT_lodX=2_lodY=1_OM=4_r1/decompressed/soldier_dec_0717.ply

========== Time & Binary Size ==========
Encoding time (s)           : -1
Decoding time (s)           : -1
Source point cloud size (kB): 24244.562
Total binary files size (kB): 5013.382
Compression ratio           : 0.2067837727899559
bpp (bits per point)        : 36.757728533734635

========== Point-based Metrics =========
Asym. Chamfer dist. (1->2) p2pt: 0.946371
Asym. Chamfer dist. (2->1) p2pt: 1.02705
Chamfer dist.              p2pt: 0.98671
CD-PSNR (dB)               p2pt: 60.088
Hausdorff distance         p2pt: 350


----------------------------------------
Y-CPSNR (dB)                   : 28.9252
U-CPSNR (dB)                   : 42.9246
V-CPSNR (dB)                   : 43.0982

