PCC-Arena Evaluator 0.6.5
Reference Point Cloud: /temp/pranav/dynamic_pc_data/longdress/Ply/longdress_vox10_1110.ply
Target Point Cloud: /temp/pranav/dynamic_pc_data/longdress/experiments/2DD_lodX=2_lodY=2_OM=4/decompressed/longdress_dec_1110.ply

========== Time & Binary Size ==========
Encoding time (s)           : -1
Decoding time (s)           : -1
Source point cloud size (kB): 19479.829
Total binary files size (kB): 12150.174
Compression ratio           : 0.6237310399388003
bpp (bits per point)        : 113.33060348848055

========== Point-based Metrics =========
Asym. Chamfer dist. (1->2) p2pt: 1.06255
Asym. Chamfer dist. (2->1) p2pt: 0.601192
Chamfer dist.              p2pt: 0.831872
CD-PSNR (dB)               p2pt: 60.7759
Hausdorff distance         p2pt: 611


----------------------------------------
Y-CPSNR (dB)                   : 28.9732
U-CPSNR (dB)                   : 33.741
V-CPSNR (dB)                   : 33.0961

