PCC-Arena Evaluator 0.6.5
Reference Point Cloud: /temp/pranav/dynamic_pc_data/longdress/Ply/longdress_vox10_1303.ply
Target Point Cloud: /temp/pranav/dynamic_pc_data/longdress/experiments/2DD_lodX=2_lodY=2_OM=4/decompressed/longdress_dec_1303.ply

========== Time & Binary Size ==========
Encoding time (s)           : -1
Decoding time (s)           : -1
Source point cloud size (kB): 19188.512
Total binary files size (kB): 12150.174
Compression ratio           : 0.6332004274224078
bpp (bits per point)        : 114.60955136662858

========== Point-based Metrics =========
Asym. Chamfer dist. (1->2) p2pt: 1.07404
Asym. Chamfer dist. (2->1) p2pt: 0.569527
Chamfer dist.              p2pt: 0.821782
CD-PSNR (dB)               p2pt: 60.9275
Hausdorff distance         p2pt: 161


----------------------------------------
Y-CPSNR (dB)                   : 28.6564
U-CPSNR (dB)                   : 33.5093
V-CPSNR (dB)                   : 32.5753

