PCC-Arena Evaluator 0.6.5
Reference Point Cloud: /temp/pranav/dynamic_pc_data/longdress/Ply/longdress_vox10_1314.ply
Target Point Cloud: /temp/pranav/dynamic_pc_data/longdress/experiments/2DD_lodX=2_lodY=2_OM=4/decompressed/longdress_dec_1314.ply

========== Time & Binary Size ==========
Encoding time (s)           : -1
Decoding time (s)           : -1
Source point cloud size (kB): 18974.816
Total binary files size (kB): 12150.174
Compression ratio           : 0.6403315847700447
bpp (bits per point)        : 115.54661204829588

========== Point-based Metrics =========
Asym. Chamfer dist. (1->2) p2pt: 1.09232
Asym. Chamfer dist. (2->1) p2pt: 0.543222
Chamfer dist.              p2pt: 0.817771
CD-PSNR (dB)               p2pt: 60.9149
Hausdorff distance         p2pt: 318


----------------------------------------
Y-CPSNR (dB)                   : 28.8189
U-CPSNR (dB)                   : 33.5295
V-CPSNR (dB)                   : 32.4038

