PCC-Arena Evaluator 0.6.5
Reference Point Cloud: /temp/pranav/dynamic_pc_data/longdress/Ply/longdress_vox10_1292.ply
Target Point Cloud: /temp/pranav/dynamic_pc_data/longdress/experiments/vanilla_rc_OM=4_GQP=27_AQP=34/decompressed/longdress_dec_1292.ply

========== Time & Binary Size ==========
Encoding time (s)           : -1
Decoding time (s)           : -1
Source point cloud size (kB): 19371.126
Total binary files size (kB): 13648.246
Compression ratio           : 0.7045664769306647
bpp (bits per point)        : 127.63347185448849

========== Point-based Metrics =========
Asym. Chamfer dist. (1->2) p2pt: 0.436812
Asym. Chamfer dist. (2->1) p2pt: 0.437026
Chamfer dist.              p2pt: 0.436919
CD-PSNR (dB)               p2pt: 63.774
Hausdorff distance         p2pt: 67


----------------------------------------
Y-CPSNR (dB)                   : 31.1257
U-CPSNR (dB)                   : 34.9018
V-CPSNR (dB)                   : 34.3098

