PCC-Arena Evaluator 0.6.5
Reference Point Cloud: /temp/pranav/dynamic_pc_data/longdress/Ply/longdress_vox10_1312.ply
Target Point Cloud: /temp/pranav/dynamic_pc_data/longdress/experiments/vanilla_rc_OM=4_GQP=27_AQP=34/decompressed/longdress_dec_1312.ply

========== Time & Binary Size ==========
Encoding time (s)           : -1
Decoding time (s)           : -1
Source point cloud size (kB): 19248.514
Total binary files size (kB): 13648.246
Compression ratio           : 0.7090545275339176
bpp (bits per point)        : 127.98370225195869

========== Point-based Metrics =========
Asym. Chamfer dist. (1->2) p2pt: 0.440857
Asym. Chamfer dist. (2->1) p2pt: 0.430168
Chamfer dist.              p2pt: 0.435513
CD-PSNR (dB)               p2pt: 63.6645
Hausdorff distance         p2pt: 46


----------------------------------------
Y-CPSNR (dB)                   : 30.866
U-CPSNR (dB)                   : 34.6759
V-CPSNR (dB)                   : 34.1234

