PCC-Arena Evaluator 0.6.5
Reference Point Cloud: /temp/pranav/dynamic_pc_data/longdress/Ply/longdress_vox10_1304.ply
Target Point Cloud: /temp/pranav/dynamic_pc_data/longdress/experiments/vanilla_rc_OM=4_GQP=27_AQP=34/decompressed/longdress_dec_1304.ply

========== Time & Binary Size ==========
Encoding time (s)           : -1
Decoding time (s)           : -1
Source point cloud size (kB): 19153.41
Total binary files size (kB): 13648.246
Compression ratio           : 0.7125752542236604
bpp (bits per point)        : 128.9736160722723

========== Point-based Metrics =========
Asym. Chamfer dist. (1->2) p2pt: 0.45217
Asym. Chamfer dist. (2->1) p2pt: 0.441708
Chamfer dist.              p2pt: 0.446939
CD-PSNR (dB)               p2pt: 63.5706
Hausdorff distance         p2pt: 99


----------------------------------------
Y-CPSNR (dB)                   : 30.8119
U-CPSNR (dB)                   : 34.6783
V-CPSNR (dB)                   : 34.1493

