PCC-Arena Evaluator 0.6.5
Reference Point Cloud: /temp/pranav/dynamic_pc_data/loot/Ply/loot_vox10_1135.ply
Target Point Cloud: /temp/pranav/dynamic_pc_data/loot/experiments/2DD_lodX=2_lodY=2_OM=4_r1/decompressed/loot_dec_1135.ply

========== Time & Binary Size ==========
Encoding time (s)           : -1
Decoding time (s)           : -1
Source point cloud size (kB): 16904.187
Total binary files size (kB): 2237.66
Compression ratio           : 0.13237312152308772
bpp (bits per point)        : 22.72826305004177

========== Point-based Metrics =========
Asym. Chamfer dist. (1->2) p2pt: 1.80506
Asym. Chamfer dist. (2->1) p2pt: 1.03697
Chamfer dist.              p2pt: 1.42101
CD-PSNR (dB)               p2pt: 58.7333
Hausdorff distance         p2pt: 116


----------------------------------------
Y-CPSNR (dB)                   : 30.6784
U-CPSNR (dB)                   : 42.7136
V-CPSNR (dB)                   : 42.2147

