PCC-Arena Evaluator 0.6.5
Reference Point Cloud: /temp/pranav/dynamic_pc_data/loot/Ply/loot_vox10_1197.ply
Target Point Cloud: /temp/pranav/dynamic_pc_data/loot/experiments/2DD_lodX=2_lodY=2_OM=4_r1/decompressed/loot_dec_1197.ply

========== Time & Binary Size ==========
Encoding time (s)           : -1
Decoding time (s)           : -1
Source point cloud size (kB): 17398.54
Total binary files size (kB): 2237.66
Compression ratio           : 0.12861194100194612
bpp (bits per point)        : 22.419926507976665

========== Point-based Metrics =========
Asym. Chamfer dist. (1->2) p2pt: 1.62553
Asym. Chamfer dist. (2->1) p2pt: 0.965423
Chamfer dist.              p2pt: 1.29547
CD-PSNR (dB)               p2pt: 59.0058
Hausdorff distance         p2pt: 86


----------------------------------------
Y-CPSNR (dB)                   : 30.7458
U-CPSNR (dB)                   : 42.7661
V-CPSNR (dB)                   : 42.2134

