PCC-Arena Evaluator 0.6.5
Reference Point Cloud: /temp/pranav/dynamic_pc_data/loot/Ply/loot_vox10_1228.ply
Target Point Cloud: /temp/pranav/dynamic_pc_data/loot/experiments/2DD_lodX=2_lodY=2_OM=4_r1/decompressed/loot_dec_1228.ply

========== Time & Binary Size ==========
Encoding time (s)           : -1
Decoding time (s)           : -1
Source point cloud size (kB): 17622.435
Total binary files size (kB): 2237.66
Compression ratio           : 0.1269779119627906
bpp (bits per point)        : 22.125639929104135

========== Point-based Metrics =========
Asym. Chamfer dist. (1->2) p2pt: 1.69463
Asym. Chamfer dist. (2->1) p2pt: 0.952236
Chamfer dist.              p2pt: 1.32343
CD-PSNR (dB)               p2pt: 58.9317
Hausdorff distance         p2pt: 139


----------------------------------------
Y-CPSNR (dB)                   : 30.6853
U-CPSNR (dB)                   : 42.9182
V-CPSNR (dB)                   : 42.1082

