PCC-Arena Evaluator 0.6.5
Reference Point Cloud: /temp/pranav/dynamic_pc_data/loot/Ply/loot_vox10_1279.ply
Target Point Cloud: /temp/pranav/dynamic_pc_data/loot/experiments/2DD_lodX=2_lodY=2_OM=4_r1/decompressed/loot_dec_1279.ply

========== Time & Binary Size ==========
Encoding time (s)           : -1
Decoding time (s)           : -1
Source point cloud size (kB): 17711.849
Total binary files size (kB): 2237.66
Compression ratio           : 0.12633689458395903
bpp (bits per point)        : 21.993257521401965

========== Point-based Metrics =========
Asym. Chamfer dist. (1->2) p2pt: 1.70745
Asym. Chamfer dist. (2->1) p2pt: 0.997667
Chamfer dist.              p2pt: 1.35256
CD-PSNR (dB)               p2pt: 58.6443
Hausdorff distance         p2pt: 200


----------------------------------------
Y-CPSNR (dB)                   : 31.2831
U-CPSNR (dB)                   : 43.1305
V-CPSNR (dB)                   : 42.7399

