PCC-Arena Evaluator 0.6.5
Reference Point Cloud: /temp/pranav/dynamic_pc_data/loot/Ply/loot_vox10_1081.ply
Target Point Cloud: /temp/pranav/dynamic_pc_data/loot/experiments/2DD_lodX=2_lodY=2_OM=4_r1/decompressed/loot_dec_1081.ply

========== Time & Binary Size ==========
Encoding time (s)           : -1
Decoding time (s)           : -1
Source point cloud size (kB): 16597.85
Total binary files size (kB): 2237.66
Compression ratio           : 0.134816256322355
bpp (bits per point)        : 22.85343696221665

========== Point-based Metrics =========
Asym. Chamfer dist. (1->2) p2pt: 1.58599
Asym. Chamfer dist. (2->1) p2pt: 0.896026
Chamfer dist.              p2pt: 1.24101
CD-PSNR (dB)               p2pt: 59.3653
Hausdorff distance         p2pt: 91


----------------------------------------
Y-CPSNR (dB)                   : 31.052
U-CPSNR (dB)                   : 43.1738
V-CPSNR (dB)                   : 42.3185

