PCC-Arena Evaluator 0.6.5
Reference Point Cloud: /temp/pranav/dynamic_pc_data/loot/Ply/loot_vox10_1209.ply
Target Point Cloud: /temp/pranav/dynamic_pc_data/loot/experiments/2DD_lodX=2_lodY=2_OM=4_r1/decompressed/loot_dec_1209.ply

========== Time & Binary Size ==========
Encoding time (s)           : -1
Decoding time (s)           : -1
Source point cloud size (kB): 17260.331
Total binary files size (kB): 2237.66
Compression ratio           : 0.1296417780168874
bpp (bits per point)        : 22.57722688238358

========== Point-based Metrics =========
Asym. Chamfer dist. (1->2) p2pt: 1.6155
Asym. Chamfer dist. (2->1) p2pt: 0.927166
Chamfer dist.              p2pt: 1.27133
CD-PSNR (dB)               p2pt: 59.0903
Hausdorff distance         p2pt: 192


----------------------------------------
Y-CPSNR (dB)                   : 30.7481
U-CPSNR (dB)                   : 43.0416
V-CPSNR (dB)                   : 42.1986

