PCC-Arena Evaluator 0.6.5
Reference Point Cloud: /home/p/pranav/dynamic_pc_data/longdress/Ply/longdress_vox10_1344.ply
Target Point Cloud: /home/p/pranav/dynamic_pc_data/longdress/experiments/2DD_lodX=2_lodY=1_OM=1/decompressed/longdress_dec_1344.ply

========== Time & Binary Size ==========
Encoding time (s)           : -1
Decoding time (s)           : -1
Source point cloud size (kB): 19084.396
Total binary files size (kB): 16867.581
Compression ratio           : 0.8838414901891576
bpp (bits per point)        : 160.7486893219497

========== Point-based Metrics =========
Asym. Chamfer dist. (1->2) p2pt: 0.736922
Asym. Chamfer dist. (2->1) p2pt: 0.347356
Chamfer dist.              p2pt: 0.542139
CD-PSNR (dB)               p2pt: 62.7631
Hausdorff distance         p2pt: 45


----------------------------------------
Y-CPSNR (dB)                   : 29.6631
U-CPSNR (dB)                   : 33.9271
V-CPSNR (dB)                   : 33.3983

