PCC-Arena Evaluator 0.6.5
Reference Point Cloud: /home/p/pranav/dynamic_pc_data/longdress/Ply/longdress_vox10_1311.ply
Target Point Cloud: /home/p/pranav/dynamic_pc_data/longdress/experiments/2DD_lodX=2_lodY=1_OM=1/decompressed/longdress_dec_1311.ply

========== Time & Binary Size ==========
Encoding time (s)           : -1
Decoding time (s)           : -1
Source point cloud size (kB): 19288.87
Total binary files size (kB): 16867.581
Compression ratio           : 0.8744722215453782
bpp (bits per point)        : 157.8347340016773

========== Point-based Metrics =========
Asym. Chamfer dist. (1->2) p2pt: 0.749426
Asym. Chamfer dist. (2->1) p2pt: 0.359948
Chamfer dist.              p2pt: 0.554687
CD-PSNR (dB)               p2pt: 62.6188
Hausdorff distance         p2pt: 64


----------------------------------------
Y-CPSNR (dB)                   : 29.8431
U-CPSNR (dB)                   : 34.4115
V-CPSNR (dB)                   : 33.5725

