PCC-Arena Evaluator 0.6.5
Reference Point Cloud: /home/p/pranav/dynamic_pc_data/longdress/Ply/longdress_vox10_1349.ply
Target Point Cloud: /home/p/pranav/dynamic_pc_data/longdress/experiments/2DD_lodX=2_lodY=1_OM=1/decompressed/longdress_dec_1349.ply

========== Time & Binary Size ==========
Encoding time (s)           : -1
Decoding time (s)           : -1
Source point cloud size (kB): 18515.877
Total binary files size (kB): 16867.581
Compression ratio           : 0.9109793179118655
bpp (bits per point)        : 165.78310209728008

========== Point-based Metrics =========
Asym. Chamfer dist. (1->2) p2pt: 0.734833
Asym. Chamfer dist. (2->1) p2pt: 0.345919
Chamfer dist.              p2pt: 0.540376
CD-PSNR (dB)               p2pt: 62.7624
Hausdorff distance         p2pt: 53


----------------------------------------
Y-CPSNR (dB)                   : 29.3552
U-CPSNR (dB)                   : 33.8316
V-CPSNR (dB)                   : 33.2343

