PCC-Arena Evaluator 0.6.5
Reference Point Cloud: /temp/pranav/dynamic_pc_data/longdress/Ply/longdress_vox10_1266.ply
Target Point Cloud: /temp/pranav/dynamic_pc_data/longdress/experiments/vanilla_OM=4/decompressed/longdress_dec_1266.ply

========== Time & Binary Size ==========
Encoding time (s)           : -1
Decoding time (s)           : -1
Source point cloud size (kB): 18579.347
Total binary files size (kB): 17823.158
Compression ratio           : 0.9592994845297845
bpp (bits per point)        : 174.93128268798776

========== Point-based Metrics =========
Asym. Chamfer dist. (1->2) p2pt: 0.3462
Asym. Chamfer dist. (2->1) p2pt: 0.343743
Chamfer dist.              p2pt: 0.344971
CD-PSNR (dB)               p2pt: 64.7138
Hausdorff distance         p2pt: 128


----------------------------------------
Y-CPSNR (dB)                   : 32.3773
U-CPSNR (dB)                   : 35.758
V-CPSNR (dB)                   : 35.4792

