PCC-Arena Evaluator 0.6.5
Reference Point Cloud: /home/p/pranav/dynamic_pc_data/longdress/Ply/longdress_vox10_1237.ply
Target Point Cloud: /home/p/pranav/dynamic_pc_data/longdress/experiments/vanilla_OM=4/decompressed/longdress_dec_1237.ply

========== Time & Binary Size ==========
Encoding time (s)           : -1
Decoding time (s)           : -1
Source point cloud size (kB): 19902.388
Total binary files size (kB): 17823.158
Compression ratio           : 0.8955286169679739
bpp (bits per point)        : 162.56183802789604

========== Point-based Metrics =========
Asym. Chamfer dist. (1->2) p2pt: 0.368619
Asym. Chamfer dist. (2->1) p2pt: 0.362878
Chamfer dist.              p2pt: 0.365749
CD-PSNR (dB)               p2pt: 64.4322
Hausdorff distance         p2pt: 104


----------------------------------------
Y-CPSNR (dB)                   : 32.4155
U-CPSNR (dB)                   : 35.7731
V-CPSNR (dB)                   : 35.1126

