PCC-Arena Evaluator 0.6.5
Reference Point Cloud: /home/p/pranav/dynamic_pc_data/longdress/Ply/longdress_vox10_1268.ply
Target Point Cloud: /home/p/pranav/dynamic_pc_data/longdress/experiments/vanilla_OM=4/decompressed/longdress_dec_1268.ply

========== Time & Binary Size ==========
Encoding time (s)           : -1
Decoding time (s)           : -1
Source point cloud size (kB): 18879.181
Total binary files size (kB): 17823.158
Compression ratio           : 0.9440641519354044
bpp (bits per point)        : 171.74664150025234

========== Point-based Metrics =========
Asym. Chamfer dist. (1->2) p2pt: 0.361574
Asym. Chamfer dist. (2->1) p2pt: 0.353193
Chamfer dist.              p2pt: 0.357383
CD-PSNR (dB)               p2pt: 64.5718
Hausdorff distance         p2pt: 69


----------------------------------------
Y-CPSNR (dB)                   : 32.4711
U-CPSNR (dB)                   : 35.8471
V-CPSNR (dB)                   : 35.5264

