PCC-Arena Evaluator 0.6.5
Reference Point Cloud: /home/p/pranav/dynamic_pc_data/longdress/Ply/longdress_vox10_1294.ply
Target Point Cloud: /home/p/pranav/dynamic_pc_data/longdress/experiments/vanilla_OM=4/decompressed/longdress_dec_1294.ply

========== Time & Binary Size ==========
Encoding time (s)           : -1
Decoding time (s)           : -1
Source point cloud size (kB): 19516.137
Total binary files size (kB): 17823.158
Compression ratio           : 0.9132523511184616
bpp (bits per point)        : 165.34097737516683

========== Point-based Metrics =========
Asym. Chamfer dist. (1->2) p2pt: 0.35632
Asym. Chamfer dist. (2->1) p2pt: 0.342723
Chamfer dist.              p2pt: 0.349521
CD-PSNR (dB)               p2pt: 64.727
Hausdorff distance         p2pt: 50


----------------------------------------
Y-CPSNR (dB)                   : 32.2477
U-CPSNR (dB)                   : 35.8338
V-CPSNR (dB)                   : 35.2964

