PCC-Arena Evaluator 0.6.5
Reference Point Cloud: /home/p/pranav/dynamic_pc_data/longdress/Ply/longdress_vox10_1291.ply
Target Point Cloud: /home/p/pranav/dynamic_pc_data/longdress/experiments/vanilla_OM=4/decompressed/longdress_dec_1291.ply

========== Time & Binary Size ==========
Encoding time (s)           : -1
Decoding time (s)           : -1
Source point cloud size (kB): 19187.573
Total binary files size (kB): 17823.158
Compression ratio           : 0.9288906939924085
bpp (bits per point)        : 168.32104714538846

========== Point-based Metrics =========
Asym. Chamfer dist. (1->2) p2pt: 0.358485
Asym. Chamfer dist. (2->1) p2pt: 0.343421
Chamfer dist.              p2pt: 0.350953
CD-PSNR (dB)               p2pt: 64.7284
Hausdorff distance         p2pt: 52


----------------------------------------
Y-CPSNR (dB)                   : 32.2805
U-CPSNR (dB)                   : 35.8215
V-CPSNR (dB)                   : 35.24

