PCC-Arena Evaluator 0.6.5
Reference Point Cloud: /temp/pranav/dynamic_pc_data/longdress/Ply/longdress_vox10_1230.ply
Target Point Cloud: /temp/pranav/dynamic_pc_data/longdress/experiments/vanilla_OM=4/decompressed/longdress_dec_1230.ply

========== Time & Binary Size ==========
Encoding time (s)           : -1
Decoding time (s)           : -1
Source point cloud size (kB): 20321.309
Total binary files size (kB): 17823.158
Compression ratio           : 0.8770674172613584
bpp (bits per point)        : 159.3375343488333

========== Point-based Metrics =========
Asym. Chamfer dist. (1->2) p2pt: 0.379171
Asym. Chamfer dist. (2->1) p2pt: 0.378098
Chamfer dist.              p2pt: 0.378635
CD-PSNR (dB)               p2pt: 64.3386
Hausdorff distance         p2pt: 104


----------------------------------------
Y-CPSNR (dB)                   : 32.5898
U-CPSNR (dB)                   : 35.787
V-CPSNR (dB)                   : 35.4689

