PCC-Arena Evaluator 0.6.5
Reference Point Cloud: /temp/pranav/dynamic_pc_data/longdress/Ply/longdress_vox10_1205.ply
Target Point Cloud: /temp/pranav/dynamic_pc_data/longdress/experiments/vanilla_OM=4/decompressed/longdress_dec_1205.ply

========== Time & Binary Size ==========
Encoding time (s)           : -1
Decoding time (s)           : -1
Source point cloud size (kB): 18394.814
Total binary files size (kB): 17823.158
Compression ratio           : 0.968922980139946
bpp (bits per point)        : 176.46123268310674

========== Point-based Metrics =========
Asym. Chamfer dist. (1->2) p2pt: 0.355229
Asym. Chamfer dist. (2->1) p2pt: 0.344198
Chamfer dist.              p2pt: 0.349713
CD-PSNR (dB)               p2pt: 64.4824
Hausdorff distance         p2pt: 56


----------------------------------------
Y-CPSNR (dB)                   : 31.9682
U-CPSNR (dB)                   : 35.229
V-CPSNR (dB)                   : 34.973

