PCC-Arena Evaluator 0.6.5
Reference Point Cloud: /temp/pranav/dynamic_pc_data/longdress/Ply/longdress_vox10_1320.ply
Target Point Cloud: /temp/pranav/dynamic_pc_data/longdress/experiments/vanilla_OM=4/decompressed/longdress_dec_1320.ply

========== Time & Binary Size ==========
Encoding time (s)           : -1
Decoding time (s)           : -1
Source point cloud size (kB): 18393.359
Total binary files size (kB): 17823.158
Compression ratio           : 0.9689996264412606
bpp (bits per point)        : 174.78353775886205

========== Point-based Metrics =========
Asym. Chamfer dist. (1->2) p2pt: 0.358702
Asym. Chamfer dist. (2->1) p2pt: 0.337006
Chamfer dist.              p2pt: 0.347854
CD-PSNR (dB)               p2pt: 64.4674
Hausdorff distance         p2pt: 50


----------------------------------------
Y-CPSNR (dB)                   : 32.2049
U-CPSNR (dB)                   : 35.6901
V-CPSNR (dB)                   : 35.2066

