PCC-Arena Evaluator 0.6.5
Reference Point Cloud: /temp/pranav/dynamic_pc_data/loot/Ply/loot_vox10_1191.ply
Target Point Cloud: /temp/pranav/dynamic_pc_data/loot/experiments/2DD_lodX=2_lodY=1_OM=4_r1/decompressed/loot_dec_1191.ply

========== Time & Binary Size ==========
Encoding time (s)           : -1
Decoding time (s)           : -1
Source point cloud size (kB): 17165.421
Total binary files size (kB): 2502.36
Compression ratio           : 0.1457791218753097
bpp (bits per point)        : 25.404541093700033

========== Point-based Metrics =========
Asym. Chamfer dist. (1->2) p2pt: 1.20147
Asym. Chamfer dist. (2->1) p2pt: 0.936145
Chamfer dist.              p2pt: 1.06881
CD-PSNR (dB)               p2pt: 59.8458
Hausdorff distance         p2pt: 213


----------------------------------------
Y-CPSNR (dB)                   : 31.1838
U-CPSNR (dB)                   : 43.2702
V-CPSNR (dB)                   : 42.7802

