PCC-Arena Evaluator 0.6.5
Reference Point Cloud: /temp/pranav/dynamic_pc_data/loot/Ply/loot_vox10_1274.ply
Target Point Cloud: /temp/pranav/dynamic_pc_data/loot/experiments/2DD_lodX=2_lodY=1_OM=4_r1/decompressed/loot_dec_1274.ply

========== Time & Binary Size ==========
Encoding time (s)           : -1
Decoding time (s)           : -1
Source point cloud size (kB): 17591.143
Total binary files size (kB): 2502.36
Compression ratio           : 0.14225113172009346
bpp (bits per point)        : 24.77360337494261

========== Point-based Metrics =========
Asym. Chamfer dist. (1->2) p2pt: 1.22968
Asym. Chamfer dist. (2->1) p2pt: 0.936894
Chamfer dist.              p2pt: 1.08329
CD-PSNR (dB)               p2pt: 59.717
Hausdorff distance         p2pt: 126


----------------------------------------
Y-CPSNR (dB)                   : 31.4022
U-CPSNR (dB)                   : 43.1868
V-CPSNR (dB)                   : 42.8624

