PCC-Arena Evaluator 0.6.5
Reference Point Cloud: /temp/pranav/dynamic_pc_data/soldier/Ply/soldier_vox10_0712.ply
Target Point Cloud: /temp/pranav/dynamic_pc_data/soldier/experiments/vanilla_r2/decompressed/soldier_dec_0712.ply

========== Time & Binary Size ==========
Encoding time (s)           : -1
Decoding time (s)           : -1
Source point cloud size (kB): 24092.562
Total binary files size (kB): 8741.278
Compression ratio           : 0.36282060828566093
bpp (bits per point)        : 64.54336981211138

========== Point-based Metrics =========
Asym. Chamfer dist. (1->2) p2pt: 0.522728
Asym. Chamfer dist. (2->1) p2pt: 0.510151
Chamfer dist.              p2pt: 0.516439
CD-PSNR (dB)               p2pt: 63.0398
Hausdorff distance         p2pt: 94


----------------------------------------
Y-CPSNR (dB)                   : 32.2647
U-CPSNR (dB)                   : 43.9671
V-CPSNR (dB)                   : 44.4249

