PCC-Arena Evaluator 0.6.5
Reference Point Cloud: /temp/pranav/dynamic_pc_data/soldier/Ply/soldier_vox10_0834.ply
Target Point Cloud: /temp/pranav/dynamic_pc_data/soldier/experiments/vanilla_r2/decompressed/soldier_dec_0834.ply

========== Time & Binary Size ==========
Encoding time (s)           : -1
Decoding time (s)           : -1
Source point cloud size (kB): 24198.026
Total binary files size (kB): 8741.278
Compression ratio           : 0.36123930109009716
bpp (bits per point)        : 63.838965288073204

========== Point-based Metrics =========
Asym. Chamfer dist. (1->2) p2pt: 0.522863
Asym. Chamfer dist. (2->1) p2pt: 0.490691
Chamfer dist.              p2pt: 0.506777
CD-PSNR (dB)               p2pt: 62.9404
Hausdorff distance         p2pt: 80


----------------------------------------
Y-CPSNR (dB)                   : 32.2676
U-CPSNR (dB)                   : 44.3467
V-CPSNR (dB)                   : 44.68

