PCC-Arena Evaluator 0.6.5
Reference Point Cloud: /temp/pranav/dynamic_pc_data/soldier/Ply/soldier_vox10_0539.ply
Target Point Cloud: /temp/pranav/dynamic_pc_data/soldier/experiments/vanilla_r2/decompressed/soldier_dec_0539.ply

========== Time & Binary Size ==========
Encoding time (s)           : -1
Decoding time (s)           : -1
Source point cloud size (kB): 23510.051
Total binary files size (kB): 8741.278
Compression ratio           : 0.3718102525596393
bpp (bits per point)        : 65.86559242581079

========== Point-based Metrics =========
Asym. Chamfer dist. (1->2) p2pt: 0.530229
Asym. Chamfer dist. (2->1) p2pt: 0.51341
Chamfer dist.              p2pt: 0.521819
CD-PSNR (dB)               p2pt: 63.1281
Hausdorff distance         p2pt: 81


----------------------------------------
Y-CPSNR (dB)                   : 31.7549
U-CPSNR (dB)                   : 43.9164
V-CPSNR (dB)                   : 44.1164

