PCC-Arena Evaluator 0.6.5
Reference Point Cloud: /temp/pranav/dynamic_pc_data/soldier/Ply/soldier_vox10_0741.ply
Target Point Cloud: /temp/pranav/dynamic_pc_data/soldier/experiments/vanilla_r2/decompressed/soldier_dec_0741.ply

========== Time & Binary Size ==========
Encoding time (s)           : -1
Decoding time (s)           : -1
Source point cloud size (kB): 24157.622
Total binary files size (kB): 8741.278
Compression ratio           : 0.36184347946167883
bpp (bits per point)        : 64.23578582261133

========== Point-based Metrics =========
Asym. Chamfer dist. (1->2) p2pt: 0.535125
Asym. Chamfer dist. (2->1) p2pt: 0.512835
Chamfer dist.              p2pt: 0.52398
CD-PSNR (dB)               p2pt: 62.7132
Hausdorff distance         p2pt: 65


----------------------------------------
Y-CPSNR (dB)                   : 31.6876
U-CPSNR (dB)                   : 43.9572
V-CPSNR (dB)                   : 44.283

