PCC-Arena Evaluator 0.6.5
Reference Point Cloud: /temp/pranav/dynamic_pc_data/soldier/Ply/soldier_vox10_0702.ply
Target Point Cloud: /temp/pranav/dynamic_pc_data/soldier/experiments/vanilla_r2/decompressed/soldier_dec_0702.ply

========== Time & Binary Size ==========
Encoding time (s)           : -1
Decoding time (s)           : -1
Source point cloud size (kB): 24145.259
Total binary files size (kB): 8741.278
Compression ratio           : 0.36202875272532803
bpp (bits per point)        : 64.52568193268239

========== Point-based Metrics =========
Asym. Chamfer dist. (1->2) p2pt: 0.52623
Asym. Chamfer dist. (2->1) p2pt: 0.509674
Chamfer dist.              p2pt: 0.517952
CD-PSNR (dB)               p2pt: 63.0537
Hausdorff distance         p2pt: 52


----------------------------------------
Y-CPSNR (dB)                   : 31.8301
U-CPSNR (dB)                   : 43.9294
V-CPSNR (dB)                   : 44.365

