PCC-Arena Evaluator 0.6.5
Reference Point Cloud: /temp/pranav/dynamic_pc_data/soldier/Ply/soldier_vox10_0740.ply
Target Point Cloud: /temp/pranav/dynamic_pc_data/soldier/experiments/vanilla_r2/decompressed/soldier_dec_0740.ply

========== Time & Binary Size ==========
Encoding time (s)           : -1
Decoding time (s)           : -1
Source point cloud size (kB): 24152.266
Total binary files size (kB): 8741.278
Compression ratio           : 0.36192372177418053
bpp (bits per point)        : 64.25030434498986

========== Point-based Metrics =========
Asym. Chamfer dist. (1->2) p2pt: 0.525769
Asym. Chamfer dist. (2->1) p2pt: 0.517595
Chamfer dist.              p2pt: 0.521682
CD-PSNR (dB)               p2pt: 62.7382
Hausdorff distance         p2pt: 67


----------------------------------------
Y-CPSNR (dB)                   : 31.7013
U-CPSNR (dB)                   : 43.9346
V-CPSNR (dB)                   : 44.345

