PCC-Arena Evaluator 0.6.5
Reference Point Cloud: /temp/pranav/dynamic_pc_data/soldier/Ply/soldier_vox10_0536.ply
Target Point Cloud: /temp/pranav/dynamic_pc_data/soldier/experiments/vanilla_r2/decompressed/soldier_dec_0536.ply

========== Time & Binary Size ==========
Encoding time (s)           : -1
Decoding time (s)           : -1
Source point cloud size (kB): 23475.756
Total binary files size (kB): 8741.278
Compression ratio           : 0.3723534185650933
bpp (bits per point)        : 65.98373670752305

========== Point-based Metrics =========
Asym. Chamfer dist. (1->2) p2pt: 0.529651
Asym. Chamfer dist. (2->1) p2pt: 0.510043
Chamfer dist.              p2pt: 0.519847
CD-PSNR (dB)               p2pt: 63.1406
Hausdorff distance         p2pt: 75


----------------------------------------
Y-CPSNR (dB)                   : 31.6879
U-CPSNR (dB)                   : 43.825
V-CPSNR (dB)                   : 44.1757

