PCC-Arena Evaluator 0.6.5
Reference Point Cloud: /temp/pranav/dynamic_pc_data/soldier/Ply/soldier_vox10_0766.ply
Target Point Cloud: /temp/pranav/dynamic_pc_data/soldier/experiments/vanilla_r2/decompressed/soldier_dec_0766.ply

========== Time & Binary Size ==========
Encoding time (s)           : -1
Decoding time (s)           : -1
Source point cloud size (kB): 24388.898
Total binary files size (kB): 8741.278
Compression ratio           : 0.3584121759006905
bpp (bits per point)        : 63.6236563150803

========== Point-based Metrics =========
Asym. Chamfer dist. (1->2) p2pt: 0.530607
Asym. Chamfer dist. (2->1) p2pt: 0.512189
Chamfer dist.              p2pt: 0.521398
CD-PSNR (dB)               p2pt: 62.8444
Hausdorff distance         p2pt: 75


----------------------------------------
Y-CPSNR (dB)                   : 31.8973
U-CPSNR (dB)                   : 44.2075
V-CPSNR (dB)                   : 44.4968

