PCC-Arena Evaluator 0.6.5
Reference Point Cloud: /temp/pranav/dynamic_pc_data/soldier/Ply/soldier_vox10_0662.ply
Target Point Cloud: /temp/pranav/dynamic_pc_data/soldier/experiments/2DD_lodX=1_lodY=2_OM=4/decompressed/soldier_dec_0662.ply

========== Time & Binary Size ==========
Encoding time (s)           : -1
Decoding time (s)           : -1
Source point cloud size (kB): 23190.208
Total binary files size (kB): 13195.76
Compression ratio           : 0.5690229255382272
bpp (bits per point)        : 101.06727249924127

========== Point-based Metrics =========
Asym. Chamfer dist. (1->2) p2pt: 0.590781
Asym. Chamfer dist. (2->1) p2pt: 0.42713
Chamfer dist.              p2pt: 0.508955
CD-PSNR (dB)               p2pt: 63.1994
Hausdorff distance         p2pt: 171


----------------------------------------
Y-CPSNR (dB)                   : 33.3756
U-CPSNR (dB)                   : 44.39
V-CPSNR (dB)                   : 44.9527

