PCC-Arena Evaluator 0.6.5
Reference Point Cloud: /temp/pranav/dynamic_pc_data/soldier/Ply/soldier_vox10_0764.ply
Target Point Cloud: /temp/pranav/dynamic_pc_data/soldier/experiments/2DD_lodX=1_lodY=2_OM=4/decompressed/soldier_dec_0764.ply

========== Time & Binary Size ==========
Encoding time (s)           : -1
Decoding time (s)           : -1
Source point cloud size (kB): 24242.255
Total binary files size (kB): 13195.76
Compression ratio           : 0.5443289000961338
bpp (bits per point)        : 96.63126348443838

========== Point-based Metrics =========
Asym. Chamfer dist. (1->2) p2pt: 0.577611
Asym. Chamfer dist. (2->1) p2pt: 0.430179
Chamfer dist.              p2pt: 0.503895
CD-PSNR (dB)               p2pt: 62.9889
Hausdorff distance         p2pt: 83


----------------------------------------
Y-CPSNR (dB)                   : 33.4016
U-CPSNR (dB)                   : 44.585
V-CPSNR (dB)                   : 44.8577

