PCC-Arena Evaluator 0.6.5
Reference Point Cloud: /home/p/pranav/dynamic_pc_data/soldier/Ply/soldier_vox10_0758.ply
Target Point Cloud: /home/p/pranav/dynamic_pc_data/soldier/experiments/2DD_lodX=1_lodY=2_OM=4/decompressed/soldier_dec_0758.ply

========== Time & Binary Size ==========
Encoding time (s)           : -1
Decoding time (s)           : -1
Source point cloud size (kB): 24194.756
Total binary files size (kB): 13195.76
Compression ratio           : 0.5453975233310887
bpp (bits per point)        : 96.81603994211181

========== Point-based Metrics =========
Asym. Chamfer dist. (1->2) p2pt: 0.569694
Asym. Chamfer dist. (2->1) p2pt: 0.424538
Chamfer dist.              p2pt: 0.497116
CD-PSNR (dB)               p2pt: 63.0384
Hausdorff distance         p2pt: 485


----------------------------------------
Y-CPSNR (dB)                   : 33.3324
U-CPSNR (dB)                   : 44.5654
V-CPSNR (dB)                   : 44.7821

