PCC-Arena Evaluator 0.6.5
Reference Point Cloud: /temp/pranav/dynamic_pc_data/soldier/Ply/soldier_vox10_0571.ply
Target Point Cloud: /temp/pranav/dynamic_pc_data/soldier/experiments/2DD_lodX=1_lodY=2_OM=4/decompressed/soldier_dec_0571.ply

========== Time & Binary Size ==========
Encoding time (s)           : -1
Decoding time (s)           : -1
Source point cloud size (kB): 23497.984
Total binary files size (kB): 13195.76
Compression ratio           : 0.5615698776541851
bpp (bits per point)        : 99.50699930530092

========== Point-based Metrics =========
Asym. Chamfer dist. (1->2) p2pt: 0.56512
Asym. Chamfer dist. (2->1) p2pt: 0.492021
Chamfer dist.              p2pt: 0.52857
CD-PSNR (dB)               p2pt: 63.0641
Hausdorff distance         p2pt: 4044


----------------------------------------
Y-CPSNR (dB)                   : 33.4238
U-CPSNR (dB)                   : 44.4143
V-CPSNR (dB)                   : 44.8766

