PCC-Arena Evaluator 0.6.5
Reference Point Cloud: /temp/pranav/dynamic_pc_data/loot/Ply/loot_vox10_1046.ply
Target Point Cloud: /temp/pranav/dynamic_pc_data/loot/experiments/vanilla_rc_OM=4_GQP=27_AQP=35/decompressed/loot_dec_1046.ply

========== Time & Binary Size ==========
Encoding time (s)           : -1
Decoding time (s)           : -1
Source point cloud size (kB): 17104.293
Total binary files size (kB): 5214.783
Compression ratio           : 0.3048815288652971
bpp (bits per point)        : 53.14767055226447

========== Point-based Metrics =========
Asym. Chamfer dist. (1->2) p2pt: 0.42773
Asym. Chamfer dist. (2->1) p2pt: 0.423534
Chamfer dist.              p2pt: 0.425632
CD-PSNR (dB)               p2pt: 63.5473
Hausdorff distance         p2pt: 54


----------------------------------------
Y-CPSNR (dB)                   : 36.0106
U-CPSNR (dB)                   : 45.9826
V-CPSNR (dB)                   : 45.7206

