PCC-Arena Evaluator 0.6.5
Reference Point Cloud: /temp/pranav/dynamic_pc_data/longdress/Ply/longdress_vox10_1181.ply
Target Point Cloud: /temp/pranav/dynamic_pc_data/longdress/experiments/vanilla_rc_OM=4_GQP=26_AQP=35/decompressed/longdress_dec_1181.ply

========== Time & Binary Size ==========
Encoding time (s)           : -1
Decoding time (s)           : -1
Source point cloud size (kB): 19972.733
Total binary files size (kB): 12755.167
Compression ratio           : 0.6386290248810715
bpp (bits per point)        : 116.10119012401866

========== Point-based Metrics =========
Asym. Chamfer dist. (1->2) p2pt: 0.405073
Asym. Chamfer dist. (2->1) p2pt: 0.405613
Chamfer dist.              p2pt: 0.405343
CD-PSNR (dB)               p2pt: 64.052
Hausdorff distance         p2pt: 86


----------------------------------------
Y-CPSNR (dB)                   : 30.3279
U-CPSNR (dB)                   : 34.3134
V-CPSNR (dB)                   : 34.0385

