PCC-Arena Evaluator 0.6.5
Reference Point Cloud: /temp/pranav/dynamic_pc_data/longdress/Ply/longdress_vox10_1245.ply
Target Point Cloud: /temp/pranav/dynamic_pc_data/longdress/experiments/vanilla_rc_OM=4_GQP=26_AQP=35/decompressed/longdress_dec_1245.ply

========== Time & Binary Size ==========
Encoding time (s)           : -1
Decoding time (s)           : -1
Source point cloud size (kB): 18434.847
Total binary files size (kB): 12755.167
Compression ratio           : 0.6919052270951854
bpp (bits per point)        : 125.90840789150599

========== Point-based Metrics =========
Asym. Chamfer dist. (1->2) p2pt: 0.406966
Asym. Chamfer dist. (2->1) p2pt: 0.403647
Chamfer dist.              p2pt: 0.405306
CD-PSNR (dB)               p2pt: 63.998
Hausdorff distance         p2pt: 52


----------------------------------------
Y-CPSNR (dB)                   : 30.7101
U-CPSNR (dB)                   : 34.7842
V-CPSNR (dB)                   : 34.3476

