PCC-Arena Evaluator 0.6.5
Reference Point Cloud: /temp/pranav/dynamic_pc_data/longdress/Ply/longdress_vox10_1086.ply
Target Point Cloud: /temp/pranav/dynamic_pc_data/longdress/experiments/vanilla_rc_OM=4_GQP=26_AQP=35/decompressed/longdress_dec_1086.ply

========== Time & Binary Size ==========
Encoding time (s)           : -1
Decoding time (s)           : -1
Source point cloud size (kB): 18922.322
Total binary files size (kB): 12755.167
Compression ratio           : 0.6740804326234381
bpp (bits per point)        : 122.7437955291242

========== Point-based Metrics =========
Asym. Chamfer dist. (1->2) p2pt: 0.423986
Asym. Chamfer dist. (2->1) p2pt: 0.424667
Chamfer dist.              p2pt: 0.424327
CD-PSNR (dB)               p2pt: 63.6585
Hausdorff distance         p2pt: 94


----------------------------------------
Y-CPSNR (dB)                   : 31.0359
U-CPSNR (dB)                   : 34.9624
V-CPSNR (dB)                   : 34.5726

