PCC-Arena Evaluator 0.6.5
Reference Point Cloud: /temp/pranav/dynamic_pc_data/longdress/Ply/longdress_vox10_1174.ply
Target Point Cloud: /temp/pranav/dynamic_pc_data/longdress/experiments/vanilla_rc_OM=4_GQP=26_AQP=35/decompressed/longdress_dec_1174.ply

========== Time & Binary Size ==========
Encoding time (s)           : -1
Decoding time (s)           : -1
Source point cloud size (kB): 18429.186
Total binary files size (kB): 12755.167
Compression ratio           : 0.692117763638611
bpp (bits per point)        : 126.13532793643377

========== Point-based Metrics =========
Asym. Chamfer dist. (1->2) p2pt: 0.396153
Asym. Chamfer dist. (2->1) p2pt: 0.403555
Chamfer dist.              p2pt: 0.399854
CD-PSNR (dB)               p2pt: 64.1536
Hausdorff distance         p2pt: 102


----------------------------------------
Y-CPSNR (dB)                   : 30.3383
U-CPSNR (dB)                   : 34.3248
V-CPSNR (dB)                   : 34.0702

