PCC-Arena Evaluator 0.6.5
Reference Point Cloud: /temp/pranav/dynamic_pc_data/redandblack/Ply/redandblack_vox10_1606.ply
Target Point Cloud: /temp/pranav/dynamic_pc_data/redandblack/experiments/vanilla_rc_OM=4_GQP=26_AQP=34/decompressed/redandblack_dec_1606.ply

========== Time & Binary Size ==========
Encoding time (s)           : -1
Decoding time (s)           : -1
Source point cloud size (kB): 16996.08
Total binary files size (kB): 7676.618
Compression ratio           : 0.4516699144743964
bpp (bits per point)        : 77.70279000502305

========== Point-based Metrics =========
Asym. Chamfer dist. (1->2) p2pt: 0.488221
Asym. Chamfer dist. (2->1) p2pt: 0.487192
Chamfer dist.              p2pt: 0.487707
CD-PSNR (dB)               p2pt: 62.9027
Hausdorff distance         p2pt: 114


----------------------------------------
Y-CPSNR (dB)                   : 35.3391
U-CPSNR (dB)                   : 40.5139
V-CPSNR (dB)                   : 34.1008

