PCC-Arena Evaluator 0.6.5
Reference Point Cloud: /temp/pranav/dynamic_pc_data/redandblack/Ply/redandblack_vox10_1504.ply
Target Point Cloud: /temp/pranav/dynamic_pc_data/redandblack/experiments/vanilla_rc_OM=4_GQP=26_AQP=34/decompressed/redandblack_dec_1504.ply

========== Time & Binary Size ==========
Encoding time (s)           : -1
Decoding time (s)           : -1
Source point cloud size (kB): 15247.421
Total binary files size (kB): 7676.618
Compression ratio           : 0.5034699310788362
bpp (bits per point)        : 86.68267841011743

========== Point-based Metrics =========
Asym. Chamfer dist. (1->2) p2pt: 0.455357
Asym. Chamfer dist. (2->1) p2pt: 0.459422
Chamfer dist.              p2pt: 0.457389
CD-PSNR (dB)               p2pt: 63.1122
Hausdorff distance         p2pt: 81


----------------------------------------
Y-CPSNR (dB)                   : 35.3713
U-CPSNR (dB)                   : 40.4379
V-CPSNR (dB)                   : 34.4528

