PCC-Arena Evaluator 0.6.5
Reference Point Cloud: /temp/pranav/dynamic_pc_data/redandblack/Ply/redandblack_vox10_1589.ply
Target Point Cloud: /temp/pranav/dynamic_pc_data/redandblack/experiments/vanilla_rc_OM=4_GQP=26_AQP=34/decompressed/redandblack_dec_1589.ply

========== Time & Binary Size ==========
Encoding time (s)           : -1
Decoding time (s)           : -1
Source point cloud size (kB): 14734.816
Total binary files size (kB): 7676.618
Compression ratio           : 0.52098499227951
bpp (bits per point)        : 89.95281255675793

========== Point-based Metrics =========
Asym. Chamfer dist. (1->2) p2pt: 0.475795
Asym. Chamfer dist. (2->1) p2pt: 0.468395
Chamfer dist.              p2pt: 0.472095
CD-PSNR (dB)               p2pt: 62.995
Hausdorff distance         p2pt: 81


----------------------------------------
Y-CPSNR (dB)                   : 35.2808
U-CPSNR (dB)                   : 40.2867
V-CPSNR (dB)                   : 34.1423

