PCC-Arena Evaluator 0.6.5
Reference Point Cloud: /temp/pranav/dynamic_pc_data/redandblack/Ply/redandblack_vox10_1527.ply
Target Point Cloud: /temp/pranav/dynamic_pc_data/redandblack/experiments/vanilla_rc_OM=4_GQP=26_AQP=34/decompressed/redandblack_dec_1527.ply

========== Time & Binary Size ==========
Encoding time (s)           : -1
Decoding time (s)           : -1
Source point cloud size (kB): 15020.909
Total binary files size (kB): 7676.618
Compression ratio           : 0.5110621467715436
bpp (bits per point)        : 88.1403633660226

========== Point-based Metrics =========
Asym. Chamfer dist. (1->2) p2pt: 0.480877
Asym. Chamfer dist. (2->1) p2pt: 0.484301
Chamfer dist.              p2pt: 0.482589
CD-PSNR (dB)               p2pt: 62.8202
Hausdorff distance         p2pt: 155


----------------------------------------
Y-CPSNR (dB)                   : 34.933
U-CPSNR (dB)                   : 39.6659
V-CPSNR (dB)                   : 34.3425

