PCC-Arena Evaluator 0.6.5
Reference Point Cloud: /temp/pranav/dynamic_pc_data/longdress/Ply/longdress_vox10_1163.ply
Target Point Cloud: /temp/pranav/dynamic_pc_data/longdress/experiments/3DD_2_noQuantize_OM=4_r1/decompressed/longdress_dec_1163.ply

========== Time & Binary Size ==========
Encoding time (s)           : -1
Decoding time (s)           : -1
Source point cloud size (kB): 18845.5
Total binary files size (kB): 5481.205
Compression ratio           : 0.29084953967790717
bpp (bits per point)        : 53.044988810258275

========== Point-based Metrics =========
Asym. Chamfer dist. (1->2) p2pt: 0.845047
Asym. Chamfer dist. (2->1) p2pt: 0.675676
Chamfer dist.              p2pt: 0.760361
CD-PSNR (dB)               p2pt: 61.1505
Hausdorff distance         p2pt: 69


----------------------------------------
Y-CPSNR (dB)                   : 26.7134
U-CPSNR (dB)                   : 32.932
V-CPSNR (dB)                   : 32.3777

