PCC-Arena Evaluator 0.6.5
Reference Point Cloud: /temp/pranav/dynamic_pc_data/longdress/Ply/longdress_vox10_1321.ply
Target Point Cloud: /temp/pranav/dynamic_pc_data/longdress/experiments/3DD_2_noQuantize_OM=4_r1/decompressed/longdress_dec_1321.ply

========== Time & Binary Size ==========
Encoding time (s)           : -1
Decoding time (s)           : -1
Source point cloud size (kB): 18371.587
Total binary files size (kB): 5481.205
Compression ratio           : 0.29835228714862794
bpp (bits per point)        : 53.83388825048862

========== Point-based Metrics =========
Asym. Chamfer dist. (1->2) p2pt: 0.840422
Asym. Chamfer dist. (2->1) p2pt: 0.68835
Chamfer dist.              p2pt: 0.764386
CD-PSNR (dB)               p2pt: 61.0624
Hausdorff distance         p2pt: 126


----------------------------------------
Y-CPSNR (dB)                   : 26.7069
U-CPSNR (dB)                   : 33.023
V-CPSNR (dB)                   : 32.2519

