PCC-Arena Evaluator 0.6.5
Reference Point Cloud: /temp/pranav/dynamic_pc_data/longdress/Ply/longdress_vox10_1227.ply
Target Point Cloud: /temp/pranav/dynamic_pc_data/longdress/experiments/3DD_2_noQuantize_OM=4_r1/decompressed/longdress_dec_1227.ply

========== Time & Binary Size ==========
Encoding time (s)           : -1
Decoding time (s)           : -1
Source point cloud size (kB): 20229.917
Total binary files size (kB): 5482.765
Compression ratio           : 0.27102261467508737
bpp (bits per point)        : 49.30355629393661

========== Point-based Metrics =========
Asym. Chamfer dist. (1->2) p2pt: 0.885028
Asym. Chamfer dist. (2->1) p2pt: 0.713965
Chamfer dist.              p2pt: 0.799496
CD-PSNR (dB)               p2pt: 61.0952
Hausdorff distance         p2pt: 160


----------------------------------------
Y-CPSNR (dB)                   : 27.308
U-CPSNR (dB)                   : 33.2655
V-CPSNR (dB)                   : 32.5339

