PCC-Arena Evaluator 0.6.5
Reference Point Cloud: /temp/pranav/dynamic_pc_data/longdress/Ply/longdress_vox10_1308.ply
Target Point Cloud: /temp/pranav/dynamic_pc_data/longdress/experiments/3DD_2_noQuantize_OM=4_r1/decompressed/longdress_dec_1308.ply

========== Time & Binary Size ==========
Encoding time (s)           : -1
Decoding time (s)           : -1
Source point cloud size (kB): 19196.82
Total binary files size (kB): 5482.765
Compression ratio           : 0.28560798090517076
bpp (bits per point)        : 51.609537301561154

========== Point-based Metrics =========
Asym. Chamfer dist. (1->2) p2pt: 0.854647
Asym. Chamfer dist. (2->1) p2pt: 0.714264
Chamfer dist.              p2pt: 0.784456
CD-PSNR (dB)               p2pt: 61.1348
Hausdorff distance         p2pt: 125


----------------------------------------
Y-CPSNR (dB)                   : 26.4408
U-CPSNR (dB)                   : 32.903
V-CPSNR (dB)                   : 32.0518

