PCC-Arena Evaluator 0.6.5
Reference Point Cloud: /temp/pranav/dynamic_pc_data/longdress/Ply/longdress_vox10_1082.ply
Target Point Cloud: /temp/pranav/dynamic_pc_data/longdress/experiments/3DD_2_noQuantize_OM=4_r1/decompressed/longdress_dec_1082.ply

========== Time & Binary Size ==========
Encoding time (s)           : -1
Decoding time (s)           : -1
Source point cloud size (kB): 18388.015
Total binary files size (kB): 5482.765
Compression ratio           : 0.2981705746922656
bpp (bits per point)        : 54.36972102466972

========== Point-based Metrics =========
Asym. Chamfer dist. (1->2) p2pt: 0.852127
Asym. Chamfer dist. (2->1) p2pt: 0.66862
Chamfer dist.              p2pt: 0.760373
CD-PSNR (dB)               p2pt: 61.1309
Hausdorff distance         p2pt: 168


----------------------------------------
Y-CPSNR (dB)                   : 27.3167
U-CPSNR (dB)                   : 33.3477
V-CPSNR (dB)                   : 32.7396

