PCC-Arena Evaluator 0.6.5
Reference Point Cloud: /temp/pranav/dynamic_pc_data/longdress/Ply/longdress_vox10_1154.ply
Target Point Cloud: /temp/pranav/dynamic_pc_data/longdress/experiments/3DD_2_noQuantize_OM=4_r1/decompressed/longdress_dec_1154.ply

========== Time & Binary Size ==========
Encoding time (s)           : -1
Decoding time (s)           : -1
Source point cloud size (kB): 19350.19
Total binary files size (kB): 5482.765
Compression ratio           : 0.28334424623220755
bpp (bits per point)        : 51.60613690378144

========== Point-based Metrics =========
Asym. Chamfer dist. (1->2) p2pt: 0.864968
Asym. Chamfer dist. (2->1) p2pt: 0.69999
Chamfer dist.              p2pt: 0.782479
CD-PSNR (dB)               p2pt: 61.0299
Hausdorff distance         p2pt: 98


----------------------------------------
Y-CPSNR (dB)                   : 26.9438
U-CPSNR (dB)                   : 33.0196
V-CPSNR (dB)                   : 32.3693

