PCC-Arena Evaluator 0.6.5
Reference Point Cloud: /temp/pranav/dynamic_pc_data/longdress/Ply/longdress_vox10_1325.ply
Target Point Cloud: /temp/pranav/dynamic_pc_data/longdress/experiments/3DD_2_noQuantize_OM=4_r1/decompressed/longdress_dec_1325.ply

========== Time & Binary Size ==========
Encoding time (s)           : -1
Decoding time (s)           : -1
Source point cloud size (kB): 18304.685
Total binary files size (kB): 5482.765
Compression ratio           : 0.29952796237684504
bpp (bits per point)        : 54.22742024219421

========== Point-based Metrics =========
Asym. Chamfer dist. (1->2) p2pt: 0.873181
Asym. Chamfer dist. (2->1) p2pt: 0.720699
Chamfer dist.              p2pt: 0.79694
CD-PSNR (dB)               p2pt: 60.9062
Hausdorff distance         p2pt: 134


----------------------------------------
Y-CPSNR (dB)                   : 26.9879
U-CPSNR (dB)                   : 33.1657
V-CPSNR (dB)                   : 32.4698

