PCC-Arena Evaluator 0.6.5
Reference Point Cloud: /temp/pranav/dynamic_pc_data/soldier/Ply/soldier_vox10_0792.ply
Target Point Cloud: /temp/pranav/dynamic_pc_data/soldier/experiments/2DD_lodX=1_lodY=2_OM=4_r1/decompressed/soldier_dec_0792.ply

========== Time & Binary Size ==========
Encoding time (s)           : -1
Decoding time (s)           : -1
Source point cloud size (kB): 24050.072
Total binary files size (kB): 4976.561
Compression ratio           : 0.2069249938212243
bpp (bits per point)        : 36.57622372482728

========== Point-based Metrics =========
Asym. Chamfer dist. (1->2) p2pt: 1.02109
Asym. Chamfer dist. (2->1) p2pt: 0.834657
Chamfer dist.              p2pt: 0.927872
CD-PSNR (dB)               p2pt: 60.2787
Hausdorff distance         p2pt: 122


----------------------------------------
Y-CPSNR (dB)                   : 29.0956
U-CPSNR (dB)                   : 42.9446
V-CPSNR (dB)                   : 43.129

