PCC-Arena Evaluator 0.6.5
Reference Point Cloud: /temp/pranav/dynamic_pc_data/soldier/Ply/soldier_vox10_0556.ply
Target Point Cloud: /temp/pranav/dynamic_pc_data/soldier/experiments/2DD_lodX=1_lodY=2_OM=4_r1/decompressed/soldier_dec_0556.ply

========== Time & Binary Size ==========
Encoding time (s)           : -1
Decoding time (s)           : -1
Source point cloud size (kB): 23488.839
Total binary files size (kB): 4976.561
Compression ratio           : 0.21186917752725026
bpp (bits per point)        : 37.535084295457416

========== Point-based Metrics =========
Asym. Chamfer dist. (1->2) p2pt: 1.06876
Asym. Chamfer dist. (2->1) p2pt: 0.88439
Chamfer dist.              p2pt: 0.976576
CD-PSNR (dB)               p2pt: 60.4032
Hausdorff distance         p2pt: 3125


----------------------------------------
Y-CPSNR (dB)                   : 28.8101
U-CPSNR (dB)                   : 42.8348
V-CPSNR (dB)                   : 43.0007

