PCC-Arena Evaluator 0.6.5
Reference Point Cloud: /temp/pranav/dynamic_pc_data/soldier/Ply/soldier_vox10_0729.ply
Target Point Cloud: /temp/pranav/dynamic_pc_data/soldier/experiments/2DD_lodX=1_lodY=2_OM=4_r1/decompressed/soldier_dec_0729.ply

========== Time & Binary Size ==========
Encoding time (s)           : -1
Decoding time (s)           : -1
Source point cloud size (kB): 24209.558
Total binary files size (kB): 4976.561
Compression ratio           : 0.2055618281011161
bpp (bits per point)        : 36.49839704950765

========== Point-based Metrics =========
Asym. Chamfer dist. (1->2) p2pt: 1.08002
Asym. Chamfer dist. (2->1) p2pt: 0.867173
Chamfer dist.              p2pt: 0.973595
CD-PSNR (dB)               p2pt: 60.1268
Hausdorff distance         p2pt: 180


----------------------------------------
Y-CPSNR (dB)                   : 28.6898
U-CPSNR (dB)                   : 42.9766
V-CPSNR (dB)                   : 43.0559

