PCC-Arena Evaluator 0.6.5
Reference Point Cloud: /temp/pranav/dynamic_pc_data/redandblack/Ply/redandblack_vox10_1514.ply
Target Point Cloud: /temp/pranav/dynamic_pc_data/redandblack/experiments/3DD_4_noQuantize_OM=4_r1/decompressed/redandblack_dec_1514.ply

========== Time & Binary Size ==========
Encoding time (s)           : -1
Decoding time (s)           : -1
Source point cloud size (kB): 14312.704
Total binary files size (kB): 3799.22
Compression ratio           : 0.2654439021445563
bpp (bits per point)        : 45.8022233708617

========== Point-based Metrics =========
Asym. Chamfer dist. (1->2) p2pt: 1.0062
Asym. Chamfer dist. (2->1) p2pt: 0.770563
Chamfer dist.              p2pt: 0.88838
CD-PSNR (dB)               p2pt: 60.2227
Hausdorff distance         p2pt: 89


----------------------------------------
Y-CPSNR (dB)                   : 31.8473
U-CPSNR (dB)                   : 39.0175
V-CPSNR (dB)                   : 31.054

