PCC-Arena Evaluator 0.6.5
Reference Point Cloud: /temp/pranav/dynamic_pc_data/redandblack/Ply/redandblack_vox10_1625.ply
Target Point Cloud: /temp/pranav/dynamic_pc_data/redandblack/experiments/3DD_4_noQuantize_OM=4_r1/decompressed/redandblack_dec_1625.ply

========== Time & Binary Size ==========
Encoding time (s)           : -1
Decoding time (s)           : -1
Source point cloud size (kB): 16334.431
Total binary files size (kB): 3799.22
Compression ratio           : 0.23258967514693346
bpp (bits per point)        : 40.17925743006184

========== Point-based Metrics =========
Asym. Chamfer dist. (1->2) p2pt: 1.16764
Asym. Chamfer dist. (2->1) p2pt: 0.800671
Chamfer dist.              p2pt: 0.984158
CD-PSNR (dB)               p2pt: 59.7318
Hausdorff distance         p2pt: 109


----------------------------------------
Y-CPSNR (dB)                   : 32.0178
U-CPSNR (dB)                   : 39.1815
V-CPSNR (dB)                   : 31.3485

