PCC-Arena Evaluator 0.6.5
Reference Point Cloud: /temp/pranav/dynamic_pc_data/redandblack/Ply/redandblack_vox10_1667.ply
Target Point Cloud: /temp/pranav/dynamic_pc_data/redandblack/experiments/3DD_4_noQuantize_OM=4_r1/decompressed/redandblack_dec_1667.ply

========== Time & Binary Size ==========
Encoding time (s)           : -1
Decoding time (s)           : -1
Source point cloud size (kB): 16230.441
Total binary files size (kB): 3799.22
Compression ratio           : 0.23407989961578984
bpp (bits per point)        : 40.34587763662671

========== Point-based Metrics =========
Asym. Chamfer dist. (1->2) p2pt: 1.11337
Asym. Chamfer dist. (2->1) p2pt: 0.855685
Chamfer dist.              p2pt: 0.984529
CD-PSNR (dB)               p2pt: 59.829
Hausdorff distance         p2pt: 134


----------------------------------------
Y-CPSNR (dB)                   : 32.2099
U-CPSNR (dB)                   : 39.5585
V-CPSNR (dB)                   : 31.737

