PCC-Arena Evaluator 0.6.5
Reference Point Cloud: /temp/pranav/dynamic_pc_data/redandblack/Ply/redandblack_vox10_1611.ply
Target Point Cloud: /temp/pranav/dynamic_pc_data/redandblack/experiments/3DD_4_noQuantize_OM=4_r1/decompressed/redandblack_dec_1611.ply

========== Time & Binary Size ==========
Encoding time (s)           : -1
Decoding time (s)           : -1
Source point cloud size (kB): 17195.741
Total binary files size (kB): 3799.22
Compression ratio           : 0.22093959196059068
bpp (bits per point)        : 38.09572513304906

========== Point-based Metrics =========
Asym. Chamfer dist. (1->2) p2pt: 1.07952
Asym. Chamfer dist. (2->1) p2pt: 0.786792
Chamfer dist.              p2pt: 0.933156
CD-PSNR (dB)               p2pt: 60.2515
Hausdorff distance         p2pt: 126


----------------------------------------
Y-CPSNR (dB)                   : 32.1081
U-CPSNR (dB)                   : 39.2464
V-CPSNR (dB)                   : 31.5232

