PCC-Arena Evaluator 0.6.5
Reference Point Cloud: /temp/pranav/dynamic_pc_data/redandblack/Ply/redandblack_vox10_1543.ply
Target Point Cloud: /temp/pranav/dynamic_pc_data/redandblack/experiments/3DD_4_noQuantize_OM=4_r1/decompressed/redandblack_dec_1543.ply

========== Time & Binary Size ==========
Encoding time (s)           : -1
Decoding time (s)           : -1
Source point cloud size (kB): 15575.987
Total binary files size (kB): 3823.529
Compression ratio           : 0.24547587257231276
bpp (bits per point)        : 42.332376105943624

========== Point-based Metrics =========
Asym. Chamfer dist. (1->2) p2pt: 1.04405
Asym. Chamfer dist. (2->1) p2pt: 0.825941
Chamfer dist.              p2pt: 0.934994
CD-PSNR (dB)               p2pt: 59.8073
Hausdorff distance         p2pt: 144


----------------------------------------
Y-CPSNR (dB)                   : 32.1838
U-CPSNR (dB)                   : 39.0096
V-CPSNR (dB)                   : 31.3375

