PCC-Arena Evaluator 0.6.5
Reference Point Cloud: /temp/pranav/dynamic_pc_data/redandblack/Ply/redandblack_vox10_1541.ply
Target Point Cloud: /temp/pranav/dynamic_pc_data/redandblack/experiments/3DD_4_noQuantize_OM=4_r1/decompressed/redandblack_dec_1541.ply

========== Time & Binary Size ==========
Encoding time (s)           : -1
Decoding time (s)           : -1
Source point cloud size (kB): 15843.806
Total binary files size (kB): 3799.22
Compression ratio           : 0.23979213075444117
bpp (bits per point)        : 41.331473035196076

========== Point-based Metrics =========
Asym. Chamfer dist. (1->2) p2pt: 1.11783
Asym. Chamfer dist. (2->1) p2pt: 0.825848
Chamfer dist.              p2pt: 0.971841
CD-PSNR (dB)               p2pt: 59.9746
Hausdorff distance         p2pt: 121


----------------------------------------
Y-CPSNR (dB)                   : 31.8866
U-CPSNR (dB)                   : 38.9431
V-CPSNR (dB)                   : 31.1951

