PCC-Arena Evaluator 0.6.5
Reference Point Cloud: /temp/pranav/dynamic_pc_data/redandblack/Ply/redandblack_vox10_1743.ply
Target Point Cloud: /temp/pranav/dynamic_pc_data/redandblack/experiments/3DD_4_noQuantize_OM=4_r1/decompressed/redandblack_dec_1743.ply

========== Time & Binary Size ==========
Encoding time (s)           : -1
Decoding time (s)           : -1
Source point cloud size (kB): 14822.245
Total binary files size (kB): 3799.22
Compression ratio           : 0.25631879651159456
bpp (bits per point)        : 44.16073740325142

========== Point-based Metrics =========
Asym. Chamfer dist. (1->2) p2pt: 1.10271
Asym. Chamfer dist. (2->1) p2pt: 0.747493
Chamfer dist.              p2pt: 0.925099
CD-PSNR (dB)               p2pt: 60.0845
Hausdorff distance         p2pt: 178


----------------------------------------
Y-CPSNR (dB)                   : 31.5069
U-CPSNR (dB)                   : 38.6483
V-CPSNR (dB)                   : 31.1741

