PCC-Arena Evaluator 0.6.5
Reference Point Cloud: /temp/pranav/dynamic_pc_data/redandblack/Ply/redandblack_vox10_1461.ply
Target Point Cloud: /temp/pranav/dynamic_pc_data/redandblack/experiments/2DD_lodX=2_lodY=1_OM=4/decompressed/redandblack_dec_1461.ply

========== Time & Binary Size ==========
Encoding time (s)           : -1
Decoding time (s)           : -1
Source point cloud size (kB): 15354.353
Total binary files size (kB): 8328.974
Compression ratio           : 0.5424503396528659
bpp (bits per point)        : 93.63289808720286

========== Point-based Metrics =========
Asym. Chamfer dist. (1->2) p2pt: 0.697807
Asym. Chamfer dist. (2->1) p2pt: 0.525867
Chamfer dist.              p2pt: 0.611837
CD-PSNR (dB)               p2pt: 61.9738
Hausdorff distance         p2pt: 125


----------------------------------------
Y-CPSNR (dB)                   : 35.2181
U-CPSNR (dB)                   : 40.6619
V-CPSNR (dB)                   : 34.4551

