PCC-Arena Evaluator 0.6.5
Reference Point Cloud: /temp/pranav/dynamic_pc_data/redandblack/Ply/redandblack_vox10_1634.ply
Target Point Cloud: /temp/pranav/dynamic_pc_data/redandblack/experiments/2DD_lodX=2_lodY=1_OM=4/decompressed/redandblack_dec_1634.ply

========== Time & Binary Size ==========
Encoding time (s)           : -1
Decoding time (s)           : -1
Source point cloud size (kB): 16254.728
Total binary files size (kB): 8328.974
Compression ratio           : 0.5124031604835221
bpp (bits per point)        : 88.25648395518286

========== Point-based Metrics =========
Asym. Chamfer dist. (1->2) p2pt: 0.575004
Asym. Chamfer dist. (2->1) p2pt: 0.480841
Chamfer dist.              p2pt: 0.527922
CD-PSNR (dB)               p2pt: 62.3455
Hausdorff distance         p2pt: 93


----------------------------------------
Y-CPSNR (dB)                   : 35.6091
U-CPSNR (dB)                   : 40.8025
V-CPSNR (dB)                   : 34.3194

