PCC-Arena Evaluator 0.6.5
Reference Point Cloud: /home/p/pranav/dynamic_pc_data/redandblack/Ply/redandblack_vox10_1727.ply
Target Point Cloud: /home/p/pranav/dynamic_pc_data/redandblack/experiments/2DD_lodX=2_lodY=1_OM=4/decompressed/redandblack_dec_1727.ply

========== Time & Binary Size ==========
Encoding time (s)           : -1
Decoding time (s)           : -1
Source point cloud size (kB): 13931.423
Total binary files size (kB): 8328.974
Compression ratio           : 0.5978552226861534
bpp (bits per point)        : 103.1932711681449

========== Point-based Metrics =========
Asym. Chamfer dist. (1->2) p2pt: 0.745589
Asym. Chamfer dist. (2->1) p2pt: 0.564135
Chamfer dist.              p2pt: 0.654862
CD-PSNR (dB)               p2pt: 61.5894
Hausdorff distance         p2pt: 116


----------------------------------------
Y-CPSNR (dB)                   : 34.6821
U-CPSNR (dB)                   : 40.1422
V-CPSNR (dB)                   : 33.2402

