PCC-Arena Evaluator 0.6.5
Reference Point Cloud: /home/p/pranav/dynamic_pc_data/redandblack/Ply/redandblack_vox10_1747.ply
Target Point Cloud: /home/p/pranav/dynamic_pc_data/redandblack/experiments/2DD_lodX=2_lodY=1_OM=4/decompressed/redandblack_dec_1747.ply

========== Time & Binary Size ==========
Encoding time (s)           : -1
Decoding time (s)           : -1
Source point cloud size (kB): 15417.364
Total binary files size (kB): 8328.974
Compression ratio           : 0.5402333369050637
bpp (bits per point)        : 93.1323119757692

========== Point-based Metrics =========
Asym. Chamfer dist. (1->2) p2pt: 0.668578
Asym. Chamfer dist. (2->1) p2pt: 0.514808
Chamfer dist.              p2pt: 0.591693
CD-PSNR (dB)               p2pt: 61.9883
Hausdorff distance         p2pt: 269


----------------------------------------
Y-CPSNR (dB)                   : 34.9823
U-CPSNR (dB)                   : 39.9274
V-CPSNR (dB)                   : 33.8226

