PCC-Arena Evaluator 0.6.5
Reference Point Cloud: /temp/pranav/dynamic_pc_data/redandblack/Ply/redandblack_vox10_1643.ply
Target Point Cloud: /temp/pranav/dynamic_pc_data/redandblack/experiments/2DD_lodX=2_lodY=1_OM=4/decompressed/redandblack_dec_1643.ply

========== Time & Binary Size ==========
Encoding time (s)           : -1
Decoding time (s)           : -1
Source point cloud size (kB): 16282.296
Total binary files size (kB): 8328.974
Compression ratio           : 0.5115355966996301
bpp (bits per point)        : 88.21663930519514

========== Point-based Metrics =========
Asym. Chamfer dist. (1->2) p2pt: 0.615513
Asym. Chamfer dist. (2->1) p2pt: 0.497099
Chamfer dist.              p2pt: 0.556306
CD-PSNR (dB)               p2pt: 62.1019
Hausdorff distance         p2pt: 189


----------------------------------------
Y-CPSNR (dB)                   : 35.4457
U-CPSNR (dB)                   : 40.7678
V-CPSNR (dB)                   : 34.4601

