PCC-Arena Evaluator 0.6.5
Reference Point Cloud: /temp/pranav/dynamic_pc_data/redandblack/Ply/redandblack_vox10_1617.ply
Target Point Cloud: /temp/pranav/dynamic_pc_data/redandblack/experiments/2DD_lodX=2_lodY=1_OM=4/decompressed/redandblack_dec_1617.ply

========== Time & Binary Size ==========
Encoding time (s)           : -1
Decoding time (s)           : -1
Source point cloud size (kB): 17252.917
Total binary files size (kB): 8328.974
Compression ratio           : 0.4827574374814415
bpp (bits per point)        : 83.26288771871072

========== Point-based Metrics =========
Asym. Chamfer dist. (1->2) p2pt: 0.58961
Asym. Chamfer dist. (2->1) p2pt: 0.490206
Chamfer dist.              p2pt: 0.539908
CD-PSNR (dB)               p2pt: 62.3988
Hausdorff distance         p2pt: 61


----------------------------------------
Y-CPSNR (dB)                   : 35.9039
U-CPSNR (dB)                   : 40.5288
V-CPSNR (dB)                   : 34.3495

