PCC-Arena Evaluator 0.6.5
Reference Point Cloud: /home/p/pranav/dynamic_pc_data/redandblack/Ply/redandblack_vox10_1462.ply
Target Point Cloud: /home/p/pranav/dynamic_pc_data/redandblack/experiments/2DD_lodX=2_lodY=1_OM=4/decompressed/redandblack_dec_1462.ply

========== Time & Binary Size ==========
Encoding time (s)           : -1
Decoding time (s)           : -1
Source point cloud size (kB): 15357.742
Total binary files size (kB): 8328.974
Compression ratio           : 0.5423306368865944
bpp (bits per point)        : 93.61698014328084

========== Point-based Metrics =========
Asym. Chamfer dist. (1->2) p2pt: 0.700307
Asym. Chamfer dist. (2->1) p2pt: 0.516224
Chamfer dist.              p2pt: 0.608266
CD-PSNR (dB)               p2pt: 62.2164
Hausdorff distance         p2pt: 62


----------------------------------------
Y-CPSNR (dB)                   : 35.0866
U-CPSNR (dB)                   : 40.5098
V-CPSNR (dB)                   : 34.3893

