PCC-Arena Evaluator 0.6.5
Reference Point Cloud: /temp/pranav/dynamic_pc_data/redandblack/Ply/redandblack_vox10_1739.ply
Target Point Cloud: /temp/pranav/dynamic_pc_data/redandblack/experiments/2DD_lodX=2_lodY=1_OM=4/decompressed/redandblack_dec_1739.ply

========== Time & Binary Size ==========
Encoding time (s)           : -1
Decoding time (s)           : -1
Source point cloud size (kB): 14254.217
Total binary files size (kB): 8328.974
Compression ratio           : 0.584316486833335
bpp (bits per point)        : 100.69849598607216

========== Point-based Metrics =========
Asym. Chamfer dist. (1->2) p2pt: 0.649094
Asym. Chamfer dist. (2->1) p2pt: 0.49664
Chamfer dist.              p2pt: 0.572867
CD-PSNR (dB)               p2pt: 62.1691
Hausdorff distance         p2pt: 81


----------------------------------------
Y-CPSNR (dB)                   : 34.9876
U-CPSNR (dB)                   : 40.1236
V-CPSNR (dB)                   : 33.9672

