PCC-Arena Evaluator 0.6.5
Reference Point Cloud: /temp/pranav/dynamic_pc_data/redandblack/Ply/redandblack_vox10_1548.ply
Target Point Cloud: /temp/pranav/dynamic_pc_data/redandblack/experiments/2DD_lodX=2_lodY=1_OM=4/decompressed/redandblack_dec_1548.ply

========== Time & Binary Size ==========
Encoding time (s)           : -1
Decoding time (s)           : -1
Source point cloud size (kB): 16008.043
Total binary files size (kB): 8328.974
Compression ratio           : 0.5202993270320426
bpp (bits per point)        : 89.8064314393577

========== Point-based Metrics =========
Asym. Chamfer dist. (1->2) p2pt: 0.593411
Asym. Chamfer dist. (2->1) p2pt: 0.487304
Chamfer dist.              p2pt: 0.540358
CD-PSNR (dB)               p2pt: 62.36
Hausdorff distance         p2pt: 113


----------------------------------------
Y-CPSNR (dB)                   : 35.334
U-CPSNR (dB)                   : 40.4098
V-CPSNR (dB)                   : 34.0403

