PCC-Arena Evaluator 0.6.5
Reference Point Cloud: /temp/pranav/dynamic_pc_data/longdress/Ply/longdress_vox10_1207.ply
Target Point Cloud: /temp/pranav/dynamic_pc_data/longdress/experiments/vanilla_r1/decompressed/longdress_dec_1207.ply

========== Time & Binary Size ==========
Encoding time (s)           : -1
Decoding time (s)           : -1
Source point cloud size (kB): 18420.834
Total binary files size (kB): 5958.483
Compression ratio           : 0.3234643447739663
bpp (bits per point)        : 58.85662638998985

========== Point-based Metrics =========
Asym. Chamfer dist. (1->2) p2pt: 0.737631
Asym. Chamfer dist. (2->1) p2pt: 0.691188
Chamfer dist.              p2pt: 0.71441
CD-PSNR (dB)               p2pt: 61.4193
Hausdorff distance         p2pt: 179


----------------------------------------
Y-CPSNR (dB)                   : 27.0054
U-CPSNR (dB)                   : 32.865
V-CPSNR (dB)                   : 32.4029

