PCC-Arena Evaluator 0.6.5
Reference Point Cloud: /temp/pranav/dynamic_pc_data/longdress/Ply/longdress_vox10_1062.ply
Target Point Cloud: /temp/pranav/dynamic_pc_data/longdress/experiments/vanilla_r1/decompressed/longdress_dec_1062.ply

========== Time & Binary Size ==========
Encoding time (s)           : -1
Decoding time (s)           : -1
Source point cloud size (kB): 18029.831
Total binary files size (kB): 5958.483
Compression ratio           : 0.3304791376025655
bpp (bits per point)        : 59.79575954178364

========== Point-based Metrics =========
Asym. Chamfer dist. (1->2) p2pt: 0.77717
Asym. Chamfer dist. (2->1) p2pt: 0.697166
Chamfer dist.              p2pt: 0.737168
CD-PSNR (dB)               p2pt: 61.5221
Hausdorff distance         p2pt: 126


----------------------------------------
Y-CPSNR (dB)                   : 27.4077
U-CPSNR (dB)                   : 33.1893
V-CPSNR (dB)                   : 32.617

