PCC-Arena Evaluator 0.6.5
Reference Point Cloud: /temp/pranav/dynamic_pc_data/longdress/Ply/longdress_vox10_1084.ply
Target Point Cloud: /temp/pranav/dynamic_pc_data/longdress/experiments/vanilla_r1/decompressed/longdress_dec_1084.ply

========== Time & Binary Size ==========
Encoding time (s)           : -1
Decoding time (s)           : -1
Source point cloud size (kB): 18729.335
Total binary files size (kB): 5958.483
Compression ratio           : 0.31813638871855304
bpp (bits per point)        : 57.98537588785342

========== Point-based Metrics =========
Asym. Chamfer dist. (1->2) p2pt: 0.762258
Asym. Chamfer dist. (2->1) p2pt: 0.713526
Chamfer dist.              p2pt: 0.737892
CD-PSNR (dB)               p2pt: 61.2687
Hausdorff distance         p2pt: 129


----------------------------------------
Y-CPSNR (dB)                   : 27.7151
U-CPSNR (dB)                   : 33.4018
V-CPSNR (dB)                   : 32.8642

