PCC-Arena Evaluator 0.6.5
Reference Point Cloud: /temp/pranav/dynamic_pc_data/loot/Ply/loot_vox10_1007.ply
Target Point Cloud: /temp/pranav/dynamic_pc_data/loot/experiments/2DD_lodX=2_lodY=2_OM=4/decompressed/loot_dec_1007.ply

========== Time & Binary Size ==========
Encoding time (s)           : -1
Decoding time (s)           : -1
Source point cloud size (kB): 16857.28
Total binary files size (kB): 5131.866
Compression ratio           : 0.30443025209286434
bpp (bits per point)        : 52.94247178782224

========== Point-based Metrics =========
Asym. Chamfer dist. (1->2) p2pt: 0.956725
Asym. Chamfer dist. (2->1) p2pt: 0.460841
Chamfer dist.              p2pt: 0.708783
CD-PSNR (dB)               p2pt: 61.6777
Hausdorff distance         p2pt: 57


----------------------------------------
Y-CPSNR (dB)                   : 34.4739
U-CPSNR (dB)                   : 45.5415
V-CPSNR (dB)                   : 45.2628

