PCC-Arena Evaluator 0.6.5
Reference Point Cloud: /temp/pranav/dynamic_pc_data/loot/Ply/loot_vox10_1261.ply
Target Point Cloud: /temp/pranav/dynamic_pc_data/loot/experiments/2DD_lodX=2_lodY=2_OM=4/decompressed/loot_dec_1261.ply

========== Time & Binary Size ==========
Encoding time (s)           : -1
Decoding time (s)           : -1
Source point cloud size (kB): 17553.742
Total binary files size (kB): 5131.866
Compression ratio           : 0.29235168205161044
bpp (bits per point)        : 51.00624673872531

========== Point-based Metrics =========
Asym. Chamfer dist. (1->2) p2pt: 0.991481
Asym. Chamfer dist. (2->1) p2pt: 0.506703
Chamfer dist.              p2pt: 0.749092
CD-PSNR (dB)               p2pt: 61.3338
Hausdorff distance         p2pt: 64


----------------------------------------
Y-CPSNR (dB)                   : 34.6586
U-CPSNR (dB)                   : 45.461
V-CPSNR (dB)                   : 45.0835

