PCC-Arena Evaluator 0.6.5
Reference Point Cloud: /temp/pranav/dynamic_pc_data/loot/Ply/loot_vox10_1212.ply
Target Point Cloud: /temp/pranav/dynamic_pc_data/loot/experiments/2DD_lodX=2_lodY=2_OM=4/decompressed/loot_dec_1212.ply

========== Time & Binary Size ==========
Encoding time (s)           : -1
Decoding time (s)           : -1
Source point cloud size (kB): 17357.385
Total binary files size (kB): 5131.866
Compression ratio           : 0.295658937103717
bpp (bits per point)        : 51.503686995531446

========== Point-based Metrics =========
Asym. Chamfer dist. (1->2) p2pt: 0.986839
Asym. Chamfer dist. (2->1) p2pt: 0.512227
Chamfer dist.              p2pt: 0.749533
CD-PSNR (dB)               p2pt: 61.4028
Hausdorff distance         p2pt: 121


----------------------------------------
Y-CPSNR (dB)                   : 34.197
U-CPSNR (dB)                   : 45.2585
V-CPSNR (dB)                   : 45.0793

