PCC-Arena Evaluator 0.6.5
Reference Point Cloud: /temp/pranav/dynamic_pc_data/loot/Ply/loot_vox10_1208.ply
Target Point Cloud: /temp/pranav/dynamic_pc_data/loot/experiments/2DD_lodX=2_lodY=2_OM=4/decompressed/loot_dec_1208.ply

========== Time & Binary Size ==========
Encoding time (s)           : -1
Decoding time (s)           : -1
Source point cloud size (kB): 17326.657
Total binary files size (kB): 5131.866
Compression ratio           : 0.2961832741307224
bpp (bits per point)        : 51.580106665661575

========== Point-based Metrics =========
Asym. Chamfer dist. (1->2) p2pt: 0.97041
Asym. Chamfer dist. (2->1) p2pt: 0.500632
Chamfer dist.              p2pt: 0.735521
CD-PSNR (dB)               p2pt: 61.4277
Hausdorff distance         p2pt: 1262


----------------------------------------
Y-CPSNR (dB)                   : 34.6187
U-CPSNR (dB)                   : 45.694
V-CPSNR (dB)                   : 45.0924

