PCC-Arena Evaluator 0.6.5
Reference Point Cloud: /temp/pranav/dynamic_pc_data/loot/Ply/loot_vox10_1244.ply
Target Point Cloud: /temp/pranav/dynamic_pc_data/loot/experiments/2DD_lodX=2_lodY=2_OM=4/decompressed/loot_dec_1244.ply

========== Time & Binary Size ==========
Encoding time (s)           : -1
Decoding time (s)           : -1
Source point cloud size (kB): 17641.807
Total binary files size (kB): 5131.866
Compression ratio           : 0.29089231052125214
bpp (bits per point)        : 50.669895327697986

========== Point-based Metrics =========
Asym. Chamfer dist. (1->2) p2pt: 1.01412
Asym. Chamfer dist. (2->1) p2pt: 0.516672
Chamfer dist.              p2pt: 0.765394
CD-PSNR (dB)               p2pt: 61.2695
Hausdorff distance         p2pt: 70


----------------------------------------
Y-CPSNR (dB)                   : 34.2433
U-CPSNR (dB)                   : 45.5835
V-CPSNR (dB)                   : 45.2046

