PCC-Arena Evaluator 0.6.5
Reference Point Cloud: /temp/pranav/dynamic_pc_data/loot/Ply/loot_vox10_1057.ply
Target Point Cloud: /temp/pranav/dynamic_pc_data/loot/experiments/2DD_lodX=2_lodY=2_OM=4/decompressed/loot_dec_1057.ply

========== Time & Binary Size ==========
Encoding time (s)           : -1
Decoding time (s)           : -1
Source point cloud size (kB): 17088.805
Total binary files size (kB): 5131.866
Compression ratio           : 0.3003057264682931
bpp (bits per point)        : 51.45217840295567

========== Point-based Metrics =========
Asym. Chamfer dist. (1->2) p2pt: 0.978795
Asym. Chamfer dist. (2->1) p2pt: 0.502936
Chamfer dist.              p2pt: 0.740866
CD-PSNR (dB)               p2pt: 61.4276
Hausdorff distance         p2pt: 85


----------------------------------------
Y-CPSNR (dB)                   : 34.5073
U-CPSNR (dB)                   : 45.3173
V-CPSNR (dB)                   : 45.0206

