PCC-Arena Evaluator 0.6.5
Reference Point Cloud: /temp/pranav/dynamic_pc_data/loot/Ply/loot_vox10_1203.ply
Target Point Cloud: /temp/pranav/dynamic_pc_data/loot/experiments/2DD_lodX=2_lodY=2_OM=4/decompressed/loot_dec_1203.ply

========== Time & Binary Size ==========
Encoding time (s)           : -1
Decoding time (s)           : -1
Source point cloud size (kB): 17628.006
Total binary files size (kB): 5131.866
Compression ratio           : 0.29112005067391056
bpp (bits per point)        : 50.670833395044355

========== Point-based Metrics =========
Asym. Chamfer dist. (1->2) p2pt: 0.958383
Asym. Chamfer dist. (2->1) p2pt: 0.483782
Chamfer dist.              p2pt: 0.721083
CD-PSNR (dB)               p2pt: 61.3434
Hausdorff distance         p2pt: 152


----------------------------------------
Y-CPSNR (dB)                   : 34.7699
U-CPSNR (dB)                   : 45.608
V-CPSNR (dB)                   : 45.2807

