PCC-Arena Evaluator 0.6.5
Reference Point Cloud: /temp/pranav/dynamic_pc_data/loot/Ply/loot_vox10_1032.ply
Target Point Cloud: /temp/pranav/dynamic_pc_data/loot/experiments/2DD_lodX=2_lodY=2_OM=4/decompressed/loot_dec_1032.ply

========== Time & Binary Size ==========
Encoding time (s)           : -1
Decoding time (s)           : -1
Source point cloud size (kB): 16884.092
Total binary files size (kB): 5131.866
Compression ratio           : 0.3039468157363748
bpp (bits per point)        : 52.83781317607873

========== Point-based Metrics =========
Asym. Chamfer dist. (1->2) p2pt: 0.960481
Asym. Chamfer dist. (2->1) p2pt: 0.465176
Chamfer dist.              p2pt: 0.712829
CD-PSNR (dB)               p2pt: 61.6378
Hausdorff distance         p2pt: 50


----------------------------------------
Y-CPSNR (dB)                   : 34.7496
U-CPSNR (dB)                   : 45.6012
V-CPSNR (dB)                   : 45.0296

