PCC-Arena Evaluator 0.6.5
Reference Point Cloud: /temp/pranav/dynamic_pc_data/longdress/Ply/longdress_vox10_1198.ply
Target Point Cloud: /temp/pranav/dynamic_pc_data/longdress/experiments/3DD_2_Quantize=2_OM=4_r1/decompressed/longdress_dec_1198.ply

========== Time & Binary Size ==========
Encoding time (s)           : -1
Decoding time (s)           : -1
Source point cloud size (kB): 18094.425
Total binary files size (kB): 2270.538
Compression ratio           : 0.12548273846778774
bpp (bits per point)        : 22.885113963793142

========== Point-based Metrics =========
Asym. Chamfer dist. (1->2) p2pt: 3.69995
Asym. Chamfer dist. (2->1) p2pt: 3.18545
Chamfer dist.              p2pt: 3.4427
CD-PSNR (dB)               p2pt: 54.5187
Hausdorff distance         p2pt: 582


----------------------------------------
Y-CPSNR (dB)                   : 23.7855
U-CPSNR (dB)                   : 30.4931
V-CPSNR (dB)                   : 29.7337

