PCC-Arena Evaluator 0.6.5
Reference Point Cloud: /temp/pranav/dynamic_pc_data/longdress/Ply/longdress_vox10_1312.ply
Target Point Cloud: /temp/pranav/dynamic_pc_data/longdress/experiments/3DD_2_Quantize=2_OM=4_r1/decompressed/longdress_dec_1312.ply

========== Time & Binary Size ==========
Encoding time (s)           : -1
Decoding time (s)           : -1
Source point cloud size (kB): 19248.514
Total binary files size (kB): 2448.642
Compression ratio           : 0.12721200192388876
bpp (bits per point)        : 22.961651530140987

========== Point-based Metrics =========
Asym. Chamfer dist. (1->2) p2pt: 4.11239
Asym. Chamfer dist. (2->1) p2pt: 3.39872
Chamfer dist.              p2pt: 3.75555
CD-PSNR (dB)               p2pt: 54.3077
Hausdorff distance         p2pt: 317


----------------------------------------
Y-CPSNR (dB)                   : 24.0118
U-CPSNR (dB)                   : 30.7263
V-CPSNR (dB)                   : 29.5101

