PCC-Arena Evaluator 0.6.5
Reference Point Cloud: /temp/pranav/dynamic_pc_data/longdress/Ply/longdress_vox10_1116.ply
Target Point Cloud: /temp/pranav/dynamic_pc_data/longdress/experiments/3DD_2_Quantize=2_OM=4_r1/decompressed/longdress_dec_1116.ply

========== Time & Binary Size ==========
Encoding time (s)           : -1
Decoding time (s)           : -1
Source point cloud size (kB): 18762.577
Total binary files size (kB): 2448.642
Compression ratio           : 0.1305066995860963
bpp (bits per point)        : 23.761429096480025

========== Point-based Metrics =========
Asym. Chamfer dist. (1->2) p2pt: 3.98963
Asym. Chamfer dist. (2->1) p2pt: 3.64429
Chamfer dist.              p2pt: 3.81696
CD-PSNR (dB)               p2pt: 54.1209
Hausdorff distance         p2pt: 470


----------------------------------------
Y-CPSNR (dB)                   : 24.5722
U-CPSNR (dB)                   : 31.1779
V-CPSNR (dB)                   : 30.19

