PCC-Arena Evaluator 0.6.5
Reference Point Cloud: /temp/pranav/dynamic_pc_data/longdress/Ply/longdress_vox10_1328.ply
Target Point Cloud: /temp/pranav/dynamic_pc_data/longdress/experiments/3DD_2_Quantize=2_OM=4_r1/decompressed/longdress_dec_1328.ply

========== Time & Binary Size ==========
Encoding time (s)           : -1
Decoding time (s)           : -1
Source point cloud size (kB): 19114.829
Total binary files size (kB): 2270.538
Compression ratio           : 0.11878411258609742
bpp (bits per point)        : 21.54979896761059

========== Point-based Metrics =========
Asym. Chamfer dist. (1->2) p2pt: 3.84821
Asym. Chamfer dist. (2->1) p2pt: 3.86648
Chamfer dist.              p2pt: 3.85734
CD-PSNR (dB)               p2pt: 54.1447
Hausdorff distance         p2pt: 492


----------------------------------------
Y-CPSNR (dB)                   : 24.79
U-CPSNR (dB)                   : 31.0521
V-CPSNR (dB)                   : 30.0292

