PCC-Arena Evaluator 0.6.5
Reference Point Cloud: /temp/pranav/dynamic_pc_data/longdress/Ply/longdress_vox10_1126.ply
Target Point Cloud: /temp/pranav/dynamic_pc_data/longdress/experiments/3DD_2_Quantize=2_OM=4_r1/decompressed/longdress_dec_1126.ply

========== Time & Binary Size ==========
Encoding time (s)           : -1
Decoding time (s)           : -1
Source point cloud size (kB): 18786.377
Total binary files size (kB): 2270.538
Compression ratio           : 0.12086087700677997
bpp (bits per point)        : 22.015203374218256

========== Point-based Metrics =========
Asym. Chamfer dist. (1->2) p2pt: 3.99776
Asym. Chamfer dist. (2->1) p2pt: 3.60411
Chamfer dist.              p2pt: 3.80094
CD-PSNR (dB)               p2pt: 54.2123
Hausdorff distance         p2pt: 428


----------------------------------------
Y-CPSNR (dB)                   : 24.7803
U-CPSNR (dB)                   : 31.1951
V-CPSNR (dB)                   : 30.334

