PCC-Arena Evaluator 0.6.5
Reference Point Cloud: /temp/pranav/dynamic_pc_data/redandblack/Ply/redandblack_vox10_1566.ply
Target Point Cloud: /temp/pranav/dynamic_pc_data/redandblack/experiments/2DD_lodX=2_lodY=2_OM=1/decompressed/redandblack_dec_1566.ply

========== Time & Binary Size ==========
Encoding time (s)           : -1
Decoding time (s)           : -1
Source point cloud size (kB): 14966.381
Total binary files size (kB): 9801.552
Compression ratio           : 0.6549046158854301
bpp (bits per point)        : 112.70102737166478

========== Point-based Metrics =========
Asym. Chamfer dist. (1->2) p2pt: 0.974047
Asym. Chamfer dist. (2->1) p2pt: 0.361478
Chamfer dist.              p2pt: 0.667762
CD-PSNR (dB)               p2pt: 61.484
Hausdorff distance         p2pt: 59


----------------------------------------
Y-CPSNR (dB)                   : 34.0763
U-CPSNR (dB)                   : 40.1535
V-CPSNR (dB)                   : 32.3462

