PCC-Arena Evaluator 0.6.5
Reference Point Cloud: /temp/pranav/dynamic_pc_data/redandblack/Ply/redandblack_vox10_1504.ply
Target Point Cloud: /temp/pranav/dynamic_pc_data/redandblack/experiments/2DD_lodX=2_lodY=2_OM=1/decompressed/redandblack_dec_1504.ply

========== Time & Binary Size ==========
Encoding time (s)           : -1
Decoding time (s)           : -1
Source point cloud size (kB): 15247.421
Total binary files size (kB): 9801.552
Compression ratio           : 0.6428334339295806
bpp (bits per point)        : 110.6769647696477

========== Point-based Metrics =========
Asym. Chamfer dist. (1->2) p2pt: 0.950179
Asym. Chamfer dist. (2->1) p2pt: 0.367284
Chamfer dist.              p2pt: 0.658732
CD-PSNR (dB)               p2pt: 61.528
Hausdorff distance         p2pt: 107


----------------------------------------
Y-CPSNR (dB)                   : 34.4555
U-CPSNR (dB)                   : 40.4508
V-CPSNR (dB)                   : 32.674

