PCC-Arena Evaluator 0.6.5
Reference Point Cloud: /temp/pranav/dynamic_pc_data/redandblack/Ply/redandblack_vox10_1493.ply
Target Point Cloud: /temp/pranav/dynamic_pc_data/redandblack/experiments/2DD_lodX=2_lodY=2_OM=1/decompressed/redandblack_dec_1493.ply

========== Time & Binary Size ==========
Encoding time (s)           : -1
Decoding time (s)           : -1
Source point cloud size (kB): 16603.009
Total binary files size (kB): 9801.552
Compression ratio           : 0.5903479303058862
bpp (bits per point)        : 101.68494847179014

========== Point-based Metrics =========
Asym. Chamfer dist. (1->2) p2pt: 1.00882
Asym. Chamfer dist. (2->1) p2pt: 0.37838
Chamfer dist.              p2pt: 0.6936
CD-PSNR (dB)               p2pt: 61.3614
Hausdorff distance         p2pt: 91


----------------------------------------
Y-CPSNR (dB)                   : 33.8405
U-CPSNR (dB)                   : 39.6156
V-CPSNR (dB)                   : 32.4548

