PCC-Arena Evaluator 0.6.5
Reference Point Cloud: /temp/pranav/dynamic_pc_data/redandblack/Ply/redandblack_vox10_1455.ply
Target Point Cloud: /temp/pranav/dynamic_pc_data/redandblack/experiments/3DD_2_noQuantize_OM=4_r1/decompressed/redandblack_dec_1455.ply

========== Time & Binary Size ==========
Encoding time (s)           : -1
Decoding time (s)           : -1
Source point cloud size (kB): 14634.881
Total binary files size (kB): 3957.766
Compression ratio           : 0.2704337671075016
bpp (bits per point)        : 46.60142709118312

========== Point-based Metrics =========
Asym. Chamfer dist. (1->2) p2pt: 0.917565
Asym. Chamfer dist. (2->1) p2pt: 0.732452
Chamfer dist.              p2pt: 0.825009
CD-PSNR (dB)               p2pt: 60.6298
Hausdorff distance         p2pt: 109


----------------------------------------
Y-CPSNR (dB)                   : 32.2902
U-CPSNR (dB)                   : 39.4468
V-CPSNR (dB)                   : 31.6278

