PCC-Arena Evaluator 0.6.5
Reference Point Cloud: /temp/pranav/dynamic_pc_data/redandblack/Ply/redandblack_vox10_1667.ply
Target Point Cloud: /temp/pranav/dynamic_pc_data/redandblack/experiments/3DD_2_noQuantize_OM=4_r1/decompressed/redandblack_dec_1667.ply

========== Time & Binary Size ==========
Encoding time (s)           : -1
Decoding time (s)           : -1
Source point cloud size (kB): 16230.441
Total binary files size (kB): 3985.273
Compression ratio           : 0.24554311247611818
bpp (bits per point)        : 42.321670449869245

========== Point-based Metrics =========
Asym. Chamfer dist. (1->2) p2pt: 1.01469
Asym. Chamfer dist. (2->1) p2pt: 0.780613
Chamfer dist.              p2pt: 0.897649
CD-PSNR (dB)               p2pt: 60.2302
Hausdorff distance         p2pt: 170


----------------------------------------
Y-CPSNR (dB)                   : 32.3104
U-CPSNR (dB)                   : 39.6248
V-CPSNR (dB)                   : 31.9113

