PCC-Arena Evaluator 0.6.5
Reference Point Cloud: /temp/pranav/dynamic_pc_data/redandblack/Ply/redandblack_vox10_1657.ply
Target Point Cloud: /temp/pranav/dynamic_pc_data/redandblack/experiments/3DD_2_noQuantize_OM=4_r1/decompressed/redandblack_dec_1657.ply

========== Time & Binary Size ==========
Encoding time (s)           : -1
Decoding time (s)           : -1
Source point cloud size (kB): 16218.266
Total binary files size (kB): 3985.273
Compression ratio           : 0.24572744089904558
bpp (bits per point)        : 42.26696628021821

========== Point-based Metrics =========
Asym. Chamfer dist. (1->2) p2pt: 0.974692
Asym. Chamfer dist. (2->1) p2pt: 0.75875
Chamfer dist.              p2pt: 0.866721
CD-PSNR (dB)               p2pt: 60.3591
Hausdorff distance         p2pt: 108


----------------------------------------
Y-CPSNR (dB)                   : 32.3257
U-CPSNR (dB)                   : 39.7553
V-CPSNR (dB)                   : 32.1003

