PCC-Arena Evaluator 0.6.5
Reference Point Cloud: /temp/pranav/dynamic_pc_data/redandblack/Ply/redandblack_vox10_1736.ply
Target Point Cloud: /temp/pranav/dynamic_pc_data/redandblack/experiments/3DD_2_noQuantize_OM=4_r1/decompressed/redandblack_dec_1736.ply

========== Time & Binary Size ==========
Encoding time (s)           : -1
Decoding time (s)           : -1
Source point cloud size (kB): 14187.898
Total binary files size (kB): 3957.766
Compression ratio           : 0.2789536547274304
bpp (bits per point)        : 48.037845087603245

========== Point-based Metrics =========
Asym. Chamfer dist. (1->2) p2pt: 0.920864
Asym. Chamfer dist. (2->1) p2pt: 0.727699
Chamfer dist.              p2pt: 0.824282
CD-PSNR (dB)               p2pt: 60.5507
Hausdorff distance         p2pt: 158


----------------------------------------
Y-CPSNR (dB)                   : 31.9751
U-CPSNR (dB)                   : 38.9668
V-CPSNR (dB)                   : 31.1796

