PCC-Arena Evaluator 0.6.5
Reference Point Cloud: /home/p/pranav/dynamic_pc_data/loot/Ply/loot_vox10_1211.ply
Target Point Cloud: /home/p/pranav/dynamic_pc_data/loot/experiments/2DD_lodX=1_lodY=2_OM=1/decompressed/loot_dec_1211.ply

========== Time & Binary Size ==========
Encoding time (s)           : -1
Decoding time (s)           : -1
Source point cloud size (kB): 17536.009
Total binary files size (kB): 8005.038
Compression ratio           : 0.4564914399850046
bpp (bits per point)        : 79.53202999451078

========== Point-based Metrics =========
Asym. Chamfer dist. (1->2) p2pt: 0.694024
Asym. Chamfer dist. (2->1) p2pt: 0.336383
Chamfer dist.              p2pt: 0.515204
CD-PSNR (dB)               p2pt: 63.0243
Hausdorff distance         p2pt: 66


----------------------------------------
Y-CPSNR (dB)                   : 35.1133
U-CPSNR (dB)                   : 45.7092
V-CPSNR (dB)                   : 45.7708

