PCC-Arena Evaluator 0.6.5
Reference Point Cloud: /home/p/pranav/dynamic_pc_data/loot/Ply/loot_vox10_1259.ply
Target Point Cloud: /home/p/pranav/dynamic_pc_data/loot/experiments/2DD_lodX=1_lodY=2_OM=1/decompressed/loot_dec_1259.ply

========== Time & Binary Size ==========
Encoding time (s)           : -1
Decoding time (s)           : -1
Source point cloud size (kB): 17541.583
Total binary files size (kB): 8005.038
Compression ratio           : 0.4563463856141148
bpp (bits per point)        : 79.58530338335353

========== Point-based Metrics =========
Asym. Chamfer dist. (1->2) p2pt: 0.690768
Asym. Chamfer dist. (2->1) p2pt: 0.334902
Chamfer dist.              p2pt: 0.512835
CD-PSNR (dB)               p2pt: 62.993
Hausdorff distance         p2pt: 36


----------------------------------------
Y-CPSNR (dB)                   : 35.3562
U-CPSNR (dB)                   : 46.0699
V-CPSNR (dB)                   : 45.7257

