PCC-Arena Evaluator 0.6.5
Reference Point Cloud: /home/p/pranav/dynamic_pc_data/loot/Ply/loot_vox10_1194.ply
Target Point Cloud: /home/p/pranav/dynamic_pc_data/loot/experiments/2DD_lodX=1_lodY=2_OM=1/decompressed/loot_dec_1194.ply

========== Time & Binary Size ==========
Encoding time (s)           : -1
Decoding time (s)           : -1
Source point cloud size (kB): 17418.408
Total binary files size (kB): 8005.038
Compression ratio           : 0.459573458148414
bpp (bits per point)        : 80.11026242115982

========== Point-based Metrics =========
Asym. Chamfer dist. (1->2) p2pt: 0.70196
Asym. Chamfer dist. (2->1) p2pt: 0.340115
Chamfer dist.              p2pt: 0.521037
CD-PSNR (dB)               p2pt: 62.9511
Hausdorff distance         p2pt: 41


----------------------------------------
Y-CPSNR (dB)                   : 34.9973
U-CPSNR (dB)                   : 45.8769
V-CPSNR (dB)                   : 45.4824

