PCC-Arena Evaluator 0.6.5
Reference Point Cloud: /temp/pranav/dynamic_pc_data/loot/Ply/loot_vox10_1192.ply
Target Point Cloud: /temp/pranav/dynamic_pc_data/loot/experiments/2DD_lodX=1_lodY=2_OM=1/decompressed/loot_dec_1192.ply

========== Time & Binary Size ==========
Encoding time (s)           : -1
Decoding time (s)           : -1
Source point cloud size (kB): 17337.065
Total binary files size (kB): 8005.038
Compression ratio           : 0.4617297103056371
bpp (bits per point)        : 80.4562819423994

========== Point-based Metrics =========
Asym. Chamfer dist. (1->2) p2pt: 0.699437
Asym. Chamfer dist. (2->1) p2pt: 0.335262
Chamfer dist.              p2pt: 0.51735
CD-PSNR (dB)               p2pt: 62.9973
Hausdorff distance         p2pt: 51


----------------------------------------
Y-CPSNR (dB)                   : 35.0693
U-CPSNR (dB)                   : 45.5338
V-CPSNR (dB)                   : 45.2682

