PCC-Arena Evaluator 0.6.5
Reference Point Cloud: /home/p/pranav/dynamic_pc_data/loot/Ply/loot_vox10_1162.ply
Target Point Cloud: /home/p/pranav/dynamic_pc_data/loot/experiments/2DD_lodX=1_lodY=2_OM=1/decompressed/loot_dec_1162.ply

========== Time & Binary Size ==========
Encoding time (s)           : -1
Decoding time (s)           : -1
Source point cloud size (kB): 17224.759
Total binary files size (kB): 8005.038
Compression ratio           : 0.46474020333172733
bpp (bits per point)        : 80.68232430511985

========== Point-based Metrics =========
Asym. Chamfer dist. (1->2) p2pt: 0.664493
Asym. Chamfer dist. (2->1) p2pt: 0.318251
Chamfer dist.              p2pt: 0.491372
CD-PSNR (dB)               p2pt: 63.1652
Hausdorff distance         p2pt: 21


----------------------------------------
Y-CPSNR (dB)                   : 35.5299
U-CPSNR (dB)                   : 45.8277
V-CPSNR (dB)                   : 45.5711

