PCC-Arena Evaluator 0.6.5
Reference Point Cloud: /home/p/pranav/dynamic_pc_data/loot/Ply/loot_vox10_1220.ply
Target Point Cloud: /home/p/pranav/dynamic_pc_data/loot/experiments/2DD_lodX=1_lodY=2_OM=1/decompressed/loot_dec_1220.ply

========== Time & Binary Size ==========
Encoding time (s)           : -1
Decoding time (s)           : -1
Source point cloud size (kB): 17579.818
Total binary files size (kB): 8005.038
Compression ratio           : 0.45535386088752455
bpp (bits per point)        : 79.34736236940705

========== Point-based Metrics =========
Asym. Chamfer dist. (1->2) p2pt: 0.681952
Asym. Chamfer dist. (2->1) p2pt: 0.337725
Chamfer dist.              p2pt: 0.509838
CD-PSNR (dB)               p2pt: 62.9566
Hausdorff distance         p2pt: 38


----------------------------------------
Y-CPSNR (dB)                   : 35.7111
U-CPSNR (dB)                   : 46.0489
V-CPSNR (dB)                   : 45.9915

