PCC-Arena Evaluator 0.6.5
Reference Point Cloud: /temp/pranav/dynamic_pc_data/loot/Ply/loot_vox10_1144.ply
Target Point Cloud: /temp/pranav/dynamic_pc_data/loot/experiments/3DD_4_noQuantize_OM=4_r1/decompressed/loot_dec_1144.ply

========== Time & Binary Size ==========
Encoding time (s)           : -1
Decoding time (s)           : -1
Source point cloud size (kB): 17021.542
Total binary files size (kB): 2680.433
Compression ratio           : 0.15747298335250706
bpp (bits per point)        : 27.283183982879514

========== Point-based Metrics =========
Asym. Chamfer dist. (1->2) p2pt: 0.879519
Asym. Chamfer dist. (2->1) p2pt: 0.655216
Chamfer dist.              p2pt: 0.767368
CD-PSNR (dB)               p2pt: 61.0635
Hausdorff distance         p2pt: 121


----------------------------------------
Y-CPSNR (dB)                   : 32.138
U-CPSNR (dB)                   : 43.7519
V-CPSNR (dB)                   : 43.7078

