PCC-Arena Evaluator 0.6.5
Reference Point Cloud: /temp/pranav/dynamic_pc_data/redandblack/Ply/redandblack_vox10_1657.ply
Target Point Cloud: /temp/pranav/dynamic_pc_data/redandblack/experiments/3DD_2_Quantize=2_OM=4_r1/decompressed/redandblack_dec_1657.ply

========== Time & Binary Size ==========
Encoding time (s)           : -1
Decoding time (s)           : -1
Source point cloud size (kB): 16218.266
Total binary files size (kB): 1972.503
Compression ratio           : 0.12162231153441434
bpp (bits per point)        : 20.919951478513333

========== Point-based Metrics =========
Asym. Chamfer dist. (1->2) p2pt: 4.00644
Asym. Chamfer dist. (2->1) p2pt: 3.7461
Chamfer dist.              p2pt: 3.87627
CD-PSNR (dB)               p2pt: 53.8537
Hausdorff distance         p2pt: 302


----------------------------------------
Y-CPSNR (dB)                   : 30.052
U-CPSNR (dB)                   : 38.1043
V-CPSNR (dB)                   : 28.9294

