PCC-Arena Evaluator 0.6.5
Reference Point Cloud: /temp/pranav/dynamic_pc_data/redandblack/Ply/redandblack_vox10_1731.ply
Target Point Cloud: /temp/pranav/dynamic_pc_data/redandblack/experiments/3DD_2_Quantize=2_OM=4_r1/decompressed/redandblack_dec_1731.ply

========== Time & Binary Size ==========
Encoding time (s)           : -1
Decoding time (s)           : -1
Source point cloud size (kB): 14010.265
Total binary files size (kB): 1972.503
Compression ratio           : 0.14078984230491
bpp (bits per point)        : 24.28136800219117

========== Point-based Metrics =========
Asym. Chamfer dist. (1->2) p2pt: 4.12143
Asym. Chamfer dist. (2->1) p2pt: 3.80006
Chamfer dist.              p2pt: 3.96075
CD-PSNR (dB)               p2pt: 53.7359
Hausdorff distance         p2pt: 578


----------------------------------------
Y-CPSNR (dB)                   : 29.6168
U-CPSNR (dB)                   : 37.6621
V-CPSNR (dB)                   : 28.2103

