PCC-Arena Evaluator 0.6.5
Reference Point Cloud: /temp/pranav/dynamic_pc_data/redandblack/Ply/redandblack_vox10_1500.ply
Target Point Cloud: /temp/pranav/dynamic_pc_data/redandblack/experiments/3DD_2_Quantize=2_OM=4_r1/decompressed/redandblack_dec_1500.ply

========== Time & Binary Size ==========
Encoding time (s)           : -1
Decoding time (s)           : -1
Source point cloud size (kB): 15449.85
Total binary files size (kB): 1972.503
Compression ratio           : 0.12767133661491858
bpp (bits per point)        : 21.987273038878957

========== Point-based Metrics =========
Asym. Chamfer dist. (1->2) p2pt: 4.2908
Asym. Chamfer dist. (2->1) p2pt: 3.84324
Chamfer dist.              p2pt: 4.06702
CD-PSNR (dB)               p2pt: 53.6327
Hausdorff distance         p2pt: 501


----------------------------------------
Y-CPSNR (dB)                   : 29.6242
U-CPSNR (dB)                   : 37.5544
V-CPSNR (dB)                   : 28.1695

