PCC-Arena Evaluator 0.6.5
Reference Point Cloud: /temp/pranav/dynamic_pc_data/redandblack/Ply/redandblack_vox10_1548.ply
Target Point Cloud: /temp/pranav/dynamic_pc_data/redandblack/experiments/3DD_2_Quantize=2_OM=4_r1/decompressed/redandblack_dec_1548.ply

========== Time & Binary Size ==========
Encoding time (s)           : -1
Decoding time (s)           : -1
Source point cloud size (kB): 16008.043
Total binary files size (kB): 1972.503
Compression ratio           : 0.12321949659930323
bpp (bits per point)        : 21.268340546317873

========== Point-based Metrics =========
Asym. Chamfer dist. (1->2) p2pt: 4.0247
Asym. Chamfer dist. (2->1) p2pt: 3.72201
Chamfer dist.              p2pt: 3.87336
CD-PSNR (dB)               p2pt: 53.8059
Hausdorff distance         p2pt: 385


----------------------------------------
Y-CPSNR (dB)                   : 29.7942
U-CPSNR (dB)                   : 37.9385
V-CPSNR (dB)                   : 28.3473

