PCC-Arena Evaluator 0.6.5
Reference Point Cloud: /temp/pranav/dynamic_pc_data/redandblack/Ply/redandblack_vox10_1568.ply
Target Point Cloud: /temp/pranav/dynamic_pc_data/redandblack/experiments/3DD_2_Quantize=2_OM=4_r1/decompressed/redandblack_dec_1568.ply

========== Time & Binary Size ==========
Encoding time (s)           : -1
Decoding time (s)           : -1
Source point cloud size (kB): 15020.018
Total binary files size (kB): 1972.503
Compression ratio           : 0.13132494248675333
bpp (bits per point)        : 22.594697842911245

========== Point-based Metrics =========
Asym. Chamfer dist. (1->2) p2pt: 4.03296
Asym. Chamfer dist. (2->1) p2pt: 3.52416
Chamfer dist.              p2pt: 3.77856
CD-PSNR (dB)               p2pt: 53.9561
Hausdorff distance         p2pt: 449


----------------------------------------
Y-CPSNR (dB)                   : 29.488
U-CPSNR (dB)                   : 38.0511
V-CPSNR (dB)                   : 28.1074

