PCC-Arena Evaluator 0.6.5
Reference Point Cloud: /temp/pranav/dynamic_pc_data/redandblack/Ply/redandblack_vox10_1578.ply
Target Point Cloud: /temp/pranav/dynamic_pc_data/redandblack/experiments/3DD_2_Quantize=2_OM=4_r1/decompressed/redandblack_dec_1578.ply

========== Time & Binary Size ==========
Encoding time (s)           : -1
Decoding time (s)           : -1
Source point cloud size (kB): 15828.097
Total binary files size (kB): 1972.503
Compression ratio           : 0.12462035075979128
bpp (bits per point)        : 21.473130731432505

========== Point-based Metrics =========
Asym. Chamfer dist. (1->2) p2pt: 4.01326
Asym. Chamfer dist. (2->1) p2pt: 3.78639
Chamfer dist.              p2pt: 3.89983
CD-PSNR (dB)               p2pt: 54.1973
Hausdorff distance         p2pt: 452


----------------------------------------
Y-CPSNR (dB)                   : 29.6425
U-CPSNR (dB)                   : 37.7421
V-CPSNR (dB)                   : 28.5634

