PCC-Arena Evaluator 0.6.5
Reference Point Cloud: /temp/pranav/dynamic_pc_data/redandblack/Ply/redandblack_vox10_1597.ply
Target Point Cloud: /temp/pranav/dynamic_pc_data/redandblack/experiments/3DD_2_Quantize=2_OM=4_r1/decompressed/redandblack_dec_1597.ply

========== Time & Binary Size ==========
Encoding time (s)           : -1
Decoding time (s)           : -1
Source point cloud size (kB): 15472.437
Total binary files size (kB): 1795.035
Compression ratio           : 0.11601501431222502
bpp (bits per point)        : 20.025938383787672

========== Point-based Metrics =========
Asym. Chamfer dist. (1->2) p2pt: 4.0638
Asym. Chamfer dist. (2->1) p2pt: 3.69837
Chamfer dist.              p2pt: 3.88109
CD-PSNR (dB)               p2pt: 53.8937
Hausdorff distance         p2pt: 473


----------------------------------------
Y-CPSNR (dB)                   : 29.7566
U-CPSNR (dB)                   : 37.7176
V-CPSNR (dB)                   : 28.414

