PCC-Arena Evaluator 0.6.5
Reference Point Cloud: /temp/pranav/dynamic_pc_data/redandblack/Ply/redandblack_vox10_1726.ply
Target Point Cloud: /temp/pranav/dynamic_pc_data/redandblack/experiments/3DD_2_Quantize=2_OM=4_r1/decompressed/redandblack_dec_1726.ply

========== Time & Binary Size ==========
Encoding time (s)           : -1
Decoding time (s)           : -1
Source point cloud size (kB): 13879.417
Total binary files size (kB): 1795.035
Compression ratio           : 0.12933072044740784
bpp (bits per point)        : 22.322037296972127

========== Point-based Metrics =========
Asym. Chamfer dist. (1->2) p2pt: 3.01959
Asym. Chamfer dist. (2->1) p2pt: 3.80086
Chamfer dist.              p2pt: 3.41022
CD-PSNR (dB)               p2pt: 54.4444
Hausdorff distance         p2pt: 294


----------------------------------------
Y-CPSNR (dB)                   : 28.9903
U-CPSNR (dB)                   : 37.4737
V-CPSNR (dB)                   : 27.8921

