PCC-Arena Evaluator 0.6.5
Reference Point Cloud: /temp/pranav/dynamic_pc_data/redandblack/Ply/redandblack_vox10_1695.ply
Target Point Cloud: /temp/pranav/dynamic_pc_data/redandblack/experiments/3DD_2_Quantize=2_OM=4_r1/decompressed/redandblack_dec_1695.ply

========== Time & Binary Size ==========
Encoding time (s)           : -1
Decoding time (s)           : -1
Source point cloud size (kB): 16517.621
Total binary files size (kB): 1792.262
Compression ratio           : 0.1085060614963862
bpp (bits per point)        : 18.715380107112136

========== Point-based Metrics =========
Asym. Chamfer dist. (1->2) p2pt: 2.13189
Asym. Chamfer dist. (2->1) p2pt: 3.57803
Chamfer dist.              p2pt: 2.85496
CD-PSNR (dB)               p2pt: 55.2178
Hausdorff distance         p2pt: 251


----------------------------------------
Y-CPSNR (dB)                   : 26.1031
U-CPSNR (dB)                   : 37.5344
V-CPSNR (dB)                   : 27.7198

