PCC-Arena Evaluator 0.6.5
Reference Point Cloud: /home/p/pranav/dynamic_pc_data/redandblack/Ply/redandblack_vox10_1605.ply
Target Point Cloud: /home/p/pranav/dynamic_pc_data/redandblack/experiments/3DD_2_Quantize=2_OM=4_r1/decompressed/redandblack_dec_1605.ply

========== Time & Binary Size ==========
Encoding time (s)           : -1
Decoding time (s)           : -1
Source point cloud size (kB): 17046.657
Total binary files size (kB): 1792.262
Compression ratio           : 0.1051386204344934
bpp (bits per point)        : 18.08433920332574

========== Point-based Metrics =========
Asym. Chamfer dist. (1->2) p2pt: 2.15627
Asym. Chamfer dist. (2->1) p2pt: 3.55094
Chamfer dist.              p2pt: 2.8536
CD-PSNR (dB)               p2pt: 55.2278
Hausdorff distance         p2pt: 523


----------------------------------------
Y-CPSNR (dB)                   : 26.3849
U-CPSNR (dB)                   : 37.4945
V-CPSNR (dB)                   : 27.8012

