PCC-Arena Evaluator 0.6.5
Reference Point Cloud: /temp/pranav/dynamic_pc_data/redandblack/Ply/redandblack_vox10_1635.ply
Target Point Cloud: /temp/pranav/dynamic_pc_data/redandblack/experiments/3DD_2_Quantize=2_OM=4_r1/decompressed/redandblack_dec_1635.ply

========== Time & Binary Size ==========
Encoding time (s)           : -1
Decoding time (s)           : -1
Source point cloud size (kB): 16318.305
Total binary files size (kB): 1795.035
Compression ratio           : 0.11000131447475703
bpp (bits per point)        : 18.946960101329957

========== Point-based Metrics =========
Asym. Chamfer dist. (1->2) p2pt: 3.88561
Asym. Chamfer dist. (2->1) p2pt: 3.49629
Chamfer dist.              p2pt: 3.69095
CD-PSNR (dB)               p2pt: 53.8932
Hausdorff distance         p2pt: 841


----------------------------------------
Y-CPSNR (dB)                   : 29.8919
U-CPSNR (dB)                   : 37.8299
V-CPSNR (dB)                   : 28.5516

