PCC-Arena Evaluator 0.6.5
Reference Point Cloud: /temp/pranav/dynamic_pc_data/redandblack/Ply/redandblack_vox10_1496.ply
Target Point Cloud: /temp/pranav/dynamic_pc_data/redandblack/experiments/3DD_2_Quantize=2_OM=4_r1/decompressed/redandblack_dec_1496.ply

========== Time & Binary Size ==========
Encoding time (s)           : -1
Decoding time (s)           : -1
Source point cloud size (kB): 16500.105
Total binary files size (kB): 1795.035
Compression ratio           : 0.10878930770440552
bpp (bits per point)        : 18.732893197196383

========== Point-based Metrics =========
Asym. Chamfer dist. (1->2) p2pt: 4.04155
Asym. Chamfer dist. (2->1) p2pt: 3.93275
Chamfer dist.              p2pt: 3.98715
CD-PSNR (dB)               p2pt: 53.7401
Hausdorff distance         p2pt: 765


----------------------------------------
Y-CPSNR (dB)                   : 29.637
U-CPSNR (dB)                   : 37.4839
V-CPSNR (dB)                   : 28.221

