PCC-Arena Evaluator 0.6.5
Reference Point Cloud: /temp/pranav/dynamic_pc_data/redandblack/Ply/redandblack_vox10_1719.ply
Target Point Cloud: /temp/pranav/dynamic_pc_data/redandblack/experiments/3DD_2_Quantize=2_OM=4_r1/decompressed/redandblack_dec_1719.ply

========== Time & Binary Size ==========
Encoding time (s)           : -1
Decoding time (s)           : -1
Source point cloud size (kB): 14371.884
Total binary files size (kB): 1972.503
Compression ratio           : 0.13724735045175704
bpp (bits per point)        : 23.67893928116972

========== Point-based Metrics =========
Asym. Chamfer dist. (1->2) p2pt: 4.32584
Asym. Chamfer dist. (2->1) p2pt: 3.74362
Chamfer dist.              p2pt: 4.03473
CD-PSNR (dB)               p2pt: 53.9548
Hausdorff distance         p2pt: 249


----------------------------------------
Y-CPSNR (dB)                   : 29.5406
U-CPSNR (dB)                   : 37.4152
V-CPSNR (dB)                   : 28.4956

