PCC-Arena Evaluator 0.6.5
Reference Point Cloud: /temp/pranav/dynamic_pc_data/redandblack/Ply/redandblack_vox10_1521.ply
Target Point Cloud: /temp/pranav/dynamic_pc_data/redandblack/experiments/3DD_2_Quantize=2_OM=4_r1/decompressed/redandblack_dec_1521.ply

========== Time & Binary Size ==========
Encoding time (s)           : -1
Decoding time (s)           : -1
Source point cloud size (kB): 14117.734
Total binary files size (kB): 1792.262
Compression ratio           : 0.1269511098594151
bpp (bits per point)        : 21.923560100549842

========== Point-based Metrics =========
Asym. Chamfer dist. (1->2) p2pt: 2.28374
Asym. Chamfer dist. (2->1) p2pt: 3.4989
Chamfer dist.              p2pt: 2.89132
CD-PSNR (dB)               p2pt: 55.0205
Hausdorff distance         p2pt: 541


----------------------------------------
Y-CPSNR (dB)                   : 26.1502
U-CPSNR (dB)                   : 36.8657
V-CPSNR (dB)                   : 27.6989

