PCC-Arena Evaluator 0.6.5
Reference Point Cloud: /home/p/pranav/dynamic_pc_data/redandblack/Ply/redandblack_vox10_1661.ply
Target Point Cloud: /home/p/pranav/dynamic_pc_data/redandblack/experiments/3DD_2_Quantize=2_OM=4_r1/decompressed/redandblack_dec_1661.ply

========== Time & Binary Size ==========
Encoding time (s)           : -1
Decoding time (s)           : -1
Source point cloud size (kB): 16500.519
Total binary files size (kB): 1792.262
Compression ratio           : 0.10861852284767527
bpp (bits per point)        : 18.69037383104474

========== Point-based Metrics =========
Asym. Chamfer dist. (1->2) p2pt: 2.08726
Asym. Chamfer dist. (2->1) p2pt: 3.4923
Chamfer dist.              p2pt: 2.78978
CD-PSNR (dB)               p2pt: 55.3018
Hausdorff distance         p2pt: 413


----------------------------------------
Y-CPSNR (dB)                   : 26.3797
U-CPSNR (dB)                   : 37.6331
V-CPSNR (dB)                   : 28.1652

