PCC-Arena Evaluator 0.6.5
Reference Point Cloud: /temp/pranav/dynamic_pc_data/redandblack/Ply/redandblack_vox10_1485.ply
Target Point Cloud: /temp/pranav/dynamic_pc_data/redandblack/experiments/3DD_2_Quantize=2_OM=4_r1/decompressed/redandblack_dec_1485.ply

========== Time & Binary Size ==========
Encoding time (s)           : -1
Decoding time (s)           : -1
Source point cloud size (kB): 16026.448
Total binary files size (kB): 1972.503
Compression ratio           : 0.12307798958321893
bpp (bits per point)        : 21.12164604029972

========== Point-based Metrics =========
Asym. Chamfer dist. (1->2) p2pt: 4.15206
Asym. Chamfer dist. (2->1) p2pt: 3.85754
Chamfer dist.              p2pt: 4.0048
CD-PSNR (dB)               p2pt: 53.7377
Hausdorff distance         p2pt: 525


----------------------------------------
Y-CPSNR (dB)                   : 30.0531
U-CPSNR (dB)                   : 37.2455
V-CPSNR (dB)                   : 28.4863

