PCC-Arena Evaluator 0.6.5
Reference Point Cloud: /temp/pranav/dynamic_pc_data/longdress/Ply/longdress_vox10_1121.ply
Target Point Cloud: /temp/pranav/dynamic_pc_data/longdress/experiments/2DD_lodX=2_lodY=1_OM=4_r1/decompressed/longdress_dec_1121.ply

========== Time & Binary Size ==========
Encoding time (s)           : -1
Decoding time (s)           : -1
Source point cloud size (kB): 18390.895
Total binary files size (kB): 4759.045
Compression ratio           : 0.25877179984987136
bpp (bits per point)        : 47.19934443219869

========== Point-based Metrics =========
Asym. Chamfer dist. (1->2) p2pt: 1.00961
Asym. Chamfer dist. (2->1) p2pt: 0.849277
Chamfer dist.              p2pt: 0.929442
CD-PSNR (dB)               p2pt: 60.2351
Hausdorff distance         p2pt: 133


----------------------------------------
Y-CPSNR (dB)                   : 26.9085
U-CPSNR (dB)                   : 32.8818
V-CPSNR (dB)                   : 32.2878

