PCC-Arena Evaluator 0.6.5
Reference Point Cloud: /temp/pranav/dynamic_pc_data/longdress/Ply/longdress_vox10_1217.ply
Target Point Cloud: /temp/pranav/dynamic_pc_data/longdress/experiments/2DD_lodX=2_lodY=1_OM=4_r1/decompressed/longdress_dec_1217.ply

========== Time & Binary Size ==========
Encoding time (s)           : -1
Decoding time (s)           : -1
Source point cloud size (kB): 19288.669
Total binary files size (kB): 4759.045
Compression ratio           : 0.24672749581632614
bpp (bits per point)        : 44.859620596205964

========== Point-based Metrics =========
Asym. Chamfer dist. (1->2) p2pt: 1.19843
Asym. Chamfer dist. (2->1) p2pt: 0.981191
Chamfer dist.              p2pt: 1.08981
CD-PSNR (dB)               p2pt: 59.7508
Hausdorff distance         p2pt: 137


----------------------------------------
Y-CPSNR (dB)                   : 26.644
U-CPSNR (dB)                   : 32.4565
V-CPSNR (dB)                   : 31.789

