PCC-Arena Evaluator 0.6.5
Reference Point Cloud: /temp/pranav/dynamic_pc_data/longdress/Ply/longdress_vox10_1171.ply
Target Point Cloud: /temp/pranav/dynamic_pc_data/longdress/experiments/2DD_lodX=2_lodY=1_OM=4_r1/decompressed/longdress_dec_1171.ply

========== Time & Binary Size ==========
Encoding time (s)           : -1
Decoding time (s)           : -1
Source point cloud size (kB): 18108.479
Total binary files size (kB): 4759.045
Compression ratio           : 0.26280754998804706
bpp (bits per point)        : 47.92967225538751

========== Point-based Metrics =========
Asym. Chamfer dist. (1->2) p2pt: 1.27066
Asym. Chamfer dist. (2->1) p2pt: 0.984473
Chamfer dist.              p2pt: 1.12756
CD-PSNR (dB)               p2pt: 59.6392
Hausdorff distance         p2pt: 129


----------------------------------------
Y-CPSNR (dB)                   : 25.9077
U-CPSNR (dB)                   : 32.0642
V-CPSNR (dB)                   : 31.4983

