PCC-Arena Evaluator 0.6.5
Reference Point Cloud: /temp/pranav/dynamic_pc_data/longdress/Ply/longdress_vox10_1084.ply
Target Point Cloud: /temp/pranav/dynamic_pc_data/longdress/experiments/2DD_lodX=2_lodY=1_OM=4_r1/decompressed/longdress_dec_1084.ply

========== Time & Binary Size ==========
Encoding time (s)           : -1
Decoding time (s)           : -1
Source point cloud size (kB): 18729.335
Total binary files size (kB): 4759.045
Compression ratio           : 0.2540957807631718
bpp (bits per point)        : 46.31296475834695

========== Point-based Metrics =========
Asym. Chamfer dist. (1->2) p2pt: 1.2879
Asym. Chamfer dist. (2->1) p2pt: 1.02842
Chamfer dist.              p2pt: 1.15816
CD-PSNR (dB)               p2pt: 59.311
Hausdorff distance         p2pt: 193


----------------------------------------
Y-CPSNR (dB)                   : 26.5608
U-CPSNR (dB)                   : 32.5098
V-CPSNR (dB)                   : 31.85

