PCC-Arena Evaluator 0.6.5
Reference Point Cloud: /temp/pranav/dynamic_pc_data/longdress/Ply/longdress_vox10_1340.ply
Target Point Cloud: /temp/pranav/dynamic_pc_data/longdress/experiments/2DD_lodX=2_lodY=1_OM=4_r1/decompressed/longdress_dec_1340.ply

========== Time & Binary Size ==========
Encoding time (s)           : -1
Decoding time (s)           : -1
Source point cloud size (kB): 19473.908
Total binary files size (kB): 4759.045
Compression ratio           : 0.24438058349664588
bpp (bits per point)        : 44.41727954901815

========== Point-based Metrics =========
Asym. Chamfer dist. (1->2) p2pt: 1.29364
Asym. Chamfer dist. (2->1) p2pt: 1.02302
Chamfer dist.              p2pt: 1.15833
CD-PSNR (dB)               p2pt: 59.4741
Hausdorff distance         p2pt: 180


----------------------------------------
Y-CPSNR (dB)                   : 26.1618
U-CPSNR (dB)                   : 32.0442
V-CPSNR (dB)                   : 31.3238

