PCC-Arena Evaluator 0.6.5
Reference Point Cloud: /temp/pranav/dynamic_pc_data/longdress/Ply/longdress_vox10_1282.ply
Target Point Cloud: /temp/pranav/dynamic_pc_data/longdress/experiments/2DD_lodX=2_lodY=1_OM=4_r1/decompressed/longdress_dec_1282.ply

========== Time & Binary Size ==========
Encoding time (s)           : -1
Decoding time (s)           : -1
Source point cloud size (kB): 19215.909
Total binary files size (kB): 4759.045
Compression ratio           : 0.24766171613323107
bpp (bits per point)        : 44.84218461067336

========== Point-based Metrics =========
Asym. Chamfer dist. (1->2) p2pt: 1.28791
Asym. Chamfer dist. (2->1) p2pt: 0.951201
Chamfer dist.              p2pt: 1.11955
CD-PSNR (dB)               p2pt: 59.564
Hausdorff distance         p2pt: 193


----------------------------------------
Y-CPSNR (dB)                   : 26.228
U-CPSNR (dB)                   : 32.216
V-CPSNR (dB)                   : 31.1315

