PCC-Arena Evaluator 0.6.5
Reference Point Cloud: /temp/pranav/dynamic_pc_data/soldier/Ply/soldier_vox10_0652.ply
Target Point Cloud: /temp/pranav/dynamic_pc_data/soldier/experiments/3DD_2_Quantize=2_OM=4_r1/decompressed/soldier_dec_0652.ply

========== Time & Binary Size ==========
Encoding time (s)           : -1
Decoding time (s)           : -1
Source point cloud size (kB): 23219.039
Total binary files size (kB): 2339.097
Compression ratio           : 0.10074047422892912
bpp (bits per point)        : 17.888235665246143

========== Point-based Metrics =========
Asym. Chamfer dist. (1->2) p2pt: 4.24178
Asym. Chamfer dist. (2->1) p2pt: 3.98172
Chamfer dist.              p2pt: 4.11175
CD-PSNR (dB)               p2pt: 54.1186
Hausdorff distance         p2pt: 524


----------------------------------------
Y-CPSNR (dB)                   : 26.5311
U-CPSNR (dB)                   : 41.5661
V-CPSNR (dB)                   : 41.7385

