PCC-Arena Evaluator 0.6.5
Reference Point Cloud: /temp/pranav/dynamic_pc_data/soldier/Ply/soldier_vox10_0803.ply
Target Point Cloud: /temp/pranav/dynamic_pc_data/soldier/experiments/3DD_2_Quantize=2_OM=4_r1/decompressed/soldier_dec_0803.ply

========== Time & Binary Size ==========
Encoding time (s)           : -1
Decoding time (s)           : -1
Source point cloud size (kB): 24061.131
Total binary files size (kB): 2339.097
Compression ratio           : 0.0972147568624268
bpp (bits per point)        : 17.18527960737783

========== Point-based Metrics =========
Asym. Chamfer dist. (1->2) p2pt: 4.05772
Asym. Chamfer dist. (2->1) p2pt: 3.59707
Chamfer dist.              p2pt: 3.82739
CD-PSNR (dB)               p2pt: 54.1303
Hausdorff distance         p2pt: 504


----------------------------------------
Y-CPSNR (dB)                   : 26.7482
U-CPSNR (dB)                   : 41.7278
V-CPSNR (dB)                   : 41.83

