PCC-Arena Evaluator 0.6.5
Reference Point Cloud: /temp/pranav/dynamic_pc_data/soldier/Ply/soldier_vox10_0564.ply
Target Point Cloud: /temp/pranav/dynamic_pc_data/soldier/experiments/3DD_2_Quantize=2_OM=4_r1/decompressed/soldier_dec_0564.ply

========== Time & Binary Size ==========
Encoding time (s)           : -1
Decoding time (s)           : -1
Source point cloud size (kB): 23481.9
Total binary files size (kB): 2339.097
Compression ratio           : 0.09961276557689114
bpp (bits per point)        : 17.647102758612885

========== Point-based Metrics =========
Asym. Chamfer dist. (1->2) p2pt: 4.12243
Asym. Chamfer dist. (2->1) p2pt: 3.84728
Chamfer dist.              p2pt: 3.98485
CD-PSNR (dB)               p2pt: 54.2886
Hausdorff distance         p2pt: 425


----------------------------------------
Y-CPSNR (dB)                   : 26.5327
U-CPSNR (dB)                   : 41.7501
V-CPSNR (dB)                   : 41.646

