PCC-Arena Evaluator 0.6.5
Reference Point Cloud: /temp/pranav/dynamic_pc_data/longdress/Ply/longdress_vox10_1085.ply
Target Point Cloud: /temp/pranav/dynamic_pc_data/longdress/experiments/vanilla_rc_OM=4_GQP=28_AQP=33/decompressed/longdress_dec_1085.ply

========== Time & Binary Size ==========
Encoding time (s)           : -1
Decoding time (s)           : -1
Source point cloud size (kB): 18892.931
Total binary files size (kB): 15052.525
Compression ratio           : 0.7967278872716996
bpp (bits per point)        : 145.07181898459532

========== Point-based Metrics =========
Asym. Chamfer dist. (1->2) p2pt: 0.501882
Asym. Chamfer dist. (2->1) p2pt: 0.48791
Chamfer dist.              p2pt: 0.494896
CD-PSNR (dB)               p2pt: 62.9873
Hausdorff distance         p2pt: 89


----------------------------------------
Y-CPSNR (dB)                   : 31.8224
U-CPSNR (dB)                   : 35.3354
V-CPSNR (dB)                   : 34.9335

