PCC-Arena Evaluator 0.6.5
Reference Point Cloud: /temp/pranav/dynamic_pc_data/longdress/Ply/longdress_vox10_1126.ply
Target Point Cloud: /temp/pranav/dynamic_pc_data/longdress/experiments/vanilla_rc_OM=4_GQP=28_AQP=33/decompressed/longdress_dec_1126.ply

========== Time & Binary Size ==========
Encoding time (s)           : -1
Decoding time (s)           : -1
Source point cloud size (kB): 18786.377
Total binary files size (kB): 15052.525
Compression ratio           : 0.8012468290187086
bpp (bits per point)        : 145.9497260871673

========== Point-based Metrics =========
Asym. Chamfer dist. (1->2) p2pt: 0.491268
Asym. Chamfer dist. (2->1) p2pt: 0.489283
Chamfer dist.              p2pt: 0.490275
CD-PSNR (dB)               p2pt: 63.1068
Hausdorff distance         p2pt: 125


----------------------------------------
Y-CPSNR (dB)                   : 31.817
U-CPSNR (dB)                   : 35.3098
V-CPSNR (dB)                   : 35.0364

