PCC-Arena Evaluator 0.6.5
Reference Point Cloud: /temp/pranav/dynamic_pc_data/soldier/Ply/soldier_vox10_0574.ply
Target Point Cloud: /temp/pranav/dynamic_pc_data/soldier/experiments/3DD_2_noQuantize_OM=4_r1/decompressed/soldier_dec_0574.ply

========== Time & Binary Size ==========
Encoding time (s)           : -1
Decoding time (s)           : -1
Source point cloud size (kB): 23524.798
Total binary files size (kB): 5191.897
Compression ratio           : 0.2206988982434621
bpp (bits per point)        : 39.10455422315157

========== Point-based Metrics =========
Asym. Chamfer dist. (1->2) p2pt: 0.924758
Asym. Chamfer dist. (2->1) p2pt: 0.763041
Chamfer dist.              p2pt: 0.8439
CD-PSNR (dB)               p2pt: 61.0259
Hausdorff distance         p2pt: 93


----------------------------------------
Y-CPSNR (dB)                   : 29.0639
U-CPSNR (dB)                   : 43.3187
V-CPSNR (dB)                   : 43.2519

