PCC-Arena Evaluator 0.6.5
Reference Point Cloud: /temp/pranav/dynamic_pc_data/soldier/Ply/soldier_vox10_0557.ply
Target Point Cloud: /temp/pranav/dynamic_pc_data/soldier/experiments/3DD_2_noQuantize_OM=4_r1/decompressed/soldier_dec_0557.ply

========== Time & Binary Size ==========
Encoding time (s)           : -1
Decoding time (s)           : -1
Source point cloud size (kB): 23515.507
Total binary files size (kB): 5191.897
Compression ratio           : 0.2207860965957485
bpp (bits per point)        : 39.113870933719056

========== Point-based Metrics =========
Asym. Chamfer dist. (1->2) p2pt: 0.914755
Asym. Chamfer dist. (2->1) p2pt: 0.749139
Chamfer dist.              p2pt: 0.831947
CD-PSNR (dB)               p2pt: 61.0993
Hausdorff distance         p2pt: 214


----------------------------------------
Y-CPSNR (dB)                   : 29.0856
U-CPSNR (dB)                   : 43.251
V-CPSNR (dB)                   : 43.4874

