PCC-Arena Evaluator 0.6.5
Reference Point Cloud: /temp/pranav/dynamic_pc_data/redandblack/Ply/redandblack_vox10_1652.ply
Target Point Cloud: /temp/pranav/dynamic_pc_data/redandblack/experiments/2DD_INT_lodX=2_lodY=1_OM=4_r1/decompressed/redandblack_dec_1652.ply

========== Time & Binary Size ==========
Encoding time (s)           : -1
Decoding time (s)           : -1
Source point cloud size (kB): 16050.958
Total binary files size (kB): 3773.343
Compression ratio           : 0.23508522045849226
bpp (bits per point)        : 40.407497142122835

========== Point-based Metrics =========
Asym. Chamfer dist. (1->2) p2pt: 0.895947
Asym. Chamfer dist. (2->1) p2pt: 1.02384
Chamfer dist.              p2pt: 0.959892
CD-PSNR (dB)               p2pt: 59.7736
Hausdorff distance         p2pt: 185


----------------------------------------
Y-CPSNR (dB)                   : 32.0362
U-CPSNR (dB)                   : 39.1604
V-CPSNR (dB)                   : 31.5792

