PCC-Arena Evaluator 0.6.5
Reference Point Cloud: /temp/pranav/dynamic_pc_data/redandblack/Ply/redandblack_vox10_1577.ply
Target Point Cloud: /temp/pranav/dynamic_pc_data/redandblack/experiments/2DD_INT_lodX=2_lodY=1_OM=4_r1/decompressed/redandblack_dec_1577.ply

========== Time & Binary Size ==========
Encoding time (s)           : -1
Decoding time (s)           : -1
Source point cloud size (kB): 15708.355
Total binary files size (kB): 3704.427
Compression ratio           : 0.23582526623570707
bpp (bits per point)        : 40.64740873835012

========== Point-based Metrics =========
Asym. Chamfer dist. (1->2) p2pt: 0.995887
Asym. Chamfer dist. (2->1) p2pt: 1.09242
Chamfer dist.              p2pt: 1.04416
CD-PSNR (dB)               p2pt: 59.8756
Hausdorff distance         p2pt: 154


----------------------------------------
Y-CPSNR (dB)                   : 31.5396
U-CPSNR (dB)                   : 38.8977
V-CPSNR (dB)                   : 31.0492

