PCC-Arena Evaluator 0.6.5
Reference Point Cloud: /temp/pranav/dynamic_pc_data/redandblack/Ply/redandblack_vox10_1620.ply
Target Point Cloud: /temp/pranav/dynamic_pc_data/redandblack/experiments/2DD_INT_lodX=2_lodY=1_OM=4_r1/decompressed/redandblack_dec_1620.ply

========== Time & Binary Size ==========
Encoding time (s)           : -1
Decoding time (s)           : -1
Source point cloud size (kB): 17068.932
Total binary files size (kB): 3704.427
Compression ratio           : 0.2170274625266537
bpp (bits per point)        : 37.45321226137893

========== Point-based Metrics =========
Asym. Chamfer dist. (1->2) p2pt: 1.01142
Asym. Chamfer dist. (2->1) p2pt: 1.20363
Chamfer dist.              p2pt: 1.10753
CD-PSNR (dB)               p2pt: 59.2523
Hausdorff distance         p2pt: 386


----------------------------------------
Y-CPSNR (dB)                   : 31.8632
U-CPSNR (dB)                   : 38.5698
V-CPSNR (dB)                   : 31.0711

