PCC-Arena Evaluator 0.6.5
Reference Point Cloud: /temp/pranav/dynamic_pc_data/redandblack/Ply/redandblack_vox10_1558.ply
Target Point Cloud: /temp/pranav/dynamic_pc_data/redandblack/experiments/2DD_INT_lodX=2_lodY=1_OM=4_r1/decompressed/redandblack_dec_1558.ply

========== Time & Binary Size ==========
Encoding time (s)           : -1
Decoding time (s)           : -1
Source point cloud size (kB): 16041.661
Total binary files size (kB): 3704.427
Compression ratio           : 0.23092540105416764
bpp (bits per point)        : 39.68819856811115

========== Point-based Metrics =========
Asym. Chamfer dist. (1->2) p2pt: 1.02
Asym. Chamfer dist. (2->1) p2pt: 1.17439
Chamfer dist.              p2pt: 1.0972
CD-PSNR (dB)               p2pt: 59.6939
Hausdorff distance         p2pt: 350


----------------------------------------
Y-CPSNR (dB)                   : 31.4616
U-CPSNR (dB)                   : 38.6314
V-CPSNR (dB)                   : 30.696

