PCC-Arena Evaluator 0.6.5
Reference Point Cloud: /temp/pranav/dynamic_pc_data/redandblack/Ply/redandblack_vox10_1677.ply
Target Point Cloud: /temp/pranav/dynamic_pc_data/redandblack/experiments/2DD_INT_lodX=2_lodY=1_OM=4_r1/decompressed/redandblack_dec_1677.ply

========== Time & Binary Size ==========
Encoding time (s)           : -1
Decoding time (s)           : -1
Source point cloud size (kB): 16498.321
Total binary files size (kB): 3704.427
Compression ratio           : 0.22453357526502243
bpp (bits per point)        : 38.74563946077182

========== Point-based Metrics =========
Asym. Chamfer dist. (1->2) p2pt: 1.04306
Asym. Chamfer dist. (2->1) p2pt: 1.20247
Chamfer dist.              p2pt: 1.12277
CD-PSNR (dB)               p2pt: 59.3382
Hausdorff distance         p2pt: 267


----------------------------------------
Y-CPSNR (dB)                   : 31.8219
U-CPSNR (dB)                   : 38.9911
V-CPSNR (dB)                   : 30.8348

