PCC-Arena Evaluator 0.6.5
Reference Point Cloud: /temp/pranav/dynamic_pc_data/redandblack/Ply/redandblack_vox10_1495.ply
Target Point Cloud: /temp/pranav/dynamic_pc_data/redandblack/experiments/2DD_INT_lodX=2_lodY=1_OM=4_r1/decompressed/redandblack_dec_1495.ply

========== Time & Binary Size ==========
Encoding time (s)           : -1
Decoding time (s)           : -1
Source point cloud size (kB): 16607.0
Total binary files size (kB): 3704.427
Compression ratio           : 0.22306418979948214
bpp (bits per point)        : 38.396548440384805

========== Point-based Metrics =========
Asym. Chamfer dist. (1->2) p2pt: 0.976589
Asym. Chamfer dist. (2->1) p2pt: 1.10143
Chamfer dist.              p2pt: 1.03901
CD-PSNR (dB)               p2pt: 59.5974
Hausdorff distance         p2pt: 322


----------------------------------------
Y-CPSNR (dB)                   : 31.4288
U-CPSNR (dB)                   : 38.6172
V-CPSNR (dB)                   : 30.7108

