PCC-Arena Evaluator 0.6.5
Reference Point Cloud: /temp/pranav/dynamic_pc_data/redandblack/Ply/redandblack_vox10_1745.ply
Target Point Cloud: /temp/pranav/dynamic_pc_data/redandblack/experiments/2DD_INT_lodX=2_lodY=1_OM=4_r1/decompressed/redandblack_dec_1745.ply

========== Time & Binary Size ==========
Encoding time (s)           : -1
Decoding time (s)           : -1
Source point cloud size (kB): 15166.751
Total binary files size (kB): 3704.427
Compression ratio           : 0.24424657594761068
bpp (bits per point)        : 42.07550057571709

========== Point-based Metrics =========
Asym. Chamfer dist. (1->2) p2pt: 1.01047
Asym. Chamfer dist. (2->1) p2pt: 1.2587
Chamfer dist.              p2pt: 1.13458
CD-PSNR (dB)               p2pt: 59.1736
Hausdorff distance         p2pt: 497


----------------------------------------
Y-CPSNR (dB)                   : 31.2616
U-CPSNR (dB)                   : 38.2426
V-CPSNR (dB)                   : 30.6537

