PCC-Arena Evaluator 0.6.5
Reference Point Cloud: /temp/pranav/dynamic_pc_data/redandblack/Ply/redandblack_vox10_1663.ply
Target Point Cloud: /temp/pranav/dynamic_pc_data/redandblack/experiments/2DD_INT_lodX=2_lodY=1_OM=4_r1/decompressed/redandblack_dec_1663.ply

========== Time & Binary Size ==========
Encoding time (s)           : -1
Decoding time (s)           : -1
Source point cloud size (kB): 16341.084
Total binary files size (kB): 3773.343
Compression ratio           : 0.23091142545990215
bpp (bits per point)        : 39.7793307021763

========== Point-based Metrics =========
Asym. Chamfer dist. (1->2) p2pt: 1.03142
Asym. Chamfer dist. (2->1) p2pt: 1.26705
Chamfer dist.              p2pt: 1.14924
CD-PSNR (dB)               p2pt: 59.1677
Hausdorff distance         p2pt: 939


----------------------------------------
Y-CPSNR (dB)                   : 32.1242
U-CPSNR (dB)                   : 39.3038
V-CPSNR (dB)                   : 31.0116

