PCC-Arena Evaluator 0.6.5
Reference Point Cloud: /temp/pranav/dynamic_pc_data/longdress/Ply/longdress_vox10_1208.ply
Target Point Cloud: /temp/pranav/dynamic_pc_data/longdress/experiments/vanilla_rc_OM=4_GQP=34_AQP=44/decompressed/longdress_dec_1208.ply

========== Time & Binary Size ==========
Encoding time (s)           : -1
Decoding time (s)           : -1
Source point cloud size (kB): 18464.21
Total binary files size (kB): 4856.942
Compression ratio           : 0.26304629334263424
bpp (bits per point)        : 47.827201614938176

========== Point-based Metrics =========
Asym. Chamfer dist. (1->2) p2pt: 0.95675
Asym. Chamfer dist. (2->1) p2pt: 0.867422
Chamfer dist.              p2pt: 0.912086
CD-PSNR (dB)               p2pt: 60.3734
Hausdorff distance         p2pt: 122


----------------------------------------
Y-CPSNR (dB)                   : 26.2732
U-CPSNR (dB)                   : 32.5768
V-CPSNR (dB)                   : 32.1204

