PCC-Arena Evaluator 0.6.5
Reference Point Cloud: /home/p/pranav/dynamic_pc_data/longdress/Ply/longdress_vox10_1292.ply
Target Point Cloud: /home/p/pranav/dynamic_pc_data/longdress/experiments/vanilla_rc_OM=4_GQP=34_AQP=44/decompressed/longdress_dec_1292.ply

========== Time & Binary Size ==========
Encoding time (s)           : -1
Decoding time (s)           : -1
Source point cloud size (kB): 19371.126
Total binary files size (kB): 4856.942
Compression ratio           : 0.25073101068053555
bpp (bits per point)        : 45.42036903906063

========== Point-based Metrics =========
Asym. Chamfer dist. (1->2) p2pt: 0.907691
Asym. Chamfer dist. (2->1) p2pt: 0.819799
Chamfer dist.              p2pt: 0.863745
CD-PSNR (dB)               p2pt: 60.8142
Hausdorff distance         p2pt: 141


----------------------------------------
Y-CPSNR (dB)                   : 26.4152
U-CPSNR (dB)                   : 32.7846
V-CPSNR (dB)                   : 31.9694

