PCC-Arena Evaluator 0.6.5
Reference Point Cloud: /temp/pranav/dynamic_pc_data/longdress/Ply/longdress_vox10_1162.ply
Target Point Cloud: /temp/pranav/dynamic_pc_data/longdress/experiments/vanilla_rc_OM=4_GQP=34_AQP=44/decompressed/longdress_dec_1162.ply

========== Time & Binary Size ==========
Encoding time (s)           : -1
Decoding time (s)           : -1
Source point cloud size (kB): 18759.134
Total binary files size (kB): 4856.942
Compression ratio           : 0.2589107791436428
bpp (bits per point)        : 47.23152793191849

========== Point-based Metrics =========
Asym. Chamfer dist. (1->2) p2pt: 0.952705
Asym. Chamfer dist. (2->1) p2pt: 0.839593
Chamfer dist.              p2pt: 0.896149
CD-PSNR (dB)               p2pt: 60.4427
Hausdorff distance         p2pt: 121


----------------------------------------
Y-CPSNR (dB)                   : 26.2718
U-CPSNR (dB)                   : 32.5876
V-CPSNR (dB)                   : 32.1229

