PCC-Arena Evaluator 0.6.5
Reference Point Cloud: /home/p/pranav/dynamic_pc_data/longdress/Ply/longdress_vox10_1317.ply
Target Point Cloud: /home/p/pranav/dynamic_pc_data/longdress/experiments/vanilla_rc_OM=4_GQP=34_AQP=44/decompressed/longdress_dec_1317.ply

========== Time & Binary Size ==========
Encoding time (s)           : -1
Decoding time (s)           : -1
Source point cloud size (kB): 18620.929
Total binary files size (kB): 4856.942
Compression ratio           : 0.26083242141141294
bpp (bits per point)        : 47.066640986599126

========== Point-based Metrics =========
Asym. Chamfer dist. (1->2) p2pt: 0.94101
Asym. Chamfer dist. (2->1) p2pt: 0.838537
Chamfer dist.              p2pt: 0.889773
CD-PSNR (dB)               p2pt: 60.4772
Hausdorff distance         p2pt: 120


----------------------------------------
Y-CPSNR (dB)                   : 26.2257
U-CPSNR (dB)                   : 32.695
V-CPSNR (dB)                   : 31.9313

