PCC-Arena Evaluator 0.6.5
Reference Point Cloud: /home/p/pranav/dynamic_pc_data/longdress/Ply/longdress_vox10_1233.ply
Target Point Cloud: /home/p/pranav/dynamic_pc_data/longdress/experiments/vanilla_rc_OM=4_GQP=34_AQP=44/decompressed/longdress_dec_1233.ply

========== Time & Binary Size ==========
Encoding time (s)           : -1
Decoding time (s)           : -1
Source point cloud size (kB): 19907.295
Total binary files size (kB): 4856.942
Compression ratio           : 0.2439779990199573
bpp (bits per point)        : 44.285717867795476

========== Point-based Metrics =========
Asym. Chamfer dist. (1->2) p2pt: 0.972222
Asym. Chamfer dist. (2->1) p2pt: 0.852259
Chamfer dist.              p2pt: 0.91224
CD-PSNR (dB)               p2pt: 60.4916
Hausdorff distance         p2pt: 201


----------------------------------------
Y-CPSNR (dB)                   : 26.8527
U-CPSNR (dB)                   : 32.8882
V-CPSNR (dB)                   : 32.3008

