PCC-Arena Evaluator 0.6.5
Reference Point Cloud: /temp/pranav/dynamic_pc_data/longdress/Ply/longdress_vox10_1196.ply
Target Point Cloud: /temp/pranav/dynamic_pc_data/longdress/experiments/vanilla_rc_OM=4_GQP=34_AQP=44/decompressed/longdress_dec_1196.ply

========== Time & Binary Size ==========
Encoding time (s)           : -1
Decoding time (s)           : -1
Source point cloud size (kB): 18142.782
Total binary files size (kB): 4856.942
Compression ratio           : 0.26770657333588643
bpp (bits per point)        : 48.83183004671353

========== Point-based Metrics =========
Asym. Chamfer dist. (1->2) p2pt: 0.89487
Asym. Chamfer dist. (2->1) p2pt: 0.786917
Chamfer dist.              p2pt: 0.840893
CD-PSNR (dB)               p2pt: 60.6504
Hausdorff distance         p2pt: 82


----------------------------------------
Y-CPSNR (dB)                   : 25.6598
U-CPSNR (dB)                   : 32.2226
V-CPSNR (dB)                   : 31.8026

