PCC-Arena Evaluator 0.6.5
Reference Point Cloud: /temp/pranav/dynamic_pc_data/redandblack/Ply/redandblack_vox10_1461.ply
Target Point Cloud: /temp/pranav/dynamic_pc_data/redandblack/experiments/vanilla_rc_OM=4_GQP=40_AQP=52/decompressed/redandblack_dec_1461.ply

========== Time & Binary Size ==========
Encoding time (s)           : -1
Decoding time (s)           : -1
Source point cloud size (kB): 15354.353
Total binary files size (kB): 2266.891
Compression ratio           : 0.147638327710715
bpp (bits per point)        : 25.48400006745097

========== Point-based Metrics =========
Asym. Chamfer dist. (1->2) p2pt: 2.19196
Asym. Chamfer dist. (2->1) p2pt: 1.77295
Chamfer dist.              p2pt: 1.98246
CD-PSNR (dB)               p2pt: 56.8681
Hausdorff distance         p2pt: 307


----------------------------------------
Y-CPSNR (dB)                   : 28.8298
U-CPSNR (dB)                   : 36.7656
V-CPSNR (dB)                   : 28.0398

