PCC-Arena Evaluator 0.6.5
Reference Point Cloud: /temp/pranav/dynamic_pc_data/redandblack/Ply/redandblack_vox10_1538.ply
Target Point Cloud: /temp/pranav/dynamic_pc_data/redandblack/experiments/vanilla_rc_OM=4_GQP=40_AQP=52/decompressed/redandblack_dec_1538.ply

========== Time & Binary Size ==========
Encoding time (s)           : -1
Decoding time (s)           : -1
Source point cloud size (kB): 15807.392
Total binary files size (kB): 2266.891
Compression ratio           : 0.14340702122146398
bpp (bits per point)        : 24.71827094632077

========== Point-based Metrics =========
Asym. Chamfer dist. (1->2) p2pt: 2.36825
Asym. Chamfer dist. (2->1) p2pt: 2.0212
Chamfer dist.              p2pt: 2.19473
CD-PSNR (dB)               p2pt: 56.2188
Hausdorff distance         p2pt: 233


----------------------------------------
Y-CPSNR (dB)                   : 28.9531
U-CPSNR (dB)                   : 36.3071
V-CPSNR (dB)                   : 27.5409

