PCC-Arena Evaluator 0.6.5
Reference Point Cloud: /temp/pranav/dynamic_pc_data/longdress/Ply/longdress_vox10_1110.ply
Target Point Cloud: /temp/pranav/dynamic_pc_data/longdress/experiments/2DD_lodX=1_lodY=2_OM=4/decompressed/longdress_dec_1110.ply

========== Time & Binary Size ==========
Encoding time (s)           : -1
Decoding time (s)           : -1
Source point cloud size (kB): 19479.829
Total binary files size (kB): 14549.242
Compression ratio           : 0.7468875625140241
bpp (bits per point)        : 135.7078817274508

========== Point-based Metrics =========
Asym. Chamfer dist. (1->2) p2pt: 0.691871
Asym. Chamfer dist. (2->1) p2pt: 0.480326
Chamfer dist.              p2pt: 0.586099
CD-PSNR (dB)               p2pt: 62.2968
Hausdorff distance         p2pt: 98


----------------------------------------
Y-CPSNR (dB)                   : 30.2881
U-CPSNR (dB)                   : 34.5558
V-CPSNR (dB)                   : 34.0182

