PCC-Arena Evaluator 0.6.5
Reference Point Cloud: /home/p/pranav/dynamic_pc_data/longdress/Ply/longdress_vox10_1085.ply
Target Point Cloud: /home/p/pranav/dynamic_pc_data/longdress/experiments/2DD_lodX=1_lodY=2_OM=4/decompressed/longdress_dec_1085.ply

========== Time & Binary Size ==========
Encoding time (s)           : -1
Decoding time (s)           : -1
Source point cloud size (kB): 18892.931
Total binary files size (kB): 14549.242
Compression ratio           : 0.7700891936777835
bpp (bits per point)        : 140.22132511236964

========== Point-based Metrics =========
Asym. Chamfer dist. (1->2) p2pt: 0.738278
Asym. Chamfer dist. (2->1) p2pt: 0.466816
Chamfer dist.              p2pt: 0.602547
CD-PSNR (dB)               p2pt: 62.1325
Hausdorff distance         p2pt: 81


----------------------------------------
Y-CPSNR (dB)                   : 30.4845
U-CPSNR (dB)                   : 34.5988
V-CPSNR (dB)                   : 33.8585

