PCC-Arena Evaluator 0.6.5
Reference Point Cloud: /home/p/pranav/dynamic_pc_data/longdress/Ply/longdress_vox10_1292.ply
Target Point Cloud: /home/p/pranav/dynamic_pc_data/longdress/experiments/2DD_lodX=1_lodY=2_OM=4/decompressed/longdress_dec_1292.ply

========== Time & Binary Size ==========
Encoding time (s)           : -1
Decoding time (s)           : -1
Source point cloud size (kB): 19371.126
Total binary files size (kB): 14549.242
Compression ratio           : 0.7510787963487512
bpp (bits per point)        : 136.0592613374013

========== Point-based Metrics =========
Asym. Chamfer dist. (1->2) p2pt: 0.690697
Asym. Chamfer dist. (2->1) p2pt: 0.42992
Chamfer dist.              p2pt: 0.560309
CD-PSNR (dB)               p2pt: 62.6938
Hausdorff distance         p2pt: 89


----------------------------------------
Y-CPSNR (dB)                   : 30.2491
U-CPSNR (dB)                   : 34.6717
V-CPSNR (dB)                   : 33.653

