PCC-Arena Evaluator 0.6.5
Reference Point Cloud: /temp/pranav/dynamic_pc_data/longdress/Ply/longdress_vox10_1283.ply
Target Point Cloud: /temp/pranav/dynamic_pc_data/longdress/experiments/2DD_lodX=1_lodY=2_OM=4/decompressed/longdress_dec_1283.ply

========== Time & Binary Size ==========
Encoding time (s)           : -1
Decoding time (s)           : -1
Source point cloud size (kB): 19338.773
Total binary files size (kB): 14549.242
Compression ratio           : 0.7523353213774214
bpp (bits per point)        : 136.27654808974583

========== Point-based Metrics =========
Asym. Chamfer dist. (1->2) p2pt: 0.709031
Asym. Chamfer dist. (2->1) p2pt: 0.440061
Chamfer dist.              p2pt: 0.574546
CD-PSNR (dB)               p2pt: 62.5048
Hausdorff distance         p2pt: 132


----------------------------------------
Y-CPSNR (dB)                   : 30.1768
U-CPSNR (dB)                   : 34.4192
V-CPSNR (dB)                   : 33.3243

