PCC-Arena Evaluator 0.6.5
Reference Point Cloud: /home/p/pranav/dynamic_pc_data/longdress/Ply/longdress_vox10_1216.ply
Target Point Cloud: /home/p/pranav/dynamic_pc_data/longdress/experiments/2DD_lodX=1_lodY=2_OM=4/decompressed/longdress_dec_1216.ply

========== Time & Binary Size ==========
Encoding time (s)           : -1
Decoding time (s)           : -1
Source point cloud size (kB): 19254.269
Total binary files size (kB): 14549.242
Compression ratio           : 0.755637204403865
bpp (bits per point)        : 137.33457460051136

========== Point-based Metrics =========
Asym. Chamfer dist. (1->2) p2pt: 0.677628
Asym. Chamfer dist. (2->1) p2pt: 0.44163
Chamfer dist.              p2pt: 0.559629
CD-PSNR (dB)               p2pt: 62.6567
Hausdorff distance         p2pt: 122


----------------------------------------
Y-CPSNR (dB)                   : 30.7927
U-CPSNR (dB)                   : 34.6956
V-CPSNR (dB)                   : 34.0772

