PCC-Arena Evaluator 0.6.5
Reference Point Cloud: /temp/pranav/dynamic_pc_data/longdress/Ply/longdress_vox10_1149.ply
Target Point Cloud: /temp/pranav/dynamic_pc_data/longdress/experiments/2DD_lodX=1_lodY=2_OM=4/decompressed/longdress_dec_1149.ply

========== Time & Binary Size ==========
Encoding time (s)           : -1
Decoding time (s)           : -1
Source point cloud size (kB): 20240.744
Total binary files size (kB): 14549.242
Compression ratio           : 0.718809644546663
bpp (bits per point)        : 130.73108315896

========== Point-based Metrics =========
Asym. Chamfer dist. (1->2) p2pt: 0.650639
Asym. Chamfer dist. (2->1) p2pt: 0.446952
Chamfer dist.              p2pt: 0.548795
CD-PSNR (dB)               p2pt: 62.705
Hausdorff distance         p2pt: 61


----------------------------------------
Y-CPSNR (dB)                   : 30.6186
U-CPSNR (dB)                   : 34.5354
V-CPSNR (dB)                   : 34.0525

