PCC-Arena Evaluator 0.6.5
Reference Point Cloud: /home/p/pranav/dynamic_pc_data/longdress/Ply/longdress_vox10_1178.ply
Target Point Cloud: /home/p/pranav/dynamic_pc_data/longdress/experiments/2DD_lodX=1_lodY=2_OM=4/decompressed/longdress_dec_1178.ply

========== Time & Binary Size ==========
Encoding time (s)           : -1
Decoding time (s)           : -1
Source point cloud size (kB): 19156.218
Total binary files size (kB): 14549.242
Compression ratio           : 0.7595049294176961
bpp (bits per point)        : 138.23064581064503

========== Point-based Metrics =========
Asym. Chamfer dist. (1->2) p2pt: 0.685041
Asym. Chamfer dist. (2->1) p2pt: 0.417815
Chamfer dist.              p2pt: 0.551428
CD-PSNR (dB)               p2pt: 62.7496
Hausdorff distance         p2pt: 122


----------------------------------------
Y-CPSNR (dB)                   : 29.8494
U-CPSNR (dB)                   : 34.088
V-CPSNR (dB)                   : 33.4781

