PCC-Arena Evaluator 0.6.5
Reference Point Cloud: /home/p/pranav/dynamic_pc_data/longdress/Ply/longdress_vox10_1124.ply
Target Point Cloud: /home/p/pranav/dynamic_pc_data/longdress/experiments/2DD_lodX=1_lodY=2_OM=4/decompressed/longdress_dec_1124.ply

========== Time & Binary Size ==========
Encoding time (s)           : -1
Decoding time (s)           : -1
Source point cloud size (kB): 18461.575
Total binary files size (kB): 14549.242
Compression ratio           : 0.7880823819202858
bpp (bits per point)        : 143.73472399395888

========== Point-based Metrics =========
Asym. Chamfer dist. (1->2) p2pt: 0.653634
Asym. Chamfer dist. (2->1) p2pt: 0.433994
Chamfer dist.              p2pt: 0.543814
CD-PSNR (dB)               p2pt: 62.6179
Hausdorff distance         p2pt: 97


----------------------------------------
Y-CPSNR (dB)                   : 30.8262
U-CPSNR (dB)                   : 34.7986
V-CPSNR (dB)                   : 34.2835

