PCC-Arena Evaluator 0.6.5
Reference Point Cloud: /temp/pranav/dynamic_pc_data/longdress/Ply/longdress_vox10_1323.ply
Target Point Cloud: /temp/pranav/dynamic_pc_data/longdress/experiments/2DD_lodX=1_lodY=2_OM=4/decompressed/longdress_dec_1323.ply

========== Time & Binary Size ==========
Encoding time (s)           : -1
Decoding time (s)           : -1
Source point cloud size (kB): 18206.945
Total binary files size (kB): 14549.242
Compression ratio           : 0.7991039682934177
bpp (bits per point)        : 144.40200436454225

========== Point-based Metrics =========
Asym. Chamfer dist. (1->2) p2pt: 0.674391
Asym. Chamfer dist. (2->1) p2pt: 0.440647
Chamfer dist.              p2pt: 0.557519
CD-PSNR (dB)               p2pt: 62.4625
Hausdorff distance         p2pt: 101


----------------------------------------
Y-CPSNR (dB)                   : 30.3231
U-CPSNR (dB)                   : 34.5807
V-CPSNR (dB)                   : 33.888

