PCC-Arena Evaluator 0.6.5
Reference Point Cloud: /temp/pranav/dynamic_pc_data/loot/Ply/loot_vox10_1051.ply
Target Point Cloud: /temp/pranav/dynamic_pc_data/loot/experiments/2DD_lodX=2_lodY=2_OM=1/decompressed/loot_dec_1051.ply

========== Time & Binary Size ==========
Encoding time (s)           : -1
Decoding time (s)           : -1
Source point cloud size (kB): 17025.675
Total binary files size (kB): 6996.893
Compression ratio           : 0.41096126878963685
bpp (bits per point)        : 71.05843343057428

========== Point-based Metrics =========
Asym. Chamfer dist. (1->2) p2pt: 1.01638
Asym. Chamfer dist. (2->1) p2pt: 0.353523
Chamfer dist.              p2pt: 0.68495
CD-PSNR (dB)               p2pt: 61.8786
Hausdorff distance         p2pt: 50


----------------------------------------
Y-CPSNR (dB)                   : 34.4073
U-CPSNR (dB)                   : 45.3398
V-CPSNR (dB)                   : 45.1776

