PCC-Arena Evaluator 0.6.5
Reference Point Cloud: /temp/pranav/dynamic_pc_data/loot/Ply/loot_vox10_1077.ply
Target Point Cloud: /temp/pranav/dynamic_pc_data/loot/experiments/2DD_lodX=2_lodY=2_OM=1/decompressed/loot_dec_1077.ply

========== Time & Binary Size ==========
Encoding time (s)           : -1
Decoding time (s)           : -1
Source point cloud size (kB): 16530.063
Total binary files size (kB): 6996.893
Compression ratio           : 0.4232828997687426
bpp (bits per point)        : 71.81355081974364

========== Point-based Metrics =========
Asym. Chamfer dist. (1->2) p2pt: 1.01308
Asym. Chamfer dist. (2->1) p2pt: 0.341525
Chamfer dist.              p2pt: 0.677302
CD-PSNR (dB)               p2pt: 61.8424
Hausdorff distance         p2pt: 36


----------------------------------------
Y-CPSNR (dB)                   : 34.9756
U-CPSNR (dB)                   : 45.5499
V-CPSNR (dB)                   : 45.3096

