PCC-Arena Evaluator 0.6.5
Reference Point Cloud: /temp/pranav/dynamic_pc_data/loot/Ply/loot_vox10_1217.ply
Target Point Cloud: /temp/pranav/dynamic_pc_data/loot/experiments/2DD_lodX=2_lodY=2_OM=1/decompressed/loot_dec_1217.ply

========== Time & Binary Size ==========
Encoding time (s)           : -1
Decoding time (s)           : -1
Source point cloud size (kB): 17642.179
Total binary files size (kB): 6996.893
Compression ratio           : 0.3966002725627033
bpp (bits per point)        : 69.08711928127364

========== Point-based Metrics =========
Asym. Chamfer dist. (1->2) p2pt: 1.05357
Asym. Chamfer dist. (2->1) p2pt: 0.366538
Chamfer dist.              p2pt: 0.710055
CD-PSNR (dB)               p2pt: 61.5131
Hausdorff distance         p2pt: 38


----------------------------------------
Y-CPSNR (dB)                   : 34.6665
U-CPSNR (dB)                   : 45.5052
V-CPSNR (dB)                   : 45.411

