PCC-Arena Evaluator 0.6.5
Reference Point Cloud: /temp/pranav/dynamic_pc_data/loot/Ply/loot_vox10_1035.ply
Target Point Cloud: /temp/pranav/dynamic_pc_data/loot/experiments/2DD_lodX=2_lodY=2_OM=1/decompressed/loot_dec_1035.ply

========== Time & Binary Size ==========
Encoding time (s)           : -1
Decoding time (s)           : -1
Source point cloud size (kB): 16888.887
Total binary files size (kB): 6996.893
Compression ratio           : 0.4142897634403025
bpp (bits per point)        : 72.08804828953113

========== Point-based Metrics =========
Asym. Chamfer dist. (1->2) p2pt: 1.01737
Asym. Chamfer dist. (2->1) p2pt: 0.336843
Chamfer dist.              p2pt: 0.677106
CD-PSNR (dB)               p2pt: 61.8739
Hausdorff distance         p2pt: 37


----------------------------------------
Y-CPSNR (dB)                   : 34.5656
U-CPSNR (dB)                   : 45.426
V-CPSNR (dB)                   : 45.4454

