PCC-Arena Evaluator 0.6.5
Reference Point Cloud: /temp/pranav/dynamic_pc_data/loot/Ply/loot_vox10_1011.ply
Target Point Cloud: /temp/pranav/dynamic_pc_data/loot/experiments/2DD_lodX=2_lodY=2_OM=1/decompressed/loot_dec_1011.ply

========== Time & Binary Size ==========
Encoding time (s)           : -1
Decoding time (s)           : -1
Source point cloud size (kB): 16940.235
Total binary files size (kB): 6996.893
Compression ratio           : 0.41303399864287593
bpp (bits per point)        : 71.76429320526266

========== Point-based Metrics =========
Asym. Chamfer dist. (1->2) p2pt: 0.986286
Asym. Chamfer dist. (2->1) p2pt: 0.335179
Chamfer dist.              p2pt: 0.660732
CD-PSNR (dB)               p2pt: 61.9967
Hausdorff distance         p2pt: 45


----------------------------------------
Y-CPSNR (dB)                   : 34.4076
U-CPSNR (dB)                   : 45.7114
V-CPSNR (dB)                   : 45.2432

