PCC-Arena Evaluator 0.6.5
Reference Point Cloud: /temp/pranav/dynamic_pc_data/loot/Ply/loot_vox10_1025.ply
Target Point Cloud: /temp/pranav/dynamic_pc_data/loot/experiments/2DD_lodX=2_lodY=2_OM=1/decompressed/loot_dec_1025.ply

========== Time & Binary Size ==========
Encoding time (s)           : -1
Decoding time (s)           : -1
Source point cloud size (kB): 16932.512
Total binary files size (kB): 6996.893
Compression ratio           : 0.4132223854322383
bpp (bits per point)        : 71.82156732925822

========== Point-based Metrics =========
Asym. Chamfer dist. (1->2) p2pt: 0.992013
Asym. Chamfer dist. (2->1) p2pt: 0.3344
Chamfer dist.              p2pt: 0.663206
CD-PSNR (dB)               p2pt: 61.9888
Hausdorff distance         p2pt: 35


----------------------------------------
Y-CPSNR (dB)                   : 34.372
U-CPSNR (dB)                   : 45.5385
V-CPSNR (dB)                   : 45.3712

