PCC-Arena Evaluator 0.6.5
Reference Point Cloud: /temp/pranav/dynamic_pc_data/redandblack/Ply/redandblack_vox10_1489.ply
Target Point Cloud: /temp/pranav/dynamic_pc_data/redandblack/experiments/vanilla_rc_OM=4_GQP=32_AQP=40/decompressed/redandblack_dec_1489.ply

========== Time & Binary Size ==========
Encoding time (s)           : -1
Decoding time (s)           : -1
Source point cloud size (kB): 16222.431
Total binary files size (kB): 4639.908
Compression ratio           : 0.2860180450143385
bpp (bits per point)        : 49.2518061786236

========== Point-based Metrics =========
Asym. Chamfer dist. (1->2) p2pt: 0.827711
Asym. Chamfer dist. (2->1) p2pt: 0.78183
Chamfer dist.              p2pt: 0.80477
CD-PSNR (dB)               p2pt: 60.6902
Hausdorff distance         p2pt: 149


----------------------------------------
Y-CPSNR (dB)                   : 32.6276
U-CPSNR (dB)                   : 38.9121
V-CPSNR (dB)                   : 32.3182

