PCC-Arena Evaluator 0.6.5
Reference Point Cloud: /temp/pranav/dynamic_pc_data/redandblack/Ply/redandblack_vox10_1460.ply
Target Point Cloud: /temp/pranav/dynamic_pc_data/redandblack/experiments/vanilla_rc_OM=4_GQP=32_AQP=40/decompressed/redandblack_dec_1460.ply

========== Time & Binary Size ==========
Encoding time (s)           : -1
Decoding time (s)           : -1
Source point cloud size (kB): 15344.761
Total binary files size (kB): 4639.908
Compression ratio           : 0.30237733908009384
bpp (bits per point)        : 52.20976589531959

========== Point-based Metrics =========
Asym. Chamfer dist. (1->2) p2pt: 0.842902
Asym. Chamfer dist. (2->1) p2pt: 0.740821
Chamfer dist.              p2pt: 0.791861
CD-PSNR (dB)               p2pt: 60.7889
Hausdorff distance         p2pt: 106


----------------------------------------
Y-CPSNR (dB)                   : 33.0743
U-CPSNR (dB)                   : 39.7919
V-CPSNR (dB)                   : 32.9505

