PCC-Arena Evaluator 0.6.5
Reference Point Cloud: /temp/pranav/dynamic_pc_data/redandblack/Ply/redandblack_vox10_1728.ply
Target Point Cloud: /temp/pranav/dynamic_pc_data/redandblack/experiments/vanilla_rc_OM=4_GQP=32_AQP=40/decompressed/redandblack_dec_1728.ply

========== Time & Binary Size ==========
Encoding time (s)           : -1
Decoding time (s)           : -1
Source point cloud size (kB): 13812.621
Total binary files size (kB): 4639.908
Compression ratio           : 0.3359179984740044
bpp (bits per point)        : 57.99250706953927

========== Point-based Metrics =========
Asym. Chamfer dist. (1->2) p2pt: 0.795785
Asym. Chamfer dist. (2->1) p2pt: 0.749592
Chamfer dist.              p2pt: 0.772689
CD-PSNR (dB)               p2pt: 60.8511
Hausdorff distance         p2pt: 169


----------------------------------------
Y-CPSNR (dB)                   : 32.7588
U-CPSNR (dB)                   : 39.5012
V-CPSNR (dB)                   : 32.2348

