PCC-Arena Evaluator 0.6.5
Reference Point Cloud: /temp/pranav/dynamic_pc_data/redandblack/Ply/redandblack_vox10_1706.ply
Target Point Cloud: /temp/pranav/dynamic_pc_data/redandblack/experiments/vanilla_rc_OM=4_GQP=32_AQP=40/decompressed/redandblack_dec_1706.ply

========== Time & Binary Size ==========
Encoding time (s)           : -1
Decoding time (s)           : -1
Source point cloud size (kB): 15352.782
Total binary files size (kB): 4639.908
Compression ratio           : 0.302219363239835
bpp (bits per point)        : 52.08251987860267

========== Point-based Metrics =========
Asym. Chamfer dist. (1->2) p2pt: 0.817037
Asym. Chamfer dist. (2->1) p2pt: 0.744591
Chamfer dist.              p2pt: 0.780814
CD-PSNR (dB)               p2pt: 60.8906
Hausdorff distance         p2pt: 121


----------------------------------------
Y-CPSNR (dB)                   : 33.243
U-CPSNR (dB)                   : 39.5141
V-CPSNR (dB)                   : 32.7849

