PCC-Arena Evaluator 0.6.5
Reference Point Cloud: /temp/pranav/dynamic_pc_data/redandblack/Ply/redandblack_vox10_1461.ply
Target Point Cloud: /temp/pranav/dynamic_pc_data/redandblack/experiments/vanilla_rc_OM=4_GQP=27_AQP=34/decompressed/redandblack_dec_1461.ply

========== Time & Binary Size ==========
Encoding time (s)           : -1
Decoding time (s)           : -1
Source point cloud size (kB): 15354.353
Total binary files size (kB): 7440.043
Compression ratio           : 0.4845559431908332
bpp (bits per point)        : 83.63968815167475

========== Point-based Metrics =========
Asym. Chamfer dist. (1->2) p2pt: 0.500235
Asym. Chamfer dist. (2->1) p2pt: 0.489982
Chamfer dist.              p2pt: 0.495108
CD-PSNR (dB)               p2pt: 62.8931
Hausdorff distance         p2pt: 100


----------------------------------------
Y-CPSNR (dB)                   : 35.4856
U-CPSNR (dB)                   : 40.5351
V-CPSNR (dB)                   : 34.6898

