PCC-Arena Evaluator 0.6.5
Reference Point Cloud: /temp/pranav/dynamic_pc_data/redandblack/Ply/redandblack_vox10_1689.ply
Target Point Cloud: /temp/pranav/dynamic_pc_data/redandblack/experiments/vanilla_rc_OM=4_GQP=27_AQP=34/decompressed/redandblack_dec_1689.ply

========== Time & Binary Size ==========
Encoding time (s)           : -1
Decoding time (s)           : -1
Source point cloud size (kB): 16667.077
Total binary files size (kB): 7440.043
Compression ratio           : 0.44639158983905813
bpp (bits per point)        : 77.11017804419559

========== Point-based Metrics =========
Asym. Chamfer dist. (1->2) p2pt: 0.513071
Asym. Chamfer dist. (2->1) p2pt: 0.520433
Chamfer dist.              p2pt: 0.516752
CD-PSNR (dB)               p2pt: 62.5806
Hausdorff distance         p2pt: 202


----------------------------------------
Y-CPSNR (dB)                   : 35.2944
U-CPSNR (dB)                   : 40.5609
V-CPSNR (dB)                   : 34.4866

