PCC-Arena Evaluator 0.6.5
Reference Point Cloud: /temp/pranav/dynamic_pc_data/redandblack/Ply/redandblack_vox10_1541.ply
Target Point Cloud: /temp/pranav/dynamic_pc_data/redandblack/experiments/vanilla_rc_OM=4_GQP=27_AQP=34/decompressed/redandblack_dec_1541.ply

========== Time & Binary Size ==========
Encoding time (s)           : -1
Decoding time (s)           : -1
Source point cloud size (kB): 15843.806
Total binary files size (kB): 7440.043
Compression ratio           : 0.46958685305790787
bpp (bits per point)        : 80.93975516953462

========== Point-based Metrics =========
Asym. Chamfer dist. (1->2) p2pt: 0.510584
Asym. Chamfer dist. (2->1) p2pt: 0.526161
Chamfer dist.              p2pt: 0.518373
CD-PSNR (dB)               p2pt: 62.7041
Hausdorff distance         p2pt: 68


----------------------------------------
Y-CPSNR (dB)                   : 35.0636
U-CPSNR (dB)                   : 40.0297
V-CPSNR (dB)                   : 34.1757

