PCC-Arena Evaluator 0.6.5
Reference Point Cloud: /temp/pranav/dynamic_pc_data/redandblack/Ply/redandblack_vox10_1568.ply
Target Point Cloud: /temp/pranav/dynamic_pc_data/redandblack/experiments/vanilla_rc_OM=4_GQP=27_AQP=34/decompressed/redandblack_dec_1568.ply

========== Time & Binary Size ==========
Encoding time (s)           : -1
Decoding time (s)           : -1
Source point cloud size (kB): 15020.018
Total binary files size (kB): 7440.043
Compression ratio           : 0.495341816501152
bpp (bits per point)        : 85.22447039282928

========== Point-based Metrics =========
Asym. Chamfer dist. (1->2) p2pt: 0.476388
Asym. Chamfer dist. (2->1) p2pt: 0.458608
Chamfer dist.              p2pt: 0.467498
CD-PSNR (dB)               p2pt: 63.0315
Hausdorff distance         p2pt: 76


----------------------------------------
Y-CPSNR (dB)                   : 35.2614
U-CPSNR (dB)                   : 40.5029
V-CPSNR (dB)                   : 34.0275

