PCC-Arena Evaluator 0.6.5
Reference Point Cloud: /temp/pranav/dynamic_pc_data/redandblack/Ply/redandblack_vox10_1504.ply
Target Point Cloud: /temp/pranav/dynamic_pc_data/redandblack/experiments/vanilla_rc_OM=4_GQP=27_AQP=34/decompressed/redandblack_dec_1504.ply

========== Time & Binary Size ==========
Encoding time (s)           : -1
Decoding time (s)           : -1
Source point cloud size (kB): 15247.421
Total binary files size (kB): 7440.043
Compression ratio           : 0.48795419238440385
bpp (bits per point)        : 84.01132565492321

========== Point-based Metrics =========
Asym. Chamfer dist. (1->2) p2pt: 0.499636
Asym. Chamfer dist. (2->1) p2pt: 0.499204
Chamfer dist.              p2pt: 0.49942
CD-PSNR (dB)               p2pt: 62.7304
Hausdorff distance         p2pt: 89


----------------------------------------
Y-CPSNR (dB)                   : 35.3542
U-CPSNR (dB)                   : 40.4764
V-CPSNR (dB)                   : 34.3782

