PCC-Arena Evaluator 0.6.5
Reference Point Cloud: /temp/pranav/dynamic_pc_data/longdress/Ply/longdress_vox10_1188.ply
Target Point Cloud: /temp/pranav/dynamic_pc_data/longdress/experiments/2DD_lodX=2_lodY=2_OM=4_r1/decompressed/longdress_dec_1188.ply

========== Time & Binary Size ==========
Encoding time (s)           : -1
Decoding time (s)           : -1
Source point cloud size (kB): 19528.915
Total binary files size (kB): 4022.404
Compression ratio           : 0.20597170912976986
bpp (bits per point)        : 37.471653380098324

========== Point-based Metrics =========
Asym. Chamfer dist. (1->2) p2pt: 1.67119
Asym. Chamfer dist. (2->1) p2pt: 0.994365
Chamfer dist.              p2pt: 1.33278
CD-PSNR (dB)               p2pt: 58.7679
Hausdorff distance         p2pt: 185


----------------------------------------
Y-CPSNR (dB)                   : 24.977
U-CPSNR (dB)                   : 31.3582
V-CPSNR (dB)                   : 30.4607

