PCC-Arena Evaluator 0.6.5
Reference Point Cloud: /temp/pranav/dynamic_pc_data/longdress/Ply/longdress_vox10_1238.ply
Target Point Cloud: /temp/pranav/dynamic_pc_data/longdress/experiments/2DD_lodX=2_lodY=2_OM=4_r1/decompressed/longdress_dec_1238.ply

========== Time & Binary Size ==========
Encoding time (s)           : -1
Decoding time (s)           : -1
Source point cloud size (kB): 19681.519
Total binary files size (kB): 4022.404
Compression ratio           : 0.20437467250368227
bpp (bits per point)        : 37.116464047613555

========== Point-based Metrics =========
Asym. Chamfer dist. (1->2) p2pt: 1.8666
Asym. Chamfer dist. (2->1) p2pt: 1.13135
Chamfer dist.              p2pt: 1.49897
CD-PSNR (dB)               p2pt: 58.2915
Hausdorff distance         p2pt: 281


----------------------------------------
Y-CPSNR (dB)                   : 25.3989
U-CPSNR (dB)                   : 31.531
V-CPSNR (dB)                   : 30.4053

