PCC-Arena Evaluator 0.6.5
Reference Point Cloud: /temp/pranav/dynamic_pc_data/longdress/Ply/longdress_vox10_1055.ply
Target Point Cloud: /temp/pranav/dynamic_pc_data/longdress/experiments/2DD_lodX=2_lodY=2_OM=4_r1/decompressed/longdress_dec_1055.ply

========== Time & Binary Size ==========
Encoding time (s)           : -1
Decoding time (s)           : -1
Source point cloud size (kB): 18131.211
Total binary files size (kB): 4022.404
Compression ratio           : 0.22184971538856396
bpp (bits per point)        : 39.923317610101904

========== Point-based Metrics =========
Asym. Chamfer dist. (1->2) p2pt: 1.65494
Asym. Chamfer dist. (2->1) p2pt: 1.05435
Chamfer dist.              p2pt: 1.35464
CD-PSNR (dB)               p2pt: 58.8839
Hausdorff distance         p2pt: 166


----------------------------------------
Y-CPSNR (dB)                   : 25.4591
U-CPSNR (dB)                   : 31.6343
V-CPSNR (dB)                   : 30.8451

