PCC-Arena Evaluator 0.6.5
Reference Point Cloud: /temp/pranav/dynamic_pc_data/longdress/Ply/longdress_vox10_1148.ply
Target Point Cloud: /temp/pranav/dynamic_pc_data/longdress/experiments/2DD_lodX=2_lodY=2_OM=4_r1/decompressed/longdress_dec_1148.ply

========== Time & Binary Size ==========
Encoding time (s)           : -1
Decoding time (s)           : -1
Source point cloud size (kB): 20302.6
Total binary files size (kB): 4022.404
Compression ratio           : 0.19812260498655346
bpp (bits per point)        : 36.04046304924378

========== Point-based Metrics =========
Asym. Chamfer dist. (1->2) p2pt: 1.68333
Asym. Chamfer dist. (2->1) p2pt: 1.03625
Chamfer dist.              p2pt: 1.35979
CD-PSNR (dB)               p2pt: 58.7679
Hausdorff distance         p2pt: 194


----------------------------------------
Y-CPSNR (dB)                   : 25.5908
U-CPSNR (dB)                   : 31.7488
V-CPSNR (dB)                   : 31.0501

