PCC-Arena Evaluator 0.6.5
Reference Point Cloud: /temp/pranav/dynamic_pc_data/loot/Ply/loot_vox10_1005.ply
Target Point Cloud: /temp/pranav/dynamic_pc_data/loot/experiments/vanilla_rc_OM=4_GQP=36_AQP=46/decompressed/loot_dec_1005.ply

========== Time & Binary Size ==========
Encoding time (s)           : -1
Decoding time (s)           : -1
Source point cloud size (kB): 16838.429
Total binary files size (kB): 2183.854
Compression ratio           : 0.1296946407530061
bpp (bits per point)        : 22.5461218516621

========== Point-based Metrics =========
Asym. Chamfer dist. (1->2) p2pt: 1.14257
Asym. Chamfer dist. (2->1) p2pt: 1.02168
Chamfer dist.              p2pt: 1.08212
CD-PSNR (dB)               p2pt: 59.8498
Hausdorff distance         p2pt: 211


----------------------------------------
Y-CPSNR (dB)                   : 30.7808
U-CPSNR (dB)                   : 42.2867
V-CPSNR (dB)                   : 42.1573

