PCC-Arena Evaluator 0.6.5
Reference Point Cloud: /temp/pranav/dynamic_pc_data/loot/Ply/loot_vox10_1056.ply
Target Point Cloud: /temp/pranav/dynamic_pc_data/loot/experiments/vanilla_rc_OM=4_GQP=36_AQP=46/decompressed/loot_dec_1056.ply

========== Time & Binary Size ==========
Encoding time (s)           : -1
Decoding time (s)           : -1
Source point cloud size (kB): 17135.283
Total binary files size (kB): 2183.854
Compression ratio           : 0.12744779295445544
bpp (bits per point)        : 21.87112798069123

========== Point-based Metrics =========
Asym. Chamfer dist. (1->2) p2pt: 1.25874
Asym. Chamfer dist. (2->1) p2pt: 1.09971
Chamfer dist.              p2pt: 1.17922
CD-PSNR (dB)               p2pt: 59.4352
Hausdorff distance         p2pt: 203


----------------------------------------
Y-CPSNR (dB)                   : 30.702
U-CPSNR (dB)                   : 42.4651
V-CPSNR (dB)                   : 42.0965

