PCC-Arena Evaluator 0.6.5
Reference Point Cloud: /home/p/pranav/dynamic_pc_data/loot/Ply/loot_vox10_1034.ply
Target Point Cloud: /home/p/pranav/dynamic_pc_data/loot/experiments/vanilla_rc_OM=4_GQP=36_AQP=46/decompressed/loot_dec_1034.ply

========== Time & Binary Size ==========
Encoding time (s)           : -1
Decoding time (s)           : -1
Source point cloud size (kB): 16916.372
Total binary files size (kB): 2183.854
Compression ratio           : 0.12909706643954152
bpp (bits per point)        : 22.45588021701604

========== Point-based Metrics =========
Asym. Chamfer dist. (1->2) p2pt: 1.13242
Asym. Chamfer dist. (2->1) p2pt: 0.982464
Chamfer dist.              p2pt: 1.05744
CD-PSNR (dB)               p2pt: 59.952
Hausdorff distance         p2pt: 85


----------------------------------------
Y-CPSNR (dB)                   : 30.783
U-CPSNR (dB)                   : 42.4529
V-CPSNR (dB)                   : 42.088

