PCC-Arena Evaluator 0.6.5
Reference Point Cloud: /home/p/pranav/dynamic_pc_data/loot/Ply/loot_vox10_1174.ply
Target Point Cloud: /home/p/pranav/dynamic_pc_data/loot/experiments/vanilla_rc_OM=4_GQP=36_AQP=46/decompressed/loot_dec_1174.ply

========== Time & Binary Size ==========
Encoding time (s)           : -1
Decoding time (s)           : -1
Source point cloud size (kB): 17059.297
Total binary files size (kB): 2183.854
Compression ratio           : 0.12801547449464065
bpp (bits per point)        : 22.25458955166844

========== Point-based Metrics =========
Asym. Chamfer dist. (1->2) p2pt: 1.12852
Asym. Chamfer dist. (2->1) p2pt: 1.02067
Chamfer dist.              p2pt: 1.0746
CD-PSNR (dB)               p2pt: 59.7924
Hausdorff distance         p2pt: 296


----------------------------------------
Y-CPSNR (dB)                   : 31.3286
U-CPSNR (dB)                   : 42.7889
V-CPSNR (dB)                   : 41.9611

