PCC-Arena Evaluator 0.6.5
Reference Point Cloud: /home/p/pranav/dynamic_pc_data/loot/Ply/loot_vox10_1016.ply
Target Point Cloud: /home/p/pranav/dynamic_pc_data/loot/experiments/vanilla_rc_OM=4_GQP=36_AQP=46/decompressed/loot_dec_1016.ply

========== Time & Binary Size ==========
Encoding time (s)           : -1
Decoding time (s)           : -1
Source point cloud size (kB): 17005.104
Total binary files size (kB): 2183.854
Compression ratio           : 0.12842344274989437
bpp (bits per point)        : 22.320666394112838

========== Point-based Metrics =========
Asym. Chamfer dist. (1->2) p2pt: 1.14605
Asym. Chamfer dist. (2->1) p2pt: 0.997373
Chamfer dist.              p2pt: 1.07171
CD-PSNR (dB)               p2pt: 59.7966
Hausdorff distance         p2pt: 134


----------------------------------------
Y-CPSNR (dB)                   : 30.8933
U-CPSNR (dB)                   : 42.8927
V-CPSNR (dB)                   : 42.3707

