PCC-Arena Evaluator 0.6.5
Reference Point Cloud: /home/p/pranav/dynamic_pc_data/loot/Ply/loot_vox10_1145.ply
Target Point Cloud: /home/p/pranav/dynamic_pc_data/loot/experiments/vanilla_rc_OM=4_GQP=36_AQP=46/decompressed/loot_dec_1145.ply

========== Time & Binary Size ==========
Encoding time (s)           : -1
Decoding time (s)           : -1
Source point cloud size (kB): 17095.529
Total binary files size (kB): 2183.854
Compression ratio           : 0.12774416047611045
bpp (bits per point)        : 22.14216442974285

========== Point-based Metrics =========
Asym. Chamfer dist. (1->2) p2pt: 1.16862
Asym. Chamfer dist. (2->1) p2pt: 1.02397
Chamfer dist.              p2pt: 1.09629
CD-PSNR (dB)               p2pt: 59.5563
Hausdorff distance         p2pt: 133


----------------------------------------
Y-CPSNR (dB)                   : 31.015
U-CPSNR (dB)                   : 42.7811
V-CPSNR (dB)                   : 42.4292

