PCC-Arena Evaluator 0.6.5
Reference Point Cloud: /temp/pranav/dynamic_pc_data/longdress/Ply/longdress_vox10_1256.ply
Target Point Cloud: /temp/pranav/dynamic_pc_data/longdress/experiments/3DD_4_noQuantize_OM=4_r1/decompressed/longdress_dec_1256.ply

========== Time & Binary Size ==========
Encoding time (s)           : -1
Decoding time (s)           : -1
Source point cloud size (kB): 16859.356
Total binary files size (kB): 5192.209
Compression ratio           : 0.3079719652399534
bpp (bits per point)        : 56.26786848782127

========== Point-based Metrics =========
Asym. Chamfer dist. (1->2) p2pt: 1.01584
Asym. Chamfer dist. (2->1) p2pt: 0.701145
Chamfer dist.              p2pt: 0.858491
CD-PSNR (dB)               p2pt: 60.5323
Hausdorff distance         p2pt: 114


----------------------------------------
Y-CPSNR (dB)                   : 26.746
U-CPSNR (dB)                   : 33.1381
V-CPSNR (dB)                   : 32.4758

