PCC-Arena Evaluator 0.6.5
Reference Point Cloud: /temp/pranav/dynamic_pc_data/longdress/Ply/longdress_vox10_1245.ply
Target Point Cloud: /temp/pranav/dynamic_pc_data/longdress/experiments/3DD_4_noQuantize_OM=4_r1/decompressed/longdress_dec_1245.ply

========== Time & Binary Size ==========
Encoding time (s)           : -1
Decoding time (s)           : -1
Source point cloud size (kB): 18434.847
Total binary files size (kB): 5192.209
Compression ratio           : 0.2816518629094128
bpp (bits per point)        : 51.2531720384334

========== Point-based Metrics =========
Asym. Chamfer dist. (1->2) p2pt: 1.07473
Asym. Chamfer dist. (2->1) p2pt: 0.757493
Chamfer dist.              p2pt: 0.916112
CD-PSNR (dB)               p2pt: 60.4564
Hausdorff distance         p2pt: 125


----------------------------------------
Y-CPSNR (dB)                   : 26.5282
U-CPSNR (dB)                   : 32.962
V-CPSNR (dB)                   : 32.1536

