PCC-Arena Evaluator 0.6.5
Reference Point Cloud: /temp/pranav/dynamic_pc_data/longdress/Ply/longdress_vox10_1136.ply
Target Point Cloud: /temp/pranav/dynamic_pc_data/longdress/experiments/3DD_4_noQuantize_OM=4_r1/decompressed/longdress_dec_1136.ply

========== Time & Binary Size ==========
Encoding time (s)           : -1
Decoding time (s)           : -1
Source point cloud size (kB): 20817.789
Total binary files size (kB): 5192.209
Compression ratio           : 0.24941212537027826
bpp (bits per point)        : 45.389467610931234

========== Point-based Metrics =========
Asym. Chamfer dist. (1->2) p2pt: 1.04343
Asym. Chamfer dist. (2->1) p2pt: 0.865838
Chamfer dist.              p2pt: 0.954636
CD-PSNR (dB)               p2pt: 60.3367
Hausdorff distance         p2pt: 197


----------------------------------------
Y-CPSNR (dB)                   : 26.4893
U-CPSNR (dB)                   : 32.8367
V-CPSNR (dB)                   : 31.8637

