PCC-Arena Evaluator 0.6.5
Reference Point Cloud: /temp/pranav/dynamic_pc_data/longdress/Ply/longdress_vox10_1243.ply
Target Point Cloud: /temp/pranav/dynamic_pc_data/longdress/experiments/3DD_4_noQuantize_OM=4_r1/decompressed/longdress_dec_1243.ply

========== Time & Binary Size ==========
Encoding time (s)           : -1
Decoding time (s)           : -1
Source point cloud size (kB): 18709.536
Total binary files size (kB): 5192.209
Compression ratio           : 0.27751671660911315
bpp (bits per point)        : 50.485401681644596

========== Point-based Metrics =========
Asym. Chamfer dist. (1->2) p2pt: 1.02499
Asym. Chamfer dist. (2->1) p2pt: 0.733692
Chamfer dist.              p2pt: 0.879342
CD-PSNR (dB)               p2pt: 60.6078
Hausdorff distance         p2pt: 187


----------------------------------------
Y-CPSNR (dB)                   : 26.471
U-CPSNR (dB)                   : 32.9663
V-CPSNR (dB)                   : 32.0719

