PCC-Arena Evaluator 0.6.5
Reference Point Cloud: /temp/pranav/dynamic_pc_data/longdress/Ply/longdress_vox10_1254.ply
Target Point Cloud: /temp/pranav/dynamic_pc_data/longdress/experiments/3DD_4_noQuantize_OM=4_r1/decompressed/longdress_dec_1254.ply

========== Time & Binary Size ==========
Encoding time (s)           : -1
Decoding time (s)           : -1
Source point cloud size (kB): 16763.925
Total binary files size (kB): 5190.618
Compression ratio           : 0.309630232776632
bpp (bits per point)        : 56.48238264162441

========== Point-based Metrics =========
Asym. Chamfer dist. (1->2) p2pt: 1.00618
Asym. Chamfer dist. (2->1) p2pt: 0.702168
Chamfer dist.              p2pt: 0.854172
CD-PSNR (dB)               p2pt: 60.5426
Hausdorff distance         p2pt: 349


----------------------------------------
Y-CPSNR (dB)                   : 26.6698
U-CPSNR (dB)                   : 33.1548
V-CPSNR (dB)                   : 32.39

