PCC-Arena Evaluator 0.6.5
Reference Point Cloud: /temp/pranav/dynamic_pc_data/longdress/Ply/longdress_vox10_1244.ply
Target Point Cloud: /temp/pranav/dynamic_pc_data/longdress/experiments/3DD_4_noQuantize_OM=4_r1/decompressed/longdress_dec_1244.ply

========== Time & Binary Size ==========
Encoding time (s)           : -1
Decoding time (s)           : -1
Source point cloud size (kB): 18489.215
Total binary files size (kB): 5190.618
Compression ratio           : 0.280737608384131
bpp (bits per point)        : 51.09039413170205

========== Point-based Metrics =========
Asym. Chamfer dist. (1->2) p2pt: 1.03971
Asym. Chamfer dist. (2->1) p2pt: 0.748834
Chamfer dist.              p2pt: 0.894273
CD-PSNR (dB)               p2pt: 60.5171
Hausdorff distance         p2pt: 400


----------------------------------------
Y-CPSNR (dB)                   : 26.5121
U-CPSNR (dB)                   : 32.9868
V-CPSNR (dB)                   : 32.1344

