PCC-Arena Evaluator 0.6.5
Reference Point Cloud: /temp/pranav/dynamic_pc_data/longdress/Ply/longdress_vox10_1150.ply
Target Point Cloud: /temp/pranav/dynamic_pc_data/longdress/experiments/3DD_4_noQuantize_OM=4_r1/decompressed/longdress_dec_1150.ply

========== Time & Binary Size ==========
Encoding time (s)           : -1
Decoding time (s)           : -1
Source point cloud size (kB): 19779.082
Total binary files size (kB): 5192.209
Compression ratio           : 0.2625101104287853
bpp (bits per point)        : 47.772290288708476

========== Point-based Metrics =========
Asym. Chamfer dist. (1->2) p2pt: 1.01291
Asym. Chamfer dist. (2->1) p2pt: 0.783557
Chamfer dist.              p2pt: 0.898233
CD-PSNR (dB)               p2pt: 60.5554
Hausdorff distance         p2pt: 130


----------------------------------------
Y-CPSNR (dB)                   : 26.5004
U-CPSNR (dB)                   : 32.7642
V-CPSNR (dB)                   : 31.9474

