PCC-Arena Evaluator 0.6.5
Reference Point Cloud: /home/p/pranav/dynamic_pc_data/redandblack/Ply/redandblack_vox10_1693.ply
Target Point Cloud: /home/p/pranav/dynamic_pc_data/redandblack/experiments/2DD_lodX=2_lodY=1_OM=1/decompressed/redandblack_dec_1693.ply

========== Time & Binary Size ==========
Encoding time (s)           : -1
Decoding time (s)           : -1
Source point cloud size (kB): 16584.64
Total binary files size (kB): 11037.427
Compression ratio           : 0.665521048391765
bpp (bits per point)        : 114.87447766242552

========== Point-based Metrics =========
Asym. Chamfer dist. (1->2) p2pt: 0.69607
Asym. Chamfer dist. (2->1) p2pt: 0.367134
Chamfer dist.              p2pt: 0.531602
CD-PSNR (dB)               p2pt: 62.4936
Hausdorff distance         p2pt: 46


----------------------------------------
Y-CPSNR (dB)                   : 35.1602
U-CPSNR (dB)                   : 40.7145
V-CPSNR (dB)                   : 33.7393

