PCC-Arena Evaluator 0.6.5
Reference Point Cloud: /home/p/pranav/dynamic_pc_data/redandblack/Ply/redandblack_vox10_1705.ply
Target Point Cloud: /home/p/pranav/dynamic_pc_data/redandblack/experiments/2DD_lodX=2_lodY=1_OM=1/decompressed/redandblack_dec_1705.ply

========== Time & Binary Size ==========
Encoding time (s)           : -1
Decoding time (s)           : -1
Source point cloud size (kB): 15498.925
Total binary files size (kB): 11037.427
Compression ratio           : 0.7121414549718771
bpp (bits per point)        : 122.76664173314832

========== Point-based Metrics =========
Asym. Chamfer dist. (1->2) p2pt: 0.717504
Asym. Chamfer dist. (2->1) p2pt: 0.363974
Chamfer dist.              p2pt: 0.540739
CD-PSNR (dB)               p2pt: 62.4836
Hausdorff distance         p2pt: 100


----------------------------------------
Y-CPSNR (dB)                   : 35.4171
U-CPSNR (dB)                   : 40.7513
V-CPSNR (dB)                   : 33.9899

