PCC-Arena Evaluator 0.6.5
Reference Point Cloud: /home/p/pranav/dynamic_pc_data/redandblack/Ply/redandblack_vox10_1502.ply
Target Point Cloud: /home/p/pranav/dynamic_pc_data/redandblack/experiments/2DD_lodX=2_lodY=1_OM=1/decompressed/redandblack_dec_1502.ply

========== Time & Binary Size ==========
Encoding time (s)           : -1
Decoding time (s)           : -1
Source point cloud size (kB): 15166.312
Total binary files size (kB): 11037.427
Compression ratio           : 0.7277594579354559
bpp (bits per point)        : 125.30302957199437

========== Point-based Metrics =========
Asym. Chamfer dist. (1->2) p2pt: 0.703575
Asym. Chamfer dist. (2->1) p2pt: 0.362085
Chamfer dist.              p2pt: 0.53283
CD-PSNR (dB)               p2pt: 62.4509
Hausdorff distance         p2pt: 91


----------------------------------------
Y-CPSNR (dB)                   : 34.8854
U-CPSNR (dB)                   : 40.3099
V-CPSNR (dB)                   : 33.5505

