PCC-Arena Evaluator 0.6.5
Reference Point Cloud: /home/p/pranav/dynamic_pc_data/redandblack/Ply/redandblack_vox10_1615.ply
Target Point Cloud: /home/p/pranav/dynamic_pc_data/redandblack/experiments/2DD_lodX=2_lodY=1_OM=1/decompressed/redandblack_dec_1615.ply

========== Time & Binary Size ==========
Encoding time (s)           : -1
Decoding time (s)           : -1
Source point cloud size (kB): 17021.44
Total binary files size (kB): 11037.427
Compression ratio           : 0.6484426112009325
bpp (bits per point)        : 111.8628853467519

========== Point-based Metrics =========
Asym. Chamfer dist. (1->2) p2pt: 0.688771
Asym. Chamfer dist. (2->1) p2pt: 0.360521
Chamfer dist.              p2pt: 0.524646
CD-PSNR (dB)               p2pt: 62.5457
Hausdorff distance         p2pt: 74


----------------------------------------
Y-CPSNR (dB)                   : 35.4088
U-CPSNR (dB)                   : 40.561
V-CPSNR (dB)                   : 33.6034

