PCC-Arena Evaluator 0.6.5
Reference Point Cloud: /temp/pranav/dynamic_pc_data/redandblack/Ply/redandblack_vox10_1690.ply
Target Point Cloud: /temp/pranav/dynamic_pc_data/redandblack/experiments/2DD_lodX=2_lodY=1_OM=1/decompressed/redandblack_dec_1690.ply

========== Time & Binary Size ==========
Encoding time (s)           : -1
Decoding time (s)           : -1
Source point cloud size (kB): 16510.506
Total binary files size (kB): 11037.427
Compression ratio           : 0.6685093115862105
bpp (bits per point)        : 115.47026130713724

========== Point-based Metrics =========
Asym. Chamfer dist. (1->2) p2pt: 0.735626
Asym. Chamfer dist. (2->1) p2pt: 0.376923
Chamfer dist.              p2pt: 0.556274
CD-PSNR (dB)               p2pt: 62.2687
Hausdorff distance         p2pt: 81


----------------------------------------
Y-CPSNR (dB)                   : 34.9787
U-CPSNR (dB)                   : 40.7713
V-CPSNR (dB)                   : 33.7189

