PCC-Arena Evaluator 0.6.5
Reference Point Cloud: /temp/pranav/dynamic_pc_data/redandblack/Ply/redandblack_vox10_1510.ply
Target Point Cloud: /temp/pranav/dynamic_pc_data/redandblack/experiments/2DD_lodX=2_lodY=1_OM=1/decompressed/redandblack_dec_1510.ply

========== Time & Binary Size ==========
Encoding time (s)           : -1
Decoding time (s)           : -1
Source point cloud size (kB): 14945.17
Total binary files size (kB): 11037.427
Compression ratio           : 0.738528032802571
bpp (bits per point)        : 127.25110714959958

========== Point-based Metrics =========
Asym. Chamfer dist. (1->2) p2pt: 0.692932
Asym. Chamfer dist. (2->1) p2pt: 0.375838
Chamfer dist.              p2pt: 0.534385
CD-PSNR (dB)               p2pt: 62.4465
Hausdorff distance         p2pt: 62


----------------------------------------
Y-CPSNR (dB)                   : 34.9852
U-CPSNR (dB)                   : 40.4878
V-CPSNR (dB)                   : 33.5807

