PCC-Arena Evaluator 0.6.5
Reference Point Cloud: /temp/pranav/dynamic_pc_data/redandblack/Ply/redandblack_vox10_1577.ply
Target Point Cloud: /temp/pranav/dynamic_pc_data/redandblack/experiments/2DD_lodX=2_lodY=1_OM=1/decompressed/redandblack_dec_1577.ply

========== Time & Binary Size ==========
Encoding time (s)           : -1
Decoding time (s)           : -1
Source point cloud size (kB): 15708.355
Total binary files size (kB): 11037.427
Compression ratio           : 0.7026469035109023
bpp (bits per point)        : 121.1099062523574

========== Point-based Metrics =========
Asym. Chamfer dist. (1->2) p2pt: 0.6964
Asym. Chamfer dist. (2->1) p2pt: 0.365981
Chamfer dist.              p2pt: 0.531191
CD-PSNR (dB)               p2pt: 62.8108
Hausdorff distance         p2pt: 82


----------------------------------------
Y-CPSNR (dB)                   : 35.0218
U-CPSNR (dB)                   : 40.6674
V-CPSNR (dB)                   : 34.1676

