PCC-Arena Evaluator 0.6.5
Reference Point Cloud: /temp/pranav/dynamic_pc_data/loot/Ply/loot_vox10_1132.ply
Target Point Cloud: /temp/pranav/dynamic_pc_data/loot/experiments/2DD_lodX=2_lodY=2_OM=4_r1/decompressed/loot_dec_1132.ply

========== Time & Binary Size ==========
Encoding time (s)           : -1
Decoding time (s)           : -1
Source point cloud size (kB): 16802.538
Total binary files size (kB): 2170.136
Compression ratio           : 0.12915525023660115
bpp (bits per point)        : 22.05240674995078

========== Point-based Metrics =========
Asym. Chamfer dist. (1->2) p2pt: 1.69722
Asym. Chamfer dist. (2->1) p2pt: 0.93968
Chamfer dist.              p2pt: 1.31845
CD-PSNR (dB)               p2pt: 59.0693
Hausdorff distance         p2pt: 97


----------------------------------------
Y-CPSNR (dB)                   : 30.6502
U-CPSNR (dB)                   : 42.9879
V-CPSNR (dB)                   : 42.6267

