PCC-Arena Evaluator 0.6.5
Reference Point Cloud: /temp/pranav/dynamic_pc_data/loot/Ply/loot_vox10_1117.ply
Target Point Cloud: /temp/pranav/dynamic_pc_data/loot/experiments/2DD_lodX=2_lodY=2_OM=4_r1/decompressed/loot_dec_1117.ply

========== Time & Binary Size ==========
Encoding time (s)           : -1
Decoding time (s)           : -1
Source point cloud size (kB): 16600.135
Total binary files size (kB): 2170.136
Compression ratio           : 0.13073002117151458
bpp (bits per point)        : 22.13537945261719

========== Point-based Metrics =========
Asym. Chamfer dist. (1->2) p2pt: 1.69443
Asym. Chamfer dist. (2->1) p2pt: 0.961128
Chamfer dist.              p2pt: 1.32778
CD-PSNR (dB)               p2pt: 59.0654
Hausdorff distance         p2pt: 101


----------------------------------------
Y-CPSNR (dB)                   : 30.7722
U-CPSNR (dB)                   : 42.9039
V-CPSNR (dB)                   : 42.4733

