PCC-Arena Evaluator 0.6.5
Reference Point Cloud: /temp/pranav/dynamic_pc_data/loot/Ply/loot_vox10_1241.ply
Target Point Cloud: /temp/pranav/dynamic_pc_data/loot/experiments/2DD_lodX=2_lodY=2_OM=4_r1/decompressed/loot_dec_1241.ply

========== Time & Binary Size ==========
Encoding time (s)           : -1
Decoding time (s)           : -1
Source point cloud size (kB): 17653.307
Total binary files size (kB): 2170.136
Compression ratio           : 0.12293084802751121
bpp (bits per point)        : 21.417339309087364

========== Point-based Metrics =========
Asym. Chamfer dist. (1->2) p2pt: 1.70754
Asym. Chamfer dist. (2->1) p2pt: 1.02086
Chamfer dist.              p2pt: 1.3642
CD-PSNR (dB)               p2pt: 58.784
Hausdorff distance         p2pt: 229


----------------------------------------
Y-CPSNR (dB)                   : 30.6316
U-CPSNR (dB)                   : 43.2389
V-CPSNR (dB)                   : 42.3043

