PCC-Arena Evaluator 0.6.5
Reference Point Cloud: /temp/pranav/dynamic_pc_data/loot/Ply/loot_vox10_1165.ply
Target Point Cloud: /temp/pranav/dynamic_pc_data/loot/experiments/2DD_lodX=2_lodY=2_OM=4_r1/decompressed/loot_dec_1165.ply

========== Time & Binary Size ==========
Encoding time (s)           : -1
Decoding time (s)           : -1
Source point cloud size (kB): 17165.854
Total binary files size (kB): 2170.136
Compression ratio           : 0.12642167409789226
bpp (bits per point)        : 21.990396270986782

========== Point-based Metrics =========
Asym. Chamfer dist. (1->2) p2pt: 1.66033
Asym. Chamfer dist. (2->1) p2pt: 0.908864
Chamfer dist.              p2pt: 1.2846
CD-PSNR (dB)               p2pt: 59.0315
Hausdorff distance         p2pt: 89


----------------------------------------
Y-CPSNR (dB)                   : 31.0331
U-CPSNR (dB)                   : 42.9652
V-CPSNR (dB)                   : 41.9871

