PCC-Arena Evaluator 0.6.5
Reference Point Cloud: /temp/pranav/dynamic_pc_data/soldier/Ply/soldier_vox10_0713.ply
Target Point Cloud: /temp/pranav/dynamic_pc_data/soldier/experiments/2DD_lodX=2_lodY=2_OM=4_r1/decompressed/soldier_dec_0713.ply

========== Time & Binary Size ==========
Encoding time (s)           : -1
Decoding time (s)           : -1
Source point cloud size (kB): 24120.693
Total binary files size (kB): 4630.941
Compression ratio           : 0.19199037938089092
bpp (bits per point)        : 34.153591713352505

========== Point-based Metrics =========
Asym. Chamfer dist. (1->2) p2pt: 1.36669
Asym. Chamfer dist. (2->1) p2pt: 0.915754
Chamfer dist.              p2pt: 1.14122
CD-PSNR (dB)               p2pt: 59.5878
Hausdorff distance         p2pt: 542


----------------------------------------
Y-CPSNR (dB)                   : 28.6996
U-CPSNR (dB)                   : 42.6817
V-CPSNR (dB)                   : 42.9617

