PCC-Arena Evaluator 0.6.5
Reference Point Cloud: /temp/pranav/dynamic_pc_data/soldier/Ply/soldier_vox10_0571.ply
Target Point Cloud: /temp/pranav/dynamic_pc_data/soldier/experiments/2DD_lodX=2_lodY=2_OM=4_r1/decompressed/soldier_dec_0571.ply

========== Time & Binary Size ==========
Encoding time (s)           : -1
Decoding time (s)           : -1
Source point cloud size (kB): 23497.984
Total binary files size (kB): 4630.941
Compression ratio           : 0.19707822594483
bpp (bits per point)        : 34.92114458507047

========== Point-based Metrics =========
Asym. Chamfer dist. (1->2) p2pt: 1.40665
Asym. Chamfer dist. (2->1) p2pt: 0.967869
Chamfer dist.              p2pt: 1.18726
CD-PSNR (dB)               p2pt: 59.5497
Hausdorff distance         p2pt: 3956


----------------------------------------
Y-CPSNR (dB)                   : 28.2219
U-CPSNR (dB)                   : 42.5965
V-CPSNR (dB)                   : 42.9356

