PCC-Arena Evaluator 0.6.5
Reference Point Cloud: /temp/pranav/dynamic_pc_data/soldier/Ply/soldier_vox10_0827.ply
Target Point Cloud: /temp/pranav/dynamic_pc_data/soldier/experiments/2DD_lodX=2_lodY=2_OM=4_r1/decompressed/soldier_dec_0827.ply

========== Time & Binary Size ==========
Encoding time (s)           : -1
Decoding time (s)           : -1
Source point cloud size (kB): 24112.499
Total binary files size (kB): 4630.941
Compression ratio           : 0.1920556222729133
bpp (bits per point)        : 33.94894031918715

========== Point-based Metrics =========
Asym. Chamfer dist. (1->2) p2pt: 1.32816
Asym. Chamfer dist. (2->1) p2pt: 0.880852
Chamfer dist.              p2pt: 1.10451
CD-PSNR (dB)               p2pt: 59.5446
Hausdorff distance         p2pt: 297


----------------------------------------
Y-CPSNR (dB)                   : 28.6067
U-CPSNR (dB)                   : 42.9254
V-CPSNR (dB)                   : 43.1262

