PCC-Arena Evaluator 0.6.5
Reference Point Cloud: /temp/pranav/dynamic_pc_data/soldier/Ply/soldier_vox10_0634.ply
Target Point Cloud: /temp/pranav/dynamic_pc_data/soldier/experiments/2DD_lodX=2_lodY=2_OM=4_r1/decompressed/soldier_dec_0634.ply

========== Time & Binary Size ==========
Encoding time (s)           : -1
Decoding time (s)           : -1
Source point cloud size (kB): 23515.654
Total binary files size (kB): 4630.941
Compression ratio           : 0.1969301385366531
bpp (bits per point)        : 34.91492441663211

========== Point-based Metrics =========
Asym. Chamfer dist. (1->2) p2pt: 1.50445
Asym. Chamfer dist. (2->1) p2pt: 1.01806
Chamfer dist.              p2pt: 1.26126
CD-PSNR (dB)               p2pt: 59.2859
Hausdorff distance         p2pt: 3646


----------------------------------------
Y-CPSNR (dB)                   : 28.4693
U-CPSNR (dB)                   : 42.3454
V-CPSNR (dB)                   : 42.7702

