PCC-Arena Evaluator 0.6.5
Reference Point Cloud: /temp/pranav/dynamic_pc_data/soldier/Ply/soldier_vox10_0543.ply
Target Point Cloud: /temp/pranav/dynamic_pc_data/soldier/experiments/3DD_2_Quantize=2_OM=4_r1/decompressed/soldier_dec_0543.ply

========== Time & Binary Size ==========
Encoding time (s)           : -1
Decoding time (s)           : -1
Source point cloud size (kB): 23508.233
Total binary files size (kB): 2339.097
Compression ratio           : 0.09950118326630505
bpp (bits per point)        : 17.627021955621537

========== Point-based Metrics =========
Asym. Chamfer dist. (1->2) p2pt: 4.24299
Asym. Chamfer dist. (2->1) p2pt: 3.86399
Chamfer dist.              p2pt: 4.05349
CD-PSNR (dB)               p2pt: 54.2258
Hausdorff distance         p2pt: 786


----------------------------------------
Y-CPSNR (dB)                   : 26.4895
U-CPSNR (dB)                   : 41.6565
V-CPSNR (dB)                   : 41.7928

