PCC-Arena Evaluator 0.6.5
Reference Point Cloud: /temp/pranav/dynamic_pc_data/redandblack/Ply/redandblack_vox10_1740.ply
Target Point Cloud: /temp/pranav/dynamic_pc_data/redandblack/experiments/vanilla_rc_OM=4_GQP=41_AQP=48/decompressed/redandblack_dec_1740.ply

========== Time & Binary Size ==========
Encoding time (s)           : -1
Decoding time (s)           : -1
Source point cloud size (kB): 14362.543
Total binary files size (kB): 2531.051
Compression ratio           : 0.17622582574687504
bpp (bits per point)        : 30.365263606207296

========== Point-based Metrics =========
Asym. Chamfer dist. (1->2) p2pt: 2.40483
Asym. Chamfer dist. (2->1) p2pt: 2.19861
Chamfer dist.              p2pt: 2.30172
CD-PSNR (dB)               p2pt: 56.1401
Hausdorff distance         p2pt: 265


----------------------------------------
Y-CPSNR (dB)                   : 29.8459
U-CPSNR (dB)                   : 37.218
V-CPSNR (dB)                   : 28.7821

