PCC-Arena Evaluator 0.6.5
Reference Point Cloud: /temp/pranav/dynamic_pc_data/redandblack/Ply/redandblack_vox10_1738.ply
Target Point Cloud: /temp/pranav/dynamic_pc_data/redandblack/experiments/vanilla_rc_OM=4_GQP=41_AQP=48/decompressed/redandblack_dec_1738.ply

========== Time & Binary Size ==========
Encoding time (s)           : -1
Decoding time (s)           : -1
Source point cloud size (kB): 14181.27
Total binary files size (kB): 2531.051
Compression ratio           : 0.17847844375010136
bpp (bits per point)        : 30.756156651522815

========== Point-based Metrics =========
Asym. Chamfer dist. (1->2) p2pt: 2.28306
Asym. Chamfer dist. (2->1) p2pt: 2.12964
Chamfer dist.              p2pt: 2.20635
CD-PSNR (dB)               p2pt: 56.2915
Hausdorff distance         p2pt: 302


----------------------------------------
Y-CPSNR (dB)                   : 29.8904
U-CPSNR (dB)                   : 37.6181
V-CPSNR (dB)                   : 28.9124

