PCC-Arena Evaluator 0.6.5
Reference Point Cloud: /temp/pranav/dynamic_pc_data/redandblack/Ply/redandblack_vox10_1633.ply
Target Point Cloud: /temp/pranav/dynamic_pc_data/redandblack/experiments/vanilla_rc_OM=4_GQP=41_AQP=48/decompressed/redandblack_dec_1633.ply

========== Time & Binary Size ==========
Encoding time (s)           : -1
Decoding time (s)           : -1
Source point cloud size (kB): 16471.435
Total binary files size (kB): 2531.051
Compression ratio           : 0.1536630536440814
bpp (bits per point)        : 26.46155454579908

========== Point-based Metrics =========
Asym. Chamfer dist. (1->2) p2pt: 2.38661
Asym. Chamfer dist. (2->1) p2pt: 2.23415
Chamfer dist.              p2pt: 2.31038
CD-PSNR (dB)               p2pt: 55.9498
Hausdorff distance         p2pt: 531


----------------------------------------
Y-CPSNR (dB)                   : 29.9472
U-CPSNR (dB)                   : 37.8869
V-CPSNR (dB)                   : 29.0295

