PCC-Arena Evaluator 0.6.5
Reference Point Cloud: /temp/pranav/dynamic_pc_data/redandblack/Ply/redandblack_vox10_1720.ply
Target Point Cloud: /temp/pranav/dynamic_pc_data/redandblack/experiments/vanilla_rc_OM=4_GQP=41_AQP=48/decompressed/redandblack_dec_1720.ply

========== Time & Binary Size ==========
Encoding time (s)           : -1
Decoding time (s)           : -1
Source point cloud size (kB): 14104.059
Total binary files size (kB): 2531.051
Compression ratio           : 0.17945550284496117
bpp (bits per point)        : 30.97593019235653

========== Point-based Metrics =========
Asym. Chamfer dist. (1->2) p2pt: 2.467
Asym. Chamfer dist. (2->1) p2pt: 2.22074
Chamfer dist.              p2pt: 2.34387
CD-PSNR (dB)               p2pt: 56.0849
Hausdorff distance         p2pt: 281


----------------------------------------
Y-CPSNR (dB)                   : 29.8669
U-CPSNR (dB)                   : 37.3437
V-CPSNR (dB)                   : 29.0223

