PCC-Arena Evaluator 0.6.5
Reference Point Cloud: /temp/pranav/dynamic_pc_data/loot/Ply/loot_vox10_1295.ply
Target Point Cloud: /temp/pranav/dynamic_pc_data/loot/experiments/3DD_2_Quantize=2_OM=4_r1/decompressed/loot_dec_1295.ply

========== Time & Binary Size ==========
Encoding time (s)           : -1
Decoding time (s)           : -1
Source point cloud size (kB): 17822.83
Total binary files size (kB): 1267.394
Compression ratio           : 0.07111070464118212
bpp (bits per point)        : 12.38511902435211

========== Point-based Metrics =========
Asym. Chamfer dist. (1->2) p2pt: 3.94369
Asym. Chamfer dist. (2->1) p2pt: 3.40772
Chamfer dist.              p2pt: 3.6757
CD-PSNR (dB)               p2pt: 54.2999
Hausdorff distance         p2pt: 259


----------------------------------------
Y-CPSNR (dB)                   : 30.1653
U-CPSNR (dB)                   : 42.1628
V-CPSNR (dB)                   : 41.9085

