PCC-Arena Evaluator 0.6.5
Reference Point Cloud: /temp/pranav/dynamic_pc_data/loot/Ply/loot_vox10_1035.ply
Target Point Cloud: /temp/pranav/dynamic_pc_data/loot/experiments/3DD_2_Quantize=2_OM=4_r1/decompressed/loot_dec_1035.ply

========== Time & Binary Size ==========
Encoding time (s)           : -1
Decoding time (s)           : -1
Source point cloud size (kB): 16888.887
Total binary files size (kB): 1267.394
Compression ratio           : 0.07504307418244908
bpp (bits per point)        : 13.057790061083114

========== Point-based Metrics =========
Asym. Chamfer dist. (1->2) p2pt: 2.8093
Asym. Chamfer dist. (2->1) p2pt: 3.29864
Chamfer dist.              p2pt: 3.05397
CD-PSNR (dB)               p2pt: 55.3318
Hausdorff distance         p2pt: 209


----------------------------------------
Y-CPSNR (dB)                   : 30.2896
U-CPSNR (dB)                   : 42.1197
V-CPSNR (dB)                   : 41.2715

