PCC-Arena Evaluator 0.6.5
Reference Point Cloud: /temp/pranav/dynamic_pc_data/loot/Ply/loot_vox10_1287.ply
Target Point Cloud: /temp/pranav/dynamic_pc_data/loot/experiments/3DD_2_Quantize=2_OM=4_r1/decompressed/loot_dec_1287.ply

========== Time & Binary Size ==========
Encoding time (s)           : -1
Decoding time (s)           : -1
Source point cloud size (kB): 17817.949
Total binary files size (kB): 1267.394
Compression ratio           : 0.07113018451225783
bpp (bits per point)        : 12.382230135788493

========== Point-based Metrics =========
Asym. Chamfer dist. (1->2) p2pt: 3.02744
Asym. Chamfer dist. (2->1) p2pt: 3.42686
Chamfer dist.              p2pt: 3.22715
CD-PSNR (dB)               p2pt: 55.0491
Hausdorff distance         p2pt: 454


----------------------------------------
Y-CPSNR (dB)                   : 29.8643
U-CPSNR (dB)                   : 41.9634
V-CPSNR (dB)                   : 41.498

