PCC-Arena Evaluator 0.6.5
Reference Point Cloud: /temp/pranav/dynamic_pc_data/loot/Ply/loot_vox10_1166.ply
Target Point Cloud: /temp/pranav/dynamic_pc_data/loot/experiments/3DD_2_Quantize=2_OM=4_r1/decompressed/loot_dec_1166.ply

========== Time & Binary Size ==========
Encoding time (s)           : -1
Decoding time (s)           : -1
Source point cloud size (kB): 17181.865
Total binary files size (kB): 1413.446
Compression ratio           : 0.082263828752001
bpp (bits per point)        : 14.313793945899691

========== Point-based Metrics =========
Asym. Chamfer dist. (1->2) p2pt: 3.74916
Asym. Chamfer dist. (2->1) p2pt: 3.28439
Chamfer dist.              p2pt: 3.51677
CD-PSNR (dB)               p2pt: 54.6551
Hausdorff distance         p2pt: 251


----------------------------------------
Y-CPSNR (dB)                   : 30.2872
U-CPSNR (dB)                   : 42.5438
V-CPSNR (dB)                   : 41.7504

