PCC-Arena Evaluator 0.6.5
Reference Point Cloud: /temp/pranav/dynamic_pc_data/loot/Ply/loot_vox10_1084.ply
Target Point Cloud: /temp/pranav/dynamic_pc_data/loot/experiments/3DD_2_Quantize=2_OM=4_r1/decompressed/loot_dec_1084.ply

========== Time & Binary Size ==========
Encoding time (s)           : -1
Decoding time (s)           : -1
Source point cloud size (kB): 16523.318
Total binary files size (kB): 1267.394
Compression ratio           : 0.07670335945843323
bpp (bits per point)        : 12.989836588537496

========== Point-based Metrics =========
Asym. Chamfer dist. (1->2) p2pt: 3.82149
Asym. Chamfer dist. (2->1) p2pt: 3.18954
Chamfer dist.              p2pt: 3.50552
CD-PSNR (dB)               p2pt: 54.8576
Hausdorff distance         p2pt: 309


----------------------------------------
Y-CPSNR (dB)                   : 30.0097
U-CPSNR (dB)                   : 42.0167
V-CPSNR (dB)                   : 41.5032

