PCC-Arena Evaluator 0.6.5
Reference Point Cloud: /temp/pranav/dynamic_pc_data/longdress/Ply/longdress_vox10_1297.ply
Target Point Cloud: /temp/pranav/dynamic_pc_data/longdress/experiments/vanilla_rc_OM=4_GQP=27_AQP=33/decompressed/longdress_dec_1297.ply

========== Time & Binary Size ==========
Encoding time (s)           : -1
Decoding time (s)           : -1
Source point cloud size (kB): 19453.65
Total binary files size (kB): 15281.842
Compression ratio           : 0.7855514003798773
bpp (bits per point)        : 142.1269222720826

========== Point-based Metrics =========
Asym. Chamfer dist. (1->2) p2pt: 0.443628
Asym. Chamfer dist. (2->1) p2pt: 0.44357
Chamfer dist.              p2pt: 0.443599
CD-PSNR (dB)               p2pt: 63.6682
Hausdorff distance         p2pt: 121


----------------------------------------
Y-CPSNR (dB)                   : 31.5155
U-CPSNR (dB)                   : 35.2776
V-CPSNR (dB)                   : 34.7247

