PCC-Arena Evaluator 0.6.5
Reference Point Cloud: /temp/pranav/dynamic_pc_data/longdress/Ply/longdress_vox10_1204.ply
Target Point Cloud: /temp/pranav/dynamic_pc_data/longdress/experiments/vanilla_rc_OM=4_GQP=27_AQP=33/decompressed/longdress_dec_1204.ply

========== Time & Binary Size ==========
Encoding time (s)           : -1
Decoding time (s)           : -1
Source point cloud size (kB): 18326.092
Total binary files size (kB): 15281.842
Compression ratio           : 0.8338843873532884
bpp (bits per point)        : 151.90716688266264

========== Point-based Metrics =========
Asym. Chamfer dist. (1->2) p2pt: 0.430879
Asym. Chamfer dist. (2->1) p2pt: 0.432523
Chamfer dist.              p2pt: 0.431701
CD-PSNR (dB)               p2pt: 63.5561
Hausdorff distance         p2pt: 68


----------------------------------------
Y-CPSNR (dB)                   : 31.2417
U-CPSNR (dB)                   : 34.7334
V-CPSNR (dB)                   : 34.5585

