PCC-Arena Evaluator 0.6.5
Reference Point Cloud: /temp/pranav/dynamic_pc_data/longdress/Ply/longdress_vox10_1300.ply
Target Point Cloud: /temp/pranav/dynamic_pc_data/longdress/experiments/vanilla_rc_OM=4_GQP=27_AQP=33/decompressed/longdress_dec_1300.ply

========== Time & Binary Size ==========
Encoding time (s)           : -1
Decoding time (s)           : -1
Source point cloud size (kB): 19408.77
Total binary files size (kB): 15281.842
Compression ratio           : 0.7873678754501187
bpp (bits per point)        : 142.49368389889577

========== Point-based Metrics =========
Asym. Chamfer dist. (1->2) p2pt: 0.439904
Asym. Chamfer dist. (2->1) p2pt: 0.443317
Chamfer dist.              p2pt: 0.441611
CD-PSNR (dB)               p2pt: 63.645
Hausdorff distance         p2pt: 113


----------------------------------------
Y-CPSNR (dB)                   : 31.4317
U-CPSNR (dB)                   : 35.1967
V-CPSNR (dB)                   : 34.7296

