PCC-Arena Evaluator 0.6.5
Reference Point Cloud: /temp/pranav/dynamic_pc_data/redandblack/Ply/redandblack_vox10_1471.ply
Target Point Cloud: /temp/pranav/dynamic_pc_data/redandblack/experiments/2DD_INT_lodX=1_lodY=2_OM=4_r1/decompressed/redandblack_dec_1471.ply

========== Time & Binary Size ==========
Encoding time (s)           : -1
Decoding time (s)           : -1
Source point cloud size (kB): 15016.918
Total binary files size (kB): 3712.495
Compression ratio           : 0.2472208345280969
bpp (bits per point)        : 42.70794627706997

========== Point-based Metrics =========
Asym. Chamfer dist. (1->2) p2pt: 0.913563
Asym. Chamfer dist. (2->1) p2pt: 0.960788
Chamfer dist.              p2pt: 0.937175
CD-PSNR (dB)               p2pt: 60.066
Hausdorff distance         p2pt: 206


----------------------------------------
Y-CPSNR (dB)                   : 31.6113
U-CPSNR (dB)                   : 38.724
V-CPSNR (dB)                   : 30.3487

