PCC-Arena Evaluator 0.6.5
Reference Point Cloud: /temp/pranav/dynamic_pc_data/longdress/Ply/longdress_vox10_1334.ply
Target Point Cloud: /temp/pranav/dynamic_pc_data/longdress/experiments/2DD_INT_lodX=1_lodY=2_OM=4_r1/decompressed/longdress_dec_1334.ply

========== Time & Binary Size ==========
Encoding time (s)           : -1
Decoding time (s)           : -1
Source point cloud size (kB): 19745.406
Total binary files size (kB): 4767.52
Compression ratio           : 0.2414495807277906
bpp (bits per point)        : 43.90431340227072

========== Point-based Metrics =========
Asym. Chamfer dist. (1->2) p2pt: 0.891992
Asym. Chamfer dist. (2->1) p2pt: 0.940641
Chamfer dist.              p2pt: 0.916316
CD-PSNR (dB)               p2pt: 60.5222
Hausdorff distance         p2pt: 209


----------------------------------------
Y-CPSNR (dB)                   : 26.5042
U-CPSNR (dB)                   : 32.4368
V-CPSNR (dB)                   : 31.5343

