PCC-Arena Evaluator 0.6.5
Reference Point Cloud: /temp/pranav/dynamic_pc_data/loot/Ply/loot_vox10_1142.ply
Target Point Cloud: /temp/pranav/dynamic_pc_data/loot/experiments/vanilla_OM=4/decompressed/loot_dec_1142.ply

========== Time & Binary Size ==========
Encoding time (s)           : -1
Decoding time (s)           : -1
Source point cloud size (kB): 16947.75
Total binary files size (kB): 7075.51
Compression ratio           : 0.4174896372674839
bpp (bits per point)        : 72.28122777288985

========== Point-based Metrics =========
Asym. Chamfer dist. (1->2) p2pt: 0.345833
Asym. Chamfer dist. (2->1) p2pt: 0.332965
Chamfer dist.              p2pt: 0.339399
CD-PSNR (dB)               p2pt: 64.5443
Hausdorff distance         p2pt: 145


----------------------------------------
Y-CPSNR (dB)                   : 37.1784
U-CPSNR (dB)                   : 46.2493
V-CPSNR (dB)                   : 46.2999

