PCC-Arena Evaluator 0.6.5
Reference Point Cloud: /temp/pranav/dynamic_pc_data/loot/Ply/loot_vox10_1285.ply
Target Point Cloud: /temp/pranav/dynamic_pc_data/loot/experiments/vanilla_OM=4/decompressed/loot_dec_1285.ply

========== Time & Binary Size ==========
Encoding time (s)           : -1
Decoding time (s)           : -1
Source point cloud size (kB): 17729.625
Total binary files size (kB): 7075.51
Compression ratio           : 0.3990783787023132
bpp (bits per point)        : 69.4841480764958

========== Point-based Metrics =========
Asym. Chamfer dist. (1->2) p2pt: 0.359167
Asym. Chamfer dist. (2->1) p2pt: 0.343391
Chamfer dist.              p2pt: 0.351279
CD-PSNR (dB)               p2pt: 64.6577
Hausdorff distance         p2pt: 97


----------------------------------------
Y-CPSNR (dB)                   : 36.9732
U-CPSNR (dB)                   : 46.4097
V-CPSNR (dB)                   : 46.5057

