PCC-Arena Evaluator 0.6.5
Reference Point Cloud: /temp/pranav/dynamic_pc_data/loot/Ply/loot_vox10_1094.ply
Target Point Cloud: /temp/pranav/dynamic_pc_data/loot/experiments/vanilla_OM=4/decompressed/loot_dec_1094.ply

========== Time & Binary Size ==========
Encoding time (s)           : -1
Decoding time (s)           : -1
Source point cloud size (kB): 16488.3
Total binary files size (kB): 7075.51
Compression ratio           : 0.4291230751502581
bpp (bits per point)        : 72.67564475726672

========== Point-based Metrics =========
Asym. Chamfer dist. (1->2) p2pt: 0.341027
Asym. Chamfer dist. (2->1) p2pt: 0.325717
Chamfer dist.              p2pt: 0.333372
CD-PSNR (dB)               p2pt: 65.0296
Hausdorff distance         p2pt: 59


----------------------------------------
Y-CPSNR (dB)                   : 38.1147
U-CPSNR (dB)                   : 46.9904
V-CPSNR (dB)                   : 46.9368

