PCC-Arena Evaluator 0.6.5
Reference Point Cloud: /temp/pranav/dynamic_pc_data/loot/Ply/loot_vox10_1263.ply
Target Point Cloud: /temp/pranav/dynamic_pc_data/loot/experiments/vanilla_OM=4/decompressed/loot_dec_1263.ply

========== Time & Binary Size ==========
Encoding time (s)           : -1
Decoding time (s)           : -1
Source point cloud size (kB): 17298.099
Total binary files size (kB): 7075.51
Compression ratio           : 0.409033963789894
bpp (bits per point)        : 71.3222905153231

========== Point-based Metrics =========
Asym. Chamfer dist. (1->2) p2pt: 0.354213
Asym. Chamfer dist. (2->1) p2pt: 0.340912
Chamfer dist.              p2pt: 0.347563
CD-PSNR (dB)               p2pt: 64.57
Hausdorff distance         p2pt: 81


----------------------------------------
Y-CPSNR (dB)                   : 37.386
U-CPSNR (dB)                   : 46.7068
V-CPSNR (dB)                   : 46.5194

