PCC-Arena Evaluator 0.6.5
Reference Point Cloud: /home/p/pranav/dynamic_pc_data/loot/Ply/loot_vox10_1156.ply
Target Point Cloud: /home/p/pranav/dynamic_pc_data/loot/experiments/vanilla_OM=4/decompressed/loot_dec_1156.ply

========== Time & Binary Size ==========
Encoding time (s)           : -1
Decoding time (s)           : -1
Source point cloud size (kB): 17196.586
Total binary files size (kB): 7075.51
Compression ratio           : 0.4114485282136815
bpp (bits per point)        : 71.33829052504223

========== Point-based Metrics =========
Asym. Chamfer dist. (1->2) p2pt: 0.343202
Asym. Chamfer dist. (2->1) p2pt: 0.327276
Chamfer dist.              p2pt: 0.335239
CD-PSNR (dB)               p2pt: 64.6243
Hausdorff distance         p2pt: 32


----------------------------------------
Y-CPSNR (dB)                   : 36.7778
U-CPSNR (dB)                   : 46.4975
V-CPSNR (dB)                   : 46.6603

