PCC-Arena Evaluator 0.6.5
Reference Point Cloud: /home/p/pranav/dynamic_pc_data/loot/Ply/loot_vox10_1124.ply
Target Point Cloud: /home/p/pranav/dynamic_pc_data/loot/experiments/vanilla_OM=4/decompressed/loot_dec_1124.ply

========== Time & Binary Size ==========
Encoding time (s)           : -1
Decoding time (s)           : -1
Source point cloud size (kB): 16675.054
Total binary files size (kB): 7075.51
Compression ratio           : 0.4243170666793643
bpp (bits per point)        : 71.90805578951513

========== Point-based Metrics =========
Asym. Chamfer dist. (1->2) p2pt: 0.342979
Asym. Chamfer dist. (2->1) p2pt: 0.326552
Chamfer dist.              p2pt: 0.334766
CD-PSNR (dB)               p2pt: 64.8333
Hausdorff distance         p2pt: 27


----------------------------------------
Y-CPSNR (dB)                   : 37.6297
U-CPSNR (dB)                   : 46.7907
V-CPSNR (dB)                   : 46.707

