PCC-Arena Evaluator 0.6.5
Reference Point Cloud: /home/p/pranav/dynamic_pc_data/loot/Ply/loot_vox10_1007.ply
Target Point Cloud: /home/p/pranav/dynamic_pc_data/loot/experiments/vanilla_OM=4/decompressed/loot_dec_1007.ply

========== Time & Binary Size ==========
Encoding time (s)           : -1
Decoding time (s)           : -1
Source point cloud size (kB): 16857.28
Total binary files size (kB): 7075.51
Compression ratio           : 0.41973022931338866
bpp (bits per point)        : 72.99391460327573

========== Point-based Metrics =========
Asym. Chamfer dist. (1->2) p2pt: 0.335639
Asym. Chamfer dist. (2->1) p2pt: 0.32528
Chamfer dist.              p2pt: 0.33046
CD-PSNR (dB)               p2pt: 64.9916
Hausdorff distance         p2pt: 24


----------------------------------------
Y-CPSNR (dB)                   : 36.7918
U-CPSNR (dB)                   : 46.6074
V-CPSNR (dB)                   : 46.473

