PCC-Arena Evaluator 0.6.5
Reference Point Cloud: /temp/pranav/dynamic_pc_data/loot/Ply/loot_vox10_1201.ply
Target Point Cloud: /temp/pranav/dynamic_pc_data/loot/experiments/vanilla_OM=4/decompressed/loot_dec_1201.ply

========== Time & Binary Size ==========
Encoding time (s)           : -1
Decoding time (s)           : -1
Source point cloud size (kB): 17493.129
Total binary files size (kB): 7075.51
Compression ratio           : 0.4044736650601502
bpp (bits per point)        : 70.46285530761168

========== Point-based Metrics =========
Asym. Chamfer dist. (1->2) p2pt: 0.348823
Asym. Chamfer dist. (2->1) p2pt: 0.334763
Chamfer dist.              p2pt: 0.341793
CD-PSNR (dB)               p2pt: 64.6098
Hausdorff distance         p2pt: 107


----------------------------------------
Y-CPSNR (dB)                   : 37.2471
U-CPSNR (dB)                   : 46.5711
V-CPSNR (dB)                   : 46.5818

