PCC-Arena Evaluator 0.6.5
Reference Point Cloud: /home/p/pranav/dynamic_pc_data/loot/Ply/loot_vox10_1210.ply
Target Point Cloud: /home/p/pranav/dynamic_pc_data/loot/experiments/3DD_2_noQuantize_OM=1/decompressed/loot_dec_1210.ply

========== Time & Binary Size ==========
Encoding time (s)           : -1
Decoding time (s)           : -1
Source point cloud size (kB): 17363.332
Total binary files size (kB): 24302.232
Compression ratio           : 1.3996295181132286
bpp (bits per point)        : 243.83918125721166

========== Point-based Metrics =========
Asym. Chamfer dist. (1->2) p2pt: 0.74995
Asym. Chamfer dist. (2->1) p2pt: 0.286691
Chamfer dist.              p2pt: 0.51832
CD-PSNR (dB)               p2pt: 62.9888
Hausdorff distance         p2pt: 58


----------------------------------------
Y-CPSNR (dB)                   : 35.0986
U-CPSNR (dB)                   : 46.2414
V-CPSNR (dB)                   : 46.1601

