PCC-Arena Evaluator 0.6.5
Reference Point Cloud: /temp/pranav/dynamic_pc_data/loot/Ply/loot_vox10_1062.ply
Target Point Cloud: /temp/pranav/dynamic_pc_data/loot/experiments/3DD_2_noQuantize_OM=1/decompressed/loot_dec_1062.ply

========== Time & Binary Size ==========
Encoding time (s)           : -1
Decoding time (s)           : -1
Source point cloud size (kB): 16673.328
Total binary files size (kB): 24302.232
Compression ratio           : 1.457551365870089
bpp (bits per point)        : 248.36496076219578

========== Point-based Metrics =========
Asym. Chamfer dist. (1->2) p2pt: 0.77482
Asym. Chamfer dist. (2->1) p2pt: 0.285565
Chamfer dist.              p2pt: 0.530192
CD-PSNR (dB)               p2pt: 62.955
Hausdorff distance         p2pt: 49


----------------------------------------
Y-CPSNR (dB)                   : 36.634
U-CPSNR (dB)                   : 46.6685
V-CPSNR (dB)                   : 46.279

