PCC-Arena Evaluator 0.6.5
Reference Point Cloud: /home/p/pranav/dynamic_pc_data/loot/Ply/loot_vox10_1090.ply
Target Point Cloud: /home/p/pranav/dynamic_pc_data/loot/experiments/3DD_2_noQuantize_OM=1/decompressed/loot_dec_1090.ply

========== Time & Binary Size ==========
Encoding time (s)           : -1
Decoding time (s)           : -1
Source point cloud size (kB): 16514.872
Total binary files size (kB): 24302.232
Compression ratio           : 1.4715362008255348
bpp (bits per point)        : 248.90806226739028

========== Point-based Metrics =========
Asym. Chamfer dist. (1->2) p2pt: 0.715695
Asym. Chamfer dist. (2->1) p2pt: 0.258327
Chamfer dist.              p2pt: 0.487011
CD-PSNR (dB)               p2pt: 63.2357
Hausdorff distance         p2pt: 34


----------------------------------------
Y-CPSNR (dB)                   : 36.4368
U-CPSNR (dB)                   : 46.7116
V-CPSNR (dB)                   : 46.4245

