PCC-Arena Evaluator 0.6.5
Reference Point Cloud: /temp/pranav/dynamic_pc_data/loot/Ply/loot_vox10_1186.ply
Target Point Cloud: /temp/pranav/dynamic_pc_data/loot/experiments/3DD_2_noQuantize_OM=1/decompressed/loot_dec_1186.ply

========== Time & Binary Size ==========
Encoding time (s)           : -1
Decoding time (s)           : -1
Source point cloud size (kB): 17344.487
Total binary files size (kB): 24302.232
Compression ratio           : 1.401150232924156
bpp (bits per point)        : 243.78078296098738

========== Point-based Metrics =========
Asym. Chamfer dist. (1->2) p2pt: 0.735452
Asym. Chamfer dist. (2->1) p2pt: 0.283091
Chamfer dist.              p2pt: 0.509271
CD-PSNR (dB)               p2pt: 62.9035
Hausdorff distance         p2pt: 100


----------------------------------------
Y-CPSNR (dB)                   : 35.9154
U-CPSNR (dB)                   : 46.3946
V-CPSNR (dB)                   : 46.1153

