PCC-Arena Evaluator 0.6.5
Reference Point Cloud: /temp/pranav/dynamic_pc_data/loot/Ply/loot_vox10_1020.ply
Target Point Cloud: /temp/pranav/dynamic_pc_data/loot/experiments/3DD_2_noQuantize_OM=1/decompressed/loot_dec_1020.ply

========== Time & Binary Size ==========
Encoding time (s)           : -1
Decoding time (s)           : -1
Source point cloud size (kB): 16932.898
Total binary files size (kB): 24302.232
Compression ratio           : 1.4352080783809127
bpp (bits per point)        : 249.55248464186602

========== Point-based Metrics =========
Asym. Chamfer dist. (1->2) p2pt: 0.744189
Asym. Chamfer dist. (2->1) p2pt: 0.258593
Chamfer dist.              p2pt: 0.501391
CD-PSNR (dB)               p2pt: 63.21
Hausdorff distance         p2pt: 68


----------------------------------------
Y-CPSNR (dB)                   : 35.377
U-CPSNR (dB)                   : 46.4956
V-CPSNR (dB)                   : 46.2522

