PCC-Arena Evaluator 0.6.5
Reference Point Cloud: /home/p/pranav/dynamic_pc_data/loot/Ply/loot_vox10_1237.ply
Target Point Cloud: /home/p/pranav/dynamic_pc_data/loot/experiments/3DD_2_noQuantize_OM=1/decompressed/loot_dec_1237.ply

========== Time & Binary Size ==========
Encoding time (s)           : -1
Decoding time (s)           : -1
Source point cloud size (kB): 17456.731
Total binary files size (kB): 24302.232
Compression ratio           : 1.392141060087367
bpp (bits per point)        : 242.44439317776252

========== Point-based Metrics =========
Asym. Chamfer dist. (1->2) p2pt: 0.74079
Asym. Chamfer dist. (2->1) p2pt: 0.289794
Chamfer dist.              p2pt: 0.515292
CD-PSNR (dB)               p2pt: 62.9062
Hausdorff distance         p2pt: 77


----------------------------------------
Y-CPSNR (dB)                   : 35.9214
U-CPSNR (dB)                   : 46.4932
V-CPSNR (dB)                   : 46.3645

