PCC-Arena Evaluator 0.6.5
Reference Point Cloud: /temp/pranav/dynamic_pc_data/loot/Ply/loot_vox10_1260.ply
Target Point Cloud: /temp/pranav/dynamic_pc_data/loot/experiments/3DD_2_noQuantize_OM=1/decompressed/loot_dec_1260.ply

========== Time & Binary Size ==========
Encoding time (s)           : -1
Decoding time (s)           : -1
Source point cloud size (kB): 17509.55
Total binary files size (kB): 24302.232
Compression ratio           : 1.3879415518959655
bpp (bits per point)        : 242.10745644894357

========== Point-based Metrics =========
Asym. Chamfer dist. (1->2) p2pt: 0.760628
Asym. Chamfer dist. (2->1) p2pt: 0.290776
Chamfer dist.              p2pt: 0.525702
CD-PSNR (dB)               p2pt: 62.8813
Hausdorff distance         p2pt: 83


----------------------------------------
Y-CPSNR (dB)                   : 35.4489
U-CPSNR (dB)                   : 46.2853
V-CPSNR (dB)                   : 46.1756

