PCC-Arena Evaluator 0.6.5
Reference Point Cloud: /temp/pranav/dynamic_pc_data/redandblack/Ply/redandblack_vox10_1481.ply
Target Point Cloud: /temp/pranav/dynamic_pc_data/redandblack/experiments/2DD_INT_lodX=2_lodY=2_OM=4_r1/decompressed/redandblack_dec_1481.ply

========== Time & Binary Size ==========
Encoding time (s)           : -1
Decoding time (s)           : -1
Source point cloud size (kB): 15560.715
Total binary files size (kB): 3378.025
Compression ratio           : 0.2170867469778863
bpp (bits per point)        : 37.268230254838116

========== Point-based Metrics =========
Asym. Chamfer dist. (1->2) p2pt: 1.23395
Asym. Chamfer dist. (2->1) p2pt: 1.41384
Chamfer dist.              p2pt: 1.3239
CD-PSNR (dB)               p2pt: 58.606
Hausdorff distance         p2pt: 806


----------------------------------------
Y-CPSNR (dB)                   : 31.3693
U-CPSNR (dB)                   : 37.6338
V-CPSNR (dB)                   : 29.2564

