PCC-Arena Evaluator 0.6.5
Reference Point Cloud: /temp/pranav/dynamic_pc_data/redandblack/Ply/redandblack_vox10_1678.ply
Target Point Cloud: /temp/pranav/dynamic_pc_data/redandblack/experiments/2DD_INT_lodX=2_lodY=2_OM=4_r1/decompressed/redandblack_dec_1678.ply

========== Time & Binary Size ==========
Encoding time (s)           : -1
Decoding time (s)           : -1
Source point cloud size (kB): 16383.543
Total binary files size (kB): 3378.025
Compression ratio           : 0.20618403479638076
bpp (bits per point)        : 35.59778384886334

========== Point-based Metrics =========
Asym. Chamfer dist. (1->2) p2pt: 1.3025
Asym. Chamfer dist. (2->1) p2pt: 1.38518
Chamfer dist.              p2pt: 1.34384
CD-PSNR (dB)               p2pt: 58.5124
Hausdorff distance         p2pt: 250


----------------------------------------
Y-CPSNR (dB)                   : 31.3642
U-CPSNR (dB)                   : 38.6632
V-CPSNR (dB)                   : 29.8734

