PCC-Arena Evaluator 0.6.5
Reference Point Cloud: /temp/pranav/dynamic_pc_data/longdress/Ply/longdress_vox10_1249.ply
Target Point Cloud: /temp/pranav/dynamic_pc_data/longdress/experiments/2DD_lodX=1_lodY=2_OM=4_r1/decompressed/longdress_dec_1249.ply

========== Time & Binary Size ==========
Encoding time (s)           : -1
Decoding time (s)           : -1
Source point cloud size (kB): 17074.657
Total binary files size (kB): 4715.148
Compression ratio           : 0.27614891473368985
bpp (bits per point)        : 50.28090038909157

========== Point-based Metrics =========
Asym. Chamfer dist. (1->2) p2pt: 1.1035
Asym. Chamfer dist. (2->1) p2pt: 0.859005
Chamfer dist.              p2pt: 0.98125
CD-PSNR (dB)               p2pt: 60.1333
Hausdorff distance         p2pt: 178


----------------------------------------
Y-CPSNR (dB)                   : 26.4296
U-CPSNR (dB)                   : 32.545
V-CPSNR (dB)                   : 32.0363

