PCC-Arena Evaluator 0.6.5
Reference Point Cloud: /temp/pranav/dynamic_pc_data/longdress/Ply/longdress_vox10_1072.ply
Target Point Cloud: /temp/pranav/dynamic_pc_data/longdress/experiments/2DD_lodX=1_lodY=2_OM=4_r1/decompressed/longdress_dec_1072.ply

========== Time & Binary Size ==========
Encoding time (s)           : -1
Decoding time (s)           : -1
Source point cloud size (kB): 17984.599
Total binary files size (kB): 4767.52
Compression ratio           : 0.2650890353462983
bpp (bits per point)        : 48.22563534542383

========== Point-based Metrics =========
Asym. Chamfer dist. (1->2) p2pt: 1.11246
Asym. Chamfer dist. (2->1) p2pt: 0.915409
Chamfer dist.              p2pt: 1.01393
CD-PSNR (dB)               p2pt: 59.9949
Hausdorff distance         p2pt: 120


----------------------------------------
Y-CPSNR (dB)                   : 26.2631
U-CPSNR (dB)                   : 32.3471
V-CPSNR (dB)                   : 31.6995

