PCC-Arena Evaluator 0.6.5
Reference Point Cloud: /temp/pranav/dynamic_pc_data/longdress/Ply/longdress_vox10_1286.ply
Target Point Cloud: /temp/pranav/dynamic_pc_data/longdress/experiments/2DD_lodX=1_lodY=2_OM=4_r1/decompressed/longdress_dec_1286.ply

========== Time & Binary Size ==========
Encoding time (s)           : -1
Decoding time (s)           : -1
Source point cloud size (kB): 19091.765
Total binary files size (kB): 4715.148
Compression ratio           : 0.2469728702401271
bpp (bits per point)        : 44.823408206989235

========== Point-based Metrics =========
Asym. Chamfer dist. (1->2) p2pt: 1.17713
Asym. Chamfer dist. (2->1) p2pt: 0.847217
Chamfer dist.              p2pt: 1.01218
CD-PSNR (dB)               p2pt: 60.1149
Hausdorff distance         p2pt: 160


----------------------------------------
Y-CPSNR (dB)                   : 26.17
U-CPSNR (dB)                   : 32.1177
V-CPSNR (dB)                   : 31.0457

