PCC-Arena Evaluator 0.6.5
Reference Point Cloud: /temp/pranav/dynamic_pc_data/longdress/Ply/longdress_vox10_1222.ply
Target Point Cloud: /temp/pranav/dynamic_pc_data/longdress/experiments/vanilla_rc_OM=4_GQP=33_AQP=43/decompressed/longdress_dec_1222.ply

========== Time & Binary Size ==========
Encoding time (s)           : -1
Decoding time (s)           : -1
Source point cloud size (kB): 19765.987
Total binary files size (kB): 5505.774
Compression ratio           : 0.27854789138533786
bpp (bits per point)        : 50.660765509515386

========== Point-based Metrics =========
Asym. Chamfer dist. (1->2) p2pt: 0.840094
Asym. Chamfer dist. (2->1) p2pt: 0.781732
Chamfer dist.              p2pt: 0.810913
CD-PSNR (dB)               p2pt: 61.0203
Hausdorff distance         p2pt: 94


----------------------------------------
Y-CPSNR (dB)                   : 27.347
U-CPSNR (dB)                   : 33.1828
V-CPSNR (dB)                   : 32.7864

