PCC-Arena Evaluator 0.6.5
Reference Point Cloud: /temp/pranav/dynamic_pc_data/longdress/Ply/longdress_vox10_1072.ply
Target Point Cloud: /temp/pranav/dynamic_pc_data/longdress/experiments/vanilla_rc_OM=4_GQP=33_AQP=43/decompressed/longdress_dec_1072.ply

========== Time & Binary Size ==========
Encoding time (s)           : -1
Decoding time (s)           : -1
Source point cloud size (kB): 17984.599
Total binary files size (kB): 5505.774
Compression ratio           : 0.306138268637516
bpp (bits per point)        : 55.69341066598893

========== Point-based Metrics =========
Asym. Chamfer dist. (1->2) p2pt: 0.832355
Asym. Chamfer dist. (2->1) p2pt: 0.83987
Chamfer dist.              p2pt: 0.836113
CD-PSNR (dB)               p2pt: 60.8323
Hausdorff distance         p2pt: 134


----------------------------------------
Y-CPSNR (dB)                   : 26.7627
U-CPSNR (dB)                   : 32.9694
V-CPSNR (dB)                   : 32.5183

