PCC-Arena Evaluator 0.6.5
Reference Point Cloud: /temp/pranav/dynamic_pc_data/longdress/Ply/longdress_vox10_1068.ply
Target Point Cloud: /temp/pranav/dynamic_pc_data/longdress/experiments/vanilla_rc_OM=4_GQP=33_AQP=43/decompressed/longdress_dec_1068.ply

========== Time & Binary Size ==========
Encoding time (s)           : -1
Decoding time (s)           : -1
Source point cloud size (kB): 18050.788
Total binary files size (kB): 5505.774
Compression ratio           : 0.3050157145494147
bpp (bits per point)        : 55.34769272526448

========== Point-based Metrics =========
Asym. Chamfer dist. (1->2) p2pt: 0.866807
Asym. Chamfer dist. (2->1) p2pt: 0.826789
Chamfer dist.              p2pt: 0.846798
CD-PSNR (dB)               p2pt: 60.8509
Hausdorff distance         p2pt: 161


----------------------------------------
Y-CPSNR (dB)                   : 26.9226
U-CPSNR (dB)                   : 33.0742
V-CPSNR (dB)                   : 32.5734

