PCC-Arena Evaluator 0.6.5
Reference Point Cloud: /temp/pranav/dynamic_pc_data/longdress/Ply/longdress_vox10_1133.ply
Target Point Cloud: /temp/pranav/dynamic_pc_data/longdress/experiments/vanilla_rc_OM=4_GQP=33_AQP=43/decompressed/longdress_dec_1133.ply

========== Time & Binary Size ==========
Encoding time (s)           : -1
Decoding time (s)           : -1
Source point cloud size (kB): 19880.377
Total binary files size (kB): 5505.774
Compression ratio           : 0.2769451504868343
bpp (bits per point)        : 50.42691072119579

========== Point-based Metrics =========
Asym. Chamfer dist. (1->2) p2pt: 0.811897
Asym. Chamfer dist. (2->1) p2pt: 0.801621
Chamfer dist.              p2pt: 0.806759
CD-PSNR (dB)               p2pt: 61.0524
Hausdorff distance         p2pt: 108


----------------------------------------
Y-CPSNR (dB)                   : 26.8245
U-CPSNR (dB)                   : 33.0048
V-CPSNR (dB)                   : 32.3974

