PCC-Arena Evaluator 0.6.5
Reference Point Cloud: /temp/pranav/dynamic_pc_data/longdress/Ply/longdress_vox10_1121.ply
Target Point Cloud: /temp/pranav/dynamic_pc_data/longdress/experiments/vanilla_rc_OM=4_GQP=33_AQP=43/decompressed/longdress_dec_1121.ply

========== Time & Binary Size ==========
Encoding time (s)           : -1
Decoding time (s)           : -1
Source point cloud size (kB): 18390.895
Total binary files size (kB): 5505.774
Compression ratio           : 0.29937498963481657
bpp (bits per point)        : 54.60526710544749

========== Point-based Metrics =========
Asym. Chamfer dist. (1->2) p2pt: 0.808095
Asym. Chamfer dist. (2->1) p2pt: 0.813535
Chamfer dist.              p2pt: 0.810815
CD-PSNR (dB)               p2pt: 60.8281
Hausdorff distance         p2pt: 117


----------------------------------------
Y-CPSNR (dB)                   : 27.1233
U-CPSNR (dB)                   : 33.3246
V-CPSNR (dB)                   : 32.8583

