PCC-Arena Evaluator 0.6.5
Reference Point Cloud: /temp/pranav/dynamic_pc_data/longdress/Ply/longdress_vox10_1262.ply
Target Point Cloud: /temp/pranav/dynamic_pc_data/longdress/experiments/vanilla_rc_OM=4_GQP=33_AQP=43/decompressed/longdress_dec_1262.ply

========== Time & Binary Size ==========
Encoding time (s)           : -1
Decoding time (s)           : -1
Source point cloud size (kB): 17978.175
Total binary files size (kB): 5505.774
Compression ratio           : 0.3062476586194094
bpp (bits per point)        : 55.95156627118214

========== Point-based Metrics =========
Asym. Chamfer dist. (1->2) p2pt: 0.816222
Asym. Chamfer dist. (2->1) p2pt: 0.733864
Chamfer dist.              p2pt: 0.775043
CD-PSNR (dB)               p2pt: 61.1196
Hausdorff distance         p2pt: 163


----------------------------------------
Y-CPSNR (dB)                   : 27.2583
U-CPSNR (dB)                   : 33.499
V-CPSNR (dB)                   : 32.9642

