PCC-Arena Evaluator 0.6.5
Reference Point Cloud: /temp/pranav/dynamic_pc_data/longdress/Ply/longdress_vox10_1235.ply
Target Point Cloud: /temp/pranav/dynamic_pc_data/longdress/experiments/vanilla_rc_OM=4_GQP=33_AQP=43/decompressed/longdress_dec_1235.ply

========== Time & Binary Size ==========
Encoding time (s)           : -1
Decoding time (s)           : -1
Source point cloud size (kB): 20448.923
Total binary files size (kB): 5505.774
Compression ratio           : 0.26924518225238564
bpp (bits per point)        : 48.816761168422964

========== Point-based Metrics =========
Asym. Chamfer dist. (1->2) p2pt: 0.851416
Asym. Chamfer dist. (2->1) p2pt: 0.844488
Chamfer dist.              p2pt: 0.847952
CD-PSNR (dB)               p2pt: 60.7914
Hausdorff distance         p2pt: 189


----------------------------------------
Y-CPSNR (dB)                   : 27.2849
U-CPSNR (dB)                   : 33.4495
V-CPSNR (dB)                   : 32.7431

