PCC-Arena Evaluator 0.6.5
Reference Point Cloud: /temp/pranav/dynamic_pc_data/redandblack/Ply/redandblack_vox10_1612.ply
Target Point Cloud: /temp/pranav/dynamic_pc_data/redandblack/experiments/2DD_lodX=2_lodY=1_OM=4_r1/decompressed/redandblack_dec_1612.ply

========== Time & Binary Size ==========
Encoding time (s)           : -1
Decoding time (s)           : -1
Source point cloud size (kB): 17079.907
Total binary files size (kB): 3704.427
Compression ratio           : 0.2168880076454749
bpp (bits per point)        : 37.40910226988707

========== Point-based Metrics =========
Asym. Chamfer dist. (1->2) p2pt: 1.12449
Asym. Chamfer dist. (2->1) p2pt: 0.952079
Chamfer dist.              p2pt: 1.03828
CD-PSNR (dB)               p2pt: 59.7924
Hausdorff distance         p2pt: 401


----------------------------------------
Y-CPSNR (dB)                   : 32.1055
U-CPSNR (dB)                   : 38.8102
V-CPSNR (dB)                   : 30.971

