PCC-Arena Evaluator 0.6.5
Reference Point Cloud: /temp/pranav/dynamic_pc_data/redandblack/Ply/redandblack_vox10_1470.ply
Target Point Cloud: /temp/pranav/dynamic_pc_data/redandblack/experiments/2DD_lodX=2_lodY=1_OM=4_r1/decompressed/redandblack_dec_1470.ply

========== Time & Binary Size ==========
Encoding time (s)           : -1
Decoding time (s)           : -1
Source point cloud size (kB): 14897.319
Total binary files size (kB): 3704.427
Compression ratio           : 0.24866400457693094
bpp (bits per point)        : 42.96768805620881

========== Point-based Metrics =========
Asym. Chamfer dist. (1->2) p2pt: 1.25957
Asym. Chamfer dist. (2->1) p2pt: 1.02324
Chamfer dist.              p2pt: 1.1414
CD-PSNR (dB)               p2pt: 59.2126
Hausdorff distance         p2pt: 224


----------------------------------------
Y-CPSNR (dB)                   : 31.6087
U-CPSNR (dB)                   : 38.467
V-CPSNR (dB)                   : 30.3464

