PCC-Arena Evaluator 0.6.5
Reference Point Cloud: /temp/pranav/dynamic_pc_data/redandblack/Ply/redandblack_vox10_1569.ply
Target Point Cloud: /temp/pranav/dynamic_pc_data/redandblack/experiments/2DD_lodX=2_lodY=1_OM=4_r1/decompressed/redandblack_dec_1569.ply

========== Time & Binary Size ==========
Encoding time (s)           : -1
Decoding time (s)           : -1
Source point cloud size (kB): 15102.711
Total binary files size (kB): 3704.427
Compression ratio           : 0.24528225429196124
bpp (bits per point)        : 42.2031876594969

========== Point-based Metrics =========
Asym. Chamfer dist. (1->2) p2pt: 1.25245
Asym. Chamfer dist. (2->1) p2pt: 0.99508
Chamfer dist.              p2pt: 1.12376
CD-PSNR (dB)               p2pt: 59.2364
Hausdorff distance         p2pt: 261


----------------------------------------
Y-CPSNR (dB)                   : 31.2122
U-CPSNR (dB)                   : 38.6401
V-CPSNR (dB)                   : 30.4842

