PCC-Arena Evaluator 0.6.5
Reference Point Cloud: /home/p/pranav/dynamic_pc_data/redandblack/Ply/redandblack_vox10_1697.ply
Target Point Cloud: /home/p/pranav/dynamic_pc_data/redandblack/experiments/3DD_2_Quantize=2_OM=1/decompressed/redandblack_dec_1697.ply

========== Time & Binary Size ==========
Encoding time (s)           : -1
Decoding time (s)           : -1
Source point cloud size (kB): 16628.11
Total binary files size (kB): 5539.889
Compression ratio           : 0.33316408178680557
bpp (bits per point)        : 57.39657789358627

========== Point-based Metrics =========
Asym. Chamfer dist. (1->2) p2pt: 86511.1
Asym. Chamfer dist. (2->1) p2pt: 18211.8
Chamfer dist.              p2pt: 52361.5
CD-PSNR (dB)               p2pt: 12.5966
Hausdorff distance         p2pt: 290612


----------------------------------------
Y-CPSNR (dB)                   : 14.0088
U-CPSNR (dB)                   : 24.7999
V-CPSNR (dB)                   : 15.3604

