PCC-Arena Evaluator 0.6.5
Reference Point Cloud: /home/p/pranav/dynamic_pc_data/redandblack/Ply/redandblack_vox10_1479.ply
Target Point Cloud: /home/p/pranav/dynamic_pc_data/redandblack/experiments/3DD_2_Quantize=2_OM=1/decompressed/redandblack_dec_1479.ply

========== Time & Binary Size ==========
Encoding time (s)           : -1
Decoding time (s)           : -1
Source point cloud size (kB): 15691.549
Total binary files size (kB): 5539.889
Compression ratio           : 0.35304921139398027
bpp (bits per point)        : 60.73482386959292

========== Point-based Metrics =========
Asym. Chamfer dist. (1->2) p2pt: 82451.3
Asym. Chamfer dist. (2->1) p2pt: 17654.2
Chamfer dist.              p2pt: 50052.7
CD-PSNR (dB)               p2pt: 12.8446
Hausdorff distance         p2pt: 289730


----------------------------------------
Y-CPSNR (dB)                   : 15.5213
U-CPSNR (dB)                   : 27.5837
V-CPSNR (dB)                   : 18.3894

