PCC-Arena Evaluator 0.6.5
Reference Point Cloud: /home/p/pranav/dynamic_pc_data/redandblack/Ply/redandblack_vox10_1707.ply
Target Point Cloud: /home/p/pranav/dynamic_pc_data/redandblack/experiments/3DD_2_Quantize=2_OM=1/decompressed/redandblack_dec_1707.ply

========== Time & Binary Size ==========
Encoding time (s)           : -1
Decoding time (s)           : -1
Source point cloud size (kB): 15186.28
Total binary files size (kB): 5539.889
Compression ratio           : 0.36479565765941363
bpp (bits per point)        : 62.879775489732886

========== Point-based Metrics =========
Asym. Chamfer dist. (1->2) p2pt: 2.65508
Asym. Chamfer dist. (2->1) p2pt: 1.57253
Chamfer dist.              p2pt: 2.1138
CD-PSNR (dB)               p2pt: 56.5617
Hausdorff distance         p2pt: 235


----------------------------------------
Y-CPSNR (dB)                   : 32.5709
U-CPSNR (dB)                   : 39.2405
V-CPSNR (dB)                   : 30.8875

