PCC-Arena Evaluator 0.6.5
Reference Point Cloud: /temp/pranav/dynamic_pc_data/redandblack/Ply/redandblack_vox10_1700.ply
Target Point Cloud: /temp/pranav/dynamic_pc_data/redandblack/experiments/3DD_2_Quantize=2_OM=1/decompressed/redandblack_dec_1700.ply

========== Time & Binary Size ==========
Encoding time (s)           : -1
Decoding time (s)           : -1
Source point cloud size (kB): 16496.195
Total binary files size (kB): 5539.889
Compression ratio           : 0.33582829252442764
bpp (bits per point)        : 57.83066965916802

========== Point-based Metrics =========
Asym. Chamfer dist. (1->2) p2pt: 2.9185
Asym. Chamfer dist. (2->1) p2pt: 1.71568
Chamfer dist.              p2pt: 2.31709
CD-PSNR (dB)               p2pt: 56.167
Hausdorff distance         p2pt: 170


----------------------------------------
Y-CPSNR (dB)                   : 32.4803
U-CPSNR (dB)                   : 39.282
V-CPSNR (dB)                   : 30.8345

