PCC-Arena Evaluator 0.6.5
Reference Point Cloud: /home/p/pranav/dynamic_pc_data/redandblack/Ply/redandblack_vox10_1742.ply
Target Point Cloud: /home/p/pranav/dynamic_pc_data/redandblack/experiments/3DD_2_Quantize=2_OM=1/decompressed/redandblack_dec_1742.ply

========== Time & Binary Size ==========
Encoding time (s)           : -1
Decoding time (s)           : -1
Source point cloud size (kB): 14609.377
Total binary files size (kB): 5539.889
Compression ratio           : 0.37920090637677434
bpp (bits per point)        : 65.33995591823496

========== Point-based Metrics =========
Asym. Chamfer dist. (1->2) p2pt: 71784.3
Asym. Chamfer dist. (2->1) p2pt: 13515.8
Chamfer dist.              p2pt: 42650.1
CD-PSNR (dB)               p2pt: 13.4524
Hausdorff distance         p2pt: 284665


----------------------------------------
Y-CPSNR (dB)                   : 15.122
U-CPSNR (dB)                   : 26.2086
V-CPSNR (dB)                   : 18.4679

