PCC-Arena Evaluator 0.6.5
Reference Point Cloud: /home/p/pranav/dynamic_pc_data/redandblack/Ply/redandblack_vox10_1671.ply
Target Point Cloud: /home/p/pranav/dynamic_pc_data/redandblack/experiments/vanilla_OM=4/decompressed/redandblack_dec_1671.ply

========== Time & Binary Size ==========
Encoding time (s)           : -1
Decoding time (s)           : -1
Source point cloud size (kB): 16311.722
Total binary files size (kB): 9453.968
Compression ratio           : 0.5795812361196445
bpp (bits per point)        : 99.88529106454689

========== Point-based Metrics =========
Asym. Chamfer dist. (1->2) p2pt: 0.412508
Asym. Chamfer dist. (2->1) p2pt: 0.421919
Chamfer dist.              p2pt: 0.417213
CD-PSNR (dB)               p2pt: 63.672
Hausdorff distance         p2pt: 182


----------------------------------------
Y-CPSNR (dB)                   : 36.4125
U-CPSNR (dB)                   : 41.2133
V-CPSNR (dB)                   : 35.9109

