PCC-Arena Evaluator 0.6.5
Reference Point Cloud: /temp/pranav/dynamic_pc_data/redandblack/Ply/redandblack_vox10_1451.ply
Target Point Cloud: /temp/pranav/dynamic_pc_data/redandblack/experiments/vanilla_OM=4/decompressed/redandblack_dec_1451.ply

========== Time & Binary Size ==========
Encoding time (s)           : -1
Decoding time (s)           : -1
Source point cloud size (kB): 15517.15
Total binary files size (kB): 9453.968
Compression ratio           : 0.609259303415898
bpp (bits per point)        : 104.96128609652385

========== Point-based Metrics =========
Asym. Chamfer dist. (1->2) p2pt: 0.414871
Asym. Chamfer dist. (2->1) p2pt: 0.409097
Chamfer dist.              p2pt: 0.411984
CD-PSNR (dB)               p2pt: 63.6588
Hausdorff distance         p2pt: 73


----------------------------------------
Y-CPSNR (dB)                   : 36.1467
U-CPSNR (dB)                   : 40.96
V-CPSNR (dB)                   : 35.6833

