PCC-Arena Evaluator 0.6.5
Reference Point Cloud: /home/p/pranav/dynamic_pc_data/redandblack/Ply/redandblack_vox10_1610.ply
Target Point Cloud: /home/p/pranav/dynamic_pc_data/redandblack/experiments/vanilla_OM=4/decompressed/redandblack_dec_1610.ply

========== Time & Binary Size ==========
Encoding time (s)           : -1
Decoding time (s)           : -1
Source point cloud size (kB): 17359.363
Total binary files size (kB): 9453.968
Compression ratio           : 0.5446033935692226
bpp (bits per point)        : 93.8753942414986

========== Point-based Metrics =========
Asym. Chamfer dist. (1->2) p2pt: 0.415849
Asym. Chamfer dist. (2->1) p2pt: 0.418554
Chamfer dist.              p2pt: 0.417201
CD-PSNR (dB)               p2pt: 63.5814
Hausdorff distance         p2pt: 88


----------------------------------------
Y-CPSNR (dB)                   : 36.2995
U-CPSNR (dB)                   : 41.1003
V-CPSNR (dB)                   : 35.3904

