PCC-Arena Evaluator 0.6.5
Reference Point Cloud: /temp/pranav/dynamic_pc_data/redandblack/Ply/redandblack_vox10_1575.ply
Target Point Cloud: /temp/pranav/dynamic_pc_data/redandblack/experiments/vanilla_OM=4/decompressed/redandblack_dec_1575.ply

========== Time & Binary Size ==========
Encoding time (s)           : -1
Decoding time (s)           : -1
Source point cloud size (kB): 15664.265
Total binary files size (kB): 9453.968
Compression ratio           : 0.6035372869394128
bpp (bits per point)        : 103.99603990891791

========== Point-based Metrics =========
Asym. Chamfer dist. (1->2) p2pt: 0.403419
Asym. Chamfer dist. (2->1) p2pt: 0.407741
Chamfer dist.              p2pt: 0.40558
CD-PSNR (dB)               p2pt: 63.9599
Hausdorff distance         p2pt: 146


----------------------------------------
Y-CPSNR (dB)                   : 36.1656
U-CPSNR (dB)                   : 41.0563
V-CPSNR (dB)                   : 35.3551

