PCC-Arena Evaluator 0.6.5
Reference Point Cloud: /temp/pranav/dynamic_pc_data/soldier/Ply/soldier_vox10_0564.ply
Target Point Cloud: /temp/pranav/dynamic_pc_data/soldier/experiments/vanilla_rc_OM=4_GQP=36_AQP=47/decompressed/soldier_dec_0564.ply

========== Time & Binary Size ==========
Encoding time (s)           : -1
Decoding time (s)           : -1
Source point cloud size (kB): 23481.9
Total binary files size (kB): 3720.167
Compression ratio           : 0.15842700122221795
bpp (bits per point)        : 28.0664586924786

========== Point-based Metrics =========
Asym. Chamfer dist. (1->2) p2pt: 1.32544
Asym. Chamfer dist. (2->1) p2pt: 1.19437
Chamfer dist.              p2pt: 1.25991
CD-PSNR (dB)               p2pt: 59.2893
Hausdorff distance         p2pt: 147


----------------------------------------
Y-CPSNR (dB)                   : 27.2458
U-CPSNR (dB)                   : 41.7479
V-CPSNR (dB)                   : 41.8094

