PCC-Arena Evaluator 0.6.5
Reference Point Cloud: /temp/pranav/dynamic_pc_data/soldier/Ply/soldier_vox10_0691.ply
Target Point Cloud: /temp/pranav/dynamic_pc_data/soldier/experiments/2DD_lodX=2_lodY=2_OM=4_r1/decompressed/soldier_dec_0691.ply

========== Time & Binary Size ==========
Encoding time (s)           : -1
Decoding time (s)           : -1
Source point cloud size (kB): 24296.878
Total binary files size (kB): 4630.941
Compression ratio           : 0.19059819125732944
bpp (bits per point)        : 33.97814614604332

========== Point-based Metrics =========
Asym. Chamfer dist. (1->2) p2pt: 1.50901
Asym. Chamfer dist. (2->1) p2pt: 0.939657
Chamfer dist.              p2pt: 1.22433
CD-PSNR (dB)               p2pt: 59.2189
Hausdorff distance         p2pt: 428


----------------------------------------
Y-CPSNR (dB)                   : 28.293
U-CPSNR (dB)                   : 42.7408
V-CPSNR (dB)                   : 42.743

