PCC-Arena Evaluator 0.6.5
Reference Point Cloud: /temp/pranav/dynamic_pc_data/soldier/Ply/soldier_vox10_0636.ply
Target Point Cloud: /temp/pranav/dynamic_pc_data/soldier/experiments/2DD_lodX=2_lodY=2_OM=4_r1/decompressed/soldier_dec_0636.ply

========== Time & Binary Size ==========
Encoding time (s)           : -1
Decoding time (s)           : -1
Source point cloud size (kB): 23598.204
Total binary files size (kB): 4630.941
Compression ratio           : 0.19624124785089575
bpp (bits per point)        : 34.80101789201665

========== Point-based Metrics =========
Asym. Chamfer dist. (1->2) p2pt: 1.46085
Asym. Chamfer dist. (2->1) p2pt: 0.924948
Chamfer dist.              p2pt: 1.1929
CD-PSNR (dB)               p2pt: 59.524
Hausdorff distance         p2pt: 245


----------------------------------------
Y-CPSNR (dB)                   : 28.4878
U-CPSNR (dB)                   : 42.4483
V-CPSNR (dB)                   : 43.0584

