PCC-Arena Evaluator 0.6.5
Reference Point Cloud: /temp/pranav/dynamic_pc_data/soldier/Ply/soldier_vox10_0604.ply
Target Point Cloud: /temp/pranav/dynamic_pc_data/soldier/experiments/2DD_lodX=2_lodY=2_OM=4_r1/decompressed/soldier_dec_0604.ply

========== Time & Binary Size ==========
Encoding time (s)           : -1
Decoding time (s)           : -1
Source point cloud size (kB): 23486.658
Total binary files size (kB): 4630.941
Compression ratio           : 0.19717326322033557
bpp (bits per point)        : 34.93441509946364

========== Point-based Metrics =========
Asym. Chamfer dist. (1->2) p2pt: 1.44334
Asym. Chamfer dist. (2->1) p2pt: 0.976173
Chamfer dist.              p2pt: 1.20976
CD-PSNR (dB)               p2pt: 59.4666
Hausdorff distance         p2pt: 3837


----------------------------------------
Y-CPSNR (dB)                   : 28.2167
U-CPSNR (dB)                   : 42.3806
V-CPSNR (dB)                   : 42.7299

