PCC-Arena Evaluator 0.6.5
Reference Point Cloud: /temp/pranav/dynamic_pc_data/soldier/Ply/soldier_vox10_0817.ply
Target Point Cloud: /temp/pranav/dynamic_pc_data/soldier/experiments/2DD_lodX=2_lodY=2_OM=4_r1/decompressed/soldier_dec_0817.ply

========== Time & Binary Size ==========
Encoding time (s)           : -1
Decoding time (s)           : -1
Source point cloud size (kB): 24067.528
Total binary files size (kB): 4630.941
Compression ratio           : 0.1924144847779963
bpp (bits per point)        : 34.024455159112826

========== Point-based Metrics =========
Asym. Chamfer dist. (1->2) p2pt: 1.3191
Asym. Chamfer dist. (2->1) p2pt: 0.903507
Chamfer dist.              p2pt: 1.1113
CD-PSNR (dB)               p2pt: 59.5248
Hausdorff distance         p2pt: 232


----------------------------------------
Y-CPSNR (dB)                   : 28.6537
U-CPSNR (dB)                   : 42.9801
V-CPSNR (dB)                   : 42.8829

