PCC-Arena Evaluator 0.6.5
Reference Point Cloud: /temp/pranav/dynamic_pc_data/soldier/Ply/soldier_vox10_0603.ply
Target Point Cloud: /temp/pranav/dynamic_pc_data/soldier/experiments/2DD_lodX=2_lodY=2_OM=4_r1/decompressed/soldier_dec_0603.ply

========== Time & Binary Size ==========
Encoding time (s)           : -1
Decoding time (s)           : -1
Source point cloud size (kB): 23494.395
Total binary files size (kB): 4630.941
Compression ratio           : 0.19710833158291582
bpp (bits per point)        : 34.926510849152656

========== Point-based Metrics =========
Asym. Chamfer dist. (1->2) p2pt: 1.44626
Asym. Chamfer dist. (2->1) p2pt: 0.96451
Chamfer dist.              p2pt: 1.20538
CD-PSNR (dB)               p2pt: 59.4824
Hausdorff distance         p2pt: 3179


----------------------------------------
Y-CPSNR (dB)                   : 28.1982
U-CPSNR (dB)                   : 42.5314
V-CPSNR (dB)                   : 42.8098

