PCC-Arena Evaluator 0.6.5
Reference Point Cloud: /temp/pranav/dynamic_pc_data/soldier/Ply/soldier_vox10_0662.ply
Target Point Cloud: /temp/pranav/dynamic_pc_data/soldier/experiments/vanilla_r1/decompressed/soldier_dec_0662.ply

========== Time & Binary Size ==========
Encoding time (s)           : -1
Decoding time (s)           : -1
Source point cloud size (kB): 23190.208
Total binary files size (kB): 5488.956
Compression ratio           : 0.23669283173311773
bpp (bits per point)        : 42.04030777979786

========== Point-based Metrics =========
Asym. Chamfer dist. (1->2) p2pt: 0.774367
Asym. Chamfer dist. (2->1) p2pt: 0.75259
Chamfer dist.              p2pt: 0.763478
CD-PSNR (dB)               p2pt: 61.4382
Hausdorff distance         p2pt: 107


----------------------------------------
Y-CPSNR (dB)                   : 29.4106
U-CPSNR (dB)                   : 43.1197
V-CPSNR (dB)                   : 43.3056

