PCC-Arena Evaluator 0.6.5
Reference Point Cloud: /temp/pranav/dynamic_pc_data/soldier/Ply/soldier_vox10_0792.ply
Target Point Cloud: /temp/pranav/dynamic_pc_data/soldier/experiments/vanilla_r1/decompressed/soldier_dec_0792.ply

========== Time & Binary Size ==========
Encoding time (s)           : -1
Decoding time (s)           : -1
Source point cloud size (kB): 24050.072
Total binary files size (kB): 5488.956
Compression ratio           : 0.22823033544348642
bpp (bits per point)        : 40.34217257092459

========== Point-based Metrics =========
Asym. Chamfer dist. (1->2) p2pt: 0.78948
Asym. Chamfer dist. (2->1) p2pt: 0.736293
Chamfer dist.              p2pt: 0.762886
CD-PSNR (dB)               p2pt: 61.129
Hausdorff distance         p2pt: 134


----------------------------------------
Y-CPSNR (dB)                   : 29.5518
U-CPSNR (dB)                   : 43.1792
V-CPSNR (dB)                   : 43.3088

