PCC-Arena Evaluator 0.6.5
Reference Point Cloud: /temp/pranav/dynamic_pc_data/soldier/Ply/soldier_vox10_0796.ply
Target Point Cloud: /temp/pranav/dynamic_pc_data/soldier/experiments/vanilla_r1/decompressed/soldier_dec_0796.ply

========== Time & Binary Size ==========
Encoding time (s)           : -1
Decoding time (s)           : -1
Source point cloud size (kB): 24036.009
Total binary files size (kB): 5488.956
Compression ratio           : 0.22836386856070826
bpp (bits per point)        : 40.371584840124044

========== Point-based Metrics =========
Asym. Chamfer dist. (1->2) p2pt: 0.782662
Asym. Chamfer dist. (2->1) p2pt: 0.732466
Chamfer dist.              p2pt: 0.757564
CD-PSNR (dB)               p2pt: 61.1608
Hausdorff distance         p2pt: 193


----------------------------------------
Y-CPSNR (dB)                   : 29.506
U-CPSNR (dB)                   : 43.3083
V-CPSNR (dB)                   : 43.6717

