PCC-Arena Evaluator 0.6.5
Reference Point Cloud: /temp/pranav/dynamic_pc_data/soldier/Ply/soldier_vox10_0669.ply
Target Point Cloud: /temp/pranav/dynamic_pc_data/soldier/experiments/vanilla_r1/decompressed/soldier_dec_0669.ply

========== Time & Binary Size ==========
Encoding time (s)           : -1
Decoding time (s)           : -1
Source point cloud size (kB): 23235.88
Total binary files size (kB): 5488.956
Compression ratio           : 0.23622759284348172
bpp (bits per point)        : 41.953349549718254

========== Point-based Metrics =========
Asym. Chamfer dist. (1->2) p2pt: 0.796191
Asym. Chamfer dist. (2->1) p2pt: 0.758659
Chamfer dist.              p2pt: 0.777425
CD-PSNR (dB)               p2pt: 61.3457
Hausdorff distance         p2pt: 133


----------------------------------------
Y-CPSNR (dB)                   : 29.4858
U-CPSNR (dB)                   : 43.0973
V-CPSNR (dB)                   : 43.2816

