PCC-Arena Evaluator 0.6.5
Reference Point Cloud: /temp/pranav/dynamic_pc_data/soldier/Ply/soldier_vox10_0817.ply
Target Point Cloud: /temp/pranav/dynamic_pc_data/soldier/experiments/vanilla_r1/decompressed/soldier_dec_0817.ply

========== Time & Binary Size ==========
Encoding time (s)           : -1
Decoding time (s)           : -1
Source point cloud size (kB): 24067.528
Total binary files size (kB): 5488.956
Compression ratio           : 0.22806480166970203
bpp (bits per point)        : 40.32846397575424

========== Point-based Metrics =========
Asym. Chamfer dist. (1->2) p2pt: 0.791757
Asym. Chamfer dist. (2->1) p2pt: 0.73713
Chamfer dist.              p2pt: 0.764444
CD-PSNR (dB)               p2pt: 61.1497
Hausdorff distance         p2pt: 80


----------------------------------------
Y-CPSNR (dB)                   : 29.5292
U-CPSNR (dB)                   : 43.263
V-CPSNR (dB)                   : 43.2408

