PCC-Arena Evaluator 0.6.5
Reference Point Cloud: /temp/pranav/dynamic_pc_data/loot/Ply/loot_vox10_1006.ply
Target Point Cloud: /temp/pranav/dynamic_pc_data/loot/experiments/vanilla_rc_OM=4_GQP=29_AQP=39/decompressed/loot_dec_1006.ply

========== Time & Binary Size ==========
Encoding time (s)           : -1
Decoding time (s)           : -1
Source point cloud size (kB): 16866.1
Total binary files size (kB): 3817.166
Compression ratio           : 0.22632179341993705
bpp (bits per point)        : 39.3548132673668

========== Point-based Metrics =========
Asym. Chamfer dist. (1->2) p2pt: 0.515444
Asym. Chamfer dist. (2->1) p2pt: 0.484933
Chamfer dist.              p2pt: 0.500188
CD-PSNR (dB)               p2pt: 63.19
Hausdorff distance         p2pt: 82


----------------------------------------
Y-CPSNR (dB)                   : 33.3605
U-CPSNR (dB)                   : 45.0346
V-CPSNR (dB)                   : 44.973

