PCC-Arena Evaluator 0.6.5
Reference Point Cloud: /temp/pranav/dynamic_pc_data/loot/Ply/loot_vox10_1046.ply
Target Point Cloud: /temp/pranav/dynamic_pc_data/loot/experiments/vanilla_rc_OM=4_GQP=29_AQP=39/decompressed/loot_dec_1046.ply

========== Time & Binary Size ==========
Encoding time (s)           : -1
Decoding time (s)           : -1
Source point cloud size (kB): 17104.293
Total binary files size (kB): 3817.166
Compression ratio           : 0.22317005444188776
bpp (bits per point)        : 38.90353270908975

========== Point-based Metrics =========
Asym. Chamfer dist. (1->2) p2pt: 0.511531
Asym. Chamfer dist. (2->1) p2pt: 0.493251
Chamfer dist.              p2pt: 0.502391
CD-PSNR (dB)               p2pt: 62.8272
Hausdorff distance         p2pt: 54


----------------------------------------
Y-CPSNR (dB)                   : 34.008
U-CPSNR (dB)                   : 45.1013
V-CPSNR (dB)                   : 44.6503

