PCC-Arena Evaluator 0.6.5
Reference Point Cloud: /temp/pranav/dynamic_pc_data/loot/Ply/loot_vox10_1028.ply
Target Point Cloud: /temp/pranav/dynamic_pc_data/loot/experiments/vanilla_rc_OM=4_GQP=29_AQP=39/decompressed/loot_dec_1028.ply

========== Time & Binary Size ==========
Encoding time (s)           : -1
Decoding time (s)           : -1
Source point cloud size (kB): 16965.623
Total binary files size (kB): 3817.166
Compression ratio           : 0.22499415435554593
bpp (bits per point)        : 39.06772715700485

========== Point-based Metrics =========
Asym. Chamfer dist. (1->2) p2pt: 0.501798
Asym. Chamfer dist. (2->1) p2pt: 0.479608
Chamfer dist.              p2pt: 0.490703
CD-PSNR (dB)               p2pt: 63.2259
Hausdorff distance         p2pt: 45


----------------------------------------
Y-CPSNR (dB)                   : 33.4182
U-CPSNR (dB)                   : 45.0458
V-CPSNR (dB)                   : 44.6887

