PCC-Arena Evaluator 0.6.5
Reference Point Cloud: /temp/pranav/dynamic_pc_data/loot/Ply/loot_vox10_1146.ply
Target Point Cloud: /temp/pranav/dynamic_pc_data/loot/experiments/vanilla_rc_OM=4_GQP=29_AQP=39/decompressed/loot_dec_1146.ply

========== Time & Binary Size ==========
Encoding time (s)           : -1
Decoding time (s)           : -1
Source point cloud size (kB): 17215.452
Total binary files size (kB): 3817.166
Compression ratio           : 0.22172906061368589
bpp (bits per point)        : 38.431359914623066

========== Point-based Metrics =========
Asym. Chamfer dist. (1->2) p2pt: 0.504577
Asym. Chamfer dist. (2->1) p2pt: 0.488622
Chamfer dist.              p2pt: 0.4966
CD-PSNR (dB)               p2pt: 63.0662
Hausdorff distance         p2pt: 128


----------------------------------------
Y-CPSNR (dB)                   : 33.4462
U-CPSNR (dB)                   : 44.5583
V-CPSNR (dB)                   : 44.6686

