PCC-Arena Evaluator 0.6.5
Reference Point Cloud: /temp/pranav/dynamic_pc_data/loot/Ply/loot_vox10_1241.ply
Target Point Cloud: /temp/pranav/dynamic_pc_data/loot/experiments/vanilla_rc_OM=4_GQP=29_AQP=39/decompressed/loot_dec_1241.ply

========== Time & Binary Size ==========
Encoding time (s)           : -1
Decoding time (s)           : -1
Source point cloud size (kB): 17653.307
Total binary files size (kB): 3817.166
Compression ratio           : 0.21622951439070312
bpp (bits per point)        : 37.67208111432269

========== Point-based Metrics =========
Asym. Chamfer dist. (1->2) p2pt: 0.516251
Asym. Chamfer dist. (2->1) p2pt: 0.526518
Chamfer dist.              p2pt: 0.521385
CD-PSNR (dB)               p2pt: 62.9612
Hausdorff distance         p2pt: 81


----------------------------------------
Y-CPSNR (dB)                   : 33.1279
U-CPSNR (dB)                   : 44.8549
V-CPSNR (dB)                   : 44.809

