PCC-Arena Evaluator 0.6.5
Reference Point Cloud: /temp/pranav/dynamic_pc_data/longdress/Ply/longdress_vox10_1304.ply
Target Point Cloud: /temp/pranav/dynamic_pc_data/longdress/experiments/2DD_INT_lodX=2_lodY=1_OM=4_r1/decompressed/longdress_dec_1304.ply

========== Time & Binary Size ==========
Encoding time (s)           : -1
Decoding time (s)           : -1
Source point cloud size (kB): 19153.41
Total binary files size (kB): 4759.045
Compression ratio           : 0.2484698547151656
bpp (bits per point)        : 44.97217024815256

========== Point-based Metrics =========
Asym. Chamfer dist. (1->2) p2pt: 1.01514
Asym. Chamfer dist. (2->1) p2pt: 1.11505
Chamfer dist.              p2pt: 1.06509
CD-PSNR (dB)               p2pt: 59.7992
Hausdorff distance         p2pt: 417


----------------------------------------
Y-CPSNR (dB)                   : 25.8849
U-CPSNR (dB)                   : 32.1614
V-CPSNR (dB)                   : 31.2717

