PCC-Arena Evaluator 0.6.5
Reference Point Cloud: /temp/pranav/dynamic_pc_data/longdress/Ply/longdress_vox10_1278.ply
Target Point Cloud: /temp/pranav/dynamic_pc_data/longdress/experiments/2DD_INT_lodX=2_lodY=1_OM=4_r1/decompressed/longdress_dec_1278.ply

========== Time & Binary Size ==========
Encoding time (s)           : -1
Decoding time (s)           : -1
Source point cloud size (kB): 19668.515
Total binary files size (kB): 4759.045
Compression ratio           : 0.24196259859984345
bpp (bits per point)        : 43.790426283208845

========== Point-based Metrics =========
Asym. Chamfer dist. (1->2) p2pt: 1.00264
Asym. Chamfer dist. (2->1) p2pt: 1.08395
Chamfer dist.              p2pt: 1.0433
CD-PSNR (dB)               p2pt: 59.8875
Hausdorff distance         p2pt: 118


----------------------------------------
Y-CPSNR (dB)                   : 26.5377
U-CPSNR (dB)                   : 32.1811
V-CPSNR (dB)                   : 31.1693

