PCC-Arena Evaluator 0.6.5
Reference Point Cloud: /temp/pranav/dynamic_pc_data/longdress/Ply/longdress_vox10_1079.ply
Target Point Cloud: /temp/pranav/dynamic_pc_data/longdress/experiments/2DD_INT_lodX=2_lodY=1_OM=4_r1/decompressed/longdress_dec_1079.ply

========== Time & Binary Size ==========
Encoding time (s)           : -1
Decoding time (s)           : -1
Source point cloud size (kB): 17710.131
Total binary files size (kB): 4858.411
Compression ratio           : 0.2743294784211365
bpp (bits per point)        : 49.9840379426796

========== Point-based Metrics =========
Asym. Chamfer dist. (1->2) p2pt: 0.954953
Asym. Chamfer dist. (2->1) p2pt: 1.15126
Chamfer dist.              p2pt: 1.05311
CD-PSNR (dB)               p2pt: 59.7399
Hausdorff distance         p2pt: 266


----------------------------------------
Y-CPSNR (dB)                   : 26.6429
U-CPSNR (dB)                   : 32.577
V-CPSNR (dB)                   : 31.9457

