PCC-Arena Evaluator 0.6.5
Reference Point Cloud: /temp/pranav/dynamic_pc_data/redandblack/Ply/redandblack_vox10_1466.ply
Target Point Cloud: /temp/pranav/dynamic_pc_data/redandblack/experiments/vanilla_r1/decompressed/redandblack_dec_1466.ply

========== Time & Binary Size ==========
Encoding time (s)           : -1
Decoding time (s)           : -1
Source point cloud size (kB): 14968.263
Total binary files size (kB): 4223.319
Compression ratio           : 0.2821515763051464
bpp (bits per point)        : 48.75763151400752

========== Point-based Metrics =========
Asym. Chamfer dist. (1->2) p2pt: 0.807719
Asym. Chamfer dist. (2->1) p2pt: 0.709124
Chamfer dist.              p2pt: 0.758421
CD-PSNR (dB)               p2pt: 60.9744
Hausdorff distance         p2pt: 137


----------------------------------------
Y-CPSNR (dB)                   : 32.4329
U-CPSNR (dB)                   : 39.257
V-CPSNR (dB)                   : 32.2593

