PCC-Arena Evaluator 0.6.5
Reference Point Cloud: /home/p/pranav/dynamic_pc_data/redandblack/Ply/redandblack_vox10_1576.ply
Target Point Cloud: /home/p/pranav/dynamic_pc_data/redandblack/experiments/vanilla_r1/decompressed/redandblack_dec_1576.ply

========== Time & Binary Size ==========
Encoding time (s)           : -1
Decoding time (s)           : -1
Source point cloud size (kB): 15699.826
Total binary files size (kB): 4201.799
Compression ratio           : 0.2676334756831063
bpp (bits per point)        : 46.131159509791814

========== Point-based Metrics =========
Asym. Chamfer dist. (1->2) p2pt: 0.83917
Asym. Chamfer dist. (2->1) p2pt: 0.735595
Chamfer dist.              p2pt: 0.787382
CD-PSNR (dB)               p2pt: 61.0971
Hausdorff distance         p2pt: 161


----------------------------------------
Y-CPSNR (dB)                   : 32.1492
U-CPSNR (dB)                   : 39.3064
V-CPSNR (dB)                   : 32.0928

