PCC-Arena Evaluator 0.6.5
Reference Point Cloud: /temp/pranav/dynamic_pc_data/redandblack/Ply/redandblack_vox10_1663.ply
Target Point Cloud: /temp/pranav/dynamic_pc_data/redandblack/experiments/vanilla_r1/decompressed/redandblack_dec_1663.ply

========== Time & Binary Size ==========
Encoding time (s)           : -1
Decoding time (s)           : -1
Source point cloud size (kB): 16341.084
Total binary files size (kB): 4223.319
Compression ratio           : 0.25844790957564384
bpp (bits per point)        : 44.52306698908224

========== Point-based Metrics =========
Asym. Chamfer dist. (1->2) p2pt: 0.8156
Asym. Chamfer dist. (2->1) p2pt: 0.739666
Chamfer dist.              p2pt: 0.777633
CD-PSNR (dB)               p2pt: 60.864
Hausdorff distance         p2pt: 179


----------------------------------------
Y-CPSNR (dB)                   : 32.7082
U-CPSNR (dB)                   : 39.8373
V-CPSNR (dB)                   : 32.2066

