PCC-Arena Evaluator 0.6.5
Reference Point Cloud: /temp/pranav/dynamic_pc_data/redandblack/Ply/redandblack_vox10_1482.ply
Target Point Cloud: /temp/pranav/dynamic_pc_data/redandblack/experiments/vanilla_r2/decompressed/redandblack_dec_1482.ply

========== Time & Binary Size ==========
Encoding time (s)           : -1
Decoding time (s)           : -1
Source point cloud size (kB): 15817.715
Total binary files size (kB): 6104.854
Compression ratio           : 0.38595043595108397
bpp (bits per point)        : 66.21271818927475

========== Point-based Metrics =========
Asym. Chamfer dist. (1->2) p2pt: 0.550802
Asym. Chamfer dist. (2->1) p2pt: 0.548292
Chamfer dist.              p2pt: 0.549547
CD-PSNR (dB)               p2pt: 62.4215
Hausdorff distance         p2pt: 144


----------------------------------------
Y-CPSNR (dB)                   : 34.2144
U-CPSNR (dB)                   : 39.3984
V-CPSNR (dB)                   : 33.6301

