PCC-Arena Evaluator 0.6.5
Reference Point Cloud: /temp/pranav/dynamic_pc_data/redandblack/Ply/redandblack_vox10_1686.ply
Target Point Cloud: /temp/pranav/dynamic_pc_data/redandblack/experiments/vanilla_r2/decompressed/redandblack_dec_1686.ply

========== Time & Binary Size ==========
Encoding time (s)           : -1
Decoding time (s)           : -1
Source point cloud size (kB): 16651.309
Total binary files size (kB): 6104.854
Compression ratio           : 0.3666290740265525
bpp (bits per point)        : 63.34174883954985

========== Point-based Metrics =========
Asym. Chamfer dist. (1->2) p2pt: 0.558395
Asym. Chamfer dist. (2->1) p2pt: 0.548695
Chamfer dist.              p2pt: 0.553545
CD-PSNR (dB)               p2pt: 62.2677
Hausdorff distance         p2pt: 131


----------------------------------------
Y-CPSNR (dB)                   : 34.1615
U-CPSNR (dB)                   : 40.3352
V-CPSNR (dB)                   : 33.8091

