PCC-Arena Evaluator 0.6.5
Reference Point Cloud: /temp/pranav/dynamic_pc_data/redandblack/Ply/redandblack_vox10_1635.ply
Target Point Cloud: /temp/pranav/dynamic_pc_data/redandblack/experiments/vanilla_r2/decompressed/redandblack_dec_1635.ply

========== Time & Binary Size ==========
Encoding time (s)           : -1
Decoding time (s)           : -1
Source point cloud size (kB): 16318.305
Total binary files size (kB): 6104.854
Compression ratio           : 0.37411079153135085
bpp (bits per point)        : 64.43797762296812

========== Point-based Metrics =========
Asym. Chamfer dist. (1->2) p2pt: 0.545266
Asym. Chamfer dist. (2->1) p2pt: 0.517981
Chamfer dist.              p2pt: 0.531624
CD-PSNR (dB)               p2pt: 62.3085
Hausdorff distance         p2pt: 204


----------------------------------------
Y-CPSNR (dB)                   : 34.3885
U-CPSNR (dB)                   : 40.3122
V-CPSNR (dB)                   : 33.7549

