PCC-Arena Evaluator 0.6.5
Reference Point Cloud: /temp/pranav/dynamic_pc_data/redandblack/Ply/redandblack_vox10_1564.ply
Target Point Cloud: /temp/pranav/dynamic_pc_data/redandblack/experiments/vanilla_r2/decompressed/redandblack_dec_1564.ply

========== Time & Binary Size ==========
Encoding time (s)           : -1
Decoding time (s)           : -1
Source point cloud size (kB): 15233.18
Total binary files size (kB): 6104.854
Compression ratio           : 0.40076031399878426
bpp (bits per point)        : 68.9543258438071

========== Point-based Metrics =========
Asym. Chamfer dist. (1->2) p2pt: 0.547988
Asym. Chamfer dist. (2->1) p2pt: 0.515137
Chamfer dist.              p2pt: 0.531562
CD-PSNR (dB)               p2pt: 62.4879
Hausdorff distance         p2pt: 83


----------------------------------------
Y-CPSNR (dB)                   : 33.869
U-CPSNR (dB)                   : 39.977
V-CPSNR (dB)                   : 33.4485

