PCC-Arena Evaluator 0.6.5
Reference Point Cloud: /temp/pranav/dynamic_pc_data/redandblack/Ply/redandblack_vox10_1736.ply
Target Point Cloud: /temp/pranav/dynamic_pc_data/redandblack/experiments/vanilla_r2/decompressed/redandblack_dec_1736.ply

========== Time & Binary Size ==========
Encoding time (s)           : -1
Decoding time (s)           : -1
Source point cloud size (kB): 14187.898
Total binary files size (kB): 6104.854
Compression ratio           : 0.4302860085405182
bpp (bits per point)        : 74.09837538005911

========== Point-based Metrics =========
Asym. Chamfer dist. (1->2) p2pt: 0.52474
Asym. Chamfer dist. (2->1) p2pt: 0.513464
Chamfer dist.              p2pt: 0.519102
CD-PSNR (dB)               p2pt: 62.559
Hausdorff distance         p2pt: 89


----------------------------------------
Y-CPSNR (dB)                   : 33.8874
U-CPSNR (dB)                   : 39.8777
V-CPSNR (dB)                   : 33.4455

