PCC-Arena Evaluator 0.6.5
Reference Point Cloud: /temp/pranav/dynamic_pc_data/redandblack/Ply/redandblack_vox10_1623.ply
Target Point Cloud: /temp/pranav/dynamic_pc_data/redandblack/experiments/vanilla_r2/decompressed/redandblack_dec_1623.ply

========== Time & Binary Size ==========
Encoding time (s)           : -1
Decoding time (s)           : -1
Source point cloud size (kB): 16733.9
Total binary files size (kB): 6104.854
Compression ratio           : 0.3648195579034176
bpp (bits per point)        : 63.03826400550372

========== Point-based Metrics =========
Asym. Chamfer dist. (1->2) p2pt: 0.555694
Asym. Chamfer dist. (2->1) p2pt: 0.532542
Chamfer dist.              p2pt: 0.544118
CD-PSNR (dB)               p2pt: 62.3043
Hausdorff distance         p2pt: 131


----------------------------------------
Y-CPSNR (dB)                   : 34.26
U-CPSNR (dB)                   : 40.0816
V-CPSNR (dB)                   : 33.8299

