PCC-Arena Evaluator 0.6.5
Reference Point Cloud: /temp/pranav/dynamic_pc_data/redandblack/Ply/redandblack_vox10_1734.ply
Target Point Cloud: /temp/pranav/dynamic_pc_data/redandblack/experiments/vanilla_r2/decompressed/redandblack_dec_1734.ply

========== Time & Binary Size ==========
Encoding time (s)           : -1
Decoding time (s)           : -1
Source point cloud size (kB): 13970.129
Total binary files size (kB): 6104.854
Compression ratio           : 0.436993387820542
bpp (bits per point)        : 75.31301293181882

========== Point-based Metrics =========
Asym. Chamfer dist. (1->2) p2pt: 0.536094
Asym. Chamfer dist. (2->1) p2pt: 0.504866
Chamfer dist.              p2pt: 0.52048
CD-PSNR (dB)               p2pt: 62.5528
Hausdorff distance         p2pt: 89


----------------------------------------
Y-CPSNR (dB)                   : 33.9013
U-CPSNR (dB)                   : 39.8167
V-CPSNR (dB)                   : 33.4093

