PCC-Arena Evaluator 0.6.5
Reference Point Cloud: /temp/pranav/dynamic_pc_data/redandblack/Ply/redandblack_vox10_1535.ply
Target Point Cloud: /temp/pranav/dynamic_pc_data/redandblack/experiments/vanilla_r2/decompressed/redandblack_dec_1535.ply

========== Time & Binary Size ==========
Encoding time (s)           : -1
Decoding time (s)           : -1
Source point cloud size (kB): 15956.673
Total binary files size (kB): 6104.854
Compression ratio           : 0.38258940319200624
bpp (bits per point)        : 65.8945931140932

========== Point-based Metrics =========
Asym. Chamfer dist. (1->2) p2pt: 0.587489
Asym. Chamfer dist. (2->1) p2pt: 0.564715
Chamfer dist.              p2pt: 0.576102
CD-PSNR (dB)               p2pt: 62.2295
Hausdorff distance         p2pt: 107


----------------------------------------
Y-CPSNR (dB)                   : 33.9335
U-CPSNR (dB)                   : 39.5601
V-CPSNR (dB)                   : 33.6263

