PCC-Arena Evaluator 0.6.5
Reference Point Cloud: /temp/pranav/dynamic_pc_data/redandblack/Ply/redandblack_vox10_1510.ply
Target Point Cloud: /temp/pranav/dynamic_pc_data/redandblack/experiments/vanilla_r2/decompressed/redandblack_dec_1510.ply

========== Time & Binary Size ==========
Encoding time (s)           : -1
Decoding time (s)           : -1
Source point cloud size (kB): 14945.17
Total binary files size (kB): 6104.854
Compression ratio           : 0.408483409690221
bpp (bits per point)        : 70.38319986049844

========== Point-based Metrics =========
Asym. Chamfer dist. (1->2) p2pt: 0.534478
Asym. Chamfer dist. (2->1) p2pt: 0.564515
Chamfer dist.              p2pt: 0.549497
CD-PSNR (dB)               p2pt: 62.3254
Hausdorff distance         p2pt: 180


----------------------------------------
Y-CPSNR (dB)                   : 33.9699
U-CPSNR (dB)                   : 40.0953
V-CPSNR (dB)                   : 33.5247

