PCC-Arena Evaluator 0.6.5
Reference Point Cloud: /temp/pranav/dynamic_pc_data/longdress/Ply/longdress_vox10_1270.ply
Target Point Cloud: /temp/pranav/dynamic_pc_data/longdress/experiments/3DD_4_noQuantize_OM=4_r1/decompressed/longdress_dec_1270.ply

========== Time & Binary Size ==========
Encoding time (s)           : -1
Decoding time (s)           : -1
Source point cloud size (kB): 19258.178
Total binary files size (kB): 5190.618
Compression ratio           : 0.2695279896156324
bpp (bits per point)        : 48.87576065028095

========== Point-based Metrics =========
Asym. Chamfer dist. (1->2) p2pt: 1.07497
Asym. Chamfer dist. (2->1) p2pt: 0.810381
Chamfer dist.              p2pt: 0.942675
CD-PSNR (dB)               p2pt: 60.3614
Hausdorff distance         p2pt: 122


----------------------------------------
Y-CPSNR (dB)                   : 26.8318
U-CPSNR (dB)                   : 33.1313
V-CPSNR (dB)                   : 32.4105

