PCC-Arena Evaluator 0.6.5
Reference Point Cloud: /temp/pranav/dynamic_pc_data/longdress/Ply/longdress_vox10_1158.ply
Target Point Cloud: /temp/pranav/dynamic_pc_data/longdress/experiments/3DD_4_noQuantize_OM=4_r1/decompressed/longdress_dec_1158.ply

========== Time & Binary Size ==========
Encoding time (s)           : -1
Decoding time (s)           : -1
Source point cloud size (kB): 18940.373
Total binary files size (kB): 5190.618
Compression ratio           : 0.2740504635257183
bpp (bits per point)        : 49.97832845284218

========== Point-based Metrics =========
Asym. Chamfer dist. (1->2) p2pt: 0.912641
Asym. Chamfer dist. (2->1) p2pt: 0.683059
Chamfer dist.              p2pt: 0.79785
CD-PSNR (dB)               p2pt: 61.0283
Hausdorff distance         p2pt: 126


----------------------------------------
Y-CPSNR (dB)                   : 26.5873
U-CPSNR (dB)                   : 32.8943
V-CPSNR (dB)                   : 32.234

