PCC-Arena Evaluator 0.6.5
Reference Point Cloud: /temp/pranav/dynamic_pc_data/longdress/Ply/longdress_vox10_1075.ply
Target Point Cloud: /temp/pranav/dynamic_pc_data/longdress/experiments/3DD_4_noQuantize_OM=4_r1/decompressed/longdress_dec_1075.ply

========== Time & Binary Size ==========
Encoding time (s)           : -1
Decoding time (s)           : -1
Source point cloud size (kB): 17565.149
Total binary files size (kB): 5190.618
Compression ratio           : 0.2955066307721045
bpp (bits per point)        : 53.777502648407975

========== Point-based Metrics =========
Asym. Chamfer dist. (1->2) p2pt: 1.0503
Asym. Chamfer dist. (2->1) p2pt: 0.788012
Chamfer dist.              p2pt: 0.919155
CD-PSNR (dB)               p2pt: 60.3678
Hausdorff distance         p2pt: 154


----------------------------------------
Y-CPSNR (dB)                   : 26.6921
U-CPSNR (dB)                   : 33.1531
V-CPSNR (dB)                   : 32.3141

