PCC-Arena Evaluator 0.6.5
Reference Point Cloud: /temp/pranav/dynamic_pc_data/longdress/Ply/longdress_vox10_1302.ply
Target Point Cloud: /temp/pranav/dynamic_pc_data/longdress/experiments/3DD_4_noQuantize_OM=4_r1/decompressed/longdress_dec_1302.ply

========== Time & Binary Size ==========
Encoding time (s)           : -1
Decoding time (s)           : -1
Source point cloud size (kB): 19174.738
Total binary files size (kB): 5190.618
Compression ratio           : 0.270700856512355
bpp (bits per point)        : 48.99842945219623

========== Point-based Metrics =========
Asym. Chamfer dist. (1->2) p2pt: 0.988272
Asym. Chamfer dist. (2->1) p2pt: 0.708411
Chamfer dist.              p2pt: 0.848342
CD-PSNR (dB)               p2pt: 60.7956
Hausdorff distance         p2pt: 214


----------------------------------------
Y-CPSNR (dB)                   : 26.2116
U-CPSNR (dB)                   : 32.8199
V-CPSNR (dB)                   : 31.7998

