PCC-Arena Evaluator 0.6.5
Reference Point Cloud: /temp/pranav/dynamic_pc_data/redandblack/Ply/redandblack_vox10_1585.ply
Target Point Cloud: /temp/pranav/dynamic_pc_data/redandblack/experiments/2DD_lodX=1_lodY=2_OM=1/decompressed/redandblack_dec_1585.ply

========== Time & Binary Size ==========
Encoding time (s)           : -1
Decoding time (s)           : -1
Source point cloud size (kB): 15011.026
Total binary files size (kB): 10867.487
Compression ratio           : 0.723966969346399
bpp (bits per point)        : 124.75536926571606

========== Point-based Metrics =========
Asym. Chamfer dist. (1->2) p2pt: 0.715579
Asym. Chamfer dist. (2->1) p2pt: 0.356436
Chamfer dist.              p2pt: 0.536008
CD-PSNR (dB)               p2pt: 62.4726
Hausdorff distance         p2pt: 51


----------------------------------------
Y-CPSNR (dB)                   : 34.9858
U-CPSNR (dB)                   : 40.0899
V-CPSNR (dB)                   : 33.281

