PCC-Arena Evaluator 0.6.5
Reference Point Cloud: /home/p/pranav/dynamic_pc_data/redandblack/Ply/redandblack_vox10_1454.ply
Target Point Cloud: /home/p/pranav/dynamic_pc_data/redandblack/experiments/2DD_lodX=1_lodY=2_OM=1/decompressed/redandblack_dec_1454.ply

========== Time & Binary Size ==========
Encoding time (s)           : -1
Decoding time (s)           : -1
Source point cloud size (kB): 14815.922
Total binary files size (kB): 10867.487
Compression ratio           : 0.7335005543360716
bpp (bits per point)        : 126.40801893650803

========== Point-based Metrics =========
Asym. Chamfer dist. (1->2) p2pt: 0.790985
Asym. Chamfer dist. (2->1) p2pt: 0.37489
Chamfer dist.              p2pt: 0.582937
CD-PSNR (dB)               p2pt: 62.1505
Hausdorff distance         p2pt: 81


----------------------------------------
Y-CPSNR (dB)                   : 35.0817
U-CPSNR (dB)                   : 40.5591
V-CPSNR (dB)                   : 33.4567

