PCC-Arena Evaluator 0.6.5
Reference Point Cloud: /temp/pranav/dynamic_pc_data/redandblack/Ply/redandblack_vox10_1512.ply
Target Point Cloud: /temp/pranav/dynamic_pc_data/redandblack/experiments/2DD_lodX=1_lodY=2_OM=1/decompressed/redandblack_dec_1512.ply

========== Time & Binary Size ==========
Encoding time (s)           : -1
Decoding time (s)           : -1
Source point cloud size (kB): 14563.949
Total binary files size (kB): 10867.487
Compression ratio           : 0.7461909541155355
bpp (bits per point)        : 128.7121309922127

========== Point-based Metrics =========
Asym. Chamfer dist. (1->2) p2pt: 0.702637
Asym. Chamfer dist. (2->1) p2pt: 0.355531
Chamfer dist.              p2pt: 0.529084
CD-PSNR (dB)               p2pt: 62.4859
Hausdorff distance         p2pt: 49


----------------------------------------
Y-CPSNR (dB)                   : 35.0695
U-CPSNR (dB)                   : 40.5104
V-CPSNR (dB)                   : 33.4211

