PCC-Arena Evaluator 0.6.5
Reference Point Cloud: /temp/pranav/dynamic_pc_data/redandblack/Ply/redandblack_vox10_1581.ply
Target Point Cloud: /temp/pranav/dynamic_pc_data/redandblack/experiments/2DD_lodX=2_lodY=2_OM=4/decompressed/redandblack_dec_1581.ply

========== Time & Binary Size ==========
Encoding time (s)           : -1
Decoding time (s)           : -1
Source point cloud size (kB): 15547.537
Total binary files size (kB): 7311.93
Compression ratio           : 0.4702950698879186
bpp (bits per point)        : 80.99786065897243

========== Point-based Metrics =========
Asym. Chamfer dist. (1->2) p2pt: 0.966497
Asym. Chamfer dist. (2->1) p2pt: 0.575735
Chamfer dist.              p2pt: 0.771116
CD-PSNR (dB)               p2pt: 60.9392
Hausdorff distance         p2pt: 250


----------------------------------------
Y-CPSNR (dB)                   : 34.5387
U-CPSNR (dB)                   : 39.9781
V-CPSNR (dB)                   : 32.4356

