PCC-Arena Evaluator 0.6.5
Reference Point Cloud: /temp/pranav/dynamic_pc_data/redandblack/Ply/redandblack_vox10_1477.ply
Target Point Cloud: /temp/pranav/dynamic_pc_data/redandblack/experiments/2DD_lodX=2_lodY=2_OM=4/decompressed/redandblack_dec_1477.ply

========== Time & Binary Size ==========
Encoding time (s)           : -1
Decoding time (s)           : -1
Source point cloud size (kB): 15770.037
Total binary files size (kB): 7311.93
Compression ratio           : 0.4636596604053624
bpp (bits per point)        : 79.94948438813375

========== Point-based Metrics =========
Asym. Chamfer dist. (1->2) p2pt: 0.942856
Asym. Chamfer dist. (2->1) p2pt: 0.555871
Chamfer dist.              p2pt: 0.749363
CD-PSNR (dB)               p2pt: 61.083
Hausdorff distance         p2pt: 66


----------------------------------------
Y-CPSNR (dB)                   : 34.4877
U-CPSNR (dB)                   : 39.5491
V-CPSNR (dB)                   : 32.4196

