PCC-Arena Evaluator 0.6.5
Reference Point Cloud: /temp/pranav/dynamic_pc_data/redandblack/Ply/redandblack_vox10_1503.ply
Target Point Cloud: /temp/pranav/dynamic_pc_data/redandblack/experiments/2DD_lodX=2_lodY=2_OM=4/decompressed/redandblack_dec_1503.ply

========== Time & Binary Size ==========
Encoding time (s)           : -1
Decoding time (s)           : -1
Source point cloud size (kB): 15157.087
Total binary files size (kB): 7311.93
Compression ratio           : 0.48240997759002113
bpp (bits per point)        : 83.05424930143802

========== Point-based Metrics =========
Asym. Chamfer dist. (1->2) p2pt: 0.896986
Asym. Chamfer dist. (2->1) p2pt: 0.521916
Chamfer dist.              p2pt: 0.709451
CD-PSNR (dB)               p2pt: 61.2056
Hausdorff distance         p2pt: 89


----------------------------------------
Y-CPSNR (dB)                   : 34.4848
U-CPSNR (dB)                   : 40.3042
V-CPSNR (dB)                   : 32.7396

