PCC-Arena Evaluator 0.6.5
Reference Point Cloud: /temp/pranav/dynamic_pc_data/redandblack/Ply/redandblack_vox10_1731.ply
Target Point Cloud: /temp/pranav/dynamic_pc_data/redandblack/experiments/2DD_lodX=2_lodY=2_OM=4/decompressed/redandblack_dec_1731.ply

========== Time & Binary Size ==========
Encoding time (s)           : -1
Decoding time (s)           : -1
Source point cloud size (kB): 14010.265
Total binary files size (kB): 7311.93
Compression ratio           : 0.5218980511789035
bpp (bits per point)        : 90.00932476972743

========== Point-based Metrics =========
Asym. Chamfer dist. (1->2) p2pt: 1.09934
Asym. Chamfer dist. (2->1) p2pt: 0.645388
Chamfer dist.              p2pt: 0.872366
CD-PSNR (dB)               p2pt: 60.3067
Hausdorff distance         p2pt: 684


----------------------------------------
Y-CPSNR (dB)                   : 34.0065
U-CPSNR (dB)                   : 39.9308
V-CPSNR (dB)                   : 32.2761

