PCC-Arena Evaluator 0.6.5
Reference Point Cloud: /temp/pranav/dynamic_pc_data/redandblack/Ply/redandblack_vox10_1547.ply
Target Point Cloud: /temp/pranav/dynamic_pc_data/redandblack/experiments/2DD_lodX=2_lodY=2_OM=4/decompressed/redandblack_dec_1547.ply

========== Time & Binary Size ==========
Encoding time (s)           : -1
Decoding time (s)           : -1
Source point cloud size (kB): 16081.827
Total binary files size (kB): 7311.93
Compression ratio           : 0.4546703555510205
bpp (bits per point)        : 78.4639714985909

========== Point-based Metrics =========
Asym. Chamfer dist. (1->2) p2pt: 0.897675
Asym. Chamfer dist. (2->1) p2pt: 0.551043
Chamfer dist.              p2pt: 0.724359
CD-PSNR (dB)               p2pt: 61.0687
Hausdorff distance         p2pt: 213


----------------------------------------
Y-CPSNR (dB)                   : 34.5826
U-CPSNR (dB)                   : 40.0892
V-CPSNR (dB)                   : 32.3165

