PCC-Arena Evaluator 0.6.5
Reference Point Cloud: /temp/pranav/dynamic_pc_data/redandblack/Ply/redandblack_vox10_1496.ply
Target Point Cloud: /temp/pranav/dynamic_pc_data/redandblack/experiments/2DD_lodX=2_lodY=2_OM=4/decompressed/redandblack_dec_1496.ply

========== Time & Binary Size ==========
Encoding time (s)           : -1
Decoding time (s)           : -1
Source point cloud size (kB): 16500.105
Total binary files size (kB): 7311.93
Compression ratio           : 0.4431444527171191
bpp (bits per point)        : 76.30692646960986

========== Point-based Metrics =========
Asym. Chamfer dist. (1->2) p2pt: 0.874285
Asym. Chamfer dist. (2->1) p2pt: 0.54796
Chamfer dist.              p2pt: 0.711122
CD-PSNR (dB)               p2pt: 61.2272
Hausdorff distance         p2pt: 276


----------------------------------------
Y-CPSNR (dB)                   : 34.318
U-CPSNR (dB)                   : 39.6939
V-CPSNR (dB)                   : 32.26

