PCC-Arena Evaluator 0.6.5
Reference Point Cloud: /temp/pranav/dynamic_pc_data/redandblack/Ply/redandblack_vox10_1487.ply
Target Point Cloud: /temp/pranav/dynamic_pc_data/redandblack/experiments/2DD_lodX=2_lodY=2_OM=4/decompressed/redandblack_dec_1487.ply

========== Time & Binary Size ==========
Encoding time (s)           : -1
Decoding time (s)           : -1
Source point cloud size (kB): 16083.721
Total binary files size (kB): 7311.93
Compression ratio           : 0.4546168141066362
bpp (bits per point)        : 78.11734540574108

========== Point-based Metrics =========
Asym. Chamfer dist. (1->2) p2pt: 0.986766
Asym. Chamfer dist. (2->1) p2pt: 0.596524
Chamfer dist.              p2pt: 0.791645
CD-PSNR (dB)               p2pt: 60.7717
Hausdorff distance         p2pt: 369


----------------------------------------
Y-CPSNR (dB)                   : 34.1468
U-CPSNR (dB)                   : 39.3993
V-CPSNR (dB)                   : 32.2229

