PCC-Arena Evaluator 0.6.5
Reference Point Cloud: /temp/pranav/dynamic_pc_data/loot/Ply/loot_vox10_1176.ply
Target Point Cloud: /temp/pranav/dynamic_pc_data/loot/experiments/2DD_lodX=1_lodY=2_OM=4_r1/decompressed/loot_dec_1176.ply

========== Time & Binary Size ==========
Encoding time (s)           : -1
Decoding time (s)           : -1
Source point cloud size (kB): 16999.28
Total binary files size (kB): 2461.386
Compression ratio           : 0.144793544197166
bpp (bits per point)        : 25.14944895224934

========== Point-based Metrics =========
Asym. Chamfer dist. (1->2) p2pt: 1.11685
Asym. Chamfer dist. (2->1) p2pt: 0.78495
Chamfer dist.              p2pt: 0.950899
CD-PSNR (dB)               p2pt: 60.3439
Hausdorff distance         p2pt: 114


----------------------------------------
Y-CPSNR (dB)                   : 31.4081
U-CPSNR (dB)                   : 43.2199
V-CPSNR (dB)                   : 42.4813

