PCC-Arena Evaluator 0.6.5
Reference Point Cloud: /temp/pranav/dynamic_pc_data/loot/Ply/loot_vox10_1230.ply
Target Point Cloud: /temp/pranav/dynamic_pc_data/loot/experiments/2DD_lodX=1_lodY=2_OM=4_r1/decompressed/loot_dec_1230.ply

========== Time & Binary Size ==========
Encoding time (s)           : -1
Decoding time (s)           : -1
Source point cloud size (kB): 17839.413
Total binary files size (kB): 2461.386
Compression ratio           : 0.13797460712412454
bpp (bits per point)        : 24.04730548282465

========== Point-based Metrics =========
Asym. Chamfer dist. (1->2) p2pt: 1.15084
Asym. Chamfer dist. (2->1) p2pt: 0.850064
Chamfer dist.              p2pt: 1.00045
CD-PSNR (dB)               p2pt: 60.0881
Hausdorff distance         p2pt: 146


----------------------------------------
Y-CPSNR (dB)                   : 31.6335
U-CPSNR (dB)                   : 43.6072
V-CPSNR (dB)                   : 43.0879

