PCC-Arena Evaluator 0.6.5
Reference Point Cloud: /temp/pranav/dynamic_pc_data/loot/Ply/loot_vox10_1025.ply
Target Point Cloud: /temp/pranav/dynamic_pc_data/loot/experiments/2DD_lodX=1_lodY=2_OM=4_r1/decompressed/loot_dec_1025.ply

========== Time & Binary Size ==========
Encoding time (s)           : -1
Decoding time (s)           : -1
Source point cloud size (kB): 16932.512
Total binary files size (kB): 2461.386
Compression ratio           : 0.14536449169503027
bpp (bits per point)        : 25.265585785332657

========== Point-based Metrics =========
Asym. Chamfer dist. (1->2) p2pt: 1.1215
Asym. Chamfer dist. (2->1) p2pt: 0.774221
Chamfer dist.              p2pt: 0.947862
CD-PSNR (dB)               p2pt: 60.4379
Hausdorff distance         p2pt: 65


----------------------------------------
Y-CPSNR (dB)                   : 31.3952
U-CPSNR (dB)                   : 43.4435
V-CPSNR (dB)                   : 42.8582

