PCC-Arena Evaluator 0.6.5
Reference Point Cloud: /temp/pranav/dynamic_pc_data/loot/Ply/loot_vox10_1236.ply
Target Point Cloud: /temp/pranav/dynamic_pc_data/loot/experiments/2DD_lodX=1_lodY=2_OM=4_r1/decompressed/loot_dec_1236.ply

========== Time & Binary Size ==========
Encoding time (s)           : -1
Decoding time (s)           : -1
Source point cloud size (kB): 17651.506
Total binary files size (kB): 2461.386
Compression ratio           : 0.13944339933374522
bpp (bits per point)        : 24.283962371187418

========== Point-based Metrics =========
Asym. Chamfer dist. (1->2) p2pt: 1.12229
Asym. Chamfer dist. (2->1) p2pt: 0.80358
Chamfer dist.              p2pt: 0.962933
CD-PSNR (dB)               p2pt: 60.1407
Hausdorff distance         p2pt: 93


----------------------------------------
Y-CPSNR (dB)                   : 31.7721
U-CPSNR (dB)                   : 43.4442
V-CPSNR (dB)                   : 42.7566

