PCC-Arena Evaluator 0.6.5
Reference Point Cloud: /temp/pranav/dynamic_pc_data/loot/Ply/loot_vox10_1117.ply
Target Point Cloud: /temp/pranav/dynamic_pc_data/loot/experiments/vanilla_rc_OM=4_GQP=27_AQP=34/decompressed/loot_dec_1117.ply

========== Time & Binary Size ==========
Encoding time (s)           : -1
Decoding time (s)           : -1
Source point cloud size (kB): 16600.135
Total binary files size (kB): 5612.099
Compression ratio           : 0.3380755036028322
bpp (bits per point)        : 57.243389764813585

========== Point-based Metrics =========
Asym. Chamfer dist. (1->2) p2pt: 0.433527
Asym. Chamfer dist. (2->1) p2pt: 0.414512
Chamfer dist.              p2pt: 0.424019
CD-PSNR (dB)               p2pt: 64.0229
Hausdorff distance         p2pt: 50


----------------------------------------
Y-CPSNR (dB)                   : 35.7507
U-CPSNR (dB)                   : 45.9188
V-CPSNR (dB)                   : 45.5387

