PCC-Arena Evaluator 0.6.5
Reference Point Cloud: /temp/pranav/dynamic_pc_data/loot/Ply/loot_vox10_1068.ply
Target Point Cloud: /temp/pranav/dynamic_pc_data/loot/experiments/vanilla_rc_OM=4_GQP=27_AQP=34/decompressed/loot_dec_1068.ply

========== Time & Binary Size ==========
Encoding time (s)           : -1
Decoding time (s)           : -1
Source point cloud size (kB): 16499.618
Total binary files size (kB): 5612.099
Compression ratio           : 0.3401350867638269
bpp (bits per point)        : 57.69616749276176

========== Point-based Metrics =========
Asym. Chamfer dist. (1->2) p2pt: 0.425188
Asym. Chamfer dist. (2->1) p2pt: 0.410052
Chamfer dist.              p2pt: 0.41762
CD-PSNR (dB)               p2pt: 64.0889
Hausdorff distance         p2pt: 30


----------------------------------------
Y-CPSNR (dB)                   : 36.3191
U-CPSNR (dB)                   : 45.7861
V-CPSNR (dB)                   : 45.6021

