PCC-Arena Evaluator 0.6.5
Reference Point Cloud: /temp/pranav/dynamic_pc_data/loot/Ply/loot_vox10_1128.ply
Target Point Cloud: /temp/pranav/dynamic_pc_data/loot/experiments/vanilla_rc_OM=4_GQP=27_AQP=34/decompressed/loot_dec_1128.ply

========== Time & Binary Size ==========
Encoding time (s)           : -1
Decoding time (s)           : -1
Source point cloud size (kB): 16507.036
Total binary files size (kB): 5612.099
Compression ratio           : 0.33998223545402095
bpp (bits per point)        : 57.782154720521596

========== Point-based Metrics =========
Asym. Chamfer dist. (1->2) p2pt: 0.425791
Asym. Chamfer dist. (2->1) p2pt: 0.420022
Chamfer dist.              p2pt: 0.422907
CD-PSNR (dB)               p2pt: 64.0228
Hausdorff distance         p2pt: 113


----------------------------------------
Y-CPSNR (dB)                   : 36.3094
U-CPSNR (dB)                   : 45.6896
V-CPSNR (dB)                   : 45.4907

