PCC-Arena Evaluator 0.6.5
Reference Point Cloud: /temp/pranav/dynamic_pc_data/loot/Ply/loot_vox10_1251.ply
Target Point Cloud: /temp/pranav/dynamic_pc_data/loot/experiments/vanilla_rc_OM=4_GQP=27_AQP=34/decompressed/loot_dec_1251.ply

========== Time & Binary Size ==========
Encoding time (s)           : -1
Decoding time (s)           : -1
Source point cloud size (kB): 17691.764
Total binary files size (kB): 5612.099
Compression ratio           : 0.3172153438176092
bpp (bits per point)        : 55.243515805819314

========== Point-based Metrics =========
Asym. Chamfer dist. (1->2) p2pt: 0.436548
Asym. Chamfer dist. (2->1) p2pt: 0.437039
Chamfer dist.              p2pt: 0.436794
CD-PSNR (dB)               p2pt: 63.5626
Hausdorff distance         p2pt: 149


----------------------------------------
Y-CPSNR (dB)                   : 36.1037
U-CPSNR (dB)                   : 45.7152
V-CPSNR (dB)                   : 45.4754

