PCC-Arena Evaluator 0.6.5
Reference Point Cloud: /temp/pranav/dynamic_pc_data/loot/Ply/loot_vox10_1170.ply
Target Point Cloud: /temp/pranav/dynamic_pc_data/loot/experiments/vanilla_rc_OM=4_GQP=27_AQP=34/decompressed/loot_dec_1170.ply

========== Time & Binary Size ==========
Encoding time (s)           : -1
Decoding time (s)           : -1
Source point cloud size (kB): 17271.113
Total binary files size (kB): 5612.099
Compression ratio           : 0.3249413630725478
bpp (bits per point)        : 56.48212257118954

========== Point-based Metrics =========
Asym. Chamfer dist. (1->2) p2pt: 0.430253
Asym. Chamfer dist. (2->1) p2pt: 0.406885
Chamfer dist.              p2pt: 0.418569
CD-PSNR (dB)               p2pt: 63.7682
Hausdorff distance         p2pt: 86


----------------------------------------
Y-CPSNR (dB)                   : 36.5136
U-CPSNR (dB)                   : 45.8414
V-CPSNR (dB)                   : 45.2617

