PCC-Arena Evaluator 0.6.5
Reference Point Cloud: /temp/pranav/dynamic_pc_data/loot/Ply/loot_vox10_1283.ply
Target Point Cloud: /temp/pranav/dynamic_pc_data/loot/experiments/vanilla_rc_OM=4_GQP=27_AQP=34/decompressed/loot_dec_1283.ply

========== Time & Binary Size ==========
Encoding time (s)           : -1
Decoding time (s)           : -1
Source point cloud size (kB): 17609.546
Total binary files size (kB): 5612.099
Compression ratio           : 0.31869640477954403
bpp (bits per point)        : 55.47381856417569

========== Point-based Metrics =========
Asym. Chamfer dist. (1->2) p2pt: 0.447807
Asym. Chamfer dist. (2->1) p2pt: 0.438612
Chamfer dist.              p2pt: 0.44321
CD-PSNR (dB)               p2pt: 63.5585
Hausdorff distance         p2pt: 50


----------------------------------------
Y-CPSNR (dB)                   : 36.2994
U-CPSNR (dB)                   : 45.8186
V-CPSNR (dB)                   : 45.6102

