PCC-Arena Evaluator 0.6.5
Reference Point Cloud: /temp/pranav/dynamic_pc_data/loot/Ply/loot_vox10_1206.ply
Target Point Cloud: /temp/pranav/dynamic_pc_data/loot/experiments/vanilla_rc_OM=4_GQP=27_AQP=34/decompressed/loot_dec_1206.ply

========== Time & Binary Size ==========
Encoding time (s)           : -1
Decoding time (s)           : -1
Source point cloud size (kB): 17397.968
Total binary files size (kB): 5612.099
Compression ratio           : 0.32257209577578255
bpp (bits per point)        : 56.161285722505895

========== Point-based Metrics =========
Asym. Chamfer dist. (1->2) p2pt: 0.430638
Asym. Chamfer dist. (2->1) p2pt: 0.428735
Chamfer dist.              p2pt: 0.429687
CD-PSNR (dB)               p2pt: 63.6616
Hausdorff distance         p2pt: 62


----------------------------------------
Y-CPSNR (dB)                   : 36.2564
U-CPSNR (dB)                   : 45.9337
V-CPSNR (dB)                   : 45.6985

