PCC-Arena Evaluator 0.6.5
Reference Point Cloud: /temp/pranav/dynamic_pc_data/loot/Ply/loot_vox10_1033.ply
Target Point Cloud: /temp/pranav/dynamic_pc_data/loot/experiments/vanilla_rc_OM=4_GQP=27_AQP=34/decompressed/loot_dec_1033.ply

========== Time & Binary Size ==========
Encoding time (s)           : -1
Decoding time (s)           : -1
Source point cloud size (kB): 16927.22
Total binary files size (kB): 5612.099
Compression ratio           : 0.3315428640969988
bpp (bits per point)        : 57.659785526231296

========== Point-based Metrics =========
Asym. Chamfer dist. (1->2) p2pt: 0.422104
Asym. Chamfer dist. (2->1) p2pt: 0.41329
Chamfer dist.              p2pt: 0.417697
CD-PSNR (dB)               p2pt: 63.9864
Hausdorff distance         p2pt: 70


----------------------------------------
Y-CPSNR (dB)                   : 35.8618
U-CPSNR (dB)                   : 45.7741
V-CPSNR (dB)                   : 45.6762

