PCC-Arena Evaluator 0.6.5
Reference Point Cloud: /temp/pranav/dynamic_pc_data/longdress/Ply/longdress_vox10_1262.ply
Target Point Cloud: /temp/pranav/dynamic_pc_data/longdress/experiments/vanilla_rc_OM=4_GQP=41_AQP=48/decompressed/longdress_dec_1262.ply

========== Time & Binary Size ==========
Encoding time (s)           : -1
Decoding time (s)           : -1
Source point cloud size (kB): 17978.175
Total binary files size (kB): 2981.149
Compression ratio           : 0.165820446179882
bpp (bits per point)        : 30.29545997306979

========== Point-based Metrics =========
Asym. Chamfer dist. (1->2) p2pt: 2.27396
Asym. Chamfer dist. (2->1) p2pt: 2.04842
Chamfer dist.              p2pt: 2.16119
CD-PSNR (dB)               p2pt: 56.6659
Hausdorff distance         p2pt: 341


----------------------------------------
Y-CPSNR (dB)                   : 25.1043
U-CPSNR (dB)                   : 31.3948
V-CPSNR (dB)                   : 30.6835

