PCC-Arena Evaluator 0.6.5
Reference Point Cloud: /temp/pranav/dynamic_pc_data/longdress/Ply/longdress_vox10_1094.ply
Target Point Cloud: /temp/pranav/dynamic_pc_data/longdress/experiments/vanilla_rc_OM=4_GQP=41_AQP=48/decompressed/longdress_dec_1094.ply

========== Time & Binary Size ==========
Encoding time (s)           : -1
Decoding time (s)           : -1
Source point cloud size (kB): 18837.624
Total binary files size (kB): 2981.149
Compression ratio           : 0.15825504320502415
bpp (bits per point)        : 28.85445970764663

========== Point-based Metrics =========
Asym. Chamfer dist. (1->2) p2pt: 2.34284
Asym. Chamfer dist. (2->1) p2pt: 2.13384
Chamfer dist.              p2pt: 2.23834
CD-PSNR (dB)               p2pt: 56.5662
Hausdorff distance         p2pt: 261


----------------------------------------
Y-CPSNR (dB)                   : 24.722
U-CPSNR (dB)                   : 31.1782
V-CPSNR (dB)                   : 30.4765

