PCC-Arena Evaluator 0.6.5
Reference Point Cloud: /temp/pranav/dynamic_pc_data/longdress/Ply/longdress_vox10_1278.ply
Target Point Cloud: /temp/pranav/dynamic_pc_data/longdress/experiments/vanilla_rc_OM=4_GQP=41_AQP=48/decompressed/longdress_dec_1278.ply

========== Time & Binary Size ==========
Encoding time (s)           : -1
Decoding time (s)           : -1
Source point cloud size (kB): 19668.515
Total binary files size (kB): 2981.149
Compression ratio           : 0.15156960248396995
bpp (bits per point)        : 27.43108870030894

========== Point-based Metrics =========
Asym. Chamfer dist. (1->2) p2pt: 2.31217
Asym. Chamfer dist. (2->1) p2pt: 2.07118
Chamfer dist.              p2pt: 2.19167
CD-PSNR (dB)               p2pt: 56.6639
Hausdorff distance         p2pt: 224


----------------------------------------
Y-CPSNR (dB)                   : 25.0074
U-CPSNR (dB)                   : 31.0576
V-CPSNR (dB)                   : 30.0941

