PCC-Arena Evaluator 0.6.5
Reference Point Cloud: /temp/pranav/dynamic_pc_data/longdress/Ply/longdress_vox10_1293.ply
Target Point Cloud: /temp/pranav/dynamic_pc_data/longdress/experiments/vanilla_rc_OM=4_GQP=41_AQP=48/decompressed/longdress_dec_1293.ply

========== Time & Binary Size ==========
Encoding time (s)           : -1
Decoding time (s)           : -1
Source point cloud size (kB): 19494.488
Total binary files size (kB): 2981.149
Compression ratio           : 0.15292266203657157
bpp (bits per point)        : 27.692334130651865

========== Point-based Metrics =========
Asym. Chamfer dist. (1->2) p2pt: 2.31547
Asym. Chamfer dist. (2->1) p2pt: 2.16659
Chamfer dist.              p2pt: 2.24103
CD-PSNR (dB)               p2pt: 56.6707
Hausdorff distance         p2pt: 298


----------------------------------------
Y-CPSNR (dB)                   : 24.6879
U-CPSNR (dB)                   : 31.1505
V-CPSNR (dB)                   : 30.1146

