PCC-Arena Evaluator 0.6.5
Reference Point Cloud: /temp/pranav/dynamic_pc_data/loot/Ply/loot_vox10_1024.ply
Target Point Cloud: /temp/pranav/dynamic_pc_data/loot/experiments/2DD_INT_lodX=2_lodY=1_OM=4_r1/decompressed/loot_dec_1024.ply

========== Time & Binary Size ==========
Encoding time (s)           : -1
Decoding time (s)           : -1
Source point cloud size (kB): 16944.071
Total binary files size (kB): 2452.366
Compression ratio           : 0.14473298654142797
bpp (bits per point)        : 25.16089101609641

========== Point-based Metrics =========
Asym. Chamfer dist. (1->2) p2pt: 0.925766
Asym. Chamfer dist. (2->1) p2pt: 1.03037
Chamfer dist.              p2pt: 0.978068
CD-PSNR (dB)               p2pt: 60.2933
Hausdorff distance         p2pt: 145


----------------------------------------
Y-CPSNR (dB)                   : 31.4313
U-CPSNR (dB)                   : 44.1378
V-CPSNR (dB)                   : 43.7167

