PCC-Arena Evaluator 0.6.5
Reference Point Cloud: /temp/pranav/dynamic_pc_data/loot/Ply/loot_vox10_1203.ply
Target Point Cloud: /temp/pranav/dynamic_pc_data/loot/experiments/2DD_INT_lodX=2_lodY=1_OM=4_r1/decompressed/loot_dec_1203.ply

========== Time & Binary Size ==========
Encoding time (s)           : -1
Decoding time (s)           : -1
Source point cloud size (kB): 17628.006
Total binary files size (kB): 2502.36
Compression ratio           : 0.14195366169038062
bpp (bits per point)        : 24.707711903316103

========== Point-based Metrics =========
Asym. Chamfer dist. (1->2) p2pt: 0.948753
Asym. Chamfer dist. (2->1) p2pt: 0.976395
Chamfer dist.              p2pt: 0.962574
CD-PSNR (dB)               p2pt: 60.0889
Hausdorff distance         p2pt: 168


----------------------------------------
Y-CPSNR (dB)                   : 31.699
U-CPSNR (dB)                   : 43.7444
V-CPSNR (dB)                   : 43.4381

