PCC-Arena Evaluator 0.6.5
Reference Point Cloud: /temp/pranav/dynamic_pc_data/loot/Ply/loot_vox10_1102.ply
Target Point Cloud: /temp/pranav/dynamic_pc_data/loot/experiments/2DD_INT_lodX=2_lodY=1_OM=4_r1/decompressed/loot_dec_1102.ply

========== Time & Binary Size ==========
Encoding time (s)           : -1
Decoding time (s)           : -1
Source point cloud size (kB): 16536.682
Total binary files size (kB): 2452.366
Compression ratio           : 0.1482985522730618
bpp (bits per point)        : 25.07688748400654

========== Point-based Metrics =========
Asym. Chamfer dist. (1->2) p2pt: 0.88345
Asym. Chamfer dist. (2->1) p2pt: 0.977719
Chamfer dist.              p2pt: 0.930584
CD-PSNR (dB)               p2pt: 60.637
Hausdorff distance         p2pt: 120


----------------------------------------
Y-CPSNR (dB)                   : 31.6189
U-CPSNR (dB)                   : 43.7739
V-CPSNR (dB)                   : 43.6336

