PCC-Arena Evaluator 0.6.5
Reference Point Cloud: /temp/pranav/dynamic_pc_data/loot/Ply/loot_vox10_1195.ply
Target Point Cloud: /temp/pranav/dynamic_pc_data/loot/experiments/2DD_INT_lodX=2_lodY=1_OM=4_r1/decompressed/loot_dec_1195.ply

========== Time & Binary Size ==========
Encoding time (s)           : -1
Decoding time (s)           : -1
Source point cloud size (kB): 17442.012
Total binary files size (kB): 2502.36
Compression ratio           : 0.14346739355528482
bpp (bits per point)        : 25.00850111745034

========== Point-based Metrics =========
Asym. Chamfer dist. (1->2) p2pt: 0.923913
Asym. Chamfer dist. (2->1) p2pt: 1.01615
Chamfer dist.              p2pt: 0.970029
CD-PSNR (dB)               p2pt: 60.2447
Hausdorff distance         p2pt: 89


----------------------------------------
Y-CPSNR (dB)                   : 31.2611
U-CPSNR (dB)                   : 43.7311
V-CPSNR (dB)                   : 43.1255

