PCC-Arena Evaluator 0.6.5
Reference Point Cloud: /temp/pranav/dynamic_pc_data/loot/Ply/loot_vox10_1221.ply
Target Point Cloud: /temp/pranav/dynamic_pc_data/loot/experiments/2DD_INT_lodX=2_lodY=1_OM=4_r1/decompressed/loot_dec_1221.ply

========== Time & Binary Size ==========
Encoding time (s)           : -1
Decoding time (s)           : -1
Source point cloud size (kB): 17626.999
Total binary files size (kB): 2452.366
Compression ratio           : 0.1391255539300819
bpp (bits per point)        : 24.239781854753517

========== Point-based Metrics =========
Asym. Chamfer dist. (1->2) p2pt: 0.937199
Asym. Chamfer dist. (2->1) p2pt: 1.0551
Chamfer dist.              p2pt: 0.99615
CD-PSNR (dB)               p2pt: 60.0894
Hausdorff distance         p2pt: 109


----------------------------------------
Y-CPSNR (dB)                   : 31.7707
U-CPSNR (dB)                   : 43.6659
V-CPSNR (dB)                   : 43.0689

