PCC-Arena Evaluator 0.6.5
Reference Point Cloud: /temp/pranav/dynamic_pc_data/redandblack/Ply/redandblack_vox10_1485.ply
Target Point Cloud: /temp/pranav/dynamic_pc_data/redandblack/experiments/vanilla_rc_OM=4_GQP=27_AQP=35/decompressed/redandblack_dec_1485.ply

========== Time & Binary Size ==========
Encoding time (s)           : -1
Decoding time (s)           : -1
Source point cloud size (kB): 16026.448
Total binary files size (kB): 7079.533
Compression ratio           : 0.4417406152629703
bpp (bits per point)        : 75.8079405489478

========== Point-based Metrics =========
Asym. Chamfer dist. (1->2) p2pt: 0.508529
Asym. Chamfer dist. (2->1) p2pt: 0.496805
Chamfer dist.              p2pt: 0.502667
CD-PSNR (dB)               p2pt: 62.7507
Hausdorff distance         p2pt: 77


----------------------------------------
Y-CPSNR (dB)                   : 34.7668
U-CPSNR (dB)                   : 39.5051
V-CPSNR (dB)                   : 34.2593

