PCC-Arena Evaluator 0.6.5
Reference Point Cloud: /temp/pranav/dynamic_pc_data/redandblack/Ply/redandblack_vox10_1635.ply
Target Point Cloud: /temp/pranav/dynamic_pc_data/redandblack/experiments/vanilla_rc_OM=4_GQP=27_AQP=35/decompressed/redandblack_dec_1635.ply

========== Time & Binary Size ==========
Encoding time (s)           : -1
Decoding time (s)           : -1
Source point cloud size (kB): 16318.305
Total binary files size (kB): 7079.533
Compression ratio           : 0.4338399729628782
bpp (bits per point)        : 74.72591302512139

========== Point-based Metrics =========
Asym. Chamfer dist. (1->2) p2pt: 0.493865
Asym. Chamfer dist. (2->1) p2pt: 0.481383
Chamfer dist.              p2pt: 0.487624
CD-PSNR (dB)               p2pt: 62.6837
Hausdorff distance         p2pt: 54


----------------------------------------
Y-CPSNR (dB)                   : 35.218
U-CPSNR (dB)                   : 40.6398
V-CPSNR (dB)                   : 34.3641

