PCC-Arena Evaluator 0.6.5
Reference Point Cloud: /temp/pranav/dynamic_pc_data/redandblack/Ply/redandblack_vox10_1653.ply
Target Point Cloud: /temp/pranav/dynamic_pc_data/redandblack/experiments/vanilla_rc_OM=4_GQP=27_AQP=35/decompressed/redandblack_dec_1653.ply

========== Time & Binary Size ==========
Encoding time (s)           : -1
Decoding time (s)           : -1
Source point cloud size (kB): 15992.02
Total binary files size (kB): 7079.533
Compression ratio           : 0.44269160493796283
bpp (bits per point)        : 76.11367811627723

========== Point-based Metrics =========
Asym. Chamfer dist. (1->2) p2pt: 0.508204
Asym. Chamfer dist. (2->1) p2pt: 0.515484
Chamfer dist.              p2pt: 0.511844
CD-PSNR (dB)               p2pt: 62.5065
Hausdorff distance         p2pt: 134


----------------------------------------
Y-CPSNR (dB)                   : 35.048
U-CPSNR (dB)                   : 40.411
V-CPSNR (dB)                   : 34.6318

