PCC-Arena Evaluator 0.6.5
Reference Point Cloud: /temp/pranav/dynamic_pc_data/redandblack/Ply/redandblack_vox10_1626.ply
Target Point Cloud: /temp/pranav/dynamic_pc_data/redandblack/experiments/vanilla_rc_OM=4_GQP=27_AQP=35/decompressed/redandblack_dec_1626.ply

========== Time & Binary Size ==========
Encoding time (s)           : -1
Decoding time (s)           : -1
Source point cloud size (kB): 16399.472
Total binary files size (kB): 7079.533
Compression ratio           : 0.43169273986382
bpp (bits per point)        : 74.56064244339126

========== Point-based Metrics =========
Asym. Chamfer dist. (1->2) p2pt: 0.522202
Asym. Chamfer dist. (2->1) p2pt: 0.506967
Chamfer dist.              p2pt: 0.514585
CD-PSNR (dB)               p2pt: 62.5369
Hausdorff distance         p2pt: 104


----------------------------------------
Y-CPSNR (dB)                   : 35.1256
U-CPSNR (dB)                   : 40.4474
V-CPSNR (dB)                   : 34.2094

