PCC-Arena Evaluator 0.6.5
Reference Point Cloud: /temp/pranav/dynamic_pc_data/redandblack/Ply/redandblack_vox10_1665.ply
Target Point Cloud: /temp/pranav/dynamic_pc_data/redandblack/experiments/vanilla_rc_OM=4_GQP=27_AQP=35/decompressed/redandblack_dec_1665.ply

========== Time & Binary Size ==========
Encoding time (s)           : -1
Decoding time (s)           : -1
Source point cloud size (kB): 16127.283
Total binary files size (kB): 7079.533
Compression ratio           : 0.43897865499104843
bpp (bits per point)        : 75.67322615815465

========== Point-based Metrics =========
Asym. Chamfer dist. (1->2) p2pt: 0.494355
Asym. Chamfer dist. (2->1) p2pt: 0.492889
Chamfer dist.              p2pt: 0.493622
CD-PSNR (dB)               p2pt: 62.8394
Hausdorff distance         p2pt: 69


----------------------------------------
Y-CPSNR (dB)                   : 34.8949
U-CPSNR (dB)                   : 40.9428
V-CPSNR (dB)                   : 34.5691

