PCC-Arena Evaluator 0.6.5
Reference Point Cloud: /temp/pranav/dynamic_pc_data/soldier/Ply/soldier_vox10_0640.ply
Target Point Cloud: /temp/pranav/dynamic_pc_data/soldier/experiments/2DD_lodX=2_lodY=2_OM=4/decompressed/soldier_dec_0640.ply

========== Time & Binary Size ==========
Encoding time (s)           : -1
Decoding time (s)           : -1
Source point cloud size (kB): 23730.746
Total binary files size (kB): 12138.354
Compression ratio           : 0.5115032624764514
bpp (bits per point)        : 90.75218266540314

========== Point-based Metrics =========
Asym. Chamfer dist. (1->2) p2pt: 0.817499
Asym. Chamfer dist. (2->1) p2pt: 0.474985
Chamfer dist.              p2pt: 0.646242
CD-PSNR (dB)               p2pt: 62.1799
Hausdorff distance         p2pt: 170


----------------------------------------
Y-CPSNR (dB)                   : 32.8307
U-CPSNR (dB)                   : 44.2734
V-CPSNR (dB)                   : 44.7895

