PCC-Arena Evaluator 0.6.5
Reference Point Cloud: /temp/pranav/dynamic_pc_data/soldier/Ply/soldier_vox10_0649.ply
Target Point Cloud: /temp/pranav/dynamic_pc_data/soldier/experiments/2DD_lodX=2_lodY=2_OM=4/decompressed/soldier_dec_0649.ply

========== Time & Binary Size ==========
Encoding time (s)           : -1
Decoding time (s)           : -1
Source point cloud size (kB): 23316.641
Total binary files size (kB): 12138.354
Compression ratio           : 0.5205875923551767
bpp (bits per point)        : 92.40859425108627

========== Point-based Metrics =========
Asym. Chamfer dist. (1->2) p2pt: 0.829878
Asym. Chamfer dist. (2->1) p2pt: 0.503321
Chamfer dist.              p2pt: 0.6666
CD-PSNR (dB)               p2pt: 62.0212
Hausdorff distance         p2pt: 477


----------------------------------------
Y-CPSNR (dB)                   : 32.5982
U-CPSNR (dB)                   : 44.252
V-CPSNR (dB)                   : 44.8132

