PCC-Arena Evaluator 0.6.5
Reference Point Cloud: /temp/pranav/dynamic_pc_data/soldier/Ply/soldier_vox10_0655.ply
Target Point Cloud: /temp/pranav/dynamic_pc_data/soldier/experiments/2DD_lodX=2_lodY=2_OM=4/decompressed/soldier_dec_0655.ply

========== Time & Binary Size ==========
Encoding time (s)           : -1
Decoding time (s)           : -1
Source point cloud size (kB): 23215.744
Total binary files size (kB): 12138.354
Compression ratio           : 0.522850096899759
bpp (bits per point)        : 92.8509173522426

========== Point-based Metrics =========
Asym. Chamfer dist. (1->2) p2pt: 0.820339
Asym. Chamfer dist. (2->1) p2pt: 0.476677
Chamfer dist.              p2pt: 0.648508
CD-PSNR (dB)               p2pt: 62.142
Hausdorff distance         p2pt: 387


----------------------------------------
Y-CPSNR (dB)                   : 32.5845
U-CPSNR (dB)                   : 44.3402
V-CPSNR (dB)                   : 44.5993

