PCC-Arena Evaluator 0.6.5
Reference Point Cloud: /temp/pranav/dynamic_pc_data/soldier/Ply/soldier_vox10_0713.ply
Target Point Cloud: /temp/pranav/dynamic_pc_data/soldier/experiments/2DD_lodX=2_lodY=2_OM=4/decompressed/soldier_dec_0713.ply

========== Time & Binary Size ==========
Encoding time (s)           : -1
Decoding time (s)           : -1
Source point cloud size (kB): 24120.693
Total binary files size (kB): 12138.354
Compression ratio           : 0.5032340488724764
bpp (bits per point)        : 89.52141402538689

========== Point-based Metrics =========
Asym. Chamfer dist. (1->2) p2pt: 0.75915
Asym. Chamfer dist. (2->1) p2pt: 0.456361
Chamfer dist.              p2pt: 0.607755
CD-PSNR (dB)               p2pt: 62.3242
Hausdorff distance         p2pt: 537


----------------------------------------
Y-CPSNR (dB)                   : 33.3123
U-CPSNR (dB)                   : 44.3537
V-CPSNR (dB)                   : 44.9816

