PCC-Arena Evaluator 0.6.5
Reference Point Cloud: /temp/pranav/dynamic_pc_data/soldier/Ply/soldier_vox10_0635.ply
Target Point Cloud: /temp/pranav/dynamic_pc_data/soldier/experiments/2DD_lodX=2_lodY=2_OM=4/decompressed/soldier_dec_0635.ply

========== Time & Binary Size ==========
Encoding time (s)           : -1
Decoding time (s)           : -1
Source point cloud size (kB): 23520.353
Total binary files size (kB): 12138.354
Compression ratio           : 0.5160787340224018
bpp (bits per point)        : 91.50697137946241

========== Point-based Metrics =========
Asym. Chamfer dist. (1->2) p2pt: 0.807821
Asym. Chamfer dist. (2->1) p2pt: 0.576489
Chamfer dist.              p2pt: 0.692155
CD-PSNR (dB)               p2pt: 61.8943
Hausdorff distance         p2pt: 3866


----------------------------------------
Y-CPSNR (dB)                   : 32.9418
U-CPSNR (dB)                   : 44.148
V-CPSNR (dB)                   : 44.6431

