PCC-Arena Evaluator 0.6.5
Reference Point Cloud: /temp/pranav/dynamic_pc_data/soldier/Ply/soldier_vox10_0660.ply
Target Point Cloud: /temp/pranav/dynamic_pc_data/soldier/experiments/2DD_lodX=2_lodY=2_OM=4/decompressed/soldier_dec_0660.ply

========== Time & Binary Size ==========
Encoding time (s)           : -1
Decoding time (s)           : -1
Source point cloud size (kB): 23210.394
Total binary files size (kB): 12138.354
Compression ratio           : 0.5229706139413229
bpp (bits per point)        : 92.88848713379305

========== Point-based Metrics =========
Asym. Chamfer dist. (1->2) p2pt: 0.818185
Asym. Chamfer dist. (2->1) p2pt: 0.480584
Chamfer dist.              p2pt: 0.649384
CD-PSNR (dB)               p2pt: 62.1431
Hausdorff distance         p2pt: 230


----------------------------------------
Y-CPSNR (dB)                   : 32.5809
U-CPSNR (dB)                   : 44.1205
V-CPSNR (dB)                   : 44.6721

