PCC-Arena Evaluator 0.6.5
Reference Point Cloud: /temp/pranav/dynamic_pc_data/soldier/Ply/soldier_vox10_0629.ply
Target Point Cloud: /temp/pranav/dynamic_pc_data/soldier/experiments/2DD_lodX=2_lodY=2_OM=4/decompressed/soldier_dec_0629.ply

========== Time & Binary Size ==========
Encoding time (s)           : -1
Decoding time (s)           : -1
Source point cloud size (kB): 23610.059
Total binary files size (kB): 12138.354
Compression ratio           : 0.514117902034891
bpp (bits per point)        : 91.093905486638

========== Point-based Metrics =========
Asym. Chamfer dist. (1->2) p2pt: 0.788412
Asym. Chamfer dist. (2->1) p2pt: 0.540122
Chamfer dist.              p2pt: 0.664267
CD-PSNR (dB)               p2pt: 62.0705
Hausdorff distance         p2pt: 3251


----------------------------------------
Y-CPSNR (dB)                   : 32.9016
U-CPSNR (dB)                   : 44.2403
V-CPSNR (dB)                   : 44.6722

