PCC-Arena Evaluator 0.6.5
Reference Point Cloud: /temp/pranav/dynamic_pc_data/soldier/Ply/soldier_vox10_0571.ply
Target Point Cloud: /temp/pranav/dynamic_pc_data/soldier/experiments/2DD_lodX=2_lodY=2_OM=4/decompressed/soldier_dec_0571.ply

========== Time & Binary Size ==========
Encoding time (s)           : -1
Decoding time (s)           : -1
Source point cloud size (kB): 23497.984
Total binary files size (kB): 12138.354
Compression ratio           : 0.5165700172406279
bpp (bits per point)        : 91.53327910218863

========== Point-based Metrics =========
Asym. Chamfer dist. (1->2) p2pt: 0.784709
Asym. Chamfer dist. (2->1) p2pt: 0.510174
Chamfer dist.              p2pt: 0.647442
CD-PSNR (dB)               p2pt: 62.1831
Hausdorff distance         p2pt: 3709


----------------------------------------
Y-CPSNR (dB)                   : 32.6443
U-CPSNR (dB)                   : 44.0737
V-CPSNR (dB)                   : 44.5499

