PCC-Arena Evaluator 0.6.5
Reference Point Cloud: /temp/pranav/dynamic_pc_data/loot/Ply/loot_vox10_1154.ply
Target Point Cloud: /temp/pranav/dynamic_pc_data/loot/experiments/vanilla_rc_OM=4_GQP=35_AQP=47/decompressed/loot_dec_1154.ply

========== Time & Binary Size ==========
Encoding time (s)           : -1
Decoding time (s)           : -1
Source point cloud size (kB): 17177.528
Total binary files size (kB): 2157.699
Compression ratio           : 0.12561172946421628
bpp (bits per point)        : 21.797003504119708

========== Point-based Metrics =========
Asym. Chamfer dist. (1->2) p2pt: 1.10664
Asym. Chamfer dist. (2->1) p2pt: 0.954125
Chamfer dist.              p2pt: 1.03038
CD-PSNR (dB)               p2pt: 59.7943
Hausdorff distance         p2pt: 122


----------------------------------------
Y-CPSNR (dB)                   : 30.7255
U-CPSNR (dB)                   : 42.2715
V-CPSNR (dB)                   : 41.9186

