PCC-Arena Evaluator 0.6.5
Reference Point Cloud: /temp/pranav/dynamic_pc_data/loot/Ply/loot_vox10_1114.ply
Target Point Cloud: /temp/pranav/dynamic_pc_data/loot/experiments/vanilla_rc_OM=4_GQP=35_AQP=47/decompressed/loot_dec_1114.ply

========== Time & Binary Size ==========
Encoding time (s)           : -1
Decoding time (s)           : -1
Source point cloud size (kB): 16632.911
Total binary files size (kB): 2157.699
Compression ratio           : 0.12972467657645737
bpp (bits per point)        : 21.969362819964566

========== Point-based Metrics =========
Asym. Chamfer dist. (1->2) p2pt: 1.09295
Asym. Chamfer dist. (2->1) p2pt: 0.910959
Chamfer dist.              p2pt: 1.00196
CD-PSNR (dB)               p2pt: 60.2906
Hausdorff distance         p2pt: 101


----------------------------------------
Y-CPSNR (dB)                   : 30.4969
U-CPSNR (dB)                   : 41.886
V-CPSNR (dB)                   : 41.8952

