PCC-Arena Evaluator 0.6.5
Reference Point Cloud: /temp/pranav/dynamic_pc_data/loot/Ply/loot_vox10_1025.ply
Target Point Cloud: /temp/pranav/dynamic_pc_data/loot/experiments/vanilla_rc_OM=4_GQP=35_AQP=47/decompressed/loot_dec_1025.ply

========== Time & Binary Size ==========
Encoding time (s)           : -1
Decoding time (s)           : -1
Source point cloud size (kB): 16932.512
Total binary files size (kB): 2157.699
Compression ratio           : 0.1274293501165096
bpp (bits per point)        : 22.148305541441484

========== Point-based Metrics =========
Asym. Chamfer dist. (1->2) p2pt: 1.08857
Asym. Chamfer dist. (2->1) p2pt: 0.895673
Chamfer dist.              p2pt: 0.992121
CD-PSNR (dB)               p2pt: 60.2397
Hausdorff distance         p2pt: 88


----------------------------------------
Y-CPSNR (dB)                   : 30.4983
U-CPSNR (dB)                   : 42.5364
V-CPSNR (dB)                   : 41.9339

