PCC-Arena Evaluator 0.6.5
Reference Point Cloud: /temp/pranav/dynamic_pc_data/soldier/Ply/soldier_vox10_0820.ply
Target Point Cloud: /temp/pranav/dynamic_pc_data/soldier/experiments/vanilla_rc_OM=4_GQP=30_AQP=38/decompressed/soldier_dec_0820.ply

========== Time & Binary Size ==========
Encoding time (s)           : -1
Decoding time (s)           : -1
Source point cloud size (kB): 24048.541
Total binary files size (kB): 7745.746
Compression ratio           : 0.3220879803061649
bpp (bits per point)        : 56.94705334733897

========== Point-based Metrics =========
Asym. Chamfer dist. (1->2) p2pt: 0.633264
Asym. Chamfer dist. (2->1) p2pt: 0.609147
Chamfer dist.              p2pt: 0.621206
CD-PSNR (dB)               p2pt: 62.051
Hausdorff distance         p2pt: 125


----------------------------------------
Y-CPSNR (dB)                   : 31.3628
U-CPSNR (dB)                   : 43.6511
V-CPSNR (dB)                   : 43.8547

