PCC-Arena Evaluator 0.6.5
Reference Point Cloud: /temp/pranav/dynamic_pc_data/soldier/Ply/soldier_vox10_0651.ply
Target Point Cloud: /temp/pranav/dynamic_pc_data/soldier/experiments/vanilla_rc_OM=4_GQP=30_AQP=38/decompressed/soldier_dec_0651.ply

========== Time & Binary Size ==========
Encoding time (s)           : -1
Decoding time (s)           : -1
Source point cloud size (kB): 23274.594
Total binary files size (kB): 7745.746
Compression ratio           : 0.33279832937150267
bpp (bits per point)        : 59.08182941526445

========== Point-based Metrics =========
Asym. Chamfer dist. (1->2) p2pt: 0.633447
Asym. Chamfer dist. (2->1) p2pt: 0.613003
Chamfer dist.              p2pt: 0.623225
CD-PSNR (dB)               p2pt: 62.3102
Hausdorff distance         p2pt: 105


----------------------------------------
Y-CPSNR (dB)                   : 31.2976
U-CPSNR (dB)                   : 43.7736
V-CPSNR (dB)                   : 44.0453

