PCC-Arena Evaluator 0.6.5
Reference Point Cloud: /temp/pranav/dynamic_pc_data/soldier/Ply/soldier_vox10_0834.ply
Target Point Cloud: /temp/pranav/dynamic_pc_data/soldier/experiments/vanilla_rc_OM=4_GQP=30_AQP=38/decompressed/soldier_dec_0834.ply

========== Time & Binary Size ==========
Encoding time (s)           : -1
Decoding time (s)           : -1
Source point cloud size (kB): 24198.026
Total binary files size (kB): 7745.746
Compression ratio           : 0.32009825925470115
bpp (bits per point)        : 56.56843427519773

========== Point-based Metrics =========
Asym. Chamfer dist. (1->2) p2pt: 0.625197
Asym. Chamfer dist. (2->1) p2pt: 0.595807
Chamfer dist.              p2pt: 0.610502
CD-PSNR (dB)               p2pt: 62.1317
Hausdorff distance         p2pt: 94


----------------------------------------
Y-CPSNR (dB)                   : 31.6907
U-CPSNR (dB)                   : 43.9194
V-CPSNR (dB)                   : 44.1543

