PCC-Arena Evaluator 0.6.5
Reference Point Cloud: /temp/pranav/dynamic_pc_data/soldier/Ply/soldier_vox10_0645.ply
Target Point Cloud: /temp/pranav/dynamic_pc_data/soldier/experiments/vanilla_rc_OM=4_GQP=30_AQP=38/decompressed/soldier_dec_0645.ply

========== Time & Binary Size ==========
Encoding time (s)           : -1
Decoding time (s)           : -1
Source point cloud size (kB): 23789.776
Total binary files size (kB): 7745.746
Compression ratio           : 0.32559138009538213
bpp (bits per point)        : 57.7559626169618

========== Point-based Metrics =========
Asym. Chamfer dist. (1->2) p2pt: 0.622956
Asym. Chamfer dist. (2->1) p2pt: 0.625973
Chamfer dist.              p2pt: 0.624465
CD-PSNR (dB)               p2pt: 62.3139
Hausdorff distance         p2pt: 137


----------------------------------------
Y-CPSNR (dB)                   : 31.5072
U-CPSNR (dB)                   : 43.7528
V-CPSNR (dB)                   : 44.1847

