PCC-Arena Evaluator 0.6.5
Reference Point Cloud: /temp/pranav/dynamic_pc_data/soldier/Ply/soldier_vox10_0628.ply
Target Point Cloud: /temp/pranav/dynamic_pc_data/soldier/experiments/vanilla_rc_OM=4_GQP=30_AQP=38/decompressed/soldier_dec_0628.ply

========== Time & Binary Size ==========
Encoding time (s)           : -1
Decoding time (s)           : -1
Source point cloud size (kB): 23597.161
Total binary files size (kB): 7745.746
Compression ratio           : 0.3282490635208193
bpp (bits per point)        : 58.15921475727718

========== Point-based Metrics =========
Asym. Chamfer dist. (1->2) p2pt: 0.631488
Asym. Chamfer dist. (2->1) p2pt: 0.629178
Chamfer dist.              p2pt: 0.630333
CD-PSNR (dB)               p2pt: 62.2982
Hausdorff distance         p2pt: 107


----------------------------------------
Y-CPSNR (dB)                   : 31.3713
U-CPSNR (dB)                   : 43.8053
V-CPSNR (dB)                   : 44.0797

