PCC-Arena Evaluator 0.6.5
Reference Point Cloud: /temp/pranav/dynamic_pc_data/longdress/Ply/longdress_vox10_1257.ply
Target Point Cloud: /temp/pranav/dynamic_pc_data/longdress/experiments/vanilla_r1/decompressed/longdress_dec_1257.ply

========== Time & Binary Size ==========
Encoding time (s)           : -1
Decoding time (s)           : -1
Source point cloud size (kB): 17110.167
Total binary files size (kB): 5959.664
Compression ratio           : 0.3483112701354697
bpp (bits per point)        : 63.633807366081854

========== Point-based Metrics =========
Asym. Chamfer dist. (1->2) p2pt: 0.729709
Asym. Chamfer dist. (2->1) p2pt: 0.64894
Chamfer dist.              p2pt: 0.689325
CD-PSNR (dB)               p2pt: 61.493
Hausdorff distance         p2pt: 230


----------------------------------------
Y-CPSNR (dB)                   : 27.6109
U-CPSNR (dB)                   : 33.4003
V-CPSNR (dB)                   : 32.9173

