PCC-Arena Evaluator 0.6.5
Reference Point Cloud: /temp/pranav/dynamic_pc_data/longdress/Ply/longdress_vox10_1096.ply
Target Point Cloud: /temp/pranav/dynamic_pc_data/longdress/experiments/3DD_4_noQuantize_OM=4/decompressed/longdress_dec_1096.ply

========== Time & Binary Size ==========
Encoding time (s)           : -1
Decoding time (s)           : -1
Source point cloud size (kB): 18735.069
Total binary files size (kB): 14681.999
Compression ratio           : 0.7836639939783515
bpp (bits per point)        : 142.88128867603427

========== Point-based Metrics =========
Asym. Chamfer dist. (1->2) p2pt: 0.542432
Asym. Chamfer dist. (2->1) p2pt: 0.404568
Chamfer dist.              p2pt: 0.4735
CD-PSNR (dB)               p2pt: 63.326
Hausdorff distance         p2pt: 98


----------------------------------------
Y-CPSNR (dB)                   : 29.2
U-CPSNR (dB)                   : 34.7477
V-CPSNR (dB)                   : 33.9419

