PCC-Arena Evaluator 0.6.5
Reference Point Cloud: /temp/pranav/dynamic_pc_data/longdress/Ply/longdress_vox10_1299.ply
Target Point Cloud: /temp/pranav/dynamic_pc_data/longdress/experiments/3DD_4_noQuantize_OM=4/decompressed/longdress_dec_1299.ply

========== Time & Binary Size ==========
Encoding time (s)           : -1
Decoding time (s)           : -1
Source point cloud size (kB): 19353.34
Total binary files size (kB): 14681.999
Compression ratio           : 0.758628691481677
bpp (bits per point)        : 137.2883996343838

========== Point-based Metrics =========
Asym. Chamfer dist. (1->2) p2pt: 0.521216
Asym. Chamfer dist. (2->1) p2pt: 0.37354
Chamfer dist.              p2pt: 0.447378
CD-PSNR (dB)               p2pt: 63.6063
Hausdorff distance         p2pt: 97


----------------------------------------
Y-CPSNR (dB)                   : 29.2426
U-CPSNR (dB)                   : 35.1171
V-CPSNR (dB)                   : 34.1268

