PCC-Arena Evaluator 0.6.5
Reference Point Cloud: /temp/pranav/dynamic_pc_data/longdress/Ply/longdress_vox10_1300.ply
Target Point Cloud: /temp/pranav/dynamic_pc_data/longdress/experiments/3DD_4_noQuantize_OM=4/decompressed/longdress_dec_1300.ply

========== Time & Binary Size ==========
Encoding time (s)           : -1
Decoding time (s)           : -1
Source point cloud size (kB): 19408.77
Total binary files size (kB): 14681.999
Compression ratio           : 0.756462104502243
bpp (bits per point)        : 136.90052053344772

========== Point-based Metrics =========
Asym. Chamfer dist. (1->2) p2pt: 0.516095
Asym. Chamfer dist. (2->1) p2pt: 0.37866
Chamfer dist.              p2pt: 0.447377
CD-PSNR (dB)               p2pt: 63.5886
Hausdorff distance         p2pt: 77


----------------------------------------
Y-CPSNR (dB)                   : 29.1807
U-CPSNR (dB)                   : 35.0869
V-CPSNR (dB)                   : 34.1268

