PCC-Arena Evaluator 0.6.5
Reference Point Cloud: /temp/pranav/dynamic_pc_data/longdress/Ply/longdress_vox10_1164.ply
Target Point Cloud: /temp/pranav/dynamic_pc_data/longdress/experiments/3DD_4_noQuantize_OM=4/decompressed/longdress_dec_1164.ply

========== Time & Binary Size ==========
Encoding time (s)           : -1
Decoding time (s)           : -1
Source point cloud size (kB): 18709.204
Total binary files size (kB): 14681.999
Compression ratio           : 0.7847473895736023
bpp (bits per point)        : 143.17161921339468

========== Point-based Metrics =========
Asym. Chamfer dist. (1->2) p2pt: 0.47571
Asym. Chamfer dist. (2->1) p2pt: 0.351396
Chamfer dist.              p2pt: 0.413553
CD-PSNR (dB)               p2pt: 64.0863
Hausdorff distance         p2pt: 86


----------------------------------------
Y-CPSNR (dB)                   : 29.5615
U-CPSNR (dB)                   : 35.0135
V-CPSNR (dB)                   : 34.5611

