PCC-Arena Evaluator 0.6.5
Reference Point Cloud: /temp/pranav/dynamic_pc_data/longdress/Ply/longdress_vox10_1172.ply
Target Point Cloud: /temp/pranav/dynamic_pc_data/longdress/experiments/3DD_4_noQuantize_OM=4/decompressed/longdress_dec_1172.ply

========== Time & Binary Size ==========
Encoding time (s)           : -1
Decoding time (s)           : -1
Source point cloud size (kB): 18197.876
Total binary files size (kB): 14681.999
Compression ratio           : 0.806797397674322
bpp (bits per point)        : 147.14130983535296

========== Point-based Metrics =========
Asym. Chamfer dist. (1->2) p2pt: 0.539171
Asym. Chamfer dist. (2->1) p2pt: 0.409301
Chamfer dist.              p2pt: 0.474236
CD-PSNR (dB)               p2pt: 63.4153
Hausdorff distance         p2pt: 165


----------------------------------------
Y-CPSNR (dB)                   : 28.811
U-CPSNR (dB)                   : 34.3577
V-CPSNR (dB)                   : 33.9103

