PCC-Arena Evaluator 0.6.5
Reference Point Cloud: /temp/pranav/dynamic_pc_data/longdress/Ply/longdress_vox10_1083.ply
Target Point Cloud: /temp/pranav/dynamic_pc_data/longdress/experiments/3DD_4_noQuantize_OM=4/decompressed/longdress_dec_1083.ply

========== Time & Binary Size ==========
Encoding time (s)           : -1
Decoding time (s)           : -1
Source point cloud size (kB): 18592.667
Total binary files size (kB): 14681.999
Compression ratio           : 0.789666108686828
bpp (bits per point)        : 143.9801612936837

========== Point-based Metrics =========
Asym. Chamfer dist. (1->2) p2pt: 0.523012
Asym. Chamfer dist. (2->1) p2pt: 0.391629
Chamfer dist.              p2pt: 0.457321
CD-PSNR (dB)               p2pt: 63.3733
Hausdorff distance         p2pt: 74


----------------------------------------
Y-CPSNR (dB)                   : 30.1486
U-CPSNR (dB)                   : 35.3552
V-CPSNR (dB)                   : 34.7971

