PCC-Arena Evaluator 0.6.5
Reference Point Cloud: /temp/pranav/dynamic_pc_data/longdress/Ply/longdress_vox10_1089.ply
Target Point Cloud: /temp/pranav/dynamic_pc_data/longdress/experiments/3DD_4_noQuantize_OM=4/decompressed/longdress_dec_1089.ply

========== Time & Binary Size ==========
Encoding time (s)           : -1
Decoding time (s)           : -1
Source point cloud size (kB): 19105.319
Total binary files size (kB): 14681.999
Compression ratio           : 0.7684770403467223
bpp (bits per point)        : 139.78462959260423

========== Point-based Metrics =========
Asym. Chamfer dist. (1->2) p2pt: 0.521511
Asym. Chamfer dist. (2->1) p2pt: 0.37611
Chamfer dist.              p2pt: 0.44881
CD-PSNR (dB)               p2pt: 63.4383
Hausdorff distance         p2pt: 125


----------------------------------------
Y-CPSNR (dB)                   : 29.7818
U-CPSNR (dB)                   : 35.0647
V-CPSNR (dB)                   : 34.5687

