PCC-Arena Evaluator 0.6.5
Reference Point Cloud: /temp/pranav/dynamic_pc_data/longdress/Ply/longdress_vox10_1312.ply
Target Point Cloud: /temp/pranav/dynamic_pc_data/longdress/experiments/vanilla_r2/decompressed/longdress_dec_1312.ply

========== Time & Binary Size ==========
Encoding time (s)           : -1
Decoding time (s)           : -1
Source point cloud size (kB): 19248.514
Total binary files size (kB): 10172.484
Compression ratio           : 0.5284815233009675
bpp (bits per point)        : 95.39043796681374

========== Point-based Metrics =========
Asym. Chamfer dist. (1->2) p2pt: 0.495281
Asym. Chamfer dist. (2->1) p2pt: 0.462394
Chamfer dist.              p2pt: 0.478837
CD-PSNR (dB)               p2pt: 63.2526
Hausdorff distance         p2pt: 52


----------------------------------------
Y-CPSNR (dB)                   : 29.4727
U-CPSNR (dB)                   : 34.2092
V-CPSNR (dB)                   : 33.6939

