PCC-Arena Evaluator 0.6.5
Reference Point Cloud: /temp/pranav/dynamic_pc_data/longdress/Ply/longdress_vox10_1308.ply
Target Point Cloud: /temp/pranav/dynamic_pc_data/longdress/experiments/vanilla_r2/decompressed/longdress_dec_1308.ply

========== Time & Binary Size ==========
Encoding time (s)           : -1
Decoding time (s)           : -1
Source point cloud size (kB): 19196.82
Total binary files size (kB): 10172.484
Compression ratio           : 0.5299046404560755
bpp (bits per point)        : 95.7540934998188

========== Point-based Metrics =========
Asym. Chamfer dist. (1->2) p2pt: 0.498109
Asym. Chamfer dist. (2->1) p2pt: 0.47648
Chamfer dist.              p2pt: 0.487295
CD-PSNR (dB)               p2pt: 63.2026
Hausdorff distance         p2pt: 90


----------------------------------------
Y-CPSNR (dB)                   : 29.3733
U-CPSNR (dB)                   : 34.2181
V-CPSNR (dB)                   : 33.7423

