PCC-Arena Evaluator 0.6.5
Reference Point Cloud: /temp/pranav/dynamic_pc_data/longdress/Ply/longdress_vox10_1145.ply
Target Point Cloud: /temp/pranav/dynamic_pc_data/longdress/experiments/vanilla_r2/decompressed/longdress_dec_1145.ply

========== Time & Binary Size ==========
Encoding time (s)           : -1
Decoding time (s)           : -1
Source point cloud size (kB): 20536.733
Total binary files size (kB): 10172.484
Compression ratio           : 0.4953311707368451
bpp (bits per point)        : 90.132254727576

========== Point-based Metrics =========
Asym. Chamfer dist. (1->2) p2pt: 0.499361
Asym. Chamfer dist. (2->1) p2pt: 0.48934
Chamfer dist.              p2pt: 0.49435
CD-PSNR (dB)               p2pt: 63.1528
Hausdorff distance         p2pt: 130


----------------------------------------
Y-CPSNR (dB)                   : 29.7506
U-CPSNR (dB)                   : 34.2262
V-CPSNR (dB)                   : 33.9002

