PCC-Arena Evaluator 0.6.5
Reference Point Cloud: /temp/pranav/dynamic_pc_data/longdress/Ply/longdress_vox10_1123.ply
Target Point Cloud: /temp/pranav/dynamic_pc_data/longdress/experiments/vanilla_r2/decompressed/longdress_dec_1123.ply

========== Time & Binary Size ==========
Encoding time (s)           : -1
Decoding time (s)           : -1
Source point cloud size (kB): 18333.172
Total binary files size (kB): 10172.484
Compression ratio           : 0.5548676464716527
bpp (bits per point)        : 101.26434041197653

========== Point-based Metrics =========
Asym. Chamfer dist. (1->2) p2pt: 0.47639
Asym. Chamfer dist. (2->1) p2pt: 0.478687
Chamfer dist.              p2pt: 0.477539
CD-PSNR (dB)               p2pt: 63.1547
Hausdorff distance         p2pt: 162


----------------------------------------
Y-CPSNR (dB)                   : 29.9603
U-CPSNR (dB)                   : 34.4892
V-CPSNR (dB)                   : 34.1521

