PCC-Arena Evaluator 0.6.5
Reference Point Cloud: /temp/pranav/dynamic_pc_data/longdress/Ply/longdress_vox10_1197.ply
Target Point Cloud: /temp/pranav/dynamic_pc_data/longdress/experiments/vanilla_r2/decompressed/longdress_dec_1197.ply

========== Time & Binary Size ==========
Encoding time (s)           : -1
Decoding time (s)           : -1
Source point cloud size (kB): 18115.774
Total binary files size (kB): 10172.484
Compression ratio           : 0.5615263250689703
bpp (bits per point)        : 102.4287818029407

========== Point-based Metrics =========
Asym. Chamfer dist. (1->2) p2pt: 0.47435
Asym. Chamfer dist. (2->1) p2pt: 0.447508
Chamfer dist.              p2pt: 0.460929
CD-PSNR (dB)               p2pt: 63.2611
Hausdorff distance         p2pt: 99


----------------------------------------
Y-CPSNR (dB)                   : 29.1137
U-CPSNR (dB)                   : 33.7079
V-CPSNR (dB)                   : 33.5786

