PCC-Arena Evaluator 0.6.5
Reference Point Cloud: /temp/pranav/dynamic_pc_data/longdress/Ply/longdress_vox10_1136.ply
Target Point Cloud: /temp/pranav/dynamic_pc_data/longdress/experiments/vanilla_r2/decompressed/longdress_dec_1136.ply

========== Time & Binary Size ==========
Encoding time (s)           : -1
Decoding time (s)           : -1
Source point cloud size (kB): 20817.789
Total binary files size (kB): 10172.484
Compression ratio           : 0.48864382283824664
bpp (bits per point)        : 88.9262418058896

========== Point-based Metrics =========
Asym. Chamfer dist. (1->2) p2pt: 0.500955
Asym. Chamfer dist. (2->1) p2pt: 0.490612
Chamfer dist.              p2pt: 0.495783
CD-PSNR (dB)               p2pt: 63.1821
Hausdorff distance         p2pt: 115


----------------------------------------
Y-CPSNR (dB)                   : 29.6887
U-CPSNR (dB)                   : 34.2766
V-CPSNR (dB)                   : 33.6994

