PCC-Arena Evaluator 0.6.5
Reference Point Cloud: /temp/pranav/dynamic_pc_data/longdress/Ply/longdress_vox10_1219.ply
Target Point Cloud: /temp/pranav/dynamic_pc_data/longdress/experiments/vanilla_r2/decompressed/longdress_dec_1219.ply

========== Time & Binary Size ==========
Encoding time (s)           : -1
Decoding time (s)           : -1
Source point cloud size (kB): 19521.068
Total binary files size (kB): 10172.484
Compression ratio           : 0.5211028412994617
bpp (bits per point)        : 94.69106902871106

========== Point-based Metrics =========
Asym. Chamfer dist. (1->2) p2pt: 0.500244
Asym. Chamfer dist. (2->1) p2pt: 0.498268
Chamfer dist.              p2pt: 0.499256
CD-PSNR (dB)               p2pt: 63.1493
Hausdorff distance         p2pt: 90


----------------------------------------
Y-CPSNR (dB)                   : 30.0645
U-CPSNR (dB)                   : 34.4013
V-CPSNR (dB)                   : 34.0145

