PCC-Arena Evaluator 0.6.5
Reference Point Cloud: /temp/pranav/dynamic_pc_data/loot/Ply/loot_vox10_1024.ply
Target Point Cloud: /temp/pranav/dynamic_pc_data/loot/experiments/vanilla_rc_OM=4_GQP=40_AQP=52/decompressed/loot_dec_1024.ply

========== Time & Binary Size ==========
Encoding time (s)           : -1
Decoding time (s)           : -1
Source point cloud size (kB): 16944.071
Total binary files size (kB): 1708.646
Compression ratio           : 0.10084034704528799
bpp (bits per point)        : 17.530440314002504

========== Point-based Metrics =========
Asym. Chamfer dist. (1->2) p2pt: 1.98645
Asym. Chamfer dist. (2->1) p2pt: 1.79404
Chamfer dist.              p2pt: 1.89025
CD-PSNR (dB)               p2pt: 57.4318
Hausdorff distance         p2pt: 161


----------------------------------------
Y-CPSNR (dB)                   : 29.4442
U-CPSNR (dB)                   : 40.0473
V-CPSNR (dB)                   : 39.2365

