PCC-Arena Evaluator 0.6.5
Reference Point Cloud: /temp/pranav/dynamic_pc_data/loot/Ply/loot_vox10_1034.ply
Target Point Cloud: /temp/pranav/dynamic_pc_data/loot/experiments/vanilla_rc_OM=4_GQP=40_AQP=52/decompressed/loot_dec_1034.ply

========== Time & Binary Size ==========
Encoding time (s)           : -1
Decoding time (s)           : -1
Source point cloud size (kB): 16916.372
Total binary files size (kB): 1708.646
Compression ratio           : 0.10100546381931066
bpp (bits per point)        : 17.569466598629575

========== Point-based Metrics =========
Asym. Chamfer dist. (1->2) p2pt: 1.98599
Asym. Chamfer dist. (2->1) p2pt: 1.76634
Chamfer dist.              p2pt: 1.87616
CD-PSNR (dB)               p2pt: 57.4618
Hausdorff distance         p2pt: 205


----------------------------------------
Y-CPSNR (dB)                   : 29.5071
U-CPSNR (dB)                   : 40.0783
V-CPSNR (dB)                   : 39.2443

