PCC-Arena Evaluator 0.6.5
Reference Point Cloud: /temp/pranav/dynamic_pc_data/soldier/Ply/soldier_vox10_0537.ply
Target Point Cloud: /temp/pranav/dynamic_pc_data/soldier/experiments/vanilla_rc_OM=4_GQP=32_AQP=39/decompressed/soldier_dec_0537.ply

========== Time & Binary Size ==========
Encoding time (s)           : -1
Decoding time (s)           : -1
Source point cloud size (kB): 23522.508
Total binary files size (kB): 6793.219
Compression ratio           : 0.2887965432937678
bpp (bits per point)        : 51.16868815260477

========== Point-based Metrics =========
Asym. Chamfer dist. (1->2) p2pt: 0.819879
Asym. Chamfer dist. (2->1) p2pt: 0.749657
Chamfer dist.              p2pt: 0.784768
CD-PSNR (dB)               p2pt: 61.3532
Hausdorff distance         p2pt: 106


----------------------------------------
Y-CPSNR (dB)                   : 30.7313
U-CPSNR (dB)                   : 43.6311
V-CPSNR (dB)                   : 43.8495

