PCC-Arena Evaluator 0.6.5
Reference Point Cloud: /temp/pranav/dynamic_pc_data/soldier/Ply/soldier_vox10_0593.ply
Target Point Cloud: /temp/pranav/dynamic_pc_data/soldier/experiments/vanilla_rc_OM=4_GQP=32_AQP=39/decompressed/soldier_dec_0593.ply

========== Time & Binary Size ==========
Encoding time (s)           : -1
Decoding time (s)           : -1
Source point cloud size (kB): 23505.547
Total binary files size (kB): 6793.219
Compression ratio           : 0.2890049314742601
bpp (bits per point)        : 51.206390604800866

========== Point-based Metrics =========
Asym. Chamfer dist. (1->2) p2pt: 0.793546
Asym. Chamfer dist. (2->1) p2pt: 0.770387
Chamfer dist.              p2pt: 0.781967
CD-PSNR (dB)               p2pt: 61.3643
Hausdorff distance         p2pt: 146


----------------------------------------
Y-CPSNR (dB)                   : 30.7216
U-CPSNR (dB)                   : 43.6118
V-CPSNR (dB)                   : 43.8954

