PCC-Arena Evaluator 0.6.5
Reference Point Cloud: /temp/pranav/dynamic_pc_data/soldier/Ply/soldier_vox10_0609.ply
Target Point Cloud: /temp/pranav/dynamic_pc_data/soldier/experiments/vanilla_rc_OM=4_GQP=32_AQP=39/decompressed/soldier_dec_0609.ply

========== Time & Binary Size ==========
Encoding time (s)           : -1
Decoding time (s)           : -1
Source point cloud size (kB): 23513.083
Total binary files size (kB): 6793.219
Compression ratio           : 0.2889123046943695
bpp (bits per point)        : 51.18921994152576

========== Point-based Metrics =========
Asym. Chamfer dist. (1->2) p2pt: 0.809461
Asym. Chamfer dist. (2->1) p2pt: 0.752741
Chamfer dist.              p2pt: 0.781101
CD-PSNR (dB)               p2pt: 61.3653
Hausdorff distance         p2pt: 115


----------------------------------------
Y-CPSNR (dB)                   : 30.7457
U-CPSNR (dB)                   : 43.8748
V-CPSNR (dB)                   : 44.1714

