PCC-Arena Evaluator 0.6.5
Reference Point Cloud: /temp/pranav/dynamic_pc_data/longdress/Ply/longdress_vox10_1189.ply
Target Point Cloud: /temp/pranav/dynamic_pc_data/longdress/experiments/3DD_2_noQuantize_OM=4_r1/decompressed/longdress_dec_1189.ply

========== Time & Binary Size ==========
Encoding time (s)           : -1
Decoding time (s)           : -1
Source point cloud size (kB): 19463.837
Total binary files size (kB): 5481.205
Compression ratio           : 0.2816096846680333
bpp (bits per point)        : 51.24034196343852

========== Point-based Metrics =========
Asym. Chamfer dist. (1->2) p2pt: 0.796548
Asym. Chamfer dist. (2->1) p2pt: 0.659318
Chamfer dist.              p2pt: 0.727933
CD-PSNR (dB)               p2pt: 61.3859
Hausdorff distance         p2pt: 126


----------------------------------------
Y-CPSNR (dB)                   : 26.2966
U-CPSNR (dB)                   : 32.7183
V-CPSNR (dB)                   : 32.0474

