PCC-Arena Evaluator 0.6.5
Reference Point Cloud: /temp/pranav/dynamic_pc_data/longdress/Ply/longdress_vox10_1331.ply
Target Point Cloud: /temp/pranav/dynamic_pc_data/longdress/experiments/3DD_2_noQuantize_OM=4_r1/decompressed/longdress_dec_1331.ply

========== Time & Binary Size ==========
Encoding time (s)           : -1
Decoding time (s)           : -1
Source point cloud size (kB): 19389.862
Total binary files size (kB): 5481.205
Compression ratio           : 0.28268406448689526
bpp (bits per point)        : 51.44286393045478

========== Point-based Metrics =========
Asym. Chamfer dist. (1->2) p2pt: 0.850112
Asym. Chamfer dist. (2->1) p2pt: 0.730357
Chamfer dist.              p2pt: 0.790234
CD-PSNR (dB)               p2pt: 61.1103
Hausdorff distance         p2pt: 137


----------------------------------------
Y-CPSNR (dB)                   : 27.1203
U-CPSNR (dB)                   : 33.1508
V-CPSNR (dB)                   : 32.3257

