PCC-Arena Evaluator 0.6.5
Reference Point Cloud: /temp/pranav/dynamic_pc_data/longdress/Ply/longdress_vox10_1053.ply
Target Point Cloud: /temp/pranav/dynamic_pc_data/longdress/experiments/3DD_2_noQuantize_OM=4_r1/decompressed/longdress_dec_1053.ply

========== Time & Binary Size ==========
Encoding time (s)           : -1
Decoding time (s)           : -1
Source point cloud size (kB): 17628.566
Total binary files size (kB): 5481.205
Compression ratio           : 0.310927445828549
bpp (bits per point)        : 55.96214197016434

========== Point-based Metrics =========
Asym. Chamfer dist. (1->2) p2pt: 0.82026
Asym. Chamfer dist. (2->1) p2pt: 0.675202
Chamfer dist.              p2pt: 0.747731
CD-PSNR (dB)               p2pt: 61.3582
Hausdorff distance         p2pt: 170


----------------------------------------
Y-CPSNR (dB)                   : 26.7643
U-CPSNR (dB)                   : 33.071
V-CPSNR (dB)                   : 32.3199

