PCC-Arena Evaluator 0.6.5
Reference Point Cloud: /temp/pranav/dynamic_pc_data/longdress/Ply/longdress_vox10_1112.ply
Target Point Cloud: /temp/pranav/dynamic_pc_data/longdress/experiments/3DD_2_noQuantize_OM=4_r1/decompressed/longdress_dec_1112.ply

========== Time & Binary Size ==========
Encoding time (s)           : -1
Decoding time (s)           : -1
Source point cloud size (kB): 19589.258
Total binary files size (kB): 5481.205
Compression ratio           : 0.27980666751134725
bpp (bits per point)        : 50.81435746252917

========== Point-based Metrics =========
Asym. Chamfer dist. (1->2) p2pt: 0.87406
Asym. Chamfer dist. (2->1) p2pt: 0.761213
Chamfer dist.              p2pt: 0.817637
CD-PSNR (dB)               p2pt: 60.8303
Hausdorff distance         p2pt: 113


----------------------------------------
Y-CPSNR (dB)                   : 26.8731
U-CPSNR (dB)                   : 33.1027
V-CPSNR (dB)                   : 32.5796

