PCC-Arena Evaluator 0.6.5
Reference Point Cloud: /home/p/pranav/dynamic_pc_data/soldier/Ply/soldier_vox10_0789.ply
Target Point Cloud: /home/p/pranav/dynamic_pc_data/soldier/experiments/3DD_2_Quantize=2_OM=1/decompressed/soldier_dec_0789.ply

========== Time & Binary Size ==========
Encoding time (s)           : -1
Decoding time (s)           : -1
Source point cloud size (kB): 24030.444
Total binary files size (kB): 8304.91
Compression ratio           : 0.34559952367089014
bpp (bits per point)        : 61.104940871775725

========== Point-based Metrics =========
Asym. Chamfer dist. (1->2) p2pt: 2.65716
Asym. Chamfer dist. (2->1) p2pt: 1.67997
Chamfer dist.              p2pt: 2.16857
CD-PSNR (dB)               p2pt: 56.5783
Hausdorff distance         p2pt: 440


----------------------------------------
Y-CPSNR (dB)                   : 29.7688
U-CPSNR (dB)                   : 43.0153
V-CPSNR (dB)                   : 43.3299

