PCC-Arena Evaluator 0.6.5
Reference Point Cloud: /home/p/pranav/dynamic_pc_data/soldier/Ply/soldier_vox10_0687.ply
Target Point Cloud: /home/p/pranav/dynamic_pc_data/soldier/experiments/3DD_2_Quantize=2_OM=1/decompressed/soldier_dec_0687.ply

========== Time & Binary Size ==========
Encoding time (s)           : -1
Decoding time (s)           : -1
Source point cloud size (kB): 24290.334
Total binary files size (kB): 8304.91
Compression ratio           : 0.3419018445773533
bpp (bits per point)        : 60.92976676962356

========== Point-based Metrics =========
Asym. Chamfer dist. (1->2) p2pt: 2.62688
Asym. Chamfer dist. (2->1) p2pt: 1.65171
Chamfer dist.              p2pt: 2.13929
CD-PSNR (dB)               p2pt: 56.7823
Hausdorff distance         p2pt: 292


----------------------------------------
Y-CPSNR (dB)                   : 30.0658
U-CPSNR (dB)                   : 43.3198
V-CPSNR (dB)                   : 43.6485

