PCC-Arena Evaluator 0.6.5
Reference Point Cloud: /temp/pranav/dynamic_pc_data/soldier/Ply/soldier_vox10_0565.ply
Target Point Cloud: /temp/pranav/dynamic_pc_data/soldier/experiments/3DD_2_Quantize=2_OM=1/decompressed/soldier_dec_0565.ply

========== Time & Binary Size ==========
Encoding time (s)           : -1
Decoding time (s)           : -1
Source point cloud size (kB): 23484.664
Total binary files size (kB): 8304.91
Compression ratio           : 0.3536312037506689
bpp (bits per point)        : 62.651259545367964

========== Point-based Metrics =========
Asym. Chamfer dist. (1->2) p2pt: 2.68524
Asym. Chamfer dist. (2->1) p2pt: 1.68121
Chamfer dist.              p2pt: 2.18322
CD-PSNR (dB)               p2pt: 56.9016
Hausdorff distance         p2pt: 360


----------------------------------------
Y-CPSNR (dB)                   : 29.5158
U-CPSNR (dB)                   : 43.2808
V-CPSNR (dB)                   : 43.0916

