PCC-Arena Evaluator 0.6.5
Reference Point Cloud: /temp/pranav/dynamic_pc_data/soldier/Ply/soldier_vox10_0822.ply
Target Point Cloud: /temp/pranav/dynamic_pc_data/soldier/experiments/3DD_2_noQuantize_OM=4/decompressed/soldier_dec_0822.ply

========== Time & Binary Size ==========
Encoding time (s)           : -1
Decoding time (s)           : -1
Source point cloud size (kB): 24044.219
Total binary files size (kB): 13397.745
Compression ratio           : 0.5572127337552532
bpp (bits per point)        : 98.52442199082245

========== Point-based Metrics =========
Asym. Chamfer dist. (1->2) p2pt: 0.464383
Asym. Chamfer dist. (2->1) p2pt: 0.367066
Chamfer dist.              p2pt: 0.415725
CD-PSNR (dB)               p2pt: 63.7951
Hausdorff distance         p2pt: 62


----------------------------------------
Y-CPSNR (dB)                   : 33.4189
U-CPSNR (dB)                   : 44.8881
V-CPSNR (dB)                   : 45.4645

