PCC-Arena Evaluator 0.6.5
Reference Point Cloud: /temp/pranav/dynamic_pc_data/soldier/Ply/soldier_vox10_0760.ply
Target Point Cloud: /temp/pranav/dynamic_pc_data/soldier/experiments/3DD_2_noQuantize_OM=4/decompressed/soldier_dec_0760.ply

========== Time & Binary Size ==========
Encoding time (s)           : -1
Decoding time (s)           : -1
Source point cloud size (kB): 24194.097
Total binary files size (kB): 13397.745
Compression ratio           : 0.5537609029177655
bpp (bits per point)        : 98.3051071311631

========== Point-based Metrics =========
Asym. Chamfer dist. (1->2) p2pt: 0.455899
Asym. Chamfer dist. (2->1) p2pt: 0.376095
Chamfer dist.              p2pt: 0.415997
CD-PSNR (dB)               p2pt: 63.8135
Hausdorff distance         p2pt: 67


----------------------------------------
Y-CPSNR (dB)                   : 33.3186
U-CPSNR (dB)                   : 44.9293
V-CPSNR (dB)                   : 45.2275

