PCC-Arena Evaluator 0.6.5
Reference Point Cloud: /temp/pranav/dynamic_pc_data/soldier/Ply/soldier_vox10_0817.ply
Target Point Cloud: /temp/pranav/dynamic_pc_data/soldier/experiments/3DD_2_noQuantize_OM=4/decompressed/soldier_dec_0817.ply

========== Time & Binary Size ==========
Encoding time (s)           : -1
Decoding time (s)           : -1
Source point cloud size (kB): 24067.528
Total binary files size (kB): 13397.745
Compression ratio           : 0.5566730825035293
bpp (bits per point)        : 98.43592781374845

========== Point-based Metrics =========
Asym. Chamfer dist. (1->2) p2pt: 0.459991
Asym. Chamfer dist. (2->1) p2pt: 0.368812
Chamfer dist.              p2pt: 0.414401
CD-PSNR (dB)               p2pt: 63.8089
Hausdorff distance         p2pt: 54


----------------------------------------
Y-CPSNR (dB)                   : 33.4187
U-CPSNR (dB)                   : 44.9336
V-CPSNR (dB)                   : 45.3445

