PCC-Arena Evaluator 0.6.5
Reference Point Cloud: /home/p/pranav/dynamic_pc_data/soldier/Ply/soldier_vox10_0780.ply
Target Point Cloud: /home/p/pranav/dynamic_pc_data/soldier/experiments/3DD_2_noQuantize_OM=4/decompressed/soldier_dec_0780.ply

========== Time & Binary Size ==========
Encoding time (s)           : -1
Decoding time (s)           : -1
Source point cloud size (kB): 24185.752
Total binary files size (kB): 13397.745
Compression ratio           : 0.5539519713920824
bpp (bits per point)        : 98.12564943655228

========== Point-based Metrics =========
Asym. Chamfer dist. (1->2) p2pt: 0.460207
Asym. Chamfer dist. (2->1) p2pt: 0.369499
Chamfer dist.              p2pt: 0.414853
CD-PSNR (dB)               p2pt: 63.7892
Hausdorff distance         p2pt: 73


----------------------------------------
Y-CPSNR (dB)                   : 33.6744
U-CPSNR (dB)                   : 45.1187
V-CPSNR (dB)                   : 45.4986

