PCC-Arena Evaluator 0.6.5
Reference Point Cloud: /temp/pranav/dynamic_pc_data/longdress/Ply/longdress_vox10_1145.ply
Target Point Cloud: /temp/pranav/dynamic_pc_data/longdress/experiments/2DD_INT_lodX=2_lodY=2_OM=4_r1/decompressed/longdress_dec_1145.ply

========== Time & Binary Size ==========
Encoding time (s)           : -1
Decoding time (s)           : -1
Source point cloud size (kB): 20536.733
Total binary files size (kB): 4022.404
Compression ratio           : 0.19586386987647939
bpp (bits per point)        : 35.640099502267155

========== Point-based Metrics =========
Asym. Chamfer dist. (1->2) p2pt: 1.20958
Asym. Chamfer dist. (2->1) p2pt: 1.30467
Chamfer dist.              p2pt: 1.25712
CD-PSNR (dB)               p2pt: 59.0993
Hausdorff distance         p2pt: 305


----------------------------------------
Y-CPSNR (dB)                   : 25.6882
U-CPSNR (dB)                   : 31.8087
V-CPSNR (dB)                   : 31.0323

