PCC-Arena Evaluator 0.6.5
Reference Point Cloud: /temp/pranav/dynamic_pc_data/longdress/Ply/longdress_vox10_1158.ply
Target Point Cloud: /temp/pranav/dynamic_pc_data/longdress/experiments/2DD_INT_lodX=2_lodY=2_OM=4_r1/decompressed/longdress_dec_1158.ply

========== Time & Binary Size ==========
Encoding time (s)           : -1
Decoding time (s)           : -1
Source point cloud size (kB): 18940.373
Total binary files size (kB): 3898.886
Compression ratio           : 0.20585053947987192
bpp (bits per point)        : 37.54077165921053

========== Point-based Metrics =========
Asym. Chamfer dist. (1->2) p2pt: 1.28486
Asym. Chamfer dist. (2->1) p2pt: 1.40854
Chamfer dist.              p2pt: 1.3467
CD-PSNR (dB)               p2pt: 58.7548
Hausdorff distance         p2pt: 293


----------------------------------------
Y-CPSNR (dB)                   : 25.345
U-CPSNR (dB)                   : 31.4776
V-CPSNR (dB)                   : 30.7393

