PCC-Arena Evaluator 0.6.5
Reference Point Cloud: /temp/pranav/dynamic_pc_data/longdress/Ply/longdress_vox10_1068.ply
Target Point Cloud: /temp/pranav/dynamic_pc_data/longdress/experiments/2DD_INT_lodX=2_lodY=2_OM=4_r1/decompressed/longdress_dec_1068.ply

========== Time & Binary Size ==========
Encoding time (s)           : -1
Decoding time (s)           : -1
Source point cloud size (kB): 18050.788
Total binary files size (kB): 4022.404
Compression ratio           : 0.22283813870064842
bpp (bits per point)        : 40.43587343194159

========== Point-based Metrics =========
Asym. Chamfer dist. (1->2) p2pt: 1.28156
Asym. Chamfer dist. (2->1) p2pt: 1.38092
Chamfer dist.              p2pt: 1.33124
CD-PSNR (dB)               p2pt: 58.8862
Hausdorff distance         p2pt: 209


----------------------------------------
Y-CPSNR (dB)                   : 25.4463
U-CPSNR (dB)                   : 31.5688
V-CPSNR (dB)                   : 30.7247

