PCC-Arena Evaluator 0.6.5
Reference Point Cloud: /temp/pranav/dynamic_pc_data/longdress/Ply/longdress_vox10_1181.ply
Target Point Cloud: /temp/pranav/dynamic_pc_data/longdress/experiments/2DD_INT_lodX=2_lodY=2_OM=4_r1/decompressed/longdress_dec_1181.ply

========== Time & Binary Size ==========
Encoding time (s)           : -1
Decoding time (s)           : -1
Source point cloud size (kB): 19972.733
Total binary files size (kB): 4022.404
Compression ratio           : 0.2013947715618088
bpp (bits per point)        : 36.61307543520309

========== Point-based Metrics =========
Asym. Chamfer dist. (1->2) p2pt: 1.22952
Asym. Chamfer dist. (2->1) p2pt: 1.2803
Chamfer dist.              p2pt: 1.25491
CD-PSNR (dB)               p2pt: 59.1441
Hausdorff distance         p2pt: 180


----------------------------------------
Y-CPSNR (dB)                   : 25.0847
U-CPSNR (dB)                   : 31.325
V-CPSNR (dB)                   : 30.557

