PCC-Arena Evaluator 0.6.5
Reference Point Cloud: /temp/pranav/dynamic_pc_data/longdress/Ply/longdress_vox10_1177.ply
Target Point Cloud: /temp/pranav/dynamic_pc_data/longdress/experiments/2DD_INT_lodX=2_lodY=2_OM=4_r1/decompressed/longdress_dec_1177.ply

========== Time & Binary Size ==========
Encoding time (s)           : -1
Decoding time (s)           : -1
Source point cloud size (kB): 18870.303
Total binary files size (kB): 3898.886
Compression ratio           : 0.2066149123307665
bpp (bits per point)        : 37.604996141975306

========== Point-based Metrics =========
Asym. Chamfer dist. (1->2) p2pt: 1.23775
Asym. Chamfer dist. (2->1) p2pt: 1.3769
Chamfer dist.              p2pt: 1.30733
CD-PSNR (dB)               p2pt: 58.9949
Hausdorff distance         p2pt: 211


----------------------------------------
Y-CPSNR (dB)                   : 24.9441
U-CPSNR (dB)                   : 31.2846
V-CPSNR (dB)                   : 30.4368

