PCC-Arena Evaluator 0.6.5
Reference Point Cloud: /home/p/pranav/dynamic_pc_data/loot/Ply/loot_vox10_1163.ply
Target Point Cloud: /home/p/pranav/dynamic_pc_data/loot/experiments/3DD_2_Quantize=2_OM=1/decompressed/loot_dec_1163.ply

========== Time & Binary Size ==========
Encoding time (s)           : -1
Decoding time (s)           : -1
Source point cloud size (kB): 17216.949
Total binary files size (kB): 4350.974
Compression ratio           : 0.25271457794293284
bpp (bits per point)        : 43.900287936555586

========== Point-based Metrics =========
Asym. Chamfer dist. (1->2) p2pt: 55537
Asym. Chamfer dist. (2->1) p2pt: 5542.58
Chamfer dist.              p2pt: 30539.8
CD-PSNR (dB)               p2pt: 15.2528
Hausdorff distance         p2pt: 289117


----------------------------------------
Y-CPSNR (dB)                   : 13.3185
U-CPSNR (dB)                   : 29.6925
V-CPSNR (dB)                   : 27.6843

