PCC-Arena Evaluator 0.6.5
Reference Point Cloud: /home/p/pranav/dynamic_pc_data/loot/Ply/loot_vox10_1296.ply
Target Point Cloud: /home/p/pranav/dynamic_pc_data/loot/experiments/3DD_2_Quantize=2_OM=1/decompressed/loot_dec_1296.ply

========== Time & Binary Size ==========
Encoding time (s)           : -1
Decoding time (s)           : -1
Source point cloud size (kB): 17855.636
Total binary files size (kB): 4350.974
Compression ratio           : 0.24367510628016836
bpp (bits per point)        : 42.458520115100264

========== Point-based Metrics =========
Asym. Chamfer dist. (1->2) p2pt: 51848.7
Asym. Chamfer dist. (2->1) p2pt: 8075.44
Chamfer dist.              p2pt: 29962.1
CD-PSNR (dB)               p2pt: 15.1839
Hausdorff distance         p2pt: 279081


----------------------------------------
Y-CPSNR (dB)                   : 13.1684
U-CPSNR (dB)                   : 29.9716
V-CPSNR (dB)                   : 27.7123

