PCC-Arena Evaluator 0.6.5
Reference Point Cloud: /home/p/pranav/dynamic_pc_data/loot/Ply/loot_vox10_1100.ply
Target Point Cloud: /home/p/pranav/dynamic_pc_data/loot/experiments/3DD_2_Quantize=2_OM=1/decompressed/loot_dec_1100.ply

========== Time & Binary Size ==========
Encoding time (s)           : -1
Decoding time (s)           : -1
Source point cloud size (kB): 16524.191
Total binary files size (kB): 4350.974
Compression ratio           : 0.26330935051525367
bpp (bits per point)        : 44.58541896428713

========== Point-based Metrics =========
Asym. Chamfer dist. (1->2) p2pt: 47897.6
Asym. Chamfer dist. (2->1) p2pt: 1079.53
Chamfer dist.              p2pt: 24488.5
CD-PSNR (dB)               p2pt: 16.443
Hausdorff distance         p2pt: 271850


----------------------------------------
Y-CPSNR (dB)                   : 13.7069
U-CPSNR (dB)                   : 30.808
V-CPSNR (dB)                   : 29.8726

