PCC-Arena Evaluator 0.6.5
Reference Point Cloud: /temp/pranav/dynamic_pc_data/soldier/Ply/soldier_vox10_0708.ply
Target Point Cloud: /temp/pranav/dynamic_pc_data/soldier/experiments/vanilla_rc_OM=4_GQP=26_AQP=35/decompressed/soldier_dec_0708.ply

========== Time & Binary Size ==========
Encoding time (s)           : -1
Decoding time (s)           : -1
Source point cloud size (kB): 24116.691
Total binary files size (kB): 10859.688
Compression ratio           : 0.4502975967971726
bpp (bits per point)        : 80.1724421460033

========== Point-based Metrics =========
Asym. Chamfer dist. (1->2) p2pt: 0.431815
Asym. Chamfer dist. (2->1) p2pt: 0.42934
Chamfer dist.              p2pt: 0.430578
CD-PSNR (dB)               p2pt: 63.8523
Hausdorff distance         p2pt: 61


----------------------------------------
Y-CPSNR (dB)                   : 33.1211
U-CPSNR (dB)                   : 44.2842
V-CPSNR (dB)                   : 44.7316

