PCC-Arena Evaluator 0.6.5
Reference Point Cloud: /temp/pranav/dynamic_pc_data/soldier/Ply/soldier_vox10_0737.ply
Target Point Cloud: /temp/pranav/dynamic_pc_data/soldier/experiments/vanilla_rc_OM=4_GQP=26_AQP=35/decompressed/soldier_dec_0737.ply

========== Time & Binary Size ==========
Encoding time (s)           : -1
Decoding time (s)           : -1
Source point cloud size (kB): 24161.855
Total binary files size (kB): 10859.688
Compression ratio           : 0.44945588821719196
bpp (bits per point)        : 79.78919178059546

========== Point-based Metrics =========
Asym. Chamfer dist. (1->2) p2pt: 0.43815
Asym. Chamfer dist. (2->1) p2pt: 0.438283
Chamfer dist.              p2pt: 0.438217
CD-PSNR (dB)               p2pt: 63.4946
Hausdorff distance         p2pt: 117


----------------------------------------
Y-CPSNR (dB)                   : 32.6987
U-CPSNR (dB)                   : 44.1515
V-CPSNR (dB)                   : 44.7117

