PCC-Arena Evaluator 0.6.5
Reference Point Cloud: /temp/pranav/dynamic_pc_data/soldier/Ply/soldier_vox10_0756.ply
Target Point Cloud: /temp/pranav/dynamic_pc_data/soldier/experiments/vanilla_rc_OM=4_GQP=26_AQP=35/decompressed/soldier_dec_0756.ply

========== Time & Binary Size ==========
Encoding time (s)           : -1
Decoding time (s)           : -1
Source point cloud size (kB): 24183.821
Total binary files size (kB): 10859.688
Compression ratio           : 0.44904765049327816
bpp (bits per point)        : 79.71853995630403

========== Point-based Metrics =========
Asym. Chamfer dist. (1->2) p2pt: 0.439808
Asym. Chamfer dist. (2->1) p2pt: 0.439464
Chamfer dist.              p2pt: 0.439636
CD-PSNR (dB)               p2pt: 63.5729
Hausdorff distance         p2pt: 53


----------------------------------------
Y-CPSNR (dB)                   : 32.67
U-CPSNR (dB)                   : 44.2388
V-CPSNR (dB)                   : 44.4186

