PCC-Arena Evaluator 0.6.5
Reference Point Cloud: /temp/pranav/dynamic_pc_data/soldier/Ply/soldier_vox10_0601.ply
Target Point Cloud: /temp/pranav/dynamic_pc_data/soldier/experiments/vanilla_rc_OM=4_GQP=26_AQP=35/decompressed/soldier_dec_0601.ply

========== Time & Binary Size ==========
Encoding time (s)           : -1
Decoding time (s)           : -1
Source point cloud size (kB): 23491.215
Total binary files size (kB): 10859.688
Compression ratio           : 0.4622871997042299
bpp (bits per point)        : 81.91122634660532

========== Point-based Metrics =========
Asym. Chamfer dist. (1->2) p2pt: 0.436493
Asym. Chamfer dist. (2->1) p2pt: 0.435018
Chamfer dist.              p2pt: 0.435756
CD-PSNR (dB)               p2pt: 63.8987
Hausdorff distance         p2pt: 73


----------------------------------------
Y-CPSNR (dB)                   : 32.796
U-CPSNR (dB)                   : 44.095
V-CPSNR (dB)                   : 44.5248

