PCC-Arena Evaluator 0.6.5
Reference Point Cloud: /temp/pranav/dynamic_pc_data/soldier/Ply/soldier_vox10_0724.ply
Target Point Cloud: /temp/pranav/dynamic_pc_data/soldier/experiments/vanilla_rc_OM=4_GQP=26_AQP=35/decompressed/soldier_dec_0724.ply

========== Time & Binary Size ==========
Encoding time (s)           : -1
Decoding time (s)           : -1
Source point cloud size (kB): 24253.228
Total binary files size (kB): 10859.688
Compression ratio           : 0.4477625823663555
bpp (bits per point)        : 79.52916794062237

========== Point-based Metrics =========
Asym. Chamfer dist. (1->2) p2pt: 0.437889
Asym. Chamfer dist. (2->1) p2pt: 0.433755
Chamfer dist.              p2pt: 0.435822
CD-PSNR (dB)               p2pt: 63.6485
Hausdorff distance         p2pt: 74


----------------------------------------
Y-CPSNR (dB)                   : 32.73
U-CPSNR (dB)                   : 44.2621
V-CPSNR (dB)                   : 44.4925

