PCC-Arena Evaluator 0.6.5
Reference Point Cloud: /temp/pranav/dynamic_pc_data/soldier/Ply/soldier_vox10_0683.ply
Target Point Cloud: /temp/pranav/dynamic_pc_data/soldier/experiments/vanilla_rc_OM=4_GQP=26_AQP=35/decompressed/soldier_dec_0683.ply

========== Time & Binary Size ==========
Encoding time (s)           : -1
Decoding time (s)           : -1
Source point cloud size (kB): 24090.693
Total binary files size (kB): 10859.688
Compression ratio           : 0.4507835453301406
bpp (bits per point)        : 80.08442291099755

========== Point-based Metrics =========
Asym. Chamfer dist. (1->2) p2pt: 0.442752
Asym. Chamfer dist. (2->1) p2pt: 0.433875
Chamfer dist.              p2pt: 0.438313
CD-PSNR (dB)               p2pt: 63.6935
Hausdorff distance         p2pt: 65


----------------------------------------
Y-CPSNR (dB)                   : 33.5011
U-CPSNR (dB)                   : 44.3954
V-CPSNR (dB)                   : 44.7642

