PCC-Arena Evaluator 0.6.5
Reference Point Cloud: /temp/pranav/dynamic_pc_data/soldier/Ply/soldier_vox10_0613.ply
Target Point Cloud: /temp/pranav/dynamic_pc_data/soldier/experiments/vanilla_rc_OM=4_GQP=26_AQP=35/decompressed/soldier_dec_0613.ply

========== Time & Binary Size ==========
Encoding time (s)           : -1
Decoding time (s)           : -1
Source point cloud size (kB): 23503.864
Total binary files size (kB): 10859.688
Compression ratio           : 0.46203841206705415
bpp (bits per point)        : 81.86028700920578

========== Point-based Metrics =========
Asym. Chamfer dist. (1->2) p2pt: 0.431915
Asym. Chamfer dist. (2->1) p2pt: 0.431976
Chamfer dist.              p2pt: 0.431946
CD-PSNR (dB)               p2pt: 63.9367
Hausdorff distance         p2pt: 62


----------------------------------------
Y-CPSNR (dB)                   : 32.8356
U-CPSNR (dB)                   : 44.2453
V-CPSNR (dB)                   : 44.6065

