PCC-Arena Evaluator 0.6.5
Reference Point Cloud: /temp/pranav/dynamic_pc_data/soldier/Ply/soldier_vox10_0700.ply
Target Point Cloud: /temp/pranav/dynamic_pc_data/soldier/experiments/vanilla_rc_OM=4_GQP=26_AQP=35/decompressed/soldier_dec_0700.ply

========== Time & Binary Size ==========
Encoding time (s)           : -1
Decoding time (s)           : -1
Source point cloud size (kB): 24192.902
Total binary files size (kB): 10859.688
Compression ratio           : 0.448879096852457
bpp (bits per point)        : 80.00241634866143

========== Point-based Metrics =========
Asym. Chamfer dist. (1->2) p2pt: 0.43538
Asym. Chamfer dist. (2->1) p2pt: 0.425363
Chamfer dist.              p2pt: 0.430372
CD-PSNR (dB)               p2pt: 63.8728
Hausdorff distance         p2pt: 45


----------------------------------------
Y-CPSNR (dB)                   : 32.8428
U-CPSNR (dB)                   : 44.2585
V-CPSNR (dB)                   : 44.5297

