PCC-Arena Evaluator 0.6.5
Reference Point Cloud: /temp/pranav/dynamic_pc_data/redandblack/Ply/redandblack_vox10_1666.ply
Target Point Cloud: /temp/pranav/dynamic_pc_data/redandblack/experiments/vanilla_rc_OM=4_GQP=26_AQP=35/decompressed/redandblack_dec_1666.ply

========== Time & Binary Size ==========
Encoding time (s)           : -1
Decoding time (s)           : -1
Source point cloud size (kB): 16163.227
Total binary files size (kB): 7316.153
Compression ratio           : 0.45264185177873206
bpp (bits per point)        : 78.02273660411967

========== Point-based Metrics =========
Asym. Chamfer dist. (1->2) p2pt: 0.465061
Asym. Chamfer dist. (2->1) p2pt: 0.46015
Chamfer dist.              p2pt: 0.462605
CD-PSNR (dB)               p2pt: 63.1208
Hausdorff distance         p2pt: 83


----------------------------------------
Y-CPSNR (dB)                   : 34.986
U-CPSNR (dB)                   : 40.9382
V-CPSNR (dB)                   : 34.6405

