PCC-Arena Evaluator 0.6.5
Reference Point Cloud: /temp/pranav/dynamic_pc_data/redandblack/Ply/redandblack_vox10_1499.ply
Target Point Cloud: /temp/pranav/dynamic_pc_data/redandblack/experiments/vanilla_rc_OM=4_GQP=26_AQP=35/decompressed/redandblack_dec_1499.ply

========== Time & Binary Size ==========
Encoding time (s)           : -1
Decoding time (s)           : -1
Source point cloud size (kB): 15849.365
Total binary files size (kB): 7316.153
Compression ratio           : 0.46160543340379884
bpp (bits per point)        : 79.51508334046574

========== Point-based Metrics =========
Asym. Chamfer dist. (1->2) p2pt: 0.488472
Asym. Chamfer dist. (2->1) p2pt: 0.480946
Chamfer dist.              p2pt: 0.484709
CD-PSNR (dB)               p2pt: 62.8758
Hausdorff distance         p2pt: 113


----------------------------------------
Y-CPSNR (dB)                   : 34.5893
U-CPSNR (dB)                   : 39.9161
V-CPSNR (dB)                   : 33.9032

