PCC-Arena Evaluator 0.6.5
Reference Point Cloud: /temp/pranav/dynamic_pc_data/redandblack/Ply/redandblack_vox10_1665.ply
Target Point Cloud: /temp/pranav/dynamic_pc_data/redandblack/experiments/vanilla_rc_OM=4_GQP=26_AQP=35/decompressed/redandblack_dec_1665.ply

========== Time & Binary Size ==========
Encoding time (s)           : -1
Decoding time (s)           : -1
Source point cloud size (kB): 16127.283
Total binary files size (kB): 7316.153
Compression ratio           : 0.4536506862315246
bpp (bits per point)        : 78.20246061098403

========== Point-based Metrics =========
Asym. Chamfer dist. (1->2) p2pt: 0.457786
Asym. Chamfer dist. (2->1) p2pt: 0.454274
Chamfer dist.              p2pt: 0.45603
CD-PSNR (dB)               p2pt: 63.1834
Hausdorff distance         p2pt: 77


----------------------------------------
Y-CPSNR (dB)                   : 34.9745
U-CPSNR (dB)                   : 40.9445
V-CPSNR (dB)                   : 34.5826

