PCC-Arena Evaluator 0.6.5
Reference Point Cloud: /temp/pranav/dynamic_pc_data/redandblack/Ply/redandblack_vox10_1557.ply
Target Point Cloud: /temp/pranav/dynamic_pc_data/redandblack/experiments/vanilla_rc_OM=4_GQP=26_AQP=35/decompressed/redandblack_dec_1557.ply

========== Time & Binary Size ==========
Encoding time (s)           : -1
Decoding time (s)           : -1
Source point cloud size (kB): 16055.595
Total binary files size (kB): 7316.153
Compression ratio           : 0.4556762299995734
bpp (bits per point)        : 78.32396011620952

========== Point-based Metrics =========
Asym. Chamfer dist. (1->2) p2pt: 0.475164
Asym. Chamfer dist. (2->1) p2pt: 0.476976
Chamfer dist.              p2pt: 0.47607
CD-PSNR (dB)               p2pt: 63.4794
Hausdorff distance         p2pt: 126


----------------------------------------
Y-CPSNR (dB)                   : 34.5875
U-CPSNR (dB)                   : 40.1378
V-CPSNR (dB)                   : 34.2134

