PCC-Arena Evaluator 0.6.5
Reference Point Cloud: /temp/pranav/dynamic_pc_data/redandblack/Ply/redandblack_vox10_1688.ply
Target Point Cloud: /temp/pranav/dynamic_pc_data/redandblack/experiments/vanilla_rc_OM=4_GQP=26_AQP=35/decompressed/redandblack_dec_1688.ply

========== Time & Binary Size ==========
Encoding time (s)           : -1
Decoding time (s)           : -1
Source point cloud size (kB): 16722.21
Total binary files size (kB): 7316.153
Compression ratio           : 0.43751113040680634
bpp (bits per point)        : 75.58926832544239

========== Point-based Metrics =========
Asym. Chamfer dist. (1->2) p2pt: 0.475124
Asym. Chamfer dist. (2->1) p2pt: 0.47497
Chamfer dist.              p2pt: 0.475047
CD-PSNR (dB)               p2pt: 62.9436
Hausdorff distance         p2pt: 110


----------------------------------------
Y-CPSNR (dB)                   : 34.8477
U-CPSNR (dB)                   : 40.6155
V-CPSNR (dB)                   : 34.4717

