PCC-Arena Evaluator 0.6.5
Reference Point Cloud: /temp/pranav/dynamic_pc_data/redandblack/Ply/redandblack_vox10_1472.ply
Target Point Cloud: /temp/pranav/dynamic_pc_data/redandblack/experiments/vanilla_rc_OM=4_GQP=26_AQP=35/decompressed/redandblack_dec_1472.ply

========== Time & Binary Size ==========
Encoding time (s)           : -1
Decoding time (s)           : -1
Source point cloud size (kB): 15124.974
Total binary files size (kB): 7316.153
Compression ratio           : 0.4837134265487002
bpp (bits per point)        : 83.55289969379234

========== Point-based Metrics =========
Asym. Chamfer dist. (1->2) p2pt: 0.44102
Asym. Chamfer dist. (2->1) p2pt: 0.418168
Chamfer dist.              p2pt: 0.429594
CD-PSNR (dB)               p2pt: 63.4541
Hausdorff distance         p2pt: 58


----------------------------------------
Y-CPSNR (dB)                   : 35.0356
U-CPSNR (dB)                   : 40.1781
V-CPSNR (dB)                   : 34.3055

