PCC-Arena Evaluator 0.6.5
Reference Point Cloud: /temp/pranav/dynamic_pc_data/redandblack/Ply/redandblack_vox10_1554.ply
Target Point Cloud: /temp/pranav/dynamic_pc_data/redandblack/experiments/vanilla_rc_OM=4_GQP=26_AQP=35/decompressed/redandblack_dec_1554.ply

========== Time & Binary Size ==========
Encoding time (s)           : -1
Decoding time (s)           : -1
Source point cloud size (kB): 16448.712
Total binary files size (kB): 7316.153
Compression ratio           : 0.4447857680285241
bpp (bits per point)        : 76.5222934766266

========== Point-based Metrics =========
Asym. Chamfer dist. (1->2) p2pt: 0.485205
Asym. Chamfer dist. (2->1) p2pt: 0.489323
Chamfer dist.              p2pt: 0.487264
CD-PSNR (dB)               p2pt: 63.2339
Hausdorff distance         p2pt: 99


----------------------------------------
Y-CPSNR (dB)                   : 34.4892
U-CPSNR (dB)                   : 40.0275
V-CPSNR (dB)                   : 34.3002

