PCC-Arena Evaluator 0.6.5
Reference Point Cloud: /temp/pranav/dynamic_pc_data/redandblack/Ply/redandblack_vox10_1647.ply
Target Point Cloud: /temp/pranav/dynamic_pc_data/redandblack/experiments/vanilla_rc_OM=4_GQP=26_AQP=35/decompressed/redandblack_dec_1647.ply

========== Time & Binary Size ==========
Encoding time (s)           : -1
Decoding time (s)           : -1
Source point cloud size (kB): 16164.955
Total binary files size (kB): 7316.153
Compression ratio           : 0.4525934653081311
bpp (bits per point)        : 77.98790924874515

========== Point-based Metrics =========
Asym. Chamfer dist. (1->2) p2pt: 0.455131
Asym. Chamfer dist. (2->1) p2pt: 0.472085
Chamfer dist.              p2pt: 0.463608
CD-PSNR (dB)               p2pt: 62.9233
Hausdorff distance         p2pt: 115


----------------------------------------
Y-CPSNR (dB)                   : 35.1182
U-CPSNR (dB)                   : 40.5571
V-CPSNR (dB)                   : 34.4922

