PCC-Arena Evaluator 0.6.5
Reference Point Cloud: /temp/pranav/dynamic_pc_data/redandblack/Ply/redandblack_vox10_1736.ply
Target Point Cloud: /temp/pranav/dynamic_pc_data/redandblack/experiments/vanilla_r1/decompressed/redandblack_dec_1736.ply

========== Time & Binary Size ==========
Encoding time (s)           : -1
Decoding time (s)           : -1
Source point cloud size (kB): 14187.898
Total binary files size (kB): 4223.319
Compression ratio           : 0.29767052173620084
bpp (bits per point)        : 51.26102550720064

========== Point-based Metrics =========
Asym. Chamfer dist. (1->2) p2pt: 0.763455
Asym. Chamfer dist. (2->1) p2pt: 0.707778
Chamfer dist.              p2pt: 0.735616
CD-PSNR (dB)               p2pt: 61.045
Hausdorff distance         p2pt: 104


----------------------------------------
Y-CPSNR (dB)                   : 32.1734
U-CPSNR (dB)                   : 38.9346
V-CPSNR (dB)                   : 31.7483

