PCC-Arena Evaluator 0.6.5
Reference Point Cloud: /temp/pranav/dynamic_pc_data/redandblack/Ply/redandblack_vox10_1676.ply
Target Point Cloud: /temp/pranav/dynamic_pc_data/redandblack/experiments/vanilla_r1/decompressed/redandblack_dec_1676.ply

========== Time & Binary Size ==========
Encoding time (s)           : -1
Decoding time (s)           : -1
Source point cloud size (kB): 16486.039
Total binary files size (kB): 4223.319
Compression ratio           : 0.25617548278273516
bpp (bits per point)        : 44.19298307572173

========== Point-based Metrics =========
Asym. Chamfer dist. (1->2) p2pt: 0.874449
Asym. Chamfer dist. (2->1) p2pt: 0.834721
Chamfer dist.              p2pt: 0.854585
CD-PSNR (dB)               p2pt: 60.4503
Hausdorff distance         p2pt: 185


----------------------------------------
Y-CPSNR (dB)                   : 32.3286
U-CPSNR (dB)                   : 39.4176
V-CPSNR (dB)                   : 32.1216

