PCC-Arena Evaluator 0.6.5
Reference Point Cloud: /temp/pranav/dynamic_pc_data/redandblack/Ply/redandblack_vox10_1672.ply
Target Point Cloud: /temp/pranav/dynamic_pc_data/redandblack/experiments/vanilla_r1/decompressed/redandblack_dec_1672.ply

========== Time & Binary Size ==========
Encoding time (s)           : -1
Decoding time (s)           : -1
Source point cloud size (kB): 16412.623
Total binary files size (kB): 4223.319
Compression ratio           : 0.25732139219916284
bpp (bits per point)        : 44.35624628302934

========== Point-based Metrics =========
Asym. Chamfer dist. (1->2) p2pt: 0.854622
Asym. Chamfer dist. (2->1) p2pt: 0.836024
Chamfer dist.              p2pt: 0.845323
CD-PSNR (dB)               p2pt: 60.635
Hausdorff distance         p2pt: 181


----------------------------------------
Y-CPSNR (dB)                   : 32.5558
U-CPSNR (dB)                   : 39.3859
V-CPSNR (dB)                   : 32.3368

