PCC-Arena Evaluator 0.6.5
Reference Point Cloud: /temp/pranav/dynamic_pc_data/redandblack/Ply/redandblack_vox10_1627.ply
Target Point Cloud: /temp/pranav/dynamic_pc_data/redandblack/experiments/vanilla_r1/decompressed/redandblack_dec_1627.ply

========== Time & Binary Size ==========
Encoding time (s)           : -1
Decoding time (s)           : -1
Source point cloud size (kB): 16508.379
Total binary files size (kB): 4223.319
Compression ratio           : 0.25582881275017977
bpp (bits per point)        : 44.17177894860699

========== Point-based Metrics =========
Asym. Chamfer dist. (1->2) p2pt: 0.831214
Asym. Chamfer dist. (2->1) p2pt: 0.763422
Chamfer dist.              p2pt: 0.797318
CD-PSNR (dB)               p2pt: 60.6295
Hausdorff distance         p2pt: 117


----------------------------------------
Y-CPSNR (dB)                   : 32.3655
U-CPSNR (dB)                   : 39.2918
V-CPSNR (dB)                   : 32.0504

