PCC-Arena Evaluator 0.6.5
Reference Point Cloud: /home/p/pranav/dynamic_pc_data/redandblack/Ply/redandblack_vox10_1719.ply
Target Point Cloud: /home/p/pranav/dynamic_pc_data/redandblack/experiments/vanilla_rc_OM=4_GQP=36_AQP=46/decompressed/redandblack_dec_1719.ply

========== Time & Binary Size ==========
Encoding time (s)           : -1
Decoding time (s)           : -1
Source point cloud size (kB): 14371.884
Total binary files size (kB): 3133.155
Compression ratio           : 0.21800586478432474
bpp (bits per point)        : 37.612002112794414

========== Point-based Metrics =========
Asym. Chamfer dist. (1->2) p2pt: 1.38296
Asym. Chamfer dist. (2->1) p2pt: 1.25399
Chamfer dist.              p2pt: 1.31848
CD-PSNR (dB)               p2pt: 58.8122
Hausdorff distance         p2pt: 150


----------------------------------------
Y-CPSNR (dB)                   : 30.5434
U-CPSNR (dB)                   : 37.8585
V-CPSNR (dB)                   : 30.3561

