PCC-Arena Evaluator 0.6.5
Reference Point Cloud: /temp/pranav/dynamic_pc_data/redandblack/Ply/redandblack_vox10_1522.ply
Target Point Cloud: /temp/pranav/dynamic_pc_data/redandblack/experiments/vanilla_rc_OM=4_GQP=36_AQP=46/decompressed/redandblack_dec_1522.ply

========== Time & Binary Size ==========
Encoding time (s)           : -1
Decoding time (s)           : -1
Source point cloud size (kB): 14205.048
Total binary files size (kB): 3133.155
Compression ratio           : 0.2205663085404569
bpp (bits per point)        : 38.08519819611752

========== Point-based Metrics =========
Asym. Chamfer dist. (1->2) p2pt: 1.24801
Asym. Chamfer dist. (2->1) p2pt: 1.15288
Chamfer dist.              p2pt: 1.20045
CD-PSNR (dB)               p2pt: 58.8855
Hausdorff distance         p2pt: 171


----------------------------------------
Y-CPSNR (dB)                   : 30.6903
U-CPSNR (dB)                   : 38.213
V-CPSNR (dB)                   : 30.1636

