PCC-Arena Evaluator 0.6.5
Reference Point Cloud: /temp/pranav/dynamic_pc_data/redandblack/Ply/redandblack_vox10_1476.ply
Target Point Cloud: /temp/pranav/dynamic_pc_data/redandblack/experiments/vanilla_rc_OM=4_GQP=36_AQP=46/decompressed/redandblack_dec_1476.ply

========== Time & Binary Size ==========
Encoding time (s)           : -1
Decoding time (s)           : -1
Source point cloud size (kB): 15814.064
Total binary files size (kB): 3133.155
Compression ratio           : 0.19812459339990024
bpp (bits per point)        : 34.198682002374035

========== Point-based Metrics =========
Asym. Chamfer dist. (1->2) p2pt: 1.37016
Asym. Chamfer dist. (2->1) p2pt: 1.14769
Chamfer dist.              p2pt: 1.25893
CD-PSNR (dB)               p2pt: 58.767
Hausdorff distance         p2pt: 226


----------------------------------------
Y-CPSNR (dB)                   : 30.7764
U-CPSNR (dB)                   : 38.0978
V-CPSNR (dB)                   : 30.1637

