PCC-Arena Evaluator 0.6.5
Reference Point Cloud: /temp/pranav/dynamic_pc_data/soldier/Ply/soldier_vox10_0552.ply
Target Point Cloud: /temp/pranav/dynamic_pc_data/soldier/experiments/vanilla_rc_OM=4_GQP=40_AQP=52/decompressed/soldier_dec_0552.ply

========== Time & Binary Size ==========
Encoding time (s)           : -1
Decoding time (s)           : -1
Source point cloud size (kB): 23482.951
Total binary files size (kB): 2864.358
Compression ratio           : 0.1219760668069358
bpp (bits per point)        : 21.61031416481275

========== Point-based Metrics =========
Asym. Chamfer dist. (1->2) p2pt: 2.16824
Asym. Chamfer dist. (2->1) p2pt: 2.09304
Chamfer dist.              p2pt: 2.13064
CD-PSNR (dB)               p2pt: 57.018
Hausdorff distance         p2pt: 628


----------------------------------------
Y-CPSNR (dB)                   : 25.7186
U-CPSNR (dB)                   : 40.1558
V-CPSNR (dB)                   : 39.9492

