PCC-Arena Evaluator 0.6.5
Reference Point Cloud: /temp/pranav/dynamic_pc_data/soldier/Ply/soldier_vox10_0778.ply
Target Point Cloud: /temp/pranav/dynamic_pc_data/soldier/experiments/vanilla_rc_OM=4_GQP=40_AQP=52/decompressed/soldier_dec_0778.ply

========== Time & Binary Size ==========
Encoding time (s)           : -1
Decoding time (s)           : -1
Source point cloud size (kB): 24244.405
Total binary files size (kB): 2864.358
Compression ratio           : 0.11814511430575426
bpp (bits per point)        : 20.938193813076513

========== Point-based Metrics =========
Asym. Chamfer dist. (1->2) p2pt: 2.22928
Asym. Chamfer dist. (2->1) p2pt: 2.04116
Chamfer dist.              p2pt: 2.13522
CD-PSNR (dB)               p2pt: 56.6756
Hausdorff distance         p2pt: 317


----------------------------------------
Y-CPSNR (dB)                   : 26.0699
U-CPSNR (dB)                   : 40.0352
V-CPSNR (dB)                   : 40.4997

