PCC-Arena Evaluator 0.6.5
Reference Point Cloud: /temp/pranav/dynamic_pc_data/soldier/Ply/soldier_vox10_0826.ply
Target Point Cloud: /temp/pranav/dynamic_pc_data/soldier/experiments/vanilla_rc_OM=4_GQP=40_AQP=52/decompressed/soldier_dec_0826.ply

========== Time & Binary Size ==========
Encoding time (s)           : -1
Decoding time (s)           : -1
Source point cloud size (kB): 24099.268
Total binary files size (kB): 2864.358
Compression ratio           : 0.11885663913111387
bpp (bits per point)        : 21.008432760697723

========== Point-based Metrics =========
Asym. Chamfer dist. (1->2) p2pt: 2.18928
Asym. Chamfer dist. (2->1) p2pt: 1.9727
Chamfer dist.              p2pt: 2.08099
CD-PSNR (dB)               p2pt: 56.7938
Hausdorff distance         p2pt: 346


----------------------------------------
Y-CPSNR (dB)                   : 25.8533
U-CPSNR (dB)                   : 40.2757
V-CPSNR (dB)                   : 39.8581

