PCC-Arena Evaluator 0.6.5
Reference Point Cloud: /temp/pranav/dynamic_pc_data/soldier/Ply/soldier_vox10_0553.ply
Target Point Cloud: /temp/pranav/dynamic_pc_data/soldier/experiments/vanilla_rc_OM=4_GQP=40_AQP=52/decompressed/soldier_dec_0553.ply

========== Time & Binary Size ==========
Encoding time (s)           : -1
Decoding time (s)           : -1
Source point cloud size (kB): 23497.123
Total binary files size (kB): 2864.358
Compression ratio           : 0.12190249844629916
bpp (bits per point)        : 21.594816082508427

========== Point-based Metrics =========
Asym. Chamfer dist. (1->2) p2pt: 2.16206
Asym. Chamfer dist. (2->1) p2pt: 2.0381
Chamfer dist.              p2pt: 2.10008
CD-PSNR (dB)               p2pt: 57.0796
Hausdorff distance         p2pt: 283


----------------------------------------
Y-CPSNR (dB)                   : 25.75
U-CPSNR (dB)                   : 40.3655
V-CPSNR (dB)                   : 39.8596

