PCC-Arena Evaluator 0.6.5
Reference Point Cloud: /home/p/pranav/dynamic_pc_data/soldier/Ply/soldier_vox10_0769.ply
Target Point Cloud: /home/p/pranav/dynamic_pc_data/soldier/experiments/3DD_2_noQuantize_OM=1/decompressed/soldier_dec_0769.ply

========== Time & Binary Size ==========
Encoding time (s)           : -1
Decoding time (s)           : -1
Source point cloud size (kB): 24432.986
Total binary files size (kB): 37313.177
Compression ratio           : 1.5271640150737205
bpp (bits per point)        : 270.80184559222425

========== Point-based Metrics =========
Asym. Chamfer dist. (1->2) p2pt: 0.682348
Asym. Chamfer dist. (2->1) p2pt: 0.299513
Chamfer dist.              p2pt: 0.490931
CD-PSNR (dB)               p2pt: 63.0256
Hausdorff distance         p2pt: 50


----------------------------------------
Y-CPSNR (dB)                   : 33.4305
U-CPSNR (dB)                   : 45.1821
V-CPSNR (dB)                   : 45.4889

