PCC-Arena Evaluator 0.6.5
Reference Point Cloud: /temp/pranav/dynamic_pc_data/soldier/Ply/soldier_vox10_0627.ply
Target Point Cloud: /temp/pranav/dynamic_pc_data/soldier/experiments/3DD_2_noQuantize_OM=1/decompressed/soldier_dec_0627.ply

========== Time & Binary Size ==========
Encoding time (s)           : -1
Decoding time (s)           : -1
Source point cloud size (kB): 23576.262
Total binary files size (kB): 37313.177
Compression ratio           : 1.5826587352990904
bpp (bits per point)        : 280.4505692526527

========== Point-based Metrics =========
Asym. Chamfer dist. (1->2) p2pt: 0.766875
Asym. Chamfer dist. (2->1) p2pt: 0.302541
Chamfer dist.              p2pt: 0.534708
CD-PSNR (dB)               p2pt: 63.0115
Hausdorff distance         p2pt: 49


----------------------------------------
Y-CPSNR (dB)                   : 32.7242
U-CPSNR (dB)                   : 44.81
V-CPSNR (dB)                   : 45.1873

