PCC-Arena Evaluator 0.6.5
Reference Point Cloud: /temp/pranav/dynamic_pc_data/soldier/Ply/soldier_vox10_0583.ply
Target Point Cloud: /temp/pranav/dynamic_pc_data/soldier/experiments/3DD_2_noQuantize_OM=1/decompressed/soldier_dec_0583.ply

========== Time & Binary Size ==========
Encoding time (s)           : -1
Decoding time (s)           : -1
Source point cloud size (kB): 23507.246
Total binary files size (kB): 37313.177
Compression ratio           : 1.587305335554833
bpp (bits per point)        : 281.26075649761805

========== Point-based Metrics =========
Asym. Chamfer dist. (1->2) p2pt: 0.7562
Asym. Chamfer dist. (2->1) p2pt: 0.300155
Chamfer dist.              p2pt: 0.528177
CD-PSNR (dB)               p2pt: 63.0662
Hausdorff distance         p2pt: 54


----------------------------------------
Y-CPSNR (dB)                   : 32.5921
U-CPSNR (dB)                   : 44.8699
V-CPSNR (dB)                   : 45.2522

