PCC-Arena Evaluator 0.6.5
Reference Point Cloud: /temp/pranav/dynamic_pc_data/soldier/Ply/soldier_vox10_0671.ply
Target Point Cloud: /temp/pranav/dynamic_pc_data/soldier/experiments/3DD_2_noQuantize_OM=1/decompressed/soldier_dec_0671.ply

========== Time & Binary Size ==========
Encoding time (s)           : -1
Decoding time (s)           : -1
Source point cloud size (kB): 23232.04
Total binary files size (kB): 37313.177
Compression ratio           : 1.6061085036010614
bpp (bits per point)        : 285.32101711990623

========== Point-based Metrics =========
Asym. Chamfer dist. (1->2) p2pt: 0.769342
Asym. Chamfer dist. (2->1) p2pt: 0.299751
Chamfer dist.              p2pt: 0.534546
CD-PSNR (dB)               p2pt: 62.9655
Hausdorff distance         p2pt: 66


----------------------------------------
Y-CPSNR (dB)                   : 32.7915
U-CPSNR (dB)                   : 45.0632
V-CPSNR (dB)                   : 45.4393

