PCC-Arena Evaluator 0.6.5
Reference Point Cloud: /home/p/pranav/dynamic_pc_data/soldier/Ply/soldier_vox10_0561.ply
Target Point Cloud: /home/p/pranav/dynamic_pc_data/soldier/experiments/3DD_2_noQuantize_OM=1/decompressed/soldier_dec_0561.ply

========== Time & Binary Size ==========
Encoding time (s)           : -1
Decoding time (s)           : -1
Source point cloud size (kB): 23495.152
Total binary files size (kB): 37313.177
Compression ratio           : 1.58812239222798
bpp (bits per point)        : 281.37396230505664

========== Point-based Metrics =========
Asym. Chamfer dist. (1->2) p2pt: 0.763928
Asym. Chamfer dist. (2->1) p2pt: 0.296232
Chamfer dist.              p2pt: 0.53008
CD-PSNR (dB)               p2pt: 63.0499
Hausdorff distance         p2pt: 72


----------------------------------------
Y-CPSNR (dB)                   : 32.6282
U-CPSNR (dB)                   : 44.7245
V-CPSNR (dB)                   : 45.2305

