PCC-Arena Evaluator 0.6.5
Reference Point Cloud: /temp/pranav/dynamic_pc_data/soldier/Ply/soldier_vox10_0708.ply
Target Point Cloud: /temp/pranav/dynamic_pc_data/soldier/experiments/3DD_2_noQuantize_OM=1/decompressed/soldier_dec_0708.ply

========== Time & Binary Size ==========
Encoding time (s)           : -1
Decoding time (s)           : -1
Source point cloud size (kB): 24116.691
Total binary files size (kB): 37313.177
Compression ratio           : 1.5471930622654662
bpp (bits per point)        : 275.46726244032806

========== Point-based Metrics =========
Asym. Chamfer dist. (1->2) p2pt: 0.694162
Asym. Chamfer dist. (2->1) p2pt: 0.295706
Chamfer dist.              p2pt: 0.494934
CD-PSNR (dB)               p2pt: 63.2474
Hausdorff distance         p2pt: 33


----------------------------------------
Y-CPSNR (dB)                   : 33.2929
U-CPSNR (dB)                   : 45.0275
V-CPSNR (dB)                   : 45.5132

