PCC-Arena Evaluator 0.6.5
Reference Point Cloud: /temp/pranav/dynamic_pc_data/soldier/Ply/soldier_vox10_0636.ply
Target Point Cloud: /temp/pranav/dynamic_pc_data/soldier/experiments/3DD_4_noQuantize_OM=1/decompressed/soldier_dec_0636.ply

========== Time & Binary Size ==========
Encoding time (s)           : -1
Decoding time (s)           : -1
Source point cloud size (kB): 23598.204
Total binary files size (kB): 45577.598
Compression ratio           : 1.931401135442341
bpp (bits per point)        : 342.510691341812

========== Point-based Metrics =========
Asym. Chamfer dist. (1->2) p2pt: 0.882925
Asym. Chamfer dist. (2->1) p2pt: 0.29499
Chamfer dist.              p2pt: 0.588957
CD-PSNR (dB)               p2pt: 62.5892
Hausdorff distance         p2pt: 50


----------------------------------------
Y-CPSNR (dB)                   : 32.4722
U-CPSNR (dB)                   : 45.0603
V-CPSNR (dB)                   : 45.4509

