PCC-Arena Evaluator 0.6.5
Reference Point Cloud: /temp/pranav/dynamic_pc_data/soldier/Ply/soldier_vox10_0760.ply
Target Point Cloud: /temp/pranav/dynamic_pc_data/soldier/experiments/3DD_4_noQuantize_OM=1/decompressed/soldier_dec_0760.ply

========== Time & Binary Size ==========
Encoding time (s)           : -1
Decoding time (s)           : -1
Source point cloud size (kB): 24194.097
Total binary files size (kB): 45577.598
Compression ratio           : 1.8838313329073615
bpp (bits per point)        : 334.4227445865767

========== Point-based Metrics =========
Asym. Chamfer dist. (1->2) p2pt: 0.920858
Asym. Chamfer dist. (2->1) p2pt: 0.29428
Chamfer dist.              p2pt: 0.607569
CD-PSNR (dB)               p2pt: 62.1685
Hausdorff distance         p2pt: 41


----------------------------------------
Y-CPSNR (dB)                   : 31.8056
U-CPSNR (dB)                   : 44.8652
V-CPSNR (dB)                   : 45.2073

