PCC-Arena Evaluator 0.6.5
Reference Point Cloud: /temp/pranav/dynamic_pc_data/soldier/Ply/soldier_vox10_0606.ply
Target Point Cloud: /temp/pranav/dynamic_pc_data/soldier/experiments/3DD_4_noQuantize_OM=1/decompressed/soldier_dec_0606.ply

========== Time & Binary Size ==========
Encoding time (s)           : -1
Decoding time (s)           : -1
Source point cloud size (kB): 23492.636
Total binary files size (kB): 45577.598
Compression ratio           : 1.94008020215356
bpp (bits per point)        : 343.7435212376324

========== Point-based Metrics =========
Asym. Chamfer dist. (1->2) p2pt: 0.893875
Asym. Chamfer dist. (2->1) p2pt: 0.296978
Chamfer dist.              p2pt: 0.595426
CD-PSNR (dB)               p2pt: 62.5441
Hausdorff distance         p2pt: 53


----------------------------------------
Y-CPSNR (dB)                   : 32.0979
U-CPSNR (dB)                   : 44.9756
V-CPSNR (dB)                   : 45.2877

