PCC-Arena Evaluator 0.6.5
Reference Point Cloud: /temp/pranav/dynamic_pc_data/soldier/Ply/soldier_vox10_0607.ply
Target Point Cloud: /temp/pranav/dynamic_pc_data/soldier/experiments/3DD_4_noQuantize_OM=1/decompressed/soldier_dec_0607.ply

========== Time & Binary Size ==========
Encoding time (s)           : -1
Decoding time (s)           : -1
Source point cloud size (kB): 23505.209
Total binary files size (kB): 45577.598
Compression ratio           : 1.9390424479952508
bpp (bits per point)        : 343.58480435345945

========== Point-based Metrics =========
Asym. Chamfer dist. (1->2) p2pt: 0.891381
Asym. Chamfer dist. (2->1) p2pt: 0.296911
Chamfer dist.              p2pt: 0.594146
CD-PSNR (dB)               p2pt: 62.5547
Hausdorff distance         p2pt: 44


----------------------------------------
Y-CPSNR (dB)                   : 32.0255
U-CPSNR (dB)                   : 44.8003
V-CPSNR (dB)                   : 45.1689

