PCC-Arena Evaluator 0.6.5
Reference Point Cloud: /temp/pranav/dynamic_pc_data/soldier/Ply/soldier_vox10_0701.ply
Target Point Cloud: /temp/pranav/dynamic_pc_data/soldier/experiments/3DD_4_noQuantize_OM=1/decompressed/soldier_dec_0701.ply

========== Time & Binary Size ==========
Encoding time (s)           : -1
Decoding time (s)           : -1
Source point cloud size (kB): 24200.234
Total binary files size (kB): 45577.598
Compression ratio           : 1.8833536072419794
bpp (bits per point)        : 335.67548677536064

========== Point-based Metrics =========
Asym. Chamfer dist. (1->2) p2pt: 0.828207
Asym. Chamfer dist. (2->1) p2pt: 0.289887
Chamfer dist.              p2pt: 0.559047
CD-PSNR (dB)               p2pt: 62.7353
Hausdorff distance         p2pt: 52


----------------------------------------
Y-CPSNR (dB)                   : 32.3826
U-CPSNR (dB)                   : 44.8583
V-CPSNR (dB)                   : 45.3464

