PCC-Arena Evaluator 0.6.5
Reference Point Cloud: /temp/pranav/dynamic_pc_data/redandblack/Ply/redandblack_vox10_1698.ply
Target Point Cloud: /temp/pranav/dynamic_pc_data/redandblack/experiments/2DD_INT_lodX=2_lodY=1_OM=4_r1/decompressed/redandblack_dec_1698.ply

========== Time & Binary Size ==========
Encoding time (s)           : -1
Decoding time (s)           : -1
Source point cloud size (kB): 16610.671
Total binary files size (kB): 3773.343
Compression ratio           : 0.22716379127610198
bpp (bits per point)        : 39.11811341977654

========== Point-based Metrics =========
Asym. Chamfer dist. (1->2) p2pt: 0.975032
Asym. Chamfer dist. (2->1) p2pt: 1.1343
Chamfer dist.              p2pt: 1.05467
CD-PSNR (dB)               p2pt: 59.5654
Hausdorff distance         p2pt: 113


----------------------------------------
Y-CPSNR (dB)                   : 32.1644
U-CPSNR (dB)                   : 38.8883
V-CPSNR (dB)                   : 31.1453

