PCC-Arena Evaluator 0.6.5
Reference Point Cloud: /temp/pranav/dynamic_pc_data/redandblack/Ply/redandblack_vox10_1710.ply
Target Point Cloud: /temp/pranav/dynamic_pc_data/redandblack/experiments/2DD_INT_lodX=2_lodY=1_OM=4_r1/decompressed/redandblack_dec_1710.ply

========== Time & Binary Size ==========
Encoding time (s)           : -1
Decoding time (s)           : -1
Source point cloud size (kB): 14905.276
Total binary files size (kB): 3773.343
Compression ratio           : 0.2531548560388952
bpp (bits per point)        : 43.65697162352322

========== Point-based Metrics =========
Asym. Chamfer dist. (1->2) p2pt: 1.00222
Asym. Chamfer dist. (2->1) p2pt: 1.24182
Chamfer dist.              p2pt: 1.12202
CD-PSNR (dB)               p2pt: 59.3015
Hausdorff distance         p2pt: 782


----------------------------------------
Y-CPSNR (dB)                   : 31.7942
U-CPSNR (dB)                   : 38.6852
V-CPSNR (dB)                   : 30.9775

