PCC-Arena Evaluator 0.6.5
Reference Point Cloud: /temp/pranav/dynamic_pc_data/redandblack/Ply/redandblack_vox10_1590.ply
Target Point Cloud: /temp/pranav/dynamic_pc_data/redandblack/experiments/2DD_INT_lodX=2_lodY=1_OM=4_r1/decompressed/redandblack_dec_1590.ply

========== Time & Binary Size ==========
Encoding time (s)           : -1
Decoding time (s)           : -1
Source point cloud size (kB): 14750.108
Total binary files size (kB): 3773.343
Compression ratio           : 0.2558179912987756
bpp (bits per point)        : 44.16908679086264

========== Point-based Metrics =========
Asym. Chamfer dist. (1->2) p2pt: 1.0655
Asym. Chamfer dist. (2->1) p2pt: 1.35814
Chamfer dist.              p2pt: 1.21182
CD-PSNR (dB)               p2pt: 58.9209
Hausdorff distance         p2pt: 341


----------------------------------------
Y-CPSNR (dB)                   : 31.6581
U-CPSNR (dB)                   : 38.4771
V-CPSNR (dB)                   : 30.5563

