PCC-Arena Evaluator 0.6.5
Reference Point Cloud: /temp/pranav/dynamic_pc_data/soldier/Ply/soldier_vox10_0787.ply
Target Point Cloud: /temp/pranav/dynamic_pc_data/soldier/experiments/2DD_lodX=2_lodY=1_OM=4_r1/decompressed/soldier_dec_0787.ply

========== Time & Binary Size ==========
Encoding time (s)           : -1
Decoding time (s)           : -1
Source point cloud size (kB): 24063.93
Total binary files size (kB): 5013.382
Compression ratio           : 0.20833596174855892
bpp (bits per point)        : 36.83713411593114

========== Point-based Metrics =========
Asym. Chamfer dist. (1->2) p2pt: 1.02254
Asym. Chamfer dist. (2->1) p2pt: 0.86117
Chamfer dist.              p2pt: 0.941856
CD-PSNR (dB)               p2pt: 60.204
Hausdorff distance         p2pt: 257


----------------------------------------
Y-CPSNR (dB)                   : 29.1075
U-CPSNR (dB)                   : 43.0149
V-CPSNR (dB)                   : 43.1002

