PCC-Arena Evaluator 0.6.5
Reference Point Cloud: /temp/pranav/dynamic_pc_data/soldier/Ply/soldier_vox10_0547.ply
Target Point Cloud: /temp/pranav/dynamic_pc_data/soldier/experiments/2DD_lodX=2_lodY=1_OM=4_r1/decompressed/soldier_dec_0547.ply

========== Time & Binary Size ==========
Encoding time (s)           : -1
Decoding time (s)           : -1
Source point cloud size (kB): 23468.906
Total binary files size (kB): 5013.382
Compression ratio           : 0.2136180527545681
bpp (bits per point)        : 37.84816402641167

========== Point-based Metrics =========
Asym. Chamfer dist. (1->2) p2pt: 1.0886
Asym. Chamfer dist. (2->1) p2pt: 0.931043
Chamfer dist.              p2pt: 1.00982
CD-PSNR (dB)               p2pt: 60.2568
Hausdorff distance         p2pt: 3029


----------------------------------------
Y-CPSNR (dB)                   : 28.7437
U-CPSNR (dB)                   : 42.8001
V-CPSNR (dB)                   : 43.1575

