PCC-Arena Evaluator 0.6.5
Reference Point Cloud: /temp/pranav/dynamic_pc_data/soldier/Ply/soldier_vox10_0713.ply
Target Point Cloud: /temp/pranav/dynamic_pc_data/soldier/experiments/2DD_lodX=2_lodY=1_OM=4_r1/decompressed/soldier_dec_0713.ply

========== Time & Binary Size ==========
Encoding time (s)           : -1
Decoding time (s)           : -1
Source point cloud size (kB): 24120.693
Total binary files size (kB): 5013.382
Compression ratio           : 0.20784568668901843
bpp (bits per point)        : 36.974127273716206

========== Point-based Metrics =========
Asym. Chamfer dist. (1->2) p2pt: 1.05787
Asym. Chamfer dist. (2->1) p2pt: 0.859993
Chamfer dist.              p2pt: 0.958933
CD-PSNR (dB)               p2pt: 60.3436
Hausdorff distance         p2pt: 509


----------------------------------------
Y-CPSNR (dB)                   : 29.245
U-CPSNR (dB)                   : 43.0813
V-CPSNR (dB)                   : 43.4556

