PCC-Arena Evaluator 0.6.5
Reference Point Cloud: /temp/pranav/dynamic_pc_data/soldier/Ply/soldier_vox10_0591.ply
Target Point Cloud: /temp/pranav/dynamic_pc_data/soldier/experiments/2DD_lodX=2_lodY=1_OM=4_r1/decompressed/soldier_dec_0591.ply

========== Time & Binary Size ==========
Encoding time (s)           : -1
Decoding time (s)           : -1
Source point cloud size (kB): 23500.175
Total binary files size (kB): 5013.382
Compression ratio           : 0.21333381559924552
bpp (bits per point)        : 37.802573327389034

========== Point-based Metrics =========
Asym. Chamfer dist. (1->2) p2pt: 1.09749
Asym. Chamfer dist. (2->1) p2pt: 0.935845
Chamfer dist.              p2pt: 1.01667
CD-PSNR (dB)               p2pt: 60.2219
Hausdorff distance         p2pt: 3576


----------------------------------------
Y-CPSNR (dB)                   : 28.7814
U-CPSNR (dB)                   : 42.8192
V-CPSNR (dB)                   : 42.9308

