PCC-Arena Evaluator 0.6.5
Reference Point Cloud: /temp/pranav/dynamic_pc_data/redandblack/Ply/redandblack_vox10_1555.ply
Target Point Cloud: /temp/pranav/dynamic_pc_data/redandblack/experiments/3DD_4_noQuantize_OM=4/decompressed/redandblack_dec_1555.ply

========== Time & Binary Size ==========
Encoding time (s)           : -1
Decoding time (s)           : -1
Source point cloud size (kB): 16458.585
Total binary files size (kB): 8441.507
Compression ratio           : 0.5128938484079889
bpp (bits per point)        : 88.2050191607913

========== Point-based Metrics =========
Asym. Chamfer dist. (1->2) p2pt: 0.593164
Asym. Chamfer dist. (2->1) p2pt: 0.445786
Chamfer dist.              p2pt: 0.519475
CD-PSNR (dB)               p2pt: 63.0948
Hausdorff distance         p2pt: 68


----------------------------------------
Y-CPSNR (dB)                   : 34.4813
U-CPSNR (dB)                   : 40.5029
V-CPSNR (dB)                   : 34.1983

