PCC-Arena Evaluator 0.6.5
Reference Point Cloud: /temp/pranav/dynamic_pc_data/redandblack/Ply/redandblack_vox10_1635.ply
Target Point Cloud: /temp/pranav/dynamic_pc_data/redandblack/experiments/3DD_4_noQuantize_OM=4/decompressed/redandblack_dec_1635.ply

========== Time & Binary Size ==========
Encoding time (s)           : -1
Decoding time (s)           : -1
Source point cloud size (kB): 16318.305
Total binary files size (kB): 8441.507
Compression ratio           : 0.5173029306658994
bpp (bits per point)        : 89.10182605024276

========== Point-based Metrics =========
Asym. Chamfer dist. (1->2) p2pt: 0.578684
Asym. Chamfer dist. (2->1) p2pt: 0.389883
Chamfer dist.              p2pt: 0.484283
CD-PSNR (dB)               p2pt: 62.7136
Hausdorff distance         p2pt: 100


----------------------------------------
Y-CPSNR (dB)                   : 35.3362
U-CPSNR (dB)                   : 41.1525
V-CPSNR (dB)                   : 34.3424

