PCC-Arena Evaluator 0.6.5
Reference Point Cloud: /temp/pranav/dynamic_pc_data/redandblack/Ply/redandblack_vox10_1624.ply
Target Point Cloud: /temp/pranav/dynamic_pc_data/redandblack/experiments/3DD_4_noQuantize_OM=4/decompressed/redandblack_dec_1624.ply

========== Time & Binary Size ==========
Encoding time (s)           : -1
Decoding time (s)           : -1
Source point cloud size (kB): 16586.157
Total binary files size (kB): 8441.507
Compression ratio           : 0.5089489385636468
bpp (bits per point)        : 87.92480854509898

========== Point-based Metrics =========
Asym. Chamfer dist. (1->2) p2pt: 0.618755
Asym. Chamfer dist. (2->1) p2pt: 0.434841
Chamfer dist.              p2pt: 0.526798
CD-PSNR (dB)               p2pt: 62.454
Hausdorff distance         p2pt: 126


----------------------------------------
Y-CPSNR (dB)                   : 35.1468
U-CPSNR (dB)                   : 40.7552
V-CPSNR (dB)                   : 34.1632

