PCC-Arena Evaluator 0.6.5
Reference Point Cloud: /temp/pranav/dynamic_pc_data/redandblack/Ply/redandblack_vox10_1709.ply
Target Point Cloud: /temp/pranav/dynamic_pc_data/redandblack/experiments/3DD_4_noQuantize_OM=4/decompressed/redandblack_dec_1709.ply

========== Time & Binary Size ==========
Encoding time (s)           : -1
Decoding time (s)           : -1
Source point cloud size (kB): 14940.742
Total binary files size (kB): 8441.507
Compression ratio           : 0.56499918143289
bpp (bits per point)        : 97.43409151571551

========== Point-based Metrics =========
Asym. Chamfer dist. (1->2) p2pt: 0.598915
Asym. Chamfer dist. (2->1) p2pt: 0.426185
Chamfer dist.              p2pt: 0.51255
CD-PSNR (dB)               p2pt: 62.7121
Hausdorff distance         p2pt: 144


----------------------------------------
Y-CPSNR (dB)                   : 35.2329
U-CPSNR (dB)                   : 40.849
V-CPSNR (dB)                   : 34.283

