PCC-Arena Evaluator 0.6.5
Reference Point Cloud: /temp/pranav/dynamic_pc_data/redandblack/Ply/redandblack_vox10_1748.ply
Target Point Cloud: /temp/pranav/dynamic_pc_data/redandblack/experiments/3DD_4_noQuantize_OM=4/decompressed/redandblack_dec_1748.ply

========== Time & Binary Size ==========
Encoding time (s)           : -1
Decoding time (s)           : -1
Source point cloud size (kB): 15709.614
Total binary files size (kB): 8441.507
Compression ratio           : 0.5373465573374367
bpp (bits per point)        : 92.63211779955695

========== Point-based Metrics =========
Asym. Chamfer dist. (1->2) p2pt: 0.58072
Asym. Chamfer dist. (2->1) p2pt: 0.39127
Chamfer dist.              p2pt: 0.485995
CD-PSNR (dB)               p2pt: 62.8457
Hausdorff distance         p2pt: 101


----------------------------------------
Y-CPSNR (dB)                   : 34.7091
U-CPSNR (dB)                   : 40.2426
V-CPSNR (dB)                   : 34.2979

