PCC-Arena Evaluator 0.6.5
Reference Point Cloud: /temp/pranav/dynamic_pc_data/redandblack/Ply/redandblack_vox10_1708.ply
Target Point Cloud: /temp/pranav/dynamic_pc_data/redandblack/experiments/3DD_4_noQuantize_OM=4/decompressed/redandblack_dec_1708.ply

========== Time & Binary Size ==========
Encoding time (s)           : -1
Decoding time (s)           : -1
Source point cloud size (kB): 15042.199
Total binary files size (kB): 8441.507
Compression ratio           : 0.5611883608241055
bpp (bits per point)        : 96.76979005908036

========== Point-based Metrics =========
Asym. Chamfer dist. (1->2) p2pt: 0.580479
Asym. Chamfer dist. (2->1) p2pt: 0.404184
Chamfer dist.              p2pt: 0.492332
CD-PSNR (dB)               p2pt: 62.8872
Hausdorff distance         p2pt: 105


----------------------------------------
Y-CPSNR (dB)                   : 35.3761
U-CPSNR (dB)                   : 40.9398
V-CPSNR (dB)                   : 34.5525

