PCC-Arena Evaluator 0.6.5
Reference Point Cloud: /temp/pranav/dynamic_pc_data/redandblack/Ply/redandblack_vox10_1578.ply
Target Point Cloud: /temp/pranav/dynamic_pc_data/redandblack/experiments/3DD_4_noQuantize_OM=4/decompressed/redandblack_dec_1578.ply

========== Time & Binary Size ==========
Encoding time (s)           : -1
Decoding time (s)           : -1
Source point cloud size (kB): 15828.097
Total binary files size (kB): 8441.507
Compression ratio           : 0.5333241892566112
bpp (bits per point)        : 91.8962269671086

========== Point-based Metrics =========
Asym. Chamfer dist. (1->2) p2pt: 0.593108
Asym. Chamfer dist. (2->1) p2pt: 0.460543
Chamfer dist.              p2pt: 0.526825
CD-PSNR (dB)               p2pt: 62.8911
Hausdorff distance         p2pt: 68


----------------------------------------
Y-CPSNR (dB)                   : 34.8637
U-CPSNR (dB)                   : 40.8772
V-CPSNR (dB)                   : 34.2946

