PCC-Arena Evaluator 0.6.5
Reference Point Cloud: /temp/pranav/dynamic_pc_data/redandblack/Ply/redandblack_vox10_1685.ply
Target Point Cloud: /temp/pranav/dynamic_pc_data/redandblack/experiments/3DD_2_Quantize=2_OM=4/decompressed/redandblack_dec_1685.ply

========== Time & Binary Size ==========
Encoding time (s)           : -1
Decoding time (s)           : -1
Source point cloud size (kB): 16498.844
Total binary files size (kB): 4259.858
Compression ratio           : 0.25819130116025096
bpp (bits per point)        : 44.60741937215059

========== Point-based Metrics =========
Asym. Chamfer dist. (1->2) p2pt: 2.39913
Asym. Chamfer dist. (2->1) p2pt: 2.1075
Chamfer dist.              p2pt: 2.25332
CD-PSNR (dB)               p2pt: 56.1666
Hausdorff distance         p2pt: 762


----------------------------------------
Y-CPSNR (dB)                   : 32.6963
U-CPSNR (dB)                   : 39.7048
V-CPSNR (dB)                   : 31.1531

