PCC-Arena Evaluator 0.6.5
Reference Point Cloud: /home/p/pranav/dynamic_pc_data/redandblack/Ply/redandblack_vox10_1654.ply
Target Point Cloud: /home/p/pranav/dynamic_pc_data/redandblack/experiments/3DD_2_Quantize=2_OM=4/decompressed/redandblack_dec_1654.ply

========== Time & Binary Size ==========
Encoding time (s)           : -1
Decoding time (s)           : -1
Source point cloud size (kB): 15995.972
Total binary files size (kB): 4259.858
Compression ratio           : 0.26630816808131447
bpp (bits per point)        : 45.82032134453782

========== Point-based Metrics =========
Asym. Chamfer dist. (1->2) p2pt: 2.46827
Asym. Chamfer dist. (2->1) p2pt: 1.91347
Chamfer dist.              p2pt: 2.19087
CD-PSNR (dB)               p2pt: 56.2253
Hausdorff distance         p2pt: 187


----------------------------------------
Y-CPSNR (dB)                   : 32.9663
U-CPSNR (dB)                   : 39.4791
V-CPSNR (dB)                   : 31.3999

