PCC-Arena Evaluator 0.6.5
Reference Point Cloud: /home/p/pranav/dynamic_pc_data/redandblack/Ply/redandblack_vox10_1460.ply
Target Point Cloud: /home/p/pranav/dynamic_pc_data/redandblack/experiments/3DD_2_Quantize=2_OM=4/decompressed/redandblack_dec_1460.ply

========== Time & Binary Size ==========
Encoding time (s)           : -1
Decoding time (s)           : -1
Source point cloud size (kB): 15344.761
Total binary files size (kB): 4259.858
Compression ratio           : 0.2776099282354414
bpp (bits per point)        : 47.93331870530716

========== Point-based Metrics =========
Asym. Chamfer dist. (1->2) p2pt: 81755.1
Asym. Chamfer dist. (2->1) p2pt: 22473.7
Chamfer dist.              p2pt: 52114.4
CD-PSNR (dB)               p2pt: 12.6058
Hausdorff distance         p2pt: 311170


----------------------------------------
Y-CPSNR (dB)                   : 14.5789
U-CPSNR (dB)                   : 25.8126
V-CPSNR (dB)                   : 19.2963

