PCC-Arena Evaluator 0.6.5
Reference Point Cloud: /home/p/pranav/dynamic_pc_data/redandblack/Ply/redandblack_vox10_1649.ply
Target Point Cloud: /home/p/pranav/dynamic_pc_data/redandblack/experiments/3DD_2_Quantize=2_OM=4/decompressed/redandblack_dec_1649.ply

========== Time & Binary Size ==========
Encoding time (s)           : -1
Decoding time (s)           : -1
Source point cloud size (kB): 15978.858
Total binary files size (kB): 4259.858
Compression ratio           : 0.26659339484711614
bpp (bits per point)        : 45.876390775414926

========== Point-based Metrics =========
Asym. Chamfer dist. (1->2) p2pt: 69576.4
Asym. Chamfer dist. (2->1) p2pt: 13694.5
Chamfer dist.              p2pt: 41635.5
CD-PSNR (dB)               p2pt: 13.3752
Hausdorff distance         p2pt: 299022


----------------------------------------
Y-CPSNR (dB)                   : 15.0887
U-CPSNR (dB)                   : 25.5367
V-CPSNR (dB)                   : 18.0676

