PCC-Arena Evaluator 0.6.5
Reference Point Cloud: /home/p/pranav/dynamic_pc_data/redandblack/Ply/redandblack_vox10_1511.ply
Target Point Cloud: /home/p/pranav/dynamic_pc_data/redandblack/experiments/3DD_2_Quantize=2_OM=4/decompressed/redandblack_dec_1511.ply

========== Time & Binary Size ==========
Encoding time (s)           : -1
Decoding time (s)           : -1
Source point cloud size (kB): 14719.909
Total binary files size (kB): 4259.858
Compression ratio           : 0.2893943162284495
bpp (bits per point)        : 49.886279498368545

========== Point-based Metrics =========
Asym. Chamfer dist. (1->2) p2pt: 84739.2
Asym. Chamfer dist. (2->1) p2pt: 22929.3
Chamfer dist.              p2pt: 53834.2
CD-PSNR (dB)               p2pt: 12.4305
Hausdorff distance         p2pt: 283016


----------------------------------------
Y-CPSNR (dB)                   : 14.5853
U-CPSNR (dB)                   : 27.4212
V-CPSNR (dB)                   : 19.3836

