PCC-Arena Evaluator 0.6.5
Reference Point Cloud: /temp/pranav/dynamic_pc_data/longdress/Ply/longdress_vox10_1326.ply
Target Point Cloud: /temp/pranav/dynamic_pc_data/longdress/experiments/vanilla_rc_OM=4_GQP=30_AQP=38/decompressed/longdress_dec_1326.ply

========== Time & Binary Size ==========
Encoding time (s)           : -1
Decoding time (s)           : -1
Source point cloud size (kB): 18496.683
Total binary files size (kB): 8882.536
Compression ratio           : 0.4802231838000359
bpp (bits per point)        : 87.02716128005095

========== Point-based Metrics =========
Asym. Chamfer dist. (1->2) p2pt: 0.59788
Asym. Chamfer dist. (2->1) p2pt: 0.586379
Chamfer dist.              p2pt: 0.592129
CD-PSNR (dB)               p2pt: 62.2288
Hausdorff distance         p2pt: 100


----------------------------------------
Y-CPSNR (dB)                   : 29.4288
U-CPSNR (dB)                   : 34.1489
V-CPSNR (dB)                   : 33.6937

