PCC-Arena Evaluator 0.6.5
Reference Point Cloud: /temp/pranav/dynamic_pc_data/longdress/Ply/longdress_vox10_1276.ply
Target Point Cloud: /temp/pranav/dynamic_pc_data/longdress/experiments/vanilla_rc_OM=4_GQP=30_AQP=38/decompressed/longdress_dec_1276.ply

========== Time & Binary Size ==========
Encoding time (s)           : -1
Decoding time (s)           : -1
Source point cloud size (kB): 20095.104
Total binary files size (kB): 8882.536
Compression ratio           : 0.4420248832750505
bpp (bits per point)        : 80.00780033484693

========== Point-based Metrics =========
Asym. Chamfer dist. (1->2) p2pt: 0.579506
Asym. Chamfer dist. (2->1) p2pt: 0.5947
Chamfer dist.              p2pt: 0.587103
CD-PSNR (dB)               p2pt: 62.3903
Hausdorff distance         p2pt: 113


----------------------------------------
Y-CPSNR (dB)                   : 29.6947
U-CPSNR (dB)                   : 34.0948
V-CPSNR (dB)                   : 33.511

