PCC-Arena Evaluator 0.6.5
Reference Point Cloud: /temp/pranav/dynamic_pc_data/longdress/Ply/longdress_vox10_1346.ply
Target Point Cloud: /temp/pranav/dynamic_pc_data/longdress/experiments/vanilla_rc_OM=4_GQP=30_AQP=38/decompressed/longdress_dec_1346.ply

========== Time & Binary Size ==========
Encoding time (s)           : -1
Decoding time (s)           : -1
Source point cloud size (kB): 18910.746
Total binary files size (kB): 8882.536
Compression ratio           : 0.46970838696686
bpp (bits per point)        : 85.45686406088025

========== Point-based Metrics =========
Asym. Chamfer dist. (1->2) p2pt: 0.584205
Asym. Chamfer dist. (2->1) p2pt: 0.564026
Chamfer dist.              p2pt: 0.574115
CD-PSNR (dB)               p2pt: 62.4987
Hausdorff distance         p2pt: 85


----------------------------------------
Y-CPSNR (dB)                   : 28.7227
U-CPSNR (dB)                   : 33.4483
V-CPSNR (dB)                   : 33.0689

