PCC-Arena Evaluator 0.6.5
Reference Point Cloud: /temp/pranav/dynamic_pc_data/longdress/Ply/longdress_vox10_1203.ply
Target Point Cloud: /temp/pranav/dynamic_pc_data/longdress/experiments/vanilla_rc_OM=4_GQP=30_AQP=38/decompressed/longdress_dec_1203.ply

========== Time & Binary Size ==========
Encoding time (s)           : -1
Decoding time (s)           : -1
Source point cloud size (kB): 18284.304
Total binary files size (kB): 8882.536
Compression ratio           : 0.4858011549140728
bpp (bits per point)        : 88.53044296188322

========== Point-based Metrics =========
Asym. Chamfer dist. (1->2) p2pt: 0.568208
Asym. Chamfer dist. (2->1) p2pt: 0.555101
Chamfer dist.              p2pt: 0.561655
CD-PSNR (dB)               p2pt: 62.3991
Hausdorff distance         p2pt: 67


----------------------------------------
Y-CPSNR (dB)                   : 28.7518
U-CPSNR (dB)                   : 33.4921
V-CPSNR (dB)                   : 33.3804

