PCC-Arena Evaluator 0.6.5
Reference Point Cloud: /temp/pranav/dynamic_pc_data/longdress/Ply/longdress_vox10_1153.ply
Target Point Cloud: /temp/pranav/dynamic_pc_data/longdress/experiments/vanilla_rc_OM=4_GQP=41_AQP=47/decompressed/longdress_dec_1153.ply

========== Time & Binary Size ==========
Encoding time (s)           : -1
Decoding time (s)           : -1
Source point cloud size (kB): 19360.362
Total binary files size (kB): 3246.727
Compression ratio           : 0.16769970520179323
bpp (bits per point)        : 30.52880534369538

========== Point-based Metrics =========
Asym. Chamfer dist. (1->2) p2pt: 2.34348
Asym. Chamfer dist. (2->1) p2pt: 2.22642
Chamfer dist.              p2pt: 2.28495
CD-PSNR (dB)               p2pt: 56.4065
Hausdorff distance         p2pt: 381


----------------------------------------
Y-CPSNR (dB)                   : 25.3042
U-CPSNR (dB)                   : 31.5987
V-CPSNR (dB)                   : 30.8686

