PCC-Arena Evaluator 0.6.5
Reference Point Cloud: /temp/pranav/dynamic_pc_data/longdress/Ply/longdress_vox10_1197.ply
Target Point Cloud: /temp/pranav/dynamic_pc_data/longdress/experiments/vanilla_rc_OM=4_GQP=41_AQP=47/decompressed/longdress_dec_1197.ply

========== Time & Binary Size ==========
Encoding time (s)           : -1
Decoding time (s)           : -1
Source point cloud size (kB): 18115.774
Total binary files size (kB): 3246.727
Compression ratio           : 0.17922099271055156
bpp (bits per point)        : 32.69194539472525

========== Point-based Metrics =========
Asym. Chamfer dist. (1->2) p2pt: 2.31278
Asym. Chamfer dist. (2->1) p2pt: 2.0529
Chamfer dist.              p2pt: 2.18284
CD-PSNR (dB)               p2pt: 56.5072
Hausdorff distance         p2pt: 283


----------------------------------------
Y-CPSNR (dB)                   : 24.4559
U-CPSNR (dB)                   : 31.0791
V-CPSNR (dB)                   : 30.4901

