PCC-Arena Evaluator 0.6.5
Reference Point Cloud: /home/p/pranav/dynamic_pc_data/longdress/Ply/longdress_vox10_1271.ply
Target Point Cloud: /home/p/pranav/dynamic_pc_data/longdress/experiments/3DD_2_Quantize=2_OM=1/decompressed/longdress_dec_1271.ply

========== Time & Binary Size ==========
Encoding time (s)           : -1
Decoding time (s)           : -1
Source point cloud size (kB): 19577.256
Total binary files size (kB): 9349.06
Compression ratio           : 0.4775470065876443
bpp (bits per point)        : 86.47329232761412

========== Point-based Metrics =========
Asym. Chamfer dist. (1->2) p2pt: 54154.4
Asym. Chamfer dist. (2->1) p2pt: 9805.62
Chamfer dist.              p2pt: 31980
CD-PSNR (dB)               p2pt: 15.0792
Hausdorff distance         p2pt: 294957


----------------------------------------
Y-CPSNR (dB)                   : 15.0988
U-CPSNR (dB)                   : 20.7555
V-CPSNR (dB)                   : 18.7604

