PCC-Arena Evaluator 0.6.5
Reference Point Cloud: /temp/pranav/dynamic_pc_data/longdress/Ply/longdress_vox10_1146.ply
Target Point Cloud: /temp/pranav/dynamic_pc_data/longdress/experiments/3DD_2_Quantize=2_OM=1/decompressed/longdress_dec_1146.ply

========== Time & Binary Size ==========
Encoding time (s)           : -1
Decoding time (s)           : -1
Source point cloud size (kB): 20476.886
Total binary files size (kB): 9349.06
Compression ratio           : 0.456566491604241
bpp (bits per point)        : 83.0788473094965

========== Point-based Metrics =========
Asym. Chamfer dist. (1->2) p2pt: 2.72493
Asym. Chamfer dist. (2->1) p2pt: 1.74446
Chamfer dist.              p2pt: 2.23469
CD-PSNR (dB)               p2pt: 56.6324
Hausdorff distance         p2pt: 154


----------------------------------------
Y-CPSNR (dB)                   : 26.6989
U-CPSNR (dB)                   : 32.5473
V-CPSNR (dB)                   : 31.3832

