PCC-Arena Evaluator 0.6.5
Reference Point Cloud: /home/p/pranav/dynamic_pc_data/longdress/Ply/longdress_vox10_1128.ply
Target Point Cloud: /home/p/pranav/dynamic_pc_data/longdress/experiments/3DD_2_Quantize=2_OM=1/decompressed/longdress_dec_1128.ply

========== Time & Binary Size ==========
Encoding time (s)           : -1
Decoding time (s)           : -1
Source point cloud size (kB): 18782.711
Total binary files size (kB): 9349.06
Compression ratio           : 0.497748168515184
bpp (bits per point)        : 90.57488135071868

========== Point-based Metrics =========
Asym. Chamfer dist. (1->2) p2pt: 84715.3
Asym. Chamfer dist. (2->1) p2pt: 23858.4
Chamfer dist.              p2pt: 54286.9
CD-PSNR (dB)               p2pt: 12.7108
Hausdorff distance         p2pt: 316778


----------------------------------------
Y-CPSNR (dB)                   : 14.2726
U-CPSNR (dB)                   : 21.1862
V-CPSNR (dB)                   : 19.1928

