PCC-Arena Evaluator 0.6.5
Reference Point Cloud: /home/p/pranav/dynamic_pc_data/longdress/Ply/longdress_vox10_1340.ply
Target Point Cloud: /home/p/pranav/dynamic_pc_data/longdress/experiments/3DD_2_Quantize=2_OM=1/decompressed/longdress_dec_1340.ply

========== Time & Binary Size ==========
Encoding time (s)           : -1
Decoding time (s)           : -1
Source point cloud size (kB): 19473.908
Total binary files size (kB): 9349.06
Compression ratio           : 0.48008134782191636
bpp (bits per point)        : 87.25696259239902

========== Point-based Metrics =========
Asym. Chamfer dist. (1->2) p2pt: 61619
Asym. Chamfer dist. (2->1) p2pt: 7312.03
Chamfer dist.              p2pt: 34465.5
CD-PSNR (dB)               p2pt: 14.7386
Hausdorff distance         p2pt: 303642


----------------------------------------
Y-CPSNR (dB)                   : 14.8657
U-CPSNR (dB)                   : 21.1732
V-CPSNR (dB)                   : 19.9432

