PCC-Arena Evaluator 0.6.5
Reference Point Cloud: /home/p/pranav/dynamic_pc_data/longdress/Ply/longdress_vox10_1126.ply
Target Point Cloud: /home/p/pranav/dynamic_pc_data/longdress/experiments/3DD_2_Quantize=2_OM=1/decompressed/longdress_dec_1126.ply

========== Time & Binary Size ==========
Encoding time (s)           : -1
Decoding time (s)           : -1
Source point cloud size (kB): 18786.377
Total binary files size (kB): 9349.06
Compression ratio           : 0.49765103723831366
bpp (bits per point)        : 90.64876133223444

========== Point-based Metrics =========
Asym. Chamfer dist. (1->2) p2pt: 83066.9
Asym. Chamfer dist. (2->1) p2pt: 25645.2
Chamfer dist.              p2pt: 54356
CD-PSNR (dB)               p2pt: 12.6587
Hausdorff distance         p2pt: 315081


----------------------------------------
Y-CPSNR (dB)                   : 12.9344
U-CPSNR (dB)                   : 21.2298
V-CPSNR (dB)                   : 18.9514

