PCC-Arena Evaluator 0.6.5
Reference Point Cloud: /temp/pranav/dynamic_pc_data/longdress/Ply/longdress_vox10_1231.ply
Target Point Cloud: /temp/pranav/dynamic_pc_data/longdress/experiments/3DD_2_Quantize=2_OM=1/decompressed/longdress_dec_1231.ply

========== Time & Binary Size ==========
Encoding time (s)           : -1
Decoding time (s)           : -1
Source point cloud size (kB): 19878.596
Total binary files size (kB): 9349.06
Compression ratio           : 0.4703078627886999
bpp (bits per point)        : 85.3825649081189

========== Point-based Metrics =========
Asym. Chamfer dist. (1->2) p2pt: 2.57963
Asym. Chamfer dist. (2->1) p2pt: 1.59749
Chamfer dist.              p2pt: 2.08856
CD-PSNR (dB)               p2pt: 56.8967
Hausdorff distance         p2pt: 182


----------------------------------------
Y-CPSNR (dB)                   : 27.3128
U-CPSNR (dB)                   : 32.9755
V-CPSNR (dB)                   : 31.7469

