PCC-Arena Evaluator 0.6.5
Reference Point Cloud: /home/p/pranav/dynamic_pc_data/longdress/Ply/longdress_vox10_1269.ply
Target Point Cloud: /home/p/pranav/dynamic_pc_data/longdress/experiments/3DD_2_Quantize=2_OM=1/decompressed/longdress_dec_1269.ply

========== Time & Binary Size ==========
Encoding time (s)           : -1
Decoding time (s)           : -1
Source point cloud size (kB): 19096.64
Total binary files size (kB): 9349.06
Compression ratio           : 0.48956570370494495
bpp (bits per point)        : 88.91101585105194

========== Point-based Metrics =========
Asym. Chamfer dist. (1->2) p2pt: 55274.9
Asym. Chamfer dist. (2->1) p2pt: 11306.1
Chamfer dist.              p2pt: 33290.5
CD-PSNR (dB)               p2pt: 14.9
Hausdorff distance         p2pt: 293326


----------------------------------------
Y-CPSNR (dB)                   : 15.3058
U-CPSNR (dB)                   : 20.831
V-CPSNR (dB)                   : 19.7782

