PCC-Arena Evaluator 0.6.5
Reference Point Cloud: /home/p/pranav/dynamic_pc_data/longdress/Ply/longdress_vox10_1106.ply
Target Point Cloud: /home/p/pranav/dynamic_pc_data/longdress/experiments/3DD_2_Quantize=2_OM=1/decompressed/longdress_dec_1106.ply

========== Time & Binary Size ==========
Encoding time (s)           : -1
Decoding time (s)           : -1
Source point cloud size (kB): 19336.948
Total binary files size (kB): 9349.06
Compression ratio           : 0.4834816745641556
bpp (bits per point)        : 87.88538030111995

========== Point-based Metrics =========
Asym. Chamfer dist. (1->2) p2pt: 2.60591
Asym. Chamfer dist. (2->1) p2pt: 1.60716
Chamfer dist.              p2pt: 2.10654
CD-PSNR (dB)               p2pt: 56.7811
Hausdorff distance         p2pt: 219


----------------------------------------
Y-CPSNR (dB)                   : 26.7239
U-CPSNR (dB)                   : 32.8194
V-CPSNR (dB)                   : 31.913

