PCC-Arena Evaluator 0.6.5
Reference Point Cloud: /temp/pranav/dynamic_pc_data/longdress/Ply/longdress_vox10_1207.ply
Target Point Cloud: /temp/pranav/dynamic_pc_data/longdress/experiments/3DD_2_Quantize=2_OM=1/decompressed/longdress_dec_1207.ply

========== Time & Binary Size ==========
Encoding time (s)           : -1
Decoding time (s)           : -1
Source point cloud size (kB): 18420.834
Total binary files size (kB): 9349.06
Compression ratio           : 0.5075264236136106
bpp (bits per point)        : 92.3480240721671

========== Point-based Metrics =========
Asym. Chamfer dist. (1->2) p2pt: 2.47855
Asym. Chamfer dist. (2->1) p2pt: 1.56716
Chamfer dist.              p2pt: 2.02285
CD-PSNR (dB)               p2pt: 56.8991
Hausdorff distance         p2pt: 84


----------------------------------------
Y-CPSNR (dB)                   : 26.6614
U-CPSNR (dB)                   : 32.5278
V-CPSNR (dB)                   : 31.6119

