PCC-Arena Evaluator 0.6.5
Reference Point Cloud: /temp/pranav/dynamic_pc_data/loot/Ply/loot_vox10_1237.ply
Target Point Cloud: /temp/pranav/dynamic_pc_data/loot/experiments/2DD_lodX=2_lodY=1_OM=4_r1/decompressed/loot_dec_1237.ply

========== Time & Binary Size ==========
Encoding time (s)           : -1
Decoding time (s)           : -1
Source point cloud size (kB): 17456.731
Total binary files size (kB): 2452.366
Compression ratio           : 0.14048254509965238
bpp (bits per point)        : 24.465340744001487

========== Point-based Metrics =========
Asym. Chamfer dist. (1->2) p2pt: 1.18604
Asym. Chamfer dist. (2->1) p2pt: 0.91039
Chamfer dist.              p2pt: 1.04821
CD-PSNR (dB)               p2pt: 59.8222
Hausdorff distance         p2pt: 101


----------------------------------------
Y-CPSNR (dB)                   : 31.809
U-CPSNR (dB)                   : 43.086
V-CPSNR (dB)                   : 42.8043

