PCC-Arena Evaluator 0.6.5
Reference Point Cloud: /home/p/pranav/dynamic_pc_data/longdress/Ply/longdress_vox10_1169.ply
Target Point Cloud: /home/p/pranav/dynamic_pc_data/longdress/experiments/3DD_2_Quantize=2_OM=4/decompressed/longdress_dec_1169.ply

========== Time & Binary Size ==========
Encoding time (s)           : -1
Decoding time (s)           : -1
Source point cloud size (kB): 18324.168
Total binary files size (kB): 8393.874
Compression ratio           : 0.4580766777514809
bpp (bits per point)        : 83.46165232986938

========== Point-based Metrics =========
Asym. Chamfer dist. (1->2) p2pt: 70009
Asym. Chamfer dist. (2->1) p2pt: 17555.8
Chamfer dist.              p2pt: 43782.4
CD-PSNR (dB)               p2pt: 13.7058
Hausdorff distance         p2pt: 295620


----------------------------------------
Y-CPSNR (dB)                   : 15.0092
U-CPSNR (dB)                   : 21.1445
V-CPSNR (dB)                   : 19.8931

