PCC-Arena Evaluator 0.6.5
Reference Point Cloud: /home/p/pranav/dynamic_pc_data/longdress/Ply/longdress_vox10_1223.ply
Target Point Cloud: /home/p/pranav/dynamic_pc_data/longdress/experiments/3DD_2_Quantize=2_OM=4/decompressed/longdress_dec_1223.ply

========== Time & Binary Size ==========
Encoding time (s)           : -1
Decoding time (s)           : -1
Source point cloud size (kB): 19900.696
Total binary files size (kB): 8393.874
Compression ratio           : 0.42178796158687115
bpp (bits per point)        : 76.7288204732093

========== Point-based Metrics =========
Asym. Chamfer dist. (1->2) p2pt: 66600.3
Asym. Chamfer dist. (2->1) p2pt: 17039.9
Chamfer dist.              p2pt: 41820.1
CD-PSNR (dB)               p2pt: 13.9245
Hausdorff distance         p2pt: 293444


----------------------------------------
Y-CPSNR (dB)                   : 15.3115
U-CPSNR (dB)                   : 21.2712
V-CPSNR (dB)                   : 20.2595

