PCC-Arena Evaluator 0.6.5
Reference Point Cloud: /home/p/pranav/dynamic_pc_data/longdress/Ply/longdress_vox10_1148.ply
Target Point Cloud: /home/p/pranav/dynamic_pc_data/longdress/experiments/3DD_2_Quantize=2_OM=4/decompressed/longdress_dec_1148.ply

========== Time & Binary Size ==========
Encoding time (s)           : -1
Decoding time (s)           : -1
Source point cloud size (kB): 20302.6
Total binary files size (kB): 8393.874
Compression ratio           : 0.41343837735068417
bpp (bits per point)        : 75.20853343846319

========== Point-based Metrics =========
Asym. Chamfer dist. (1->2) p2pt: 77856.3
Asym. Chamfer dist. (2->1) p2pt: 17211.7
Chamfer dist.              p2pt: 47534
CD-PSNR (dB)               p2pt: 13.3325
Hausdorff distance         p2pt: 296630


----------------------------------------
Y-CPSNR (dB)                   : 14.7051
U-CPSNR (dB)                   : 19.6907
V-CPSNR (dB)                   : 18.9855

