PCC-Arena Evaluator 0.6.5
Reference Point Cloud: /home/p/pranav/dynamic_pc_data/longdress/Ply/longdress_vox10_1115.ply
Target Point Cloud: /home/p/pranav/dynamic_pc_data/longdress/experiments/3DD_2_Quantize=2_OM=4/decompressed/longdress_dec_1115.ply

========== Time & Binary Size ==========
Encoding time (s)           : -1
Decoding time (s)           : -1
Source point cloud size (kB): 18856.165
Total binary files size (kB): 8393.874
Compression ratio           : 0.4451527656869782
bpp (bits per point)        : 80.98628379152521

========== Point-based Metrics =========
Asym. Chamfer dist. (1->2) p2pt: 83711.5
Asym. Chamfer dist. (2->1) p2pt: 20395.6
Chamfer dist.              p2pt: 52053.6
CD-PSNR (dB)               p2pt: 12.7685
Hausdorff distance         p2pt: 324337


----------------------------------------
Y-CPSNR (dB)                   : 14.6765
U-CPSNR (dB)                   : 18.2229
V-CPSNR (dB)                   : 17.6448

