PCC-Arena Evaluator 0.6.5
Reference Point Cloud: /temp/pranav/dynamic_pc_data/loot/Ply/loot_vox10_1045.ply
Target Point Cloud: /temp/pranav/dynamic_pc_data/loot/experiments/2DD_lodX=1_lodY=2_OM=4_r1/decompressed/loot_dec_1045.ply

========== Time & Binary Size ==========
Encoding time (s)           : -1
Decoding time (s)           : -1
Source point cloud size (kB): 17210.097
Total binary files size (kB): 2461.386
Compression ratio           : 0.14301987955094034
bpp (bits per point)        : 24.93436003023868

========== Point-based Metrics =========
Asym. Chamfer dist. (1->2) p2pt: 1.0689
Asym. Chamfer dist. (2->1) p2pt: 0.782036
Chamfer dist.              p2pt: 0.925469
CD-PSNR (dB)               p2pt: 60.1388
Hausdorff distance         p2pt: 77


----------------------------------------
Y-CPSNR (dB)                   : 31.9143
U-CPSNR (dB)                   : 43.0944
V-CPSNR (dB)                   : 42.7125

