PCC-Arena Evaluator 0.6.5
Reference Point Cloud: /temp/pranav/dynamic_pc_data/loot/Ply/loot_vox10_1085.ply
Target Point Cloud: /temp/pranav/dynamic_pc_data/loot/experiments/2DD_lodX=1_lodY=2_OM=4_r1/decompressed/loot_dec_1085.ply

========== Time & Binary Size ==========
Encoding time (s)           : -1
Decoding time (s)           : -1
Source point cloud size (kB): 16477.856
Total binary files size (kB): 2418.55
Compression ratio           : 0.1467757698574378
bpp (bits per point)        : 24.858449295490548

========== Point-based Metrics =========
Asym. Chamfer dist. (1->2) p2pt: 1.11005
Asym. Chamfer dist. (2->1) p2pt: 0.776938
Chamfer dist.              p2pt: 0.943493
CD-PSNR (dB)               p2pt: 60.5586
Hausdorff distance         p2pt: 99


----------------------------------------
Y-CPSNR (dB)                   : 31.4701
U-CPSNR (dB)                   : 43.4758
V-CPSNR (dB)                   : 43.0711

