PCC-Arena Evaluator 0.6.5
Reference Point Cloud: /temp/pranav/dynamic_pc_data/loot/Ply/loot_vox10_1014.ply
Target Point Cloud: /temp/pranav/dynamic_pc_data/loot/experiments/2DD_lodX=1_lodY=2_OM=4_r1/decompressed/loot_dec_1014.ply

========== Time & Binary Size ==========
Encoding time (s)           : -1
Decoding time (s)           : -1
Source point cloud size (kB): 17030.175
Total binary files size (kB): 2418.55
Compression ratio           : 0.14201556942309754
bpp (bits per point)        : 24.66416987688566

========== Point-based Metrics =========
Asym. Chamfer dist. (1->2) p2pt: 1.10861
Asym. Chamfer dist. (2->1) p2pt: 0.756571
Chamfer dist.              p2pt: 0.932588
CD-PSNR (dB)               p2pt: 60.377
Hausdorff distance         p2pt: 51


----------------------------------------
Y-CPSNR (dB)                   : 31.5202
U-CPSNR (dB)                   : 43.4799
V-CPSNR (dB)                   : 42.6289

