PCC-Arena Evaluator 0.6.5
Reference Point Cloud: /temp/pranav/dynamic_pc_data/loot/Ply/loot_vox10_1243.ply
Target Point Cloud: /temp/pranav/dynamic_pc_data/loot/experiments/2DD_lodX=1_lodY=2_OM=4_r1/decompressed/loot_dec_1243.ply

========== Time & Binary Size ==========
Encoding time (s)           : -1
Decoding time (s)           : -1
Source point cloud size (kB): 17507.233
Total binary files size (kB): 2418.55
Compression ratio           : 0.1381457595269338
bpp (bits per point)        : 24.062031699840194

========== Point-based Metrics =========
Asym. Chamfer dist. (1->2) p2pt: 1.15732
Asym. Chamfer dist. (2->1) p2pt: 0.834318
Chamfer dist.              p2pt: 0.995818
CD-PSNR (dB)               p2pt: 60.1414
Hausdorff distance         p2pt: 1443


----------------------------------------
Y-CPSNR (dB)                   : 31.1049
U-CPSNR (dB)                   : 43.3703
V-CPSNR (dB)                   : 42.8987

