PCC-Arena Evaluator 0.6.5
Reference Point Cloud: /temp/pranav/dynamic_pc_data/redandblack/Ply/redandblack_vox10_1695.ply
Target Point Cloud: /temp/pranav/dynamic_pc_data/redandblack/experiments/2DD_INT_lodX=1_lodY=2_OM=4_r1/decompressed/redandblack_dec_1695.ply

========== Time & Binary Size ==========
Encoding time (s)           : -1
Decoding time (s)           : -1
Source point cloud size (kB): 16517.621
Total binary files size (kB): 3659.718
Compression ratio           : 0.22156447347956465
bpp (bits per point)        : 38.215960308727304

========== Point-based Metrics =========
Asym. Chamfer dist. (1->2) p2pt: 0.892672
Asym. Chamfer dist. (2->1) p2pt: 0.926521
Chamfer dist.              p2pt: 0.909597
CD-PSNR (dB)               p2pt: 60.1853
Hausdorff distance         p2pt: 145


----------------------------------------
Y-CPSNR (dB)                   : 32.1552
U-CPSNR (dB)                   : 39.2177
V-CPSNR (dB)                   : 30.9872

