PCC-Arena Evaluator 0.6.5
Reference Point Cloud: /temp/pranav/dynamic_pc_data/redandblack/Ply/redandblack_vox10_1672.ply
Target Point Cloud: /temp/pranav/dynamic_pc_data/redandblack/experiments/2DD_INT_lodX=1_lodY=2_OM=4_r1/decompressed/redandblack_dec_1672.ply

========== Time & Binary Size ==========
Encoding time (s)           : -1
Decoding time (s)           : -1
Source point cloud size (kB): 16412.623
Total binary files size (kB): 3659.718
Compression ratio           : 0.22298190849811148
bpp (bits per point)        : 38.436914884818215

========== Point-based Metrics =========
Asym. Chamfer dist. (1->2) p2pt: 0.981335
Asym. Chamfer dist. (2->1) p2pt: 1.10204
Chamfer dist.              p2pt: 1.04169
CD-PSNR (dB)               p2pt: 59.7279
Hausdorff distance         p2pt: 276


----------------------------------------
Y-CPSNR (dB)                   : 32.0191
U-CPSNR (dB)                   : 39.0534
V-CPSNR (dB)                   : 31.2219

