PCC-Arena Evaluator 0.6.5
Reference Point Cloud: /temp/pranav/dynamic_pc_data/redandblack/Ply/redandblack_vox10_1715.ply
Target Point Cloud: /temp/pranav/dynamic_pc_data/redandblack/experiments/2DD_INT_lodX=1_lodY=2_OM=4_r1/decompressed/redandblack_dec_1715.ply

========== Time & Binary Size ==========
Encoding time (s)           : -1
Decoding time (s)           : -1
Source point cloud size (kB): 14952.321
Total binary files size (kB): 3712.495
Compression ratio           : 0.2482888776933026
bpp (bits per point)        : 42.85881680645105

========== Point-based Metrics =========
Asym. Chamfer dist. (1->2) p2pt: 1.05652
Asym. Chamfer dist. (2->1) p2pt: 1.05946
Chamfer dist.              p2pt: 1.05799
CD-PSNR (dB)               p2pt: 59.9945
Hausdorff distance         p2pt: 299


----------------------------------------
Y-CPSNR (dB)                   : 31.4387
U-CPSNR (dB)                   : 38.5155
V-CPSNR (dB)                   : 30.9183

