PCC-Arena Evaluator 0.6.5
Reference Point Cloud: /temp/pranav/dynamic_pc_data/redandblack/Ply/redandblack_vox10_1488.ply
Target Point Cloud: /temp/pranav/dynamic_pc_data/redandblack/experiments/2DD_INT_lodX=1_lodY=2_OM=4_r1/decompressed/redandblack_dec_1488.ply

========== Time & Binary Size ==========
Encoding time (s)           : -1
Decoding time (s)           : -1
Source point cloud size (kB): 16130.424
Total binary files size (kB): 3659.718
Compression ratio           : 0.22688293872498327
bpp (bits per point)        : 39.025024325873396

========== Point-based Metrics =========
Asym. Chamfer dist. (1->2) p2pt: 0.965664
Asym. Chamfer dist. (2->1) p2pt: 1.04899
Chamfer dist.              p2pt: 1.00733
CD-PSNR (dB)               p2pt: 59.7285
Hausdorff distance         p2pt: 182


----------------------------------------
Y-CPSNR (dB)                   : 31.4622
U-CPSNR (dB)                   : 38.246
V-CPSNR (dB)                   : 30.4492

