PCC-Arena Evaluator 0.6.5
Reference Point Cloud: /temp/pranav/dynamic_pc_data/redandblack/Ply/redandblack_vox10_1578.ply
Target Point Cloud: /temp/pranav/dynamic_pc_data/redandblack/experiments/2DD_INT_lodX=1_lodY=2_OM=4_r1/decompressed/redandblack_dec_1578.ply

========== Time & Binary Size ==========
Encoding time (s)           : -1
Decoding time (s)           : -1
Source point cloud size (kB): 15828.097
Total binary files size (kB): 3659.718
Compression ratio           : 0.23121655117478745
bpp (bits per point)        : 39.84054931940621

========== Point-based Metrics =========
Asym. Chamfer dist. (1->2) p2pt: 0.963217
Asym. Chamfer dist. (2->1) p2pt: 0.989998
Chamfer dist.              p2pt: 0.976608
CD-PSNR (dB)               p2pt: 60.2105
Hausdorff distance         p2pt: 1233


----------------------------------------
Y-CPSNR (dB)                   : 31.5002
U-CPSNR (dB)                   : 38.9585
V-CPSNR (dB)                   : 30.828

