PCC-Arena Evaluator 0.6.5
Reference Point Cloud: /temp/pranav/dynamic_pc_data/loot/Ply/loot_vox10_1199.ply
Target Point Cloud: /temp/pranav/dynamic_pc_data/loot/experiments/vanilla_rc_OM=4_GQP=40_AQP=52/decompressed/loot_dec_1199.ply

========== Time & Binary Size ==========
Encoding time (s)           : -1
Decoding time (s)           : -1
Source point cloud size (kB): 17485.648
Total binary files size (kB): 1711.095
Compression ratio           : 0.09785711115767629
bpp (bits per point)        : 17.060238441233434

========== Point-based Metrics =========
Asym. Chamfer dist. (1->2) p2pt: 2.02731
Asym. Chamfer dist. (2->1) p2pt: 1.77423
Chamfer dist.              p2pt: 1.90077
CD-PSNR (dB)               p2pt: 57.2874
Hausdorff distance         p2pt: 222


----------------------------------------
Y-CPSNR (dB)                   : 29.3009
U-CPSNR (dB)                   : 40.2404
V-CPSNR (dB)                   : 39.6138

