PCC-Arena Evaluator 0.6.5
Reference Point Cloud: /home/p/pranav/dynamic_pc_data/loot/Ply/loot_vox10_1129.ply
Target Point Cloud: /home/p/pranav/dynamic_pc_data/loot/experiments/vanilla_rc_OM=4_GQP=40_AQP=52/decompressed/loot_dec_1129.ply

========== Time & Binary Size ==========
Encoding time (s)           : -1
Decoding time (s)           : -1
Source point cloud size (kB): 16640.096
Total binary files size (kB): 1711.095
Compression ratio           : 0.1028296351174897
bpp (bits per point)        : 17.47856798106168

========== Point-based Metrics =========
Asym. Chamfer dist. (1->2) p2pt: 2.02148
Asym. Chamfer dist. (2->1) p2pt: 1.82542
Chamfer dist.              p2pt: 1.92345
CD-PSNR (dB)               p2pt: 57.4514
Hausdorff distance         p2pt: 229


----------------------------------------
Y-CPSNR (dB)                   : 29.2533
U-CPSNR (dB)                   : 39.7557
V-CPSNR (dB)                   : 39.2971

