PCC-Arena Evaluator 0.6.5
Reference Point Cloud: /temp/pranav/dynamic_pc_data/loot/Ply/loot_vox10_1064.ply
Target Point Cloud: /temp/pranav/dynamic_pc_data/loot/experiments/vanilla_rc_OM=4_GQP=40_AQP=52/decompressed/loot_dec_1064.ply

========== Time & Binary Size ==========
Encoding time (s)           : -1
Decoding time (s)           : -1
Source point cloud size (kB): 16680.175
Total binary files size (kB): 1708.646
Compression ratio           : 0.10243573583610484
bpp (bits per point)        : 17.401713797585508

========== Point-based Metrics =========
Asym. Chamfer dist. (1->2) p2pt: 1.98576
Asym. Chamfer dist. (2->1) p2pt: 1.78397
Chamfer dist.              p2pt: 1.88487
CD-PSNR (dB)               p2pt: 57.5176
Hausdorff distance         p2pt: 250


----------------------------------------
Y-CPSNR (dB)                   : 30.1259
U-CPSNR (dB)                   : 40.1908
V-CPSNR (dB)                   : 38.6058

