PCC-Arena Evaluator 0.6.5
Reference Point Cloud: /home/p/pranav/dynamic_pc_data/loot/Ply/loot_vox10_1239.ply
Target Point Cloud: /home/p/pranav/dynamic_pc_data/loot/experiments/vanilla_rc_OM=4_GQP=40_AQP=52/decompressed/loot_dec_1239.ply

========== Time & Binary Size ==========
Encoding time (s)           : -1
Decoding time (s)           : -1
Source point cloud size (kB): 17410.898
Total binary files size (kB): 1711.095
Compression ratio           : 0.0982772399218007
bpp (bits per point)        : 17.11906015474831

========== Point-based Metrics =========
Asym. Chamfer dist. (1->2) p2pt: 1.97783
Asym. Chamfer dist. (2->1) p2pt: 1.80623
Chamfer dist.              p2pt: 1.89203
CD-PSNR (dB)               p2pt: 57.3485
Hausdorff distance         p2pt: 270


----------------------------------------
Y-CPSNR (dB)                   : 29.1602
U-CPSNR (dB)                   : 39.9095
V-CPSNR (dB)                   : 39.3078

