PCC-Arena Evaluator 0.6.5
Reference Point Cloud: /temp/pranav/dynamic_pc_data/loot/Ply/loot_vox10_1017.ply
Target Point Cloud: /temp/pranav/dynamic_pc_data/loot/experiments/vanilla_rc_OM=4_GQP=40_AQP=52/decompressed/loot_dec_1017.ply

========== Time & Binary Size ==========
Encoding time (s)           : -1
Decoding time (s)           : -1
Source point cloud size (kB): 16985.919
Total binary files size (kB): 1708.646
Compression ratio           : 0.10059190792090789
bpp (bits per point)        : 17.488409225537445

========== Point-based Metrics =========
Asym. Chamfer dist. (1->2) p2pt: 1.94582
Asym. Chamfer dist. (2->1) p2pt: 1.73687
Chamfer dist.              p2pt: 1.84135
CD-PSNR (dB)               p2pt: 57.487
Hausdorff distance         p2pt: 181


----------------------------------------
Y-CPSNR (dB)                   : 29.6661
U-CPSNR (dB)                   : 39.8382
V-CPSNR (dB)                   : 39.5861

