PCC-Arena Evaluator 0.6.5
Reference Point Cloud: /temp/pranav/dynamic_pc_data/loot/Ply/loot_vox10_1094.ply
Target Point Cloud: /temp/pranav/dynamic_pc_data/loot/experiments/vanilla_rc_OM=4_GQP=40_AQP=52/decompressed/loot_dec_1094.ply

========== Time & Binary Size ==========
Encoding time (s)           : -1
Decoding time (s)           : -1
Source point cloud size (kB): 16488.3
Total binary files size (kB): 1711.095
Compression ratio           : 0.10377631411364423
bpp (bits per point)        : 17.575401966209544

========== Point-based Metrics =========
Asym. Chamfer dist. (1->2) p2pt: 1.91518
Asym. Chamfer dist. (2->1) p2pt: 1.7289
Chamfer dist.              p2pt: 1.82204
CD-PSNR (dB)               p2pt: 57.6533
Hausdorff distance         p2pt: 219


----------------------------------------
Y-CPSNR (dB)                   : 30.3056
U-CPSNR (dB)                   : 40.1359
V-CPSNR (dB)                   : 38.7297

