PCC-Arena Evaluator 0.6.5
Reference Point Cloud: /home/p/pranav/dynamic_pc_data/loot/Ply/loot_vox10_1262.ply
Target Point Cloud: /home/p/pranav/dynamic_pc_data/loot/experiments/vanilla_rc_OM=4_GQP=40_AQP=52/decompressed/loot_dec_1262.ply

========== Time & Binary Size ==========
Encoding time (s)           : -1
Decoding time (s)           : -1
Source point cloud size (kB): 17469.131
Total binary files size (kB): 1711.095
Compression ratio           : 0.09794963470134833
bpp (bits per point)        : 17.08890531214733

========== Point-based Metrics =========
Asym. Chamfer dist. (1->2) p2pt: 2.01788
Asym. Chamfer dist. (2->1) p2pt: 1.8641
Chamfer dist.              p2pt: 1.94099
CD-PSNR (dB)               p2pt: 57.1687
Hausdorff distance         p2pt: 429


----------------------------------------
Y-CPSNR (dB)                   : 29.475
U-CPSNR (dB)                   : 39.0826
V-CPSNR (dB)                   : 39.2788

