PCC-Arena Evaluator 0.6.5
Reference Point Cloud: /temp/pranav/dynamic_pc_data/longdress/Ply/longdress_vox10_1221.ply
Target Point Cloud: /temp/pranav/dynamic_pc_data/longdress/experiments/2DD_lodX=1_lodY=2_OM=1/decompressed/longdress_dec_1221.ply

========== Time & Binary Size ==========
Encoding time (s)           : -1
Decoding time (s)           : -1
Source point cloud size (kB): 19591.424
Total binary files size (kB): 16586.378
Compression ratio           : 0.8466142124227418
bpp (bits per point)        : 153.9551562222627

========== Point-based Metrics =========
Asym. Chamfer dist. (1->2) p2pt: 0.692857
Asym. Chamfer dist. (2->1) p2pt: 0.346766
Chamfer dist.              p2pt: 0.519811
CD-PSNR (dB)               p2pt: 62.9805
Hausdorff distance         p2pt: 62


----------------------------------------
Y-CPSNR (dB)                   : 31.2114
U-CPSNR (dB)                   : 34.6873
V-CPSNR (dB)                   : 34.0542

