PCC-Arena Evaluator 0.6.5
Reference Point Cloud: /home/p/pranav/dynamic_pc_data/longdress/Ply/longdress_vox10_1305.ply
Target Point Cloud: /home/p/pranav/dynamic_pc_data/longdress/experiments/2DD_lodX=1_lodY=2_OM=1/decompressed/longdress_dec_1305.ply

========== Time & Binary Size ==========
Encoding time (s)           : -1
Decoding time (s)           : -1
Source point cloud size (kB): 19173.75
Total binary files size (kB): 16586.378
Compression ratio           : 0.865056548666797
bpp (bits per point)        : 156.50460876508686

========== Point-based Metrics =========
Asym. Chamfer dist. (1->2) p2pt: 0.75341
Asym. Chamfer dist. (2->1) p2pt: 0.355652
Chamfer dist.              p2pt: 0.554531
CD-PSNR (dB)               p2pt: 62.6325
Hausdorff distance         p2pt: 82


----------------------------------------
Y-CPSNR (dB)                   : 29.7573
U-CPSNR (dB)                   : 34.2917
V-CPSNR (dB)                   : 33.3869

