PCC-Arena Evaluator 0.6.5
Reference Point Cloud: /temp/pranav/dynamic_pc_data/longdress/Ply/longdress_vox10_1101.ply
Target Point Cloud: /temp/pranav/dynamic_pc_data/longdress/experiments/2DD_lodX=1_lodY=2_OM=1/decompressed/longdress_dec_1101.ply

========== Time & Binary Size ==========
Encoding time (s)           : -1
Decoding time (s)           : -1
Source point cloud size (kB): 19060.618
Total binary files size (kB): 16586.378
Compression ratio           : 0.8701909875115278
bpp (bits per point)        : 158.337031296053

========== Point-based Metrics =========
Asym. Chamfer dist. (1->2) p2pt: 0.754812
Asym. Chamfer dist. (2->1) p2pt: 0.360636
Chamfer dist.              p2pt: 0.557724
CD-PSNR (dB)               p2pt: 62.5982
Hausdorff distance         p2pt: 77


----------------------------------------
Y-CPSNR (dB)                   : 30.0404
U-CPSNR (dB)                   : 34.3714
V-CPSNR (dB)                   : 33.5726

