PCC-Arena Evaluator 0.6.5
Reference Point Cloud: /home/p/pranav/dynamic_pc_data/longdress/Ply/longdress_vox10_1166.ply
Target Point Cloud: /home/p/pranav/dynamic_pc_data/longdress/experiments/2DD_lodX=1_lodY=2_OM=1/decompressed/longdress_dec_1166.ply

========== Time & Binary Size ==========
Encoding time (s)           : -1
Decoding time (s)           : -1
Source point cloud size (kB): 18491.866
Total binary files size (kB): 16586.378
Compression ratio           : 0.8969553424192019
bpp (bits per point)        : 163.6288149241547

========== Point-based Metrics =========
Asym. Chamfer dist. (1->2) p2pt: 0.727064
Asym. Chamfer dist. (2->1) p2pt: 0.344377
Chamfer dist.              p2pt: 0.535721
CD-PSNR (dB)               p2pt: 62.7717
Hausdorff distance         p2pt: 54


----------------------------------------
Y-CPSNR (dB)                   : 30.049
U-CPSNR (dB)                   : 34.2208
V-CPSNR (dB)                   : 33.7235

