PCC-Arena Evaluator 0.6.5
Reference Point Cloud: /home/p/pranav/dynamic_pc_data/longdress/Ply/longdress_vox10_1145.ply
Target Point Cloud: /home/p/pranav/dynamic_pc_data/longdress/experiments/2DD_lodX=1_lodY=2_OM=1/decompressed/longdress_dec_1145.ply

========== Time & Binary Size ==========
Encoding time (s)           : -1
Decoding time (s)           : -1
Source point cloud size (kB): 20536.733
Total binary files size (kB): 16586.378
Compression ratio           : 0.8076444291309626
bpp (bits per point)        : 146.96190693481185

========== Point-based Metrics =========
Asym. Chamfer dist. (1->2) p2pt: 0.703214
Asym. Chamfer dist. (2->1) p2pt: 0.35415
Chamfer dist.              p2pt: 0.528682
CD-PSNR (dB)               p2pt: 62.8612
Hausdorff distance         p2pt: 74


----------------------------------------
Y-CPSNR (dB)                   : 30.6147
U-CPSNR (dB)                   : 34.5424
V-CPSNR (dB)                   : 34.0189

