PCC-Arena Evaluator 0.6.5
Reference Point Cloud: /temp/pranav/dynamic_pc_data/longdress/Ply/longdress_vox10_1261.ply
Target Point Cloud: /temp/pranav/dynamic_pc_data/longdress/experiments/2DD_lodX=1_lodY=2_OM=1/decompressed/longdress_dec_1261.ply

========== Time & Binary Size ==========
Encoding time (s)           : -1
Decoding time (s)           : -1
Source point cloud size (kB): 17974.487
Total binary files size (kB): 16586.378
Compression ratio           : 0.9227733731705389
bpp (bits per point)        : 168.75518922335567

========== Point-based Metrics =========
Asym. Chamfer dist. (1->2) p2pt: 0.680489
Asym. Chamfer dist. (2->1) p2pt: 0.334353
Chamfer dist.              p2pt: 0.507421
CD-PSNR (dB)               p2pt: 62.9319
Hausdorff distance         p2pt: 49


----------------------------------------
Y-CPSNR (dB)                   : 30.7981
U-CPSNR (dB)                   : 34.7928
V-CPSNR (dB)                   : 34.3175

