PCC-Arena Evaluator 0.6.5
Reference Point Cloud: /temp/pranav/dynamic_pc_data/longdress/Ply/longdress_vox10_1085.ply
Target Point Cloud: /temp/pranav/dynamic_pc_data/longdress/experiments/2DD_lodX=1_lodY=2_OM=1/decompressed/longdress_dec_1085.ply

========== Time & Binary Size ==========
Encoding time (s)           : -1
Decoding time (s)           : -1
Source point cloud size (kB): 18892.931
Total binary files size (kB): 16586.378
Compression ratio           : 0.8779144961679054
bpp (bits per point)        : 159.85464410961447

========== Point-based Metrics =========
Asym. Chamfer dist. (1->2) p2pt: 0.791839
Asym. Chamfer dist. (2->1) p2pt: 0.365441
Chamfer dist.              p2pt: 0.57864
CD-PSNR (dB)               p2pt: 62.3083
Hausdorff distance         p2pt: 53


----------------------------------------
Y-CPSNR (dB)                   : 30.3476
U-CPSNR (dB)                   : 34.5147
V-CPSNR (dB)                   : 33.7448

