PCC-Arena Evaluator 0.6.5
Reference Point Cloud: /home/p/pranav/dynamic_pc_data/loot/Ply/loot_vox10_1082.ply
Target Point Cloud: /home/p/pranav/dynamic_pc_data/loot/experiments/2DD_lodX=2_lodY=1_OM=4/decompressed/loot_dec_1082.ply

========== Time & Binary Size ==========
Encoding time (s)           : -1
Decoding time (s)           : -1
Source point cloud size (kB): 16577.535
Total binary files size (kB): 6033.122
Compression ratio           : 0.3639336005021253
bpp (bits per point)        : 61.661804667468125

========== Point-based Metrics =========
Asym. Chamfer dist. (1->2) p2pt: 0.652577
Asym. Chamfer dist. (2->1) p2pt: 0.430462
Chamfer dist.              p2pt: 0.541519
CD-PSNR (dB)               p2pt: 62.969
Hausdorff distance         p2pt: 117


----------------------------------------
Y-CPSNR (dB)                   : 35.6359
U-CPSNR (dB)                   : 45.9718
V-CPSNR (dB)                   : 45.7354

