PCC-Arena Evaluator 0.6.5
Reference Point Cloud: /temp/pranav/dynamic_pc_data/loot/Ply/loot_vox10_1282.ply
Target Point Cloud: /temp/pranav/dynamic_pc_data/loot/experiments/2DD_lodX=2_lodY=1_OM=4/decompressed/loot_dec_1282.ply

========== Time & Binary Size ==========
Encoding time (s)           : -1
Decoding time (s)           : -1
Source point cloud size (kB): 17693.986
Total binary files size (kB): 6033.122
Compression ratio           : 0.3409702030961254
bpp (bits per point)        : 59.34833734809388

========== Point-based Metrics =========
Asym. Chamfer dist. (1->2) p2pt: 0.674022
Asym. Chamfer dist. (2->1) p2pt: 0.476303
Chamfer dist.              p2pt: 0.575163
CD-PSNR (dB)               p2pt: 62.3704
Hausdorff distance         p2pt: 266


----------------------------------------
Y-CPSNR (dB)                   : 35.958
U-CPSNR (dB)                   : 46.0317
V-CPSNR (dB)                   : 46.0157

