PCC-Arena Evaluator 0.6.5
Reference Point Cloud: /home/p/pranav/dynamic_pc_data/loot/Ply/loot_vox10_1206.ply
Target Point Cloud: /home/p/pranav/dynamic_pc_data/loot/experiments/2DD_lodX=2_lodY=1_OM=4/decompressed/loot_dec_1206.ply

========== Time & Binary Size ==========
Encoding time (s)           : -1
Decoding time (s)           : -1
Source point cloud size (kB): 17397.968
Total binary files size (kB): 6033.122
Compression ratio           : 0.3467716459761278
bpp (bits per point)        : 60.37453873153988

========== Point-based Metrics =========
Asym. Chamfer dist. (1->2) p2pt: 0.642418
Asym. Chamfer dist. (2->1) p2pt: 0.469562
Chamfer dist.              p2pt: 0.55599
CD-PSNR (dB)               p2pt: 62.5424
Hausdorff distance         p2pt: 65


----------------------------------------
Y-CPSNR (dB)                   : 36.0281
U-CPSNR (dB)                   : 46.1793
V-CPSNR (dB)                   : 45.7801

