PCC-Arena Evaluator 0.6.5
Reference Point Cloud: /temp/pranav/dynamic_pc_data/loot/Ply/loot_vox10_1068.ply
Target Point Cloud: /temp/pranav/dynamic_pc_data/loot/experiments/2DD_lodX=2_lodY=1_OM=4/decompressed/loot_dec_1068.ply

========== Time & Binary Size ==========
Encoding time (s)           : -1
Decoding time (s)           : -1
Source point cloud size (kB): 16499.618
Total binary files size (kB): 6033.122
Compression ratio           : 0.3656522229787381
bpp (bits per point)        : 62.02456824376509

========== Point-based Metrics =========
Asym. Chamfer dist. (1->2) p2pt: 0.648132
Asym. Chamfer dist. (2->1) p2pt: 0.435159
Chamfer dist.              p2pt: 0.541646
CD-PSNR (dB)               p2pt: 62.9596
Hausdorff distance         p2pt: 70


----------------------------------------
Y-CPSNR (dB)                   : 36.1098
U-CPSNR (dB)                   : 46.3305
V-CPSNR (dB)                   : 45.8963

