PCC-Arena Evaluator 0.6.5
Reference Point Cloud: /home/p/pranav/dynamic_pc_data/loot/Ply/loot_vox10_1114.ply
Target Point Cloud: /home/p/pranav/dynamic_pc_data/loot/experiments/2DD_lodX=2_lodY=1_OM=4/decompressed/loot_dec_1114.ply

========== Time & Binary Size ==========
Encoding time (s)           : -1
Decoding time (s)           : -1
Source point cloud size (kB): 16632.911
Total binary files size (kB): 6033.122
Compression ratio           : 0.3627219552849168
bpp (bits per point)        : 61.42832997332356

========== Point-based Metrics =========
Asym. Chamfer dist. (1->2) p2pt: 0.643662
Asym. Chamfer dist. (2->1) p2pt: 0.450567
Chamfer dist.              p2pt: 0.547115
CD-PSNR (dB)               p2pt: 62.9183
Hausdorff distance         p2pt: 45


----------------------------------------
Y-CPSNR (dB)                   : 35.8808
U-CPSNR (dB)                   : 45.912
V-CPSNR (dB)                   : 45.8259

