PCC-Arena Evaluator 0.6.5
Reference Point Cloud: /temp/pranav/dynamic_pc_data/loot/Ply/loot_vox10_1258.ply
Target Point Cloud: /temp/pranav/dynamic_pc_data/loot/experiments/2DD_lodX=2_lodY=1_OM=4/decompressed/loot_dec_1258.ply

========== Time & Binary Size ==========
Encoding time (s)           : -1
Decoding time (s)           : -1
Source point cloud size (kB): 17523.772
Total binary files size (kB): 6033.122
Compression ratio           : 0.34428215569113774
bpp (bits per point)        : 60.03151267298015

========== Point-based Metrics =========
Asym. Chamfer dist. (1->2) p2pt: 0.648423
Asym. Chamfer dist. (2->1) p2pt: 0.466364
Chamfer dist.              p2pt: 0.557393
CD-PSNR (dB)               p2pt: 62.6326
Hausdorff distance         p2pt: 129


----------------------------------------
Y-CPSNR (dB)                   : 35.5104
U-CPSNR (dB)                   : 45.6409
V-CPSNR (dB)                   : 45.5689

