PCC-Arena Evaluator 0.6.5
Reference Point Cloud: /home/p/pranav/dynamic_pc_data/loot/Ply/loot_vox10_1120.ply
Target Point Cloud: /home/p/pranav/dynamic_pc_data/loot/experiments/2DD_lodX=2_lodY=1_OM=4/decompressed/loot_dec_1120.ply

========== Time & Binary Size ==========
Encoding time (s)           : -1
Decoding time (s)           : -1
Source point cloud size (kB): 16659.096
Total binary files size (kB): 6033.122
Compression ratio           : 0.3621518238444631
bpp (bits per point)        : 61.31330587688297

========== Point-based Metrics =========
Asym. Chamfer dist. (1->2) p2pt: 0.654935
Asym. Chamfer dist. (2->1) p2pt: 0.46394
Chamfer dist.              p2pt: 0.559437
CD-PSNR (dB)               p2pt: 62.7691
Hausdorff distance         p2pt: 41


----------------------------------------
Y-CPSNR (dB)                   : 36.0349
U-CPSNR (dB)                   : 46.2406
V-CPSNR (dB)                   : 45.8449

