PCC-Arena Evaluator 0.6.5
Reference Point Cloud: /home/p/pranav/dynamic_pc_data/loot/Ply/loot_vox10_1207.ply
Target Point Cloud: /home/p/pranav/dynamic_pc_data/loot/experiments/2DD_lodX=2_lodY=1_OM=4/decompressed/loot_dec_1207.ply

========== Time & Binary Size ==========
Encoding time (s)           : -1
Decoding time (s)           : -1
Source point cloud size (kB): 17200.708
Total binary files size (kB): 6033.122
Compression ratio           : 0.3507484691909194
bpp (bits per point)        : 61.070169045449944

========== Point-based Metrics =========
Asym. Chamfer dist. (1->2) p2pt: 0.648407
Asym. Chamfer dist. (2->1) p2pt: 0.465013
Chamfer dist.              p2pt: 0.55671
CD-PSNR (dB)               p2pt: 62.5887
Hausdorff distance         p2pt: 41


----------------------------------------
Y-CPSNR (dB)                   : 35.8461
U-CPSNR (dB)                   : 45.9194
V-CPSNR (dB)                   : 45.6977

