PCC-Arena Evaluator 0.6.5
Reference Point Cloud: /temp/pranav/dynamic_pc_data/redandblack/Ply/redandblack_vox10_1724.ply
Target Point Cloud: /temp/pranav/dynamic_pc_data/redandblack/experiments/vanilla_rc_OM=4_GQP=35_AQP=47/decompressed/redandblack_dec_1724.ply

========== Time & Binary Size ==========
Encoding time (s)           : -1
Decoding time (s)           : -1
Source point cloud size (kB): 13844.646
Total binary files size (kB): 3018.996
Compression ratio           : 0.21806234698958715
bpp (bits per point)        : 37.634601690068855

========== Point-based Metrics =========
Asym. Chamfer dist. (1->2) p2pt: 1.11709
Asym. Chamfer dist. (2->1) p2pt: 0.992968
Chamfer dist.              p2pt: 1.05503
CD-PSNR (dB)               p2pt: 59.5472
Hausdorff distance         p2pt: 174


----------------------------------------
Y-CPSNR (dB)                   : 30.125
U-CPSNR (dB)                   : 37.8056
V-CPSNR (dB)                   : 29.4083

