PCC-Arena Evaluator 0.6.5
Reference Point Cloud: /temp/pranav/dynamic_pc_data/redandblack/Ply/redandblack_vox10_1621.ply
Target Point Cloud: /temp/pranav/dynamic_pc_data/redandblack/experiments/vanilla_rc_OM=4_GQP=35_AQP=47/decompressed/redandblack_dec_1621.ply

========== Time & Binary Size ==========
Encoding time (s)           : -1
Decoding time (s)           : -1
Source point cloud size (kB): 17113.708
Total binary files size (kB): 3018.996
Compression ratio           : 0.1764080583822045
bpp (bits per point)        : 30.445857431713552

========== Point-based Metrics =========
Asym. Chamfer dist. (1->2) p2pt: 1.25313
Asym. Chamfer dist. (2->1) p2pt: 1.10258
Chamfer dist.              p2pt: 1.17785
CD-PSNR (dB)               p2pt: 59.0058
Hausdorff distance         p2pt: 241


----------------------------------------
Y-CPSNR (dB)                   : 30.4435
U-CPSNR (dB)                   : 37.973
V-CPSNR (dB)                   : 29.8548

