PCC-Arena Evaluator 0.6.5
Reference Point Cloud: /temp/pranav/dynamic_pc_data/redandblack/Ply/redandblack_vox10_1538.ply
Target Point Cloud: /temp/pranav/dynamic_pc_data/redandblack/experiments/vanilla_rc_OM=4_GQP=35_AQP=47/decompressed/redandblack_dec_1538.ply

========== Time & Binary Size ==========
Encoding time (s)           : -1
Decoding time (s)           : -1
Source point cloud size (kB): 15807.392
Total binary files size (kB): 3018.996
Compression ratio           : 0.1909863436043087
bpp (bits per point)        : 32.919254218159864

========== Point-based Metrics =========
Asym. Chamfer dist. (1->2) p2pt: 1.23441
Asym. Chamfer dist. (2->1) p2pt: 1.0575
Chamfer dist.              p2pt: 1.14596
CD-PSNR (dB)               p2pt: 59.0409
Hausdorff distance         p2pt: 149


----------------------------------------
Y-CPSNR (dB)                   : 30.5255
U-CPSNR (dB)                   : 37.7167
V-CPSNR (dB)                   : 29.5949

