PCC-Arena Evaluator 0.6.5
Reference Point Cloud: /temp/pranav/dynamic_pc_data/redandblack/Ply/redandblack_vox10_1642.ply
Target Point Cloud: /temp/pranav/dynamic_pc_data/redandblack/experiments/vanilla_rc_OM=4_GQP=35_AQP=47/decompressed/redandblack_dec_1642.ply

========== Time & Binary Size ==========
Encoding time (s)           : -1
Decoding time (s)           : -1
Source point cloud size (kB): 16314.164
Total binary files size (kB): 3018.996
Compression ratio           : 0.1850536748312693
bpp (bits per point)        : 31.913192618412744

========== Point-based Metrics =========
Asym. Chamfer dist. (1->2) p2pt: 1.14441
Asym. Chamfer dist. (2->1) p2pt: 0.981704
Chamfer dist.              p2pt: 1.06306
CD-PSNR (dB)               p2pt: 59.2888
Hausdorff distance         p2pt: 193


----------------------------------------
Y-CPSNR (dB)                   : 30.4273
U-CPSNR (dB)                   : 37.9766
V-CPSNR (dB)                   : 29.9324

