PCC-Arena Evaluator 0.6.5
Reference Point Cloud: /temp/pranav/dynamic_pc_data/redandblack/Ply/redandblack_vox10_1465.ply
Target Point Cloud: /temp/pranav/dynamic_pc_data/redandblack/experiments/vanilla_rc_OM=4_GQP=35_AQP=47/decompressed/redandblack_dec_1465.ply

========== Time & Binary Size ==========
Encoding time (s)           : -1
Decoding time (s)           : -1
Source point cloud size (kB): 15031.273
Total binary files size (kB): 3018.996
Compression ratio           : 0.20084765940981847
bpp (bits per point)        : 34.70409518061902

========== Point-based Metrics =========
Asym. Chamfer dist. (1->2) p2pt: 1.14192
Asym. Chamfer dist. (2->1) p2pt: 0.980514
Chamfer dist.              p2pt: 1.06122
CD-PSNR (dB)               p2pt: 59.5063
Hausdorff distance         p2pt: 152


----------------------------------------
Y-CPSNR (dB)                   : 30.4005
U-CPSNR (dB)                   : 37.9305
V-CPSNR (dB)                   : 29.8846

