PCC-Arena Evaluator 0.6.5
Reference Point Cloud: /temp/pranav/dynamic_pc_data/redandblack/Ply/redandblack_vox10_1480.ply
Target Point Cloud: /temp/pranav/dynamic_pc_data/redandblack/experiments/vanilla_rc_OM=4_GQP=35_AQP=47/decompressed/redandblack_dec_1480.ply

========== Time & Binary Size ==========
Encoding time (s)           : -1
Decoding time (s)           : -1
Source point cloud size (kB): 15663.436
Total binary files size (kB): 3018.996
Compression ratio           : 0.19274161812261373
bpp (bits per point)        : 33.1273633041818

========== Point-based Metrics =========
Asym. Chamfer dist. (1->2) p2pt: 1.19081
Asym. Chamfer dist. (2->1) p2pt: 0.999337
Chamfer dist.              p2pt: 1.09508
CD-PSNR (dB)               p2pt: 59.4057
Hausdorff distance         p2pt: 121


----------------------------------------
Y-CPSNR (dB)                   : 30.7388
U-CPSNR (dB)                   : 37.5534
V-CPSNR (dB)                   : 29.5119

