PCC-Arena Evaluator 0.6.5
Reference Point Cloud: /temp/pranav/dynamic_pc_data/loot/Ply/loot_vox10_1017.ply
Target Point Cloud: /temp/pranav/dynamic_pc_data/loot/experiments/vanilla_rc_OM=4_GQP=41_AQP=47/decompressed/loot_dec_1017.ply

========== Time & Binary Size ==========
Encoding time (s)           : -1
Decoding time (s)           : -1
Source point cloud size (kB): 16985.919
Total binary files size (kB): 1869.117
Compression ratio           : 0.11003920364862212
bpp (bits per point)        : 19.130869112975347

========== Point-based Metrics =========
Asym. Chamfer dist. (1->2) p2pt: 2.18356
Asym. Chamfer dist. (2->1) p2pt: 2.03649
Chamfer dist.              p2pt: 2.11003
CD-PSNR (dB)               p2pt: 56.8955
Hausdorff distance         p2pt: 261


----------------------------------------
Y-CPSNR (dB)                   : 30.6403
U-CPSNR (dB)                   : 42.2864
V-CPSNR (dB)                   : 41.7582

