PCC-Arena Evaluator 0.6.5
Reference Point Cloud: /temp/pranav/dynamic_pc_data/loot/Ply/loot_vox10_1046.ply
Target Point Cloud: /temp/pranav/dynamic_pc_data/loot/experiments/vanilla_rc_OM=4_GQP=41_AQP=47/decompressed/loot_dec_1046.ply

========== Time & Binary Size ==========
Encoding time (s)           : -1
Decoding time (s)           : -1
Source point cloud size (kB): 17104.293
Total binary files size (kB): 1869.117
Compression ratio           : 0.1092776532768703
bpp (bits per point)        : 19.049539461112172

========== Point-based Metrics =========
Asym. Chamfer dist. (1->2) p2pt: 2.23249
Asym. Chamfer dist. (2->1) p2pt: 2.0753
Chamfer dist.              p2pt: 2.15389
CD-PSNR (dB)               p2pt: 56.5054
Hausdorff distance         p2pt: 226


----------------------------------------
Y-CPSNR (dB)                   : 30.9989
U-CPSNR (dB)                   : 42.0785
V-CPSNR (dB)                   : 41.3894

