PCC-Arena Evaluator 0.6.5
Reference Point Cloud: /temp/pranav/dynamic_pc_data/loot/Ply/loot_vox10_1213.ply
Target Point Cloud: /temp/pranav/dynamic_pc_data/loot/experiments/vanilla_rc_OM=4_GQP=41_AQP=47/decompressed/loot_dec_1213.ply

========== Time & Binary Size ==========
Encoding time (s)           : -1
Decoding time (s)           : -1
Source point cloud size (kB): 17488.08
Total binary files size (kB): 1869.117
Compression ratio           : 0.10687948591269023
bpp (bits per point)        : 18.618186708104233

========== Point-based Metrics =========
Asym. Chamfer dist. (1->2) p2pt: 2.24158
Asym. Chamfer dist. (2->1) p2pt: 2.13154
Chamfer dist.              p2pt: 2.18656
CD-PSNR (dB)               p2pt: 56.7522
Hausdorff distance         p2pt: 369


----------------------------------------
Y-CPSNR (dB)                   : 30.1972
U-CPSNR (dB)                   : 42.227
V-CPSNR (dB)                   : 41.2914

