PCC-Arena Evaluator 0.6.5
Reference Point Cloud: /temp/pranav/dynamic_pc_data/loot/Ply/loot_vox10_1279.ply
Target Point Cloud: /temp/pranav/dynamic_pc_data/loot/experiments/vanilla_rc_OM=4_GQP=41_AQP=47/decompressed/loot_dec_1279.ply

========== Time & Binary Size ==========
Encoding time (s)           : -1
Decoding time (s)           : -1
Source point cloud size (kB): 17711.849
Total binary files size (kB): 1869.117
Compression ratio           : 0.10552918557514804
bpp (bits per point)        : 18.37096409581003

========== Point-based Metrics =========
Asym. Chamfer dist. (1->2) p2pt: 2.33468
Asym. Chamfer dist. (2->1) p2pt: 2.20175
Chamfer dist.              p2pt: 2.26822
CD-PSNR (dB)               p2pt: 56.399
Hausdorff distance         p2pt: 410


----------------------------------------
Y-CPSNR (dB)                   : 30.7718
U-CPSNR (dB)                   : 42.2821
V-CPSNR (dB)                   : 41.765

