PCC-Arena Evaluator 0.6.5
Reference Point Cloud: /temp/pranav/dynamic_pc_data/loot/Ply/loot_vox10_1240.ply
Target Point Cloud: /temp/pranav/dynamic_pc_data/loot/experiments/vanilla_rc_OM=4_GQP=41_AQP=47/decompressed/loot_dec_1240.ply

========== Time & Binary Size ==========
Encoding time (s)           : -1
Decoding time (s)           : -1
Source point cloud size (kB): 17600.018
Total binary files size (kB): 1869.117
Compression ratio           : 0.10619972093210359
bpp (bits per point)        : 18.502124542487138

========== Point-based Metrics =========
Asym. Chamfer dist. (1->2) p2pt: 2.38014
Asym. Chamfer dist. (2->1) p2pt: 2.27629
Chamfer dist.              p2pt: 2.32822
CD-PSNR (dB)               p2pt: 56.4579
Hausdorff distance         p2pt: 534


----------------------------------------
Y-CPSNR (dB)                   : 30.1934
U-CPSNR (dB)                   : 42.2282
V-CPSNR (dB)                   : 41.6839

