PCC-Arena Evaluator 0.6.5
Reference Point Cloud: /temp/pranav/dynamic_pc_data/loot/Ply/loot_vox10_1184.ply
Target Point Cloud: /temp/pranav/dynamic_pc_data/loot/experiments/vanilla_rc_OM=4_GQP=41_AQP=47/decompressed/loot_dec_1184.ply

========== Time & Binary Size ==========
Encoding time (s)           : -1
Decoding time (s)           : -1
Source point cloud size (kB): 17449.872
Total binary files size (kB): 1869.117
Compression ratio           : 0.10711350776670453
bpp (bits per point)        : 18.630666909212334

========== Point-based Metrics =========
Asym. Chamfer dist. (1->2) p2pt: 2.31203
Asym. Chamfer dist. (2->1) p2pt: 2.13132
Chamfer dist.              p2pt: 2.22167
CD-PSNR (dB)               p2pt: 56.5336
Hausdorff distance         p2pt: 413


----------------------------------------
Y-CPSNR (dB)                   : 30.8885
U-CPSNR (dB)                   : 42.1444
V-CPSNR (dB)                   : 41.432

