PCC-Arena Evaluator 0.6.5
Reference Point Cloud: /temp/pranav/dynamic_pc_data/loot/Ply/loot_vox10_1042.ply
Target Point Cloud: /temp/pranav/dynamic_pc_data/loot/experiments/vanilla_rc_OM=4_GQP=41_AQP=47/decompressed/loot_dec_1042.ply

========== Time & Binary Size ==========
Encoding time (s)           : -1
Decoding time (s)           : -1
Source point cloud size (kB): 17276.449
Total binary files size (kB): 1869.117
Compression ratio           : 0.10818872558822706
bpp (bits per point)        : 18.86296444871669

========== Point-based Metrics =========
Asym. Chamfer dist. (1->2) p2pt: 2.23277
Asym. Chamfer dist. (2->1) p2pt: 2.08224
Chamfer dist.              p2pt: 2.1575
CD-PSNR (dB)               p2pt: 56.5953
Hausdorff distance         p2pt: 326


----------------------------------------
Y-CPSNR (dB)                   : 30.782
U-CPSNR (dB)                   : 42.1379
V-CPSNR (dB)                   : 41.6527

