PCC-Arena Evaluator 0.6.5
Reference Point Cloud: /temp/pranav/dynamic_pc_data/loot/Ply/loot_vox10_1112.ply
Target Point Cloud: /temp/pranav/dynamic_pc_data/loot/experiments/vanilla_rc_OM=4_GQP=41_AQP=47/decompressed/loot_dec_1112.ply

========== Time & Binary Size ==========
Encoding time (s)           : -1
Decoding time (s)           : -1
Source point cloud size (kB): 16587.77
Total binary files size (kB): 1869.117
Compression ratio           : 0.11268042660345544
bpp (bits per point)        : 19.084233647257324

========== Point-based Metrics =========
Asym. Chamfer dist. (1->2) p2pt: 2.29326
Asym. Chamfer dist. (2->1) p2pt: 2.1227
Chamfer dist.              p2pt: 2.20798
CD-PSNR (dB)               p2pt: 56.8014
Hausdorff distance         p2pt: 329


----------------------------------------
Y-CPSNR (dB)                   : 30.7917
U-CPSNR (dB)                   : 42.6385
V-CPSNR (dB)                   : 41.9099

