PCC-Arena Evaluator 0.6.5
Reference Point Cloud: /temp/pranav/dynamic_pc_data/redandblack/Ply/redandblack_vox10_1544.ply
Target Point Cloud: /temp/pranav/dynamic_pc_data/redandblack/experiments/vanilla_rc_OM=4_GQP=36_AQP=47/decompressed/redandblack_dec_1544.ply

========== Time & Binary Size ==========
Encoding time (s)           : -1
Decoding time (s)           : -1
Source point cloud size (kB): 15562.021
Total binary files size (kB): 2988.828
Compression ratio           : 0.19205911622918384
bpp (bits per point)        : 33.12711836228013

========== Point-based Metrics =========
Asym. Chamfer dist. (1->2) p2pt: 1.31786
Asym. Chamfer dist. (2->1) p2pt: 1.23831
Chamfer dist.              p2pt: 1.27808
CD-PSNR (dB)               p2pt: 58.4971
Hausdorff distance         p2pt: 353


----------------------------------------
Y-CPSNR (dB)                   : 30.4604
U-CPSNR (dB)                   : 37.9001
V-CPSNR (dB)                   : 29.6273

