PCC-Arena Evaluator 0.6.5
Reference Point Cloud: /temp/pranav/dynamic_pc_data/redandblack/Ply/redandblack_vox10_1451.ply
Target Point Cloud: /temp/pranav/dynamic_pc_data/redandblack/experiments/vanilla_rc_OM=4_GQP=36_AQP=47/decompressed/redandblack_dec_1451.ply

========== Time & Binary Size ==========
Encoding time (s)           : -1
Decoding time (s)           : -1
Source point cloud size (kB): 15517.15
Total binary files size (kB): 2988.828
Compression ratio           : 0.19261449428535524
bpp (bits per point)        : 33.183022282421646

========== Point-based Metrics =========
Asym. Chamfer dist. (1->2) p2pt: 1.29675
Asym. Chamfer dist. (2->1) p2pt: 1.25643
Chamfer dist.              p2pt: 1.27659
CD-PSNR (dB)               p2pt: 58.7471
Hausdorff distance         p2pt: 321


----------------------------------------
Y-CPSNR (dB)                   : 30.3746
U-CPSNR (dB)                   : 37.9233
V-CPSNR (dB)                   : 29.942

