PCC-Arena Evaluator 0.6.5
Reference Point Cloud: /temp/pranav/dynamic_pc_data/redandblack/Ply/redandblack_vox10_1716.ply
Target Point Cloud: /temp/pranav/dynamic_pc_data/redandblack/experiments/vanilla_rc_OM=4_GQP=36_AQP=47/decompressed/redandblack_dec_1716.ply

========== Time & Binary Size ==========
Encoding time (s)           : -1
Decoding time (s)           : -1
Source point cloud size (kB): 14901.186
Total binary files size (kB): 2988.828
Compression ratio           : 0.20057651786911457
bpp (bits per point)        : 34.61510198231795

========== Point-based Metrics =========
Asym. Chamfer dist. (1->2) p2pt: 1.3352
Asym. Chamfer dist. (2->1) p2pt: 1.18635
Chamfer dist.              p2pt: 1.26077
CD-PSNR (dB)               p2pt: 59.1984
Hausdorff distance         p2pt: 162


----------------------------------------
Y-CPSNR (dB)                   : 30.082
U-CPSNR (dB)                   : 37.6908
V-CPSNR (dB)                   : 30.0379

