PCC-Arena Evaluator 0.6.5
Reference Point Cloud: /temp/pranav/dynamic_pc_data/redandblack/Ply/redandblack_vox10_1489.ply
Target Point Cloud: /temp/pranav/dynamic_pc_data/redandblack/experiments/vanilla_rc_OM=4_GQP=36_AQP=47/decompressed/redandblack_dec_1489.ply

========== Time & Binary Size ==========
Encoding time (s)           : -1
Decoding time (s)           : -1
Source point cloud size (kB): 16222.431
Total binary files size (kB): 2988.828
Compression ratio           : 0.18424045076844525
bpp (bits per point)        : 31.725882788461156

========== Point-based Metrics =========
Asym. Chamfer dist. (1->2) p2pt: 1.3327
Asym. Chamfer dist. (2->1) p2pt: 1.19996
Chamfer dist.              p2pt: 1.26633
CD-PSNR (dB)               p2pt: 58.7214
Hausdorff distance         p2pt: 161


----------------------------------------
Y-CPSNR (dB)                   : 30.2619
U-CPSNR (dB)                   : 37.3647
V-CPSNR (dB)                   : 29.546

