PCC-Arena Evaluator 0.6.5
Reference Point Cloud: /temp/pranav/dynamic_pc_data/redandblack/Ply/redandblack_vox10_1547.ply
Target Point Cloud: /temp/pranav/dynamic_pc_data/redandblack/experiments/vanilla_rc_OM=4_GQP=36_AQP=47/decompressed/redandblack_dec_1547.ply

========== Time & Binary Size ==========
Encoding time (s)           : -1
Decoding time (s)           : -1
Source point cloud size (kB): 16081.827
Total binary files size (kB): 2988.828
Compression ratio           : 0.18585127174916133
bpp (bits per point)        : 32.072970475126326

========== Point-based Metrics =========
Asym. Chamfer dist. (1->2) p2pt: 1.28563
Asym. Chamfer dist. (2->1) p2pt: 1.18153
Chamfer dist.              p2pt: 1.23358
CD-PSNR (dB)               p2pt: 58.7565
Hausdorff distance         p2pt: 490


----------------------------------------
Y-CPSNR (dB)                   : 30.3496
U-CPSNR (dB)                   : 38.0172
V-CPSNR (dB)                   : 29.6455

