PCC-Arena Evaluator 0.6.5
Reference Point Cloud: /temp/pranav/dynamic_pc_data/redandblack/Ply/redandblack_vox10_1462.ply
Target Point Cloud: /temp/pranav/dynamic_pc_data/redandblack/experiments/vanilla_rc_OM=4_GQP=36_AQP=47/decompressed/redandblack_dec_1462.ply

========== Time & Binary Size ==========
Encoding time (s)           : -1
Decoding time (s)           : -1
Source point cloud size (kB): 15357.742
Total binary files size (kB): 2988.828
Compression ratio           : 0.19461376548713996
bpp (bits per point)        : 33.594179970748115

========== Point-based Metrics =========
Asym. Chamfer dist. (1->2) p2pt: 1.28041
Asym. Chamfer dist. (2->1) p2pt: 1.09998
Chamfer dist.              p2pt: 1.19019
CD-PSNR (dB)               p2pt: 59.3011
Hausdorff distance         p2pt: 338


----------------------------------------
Y-CPSNR (dB)                   : 30.3079
U-CPSNR (dB)                   : 38.1907
V-CPSNR (dB)                   : 29.9265

