PCC-Arena Evaluator 0.6.5
Reference Point Cloud: /temp/pranav/dynamic_pc_data/redandblack/Ply/redandblack_vox10_1484.ply
Target Point Cloud: /temp/pranav/dynamic_pc_data/redandblack/experiments/vanilla_rc_OM=4_GQP=26_AQP=33/decompressed/redandblack_dec_1484.ply

========== Time & Binary Size ==========
Encoding time (s)           : -1
Decoding time (s)           : -1
Source point cloud size (kB): 15944.709
Total binary files size (kB): 8326.944
Compression ratio           : 0.5222386937259249
bpp (bits per point)        : 89.58507586729979

========== Point-based Metrics =========
Asym. Chamfer dist. (1->2) p2pt: 0.455684
Asym. Chamfer dist. (2->1) p2pt: 0.462651
Chamfer dist.              p2pt: 0.459167
CD-PSNR (dB)               p2pt: 63.2008
Hausdorff distance         p2pt: 85


----------------------------------------
Y-CPSNR (dB)                   : 35.6485
U-CPSNR (dB)                   : 39.7882
V-CPSNR (dB)                   : 34.8013

