PCC-Arena Evaluator 0.6.5
Reference Point Cloud: /temp/pranav/dynamic_pc_data/redandblack/Ply/redandblack_vox10_1703.ply
Target Point Cloud: /temp/pranav/dynamic_pc_data/redandblack/experiments/vanilla_rc_OM=4_GQP=26_AQP=33/decompressed/redandblack_dec_1703.ply

========== Time & Binary Size ==========
Encoding time (s)           : -1
Decoding time (s)           : -1
Source point cloud size (kB): 15852.966
Total binary files size (kB): 8326.944
Compression ratio           : 0.5252609511683807
bpp (bits per point)        : 90.54261509207772

========== Point-based Metrics =========
Asym. Chamfer dist. (1->2) p2pt: 0.472619
Asym. Chamfer dist. (2->1) p2pt: 0.488251
Chamfer dist.              p2pt: 0.480435
CD-PSNR (dB)               p2pt: 63.0019
Hausdorff distance         p2pt: 91


----------------------------------------
Y-CPSNR (dB)                   : 35.9433
U-CPSNR (dB)                   : 40.9087
V-CPSNR (dB)                   : 35.3479

