PCC-Arena Evaluator 0.6.5
Reference Point Cloud: /temp/pranav/dynamic_pc_data/redandblack/Ply/redandblack_vox10_1695.ply
Target Point Cloud: /temp/pranav/dynamic_pc_data/redandblack/experiments/vanilla_rc_OM=4_GQP=26_AQP=33/decompressed/redandblack_dec_1695.ply

========== Time & Binary Size ==========
Encoding time (s)           : -1
Decoding time (s)           : -1
Source point cloud size (kB): 16517.621
Total binary files size (kB): 8326.944
Compression ratio           : 0.504124897889351
bpp (bits per point)        : 86.95264536693672

========== Point-based Metrics =========
Asym. Chamfer dist. (1->2) p2pt: 0.458938
Asym. Chamfer dist. (2->1) p2pt: 0.459006
Chamfer dist.              p2pt: 0.458972
CD-PSNR (dB)               p2pt: 63.1559
Hausdorff distance         p2pt: 85


----------------------------------------
Y-CPSNR (dB)                   : 35.9632
U-CPSNR (dB)                   : 40.979
V-CPSNR (dB)                   : 35.0171

