PCC-Arena Evaluator 0.6.5
Reference Point Cloud: /temp/pranav/dynamic_pc_data/redandblack/Ply/redandblack_vox10_1493.ply
Target Point Cloud: /temp/pranav/dynamic_pc_data/redandblack/experiments/vanilla_rc_OM=4_GQP=41_AQP=47/decompressed/redandblack_dec_1493.ply

========== Time & Binary Size ==========
Encoding time (s)           : -1
Decoding time (s)           : -1
Source point cloud size (kB): 16603.009
Total binary files size (kB): 2671.559
Compression ratio           : 0.16090812213617425
bpp (bits per point)        : 27.7157473892244

========== Point-based Metrics =========
Asym. Chamfer dist. (1->2) p2pt: 2.54719
Asym. Chamfer dist. (2->1) p2pt: 2.31107
Chamfer dist.              p2pt: 2.42913
CD-PSNR (dB)               p2pt: 55.9179
Hausdorff distance         p2pt: 294


----------------------------------------
Y-CPSNR (dB)                   : 30.0054
U-CPSNR (dB)                   : 37.7549
V-CPSNR (dB)                   : 29.3756

