PCC-Arena Evaluator 0.6.5
Reference Point Cloud: /temp/pranav/dynamic_pc_data/redandblack/Ply/redandblack_vox10_1667.ply
Target Point Cloud: /temp/pranav/dynamic_pc_data/redandblack/experiments/vanilla_rc_OM=4_GQP=41_AQP=47/decompressed/redandblack_dec_1667.ply

========== Time & Binary Size ==========
Encoding time (s)           : -1
Decoding time (s)           : -1
Source point cloud size (kB): 16230.441
Total binary files size (kB): 2671.559
Compression ratio           : 0.16460175050080278
bpp (bits per point)        : 28.370663587007023

========== Point-based Metrics =========
Asym. Chamfer dist. (1->2) p2pt: 2.53161
Asym. Chamfer dist. (2->1) p2pt: 2.38538
Chamfer dist.              p2pt: 2.45849
CD-PSNR (dB)               p2pt: 55.8546
Hausdorff distance         p2pt: 318


----------------------------------------
Y-CPSNR (dB)                   : 30.5529
U-CPSNR (dB)                   : 38.3408
V-CPSNR (dB)                   : 29.7735

