PCC-Arena Evaluator 0.6.5
Reference Point Cloud: /temp/pranav/dynamic_pc_data/soldier/Ply/soldier_vox10_0824.ply
Target Point Cloud: /temp/pranav/dynamic_pc_data/soldier/experiments/vanilla_rc_OM=4_GQP=26_AQP=34/decompressed/soldier_dec_0824.ply

========== Time & Binary Size ==========
Encoding time (s)           : -1
Decoding time (s)           : -1
Source point cloud size (kB): 24108.851
Total binary files size (kB): 11781.22
Compression ratio           : 0.48866783406641817
bpp (bits per point)        : 86.38184262792106

========== Point-based Metrics =========
Asym. Chamfer dist. (1->2) p2pt: 0.434778
Asym. Chamfer dist. (2->1) p2pt: 0.432053
Chamfer dist.              p2pt: 0.433416
CD-PSNR (dB)               p2pt: 63.6124
Hausdorff distance         p2pt: 61


----------------------------------------
Y-CPSNR (dB)                   : 33.4279
U-CPSNR (dB)                   : 44.336
V-CPSNR (dB)                   : 44.5181

