PCC-Arena Evaluator 0.6.5
Reference Point Cloud: /home/p/pranav/dynamic_pc_data/longdress/Ply/longdress_vox10_1155.ply
Target Point Cloud: /home/p/pranav/dynamic_pc_data/longdress/experiments/3DD_2_noQuantize_OM=1/decompressed/longdress_dec_1155.ply

========== Time & Binary Size ==========
Encoding time (s)           : -1
Decoding time (s)           : -1
Source point cloud size (kB): 19228.022
Total binary files size (kB): 33601.524
Compression ratio           : 1.7475288929875363
bpp (bits per point)        : 318.5238982807836

========== Point-based Metrics =========
Asym. Chamfer dist. (1->2) p2pt: 0.774343
Asym. Chamfer dist. (2->1) p2pt: 0.292928
Chamfer dist.              p2pt: 0.533636
CD-PSNR (dB)               p2pt: 62.6874
Hausdorff distance         p2pt: 61


----------------------------------------
Y-CPSNR (dB)                   : 29.8921
U-CPSNR (dB)                   : 35.1054
V-CPSNR (dB)                   : 34.5221

