PCC-Arena Evaluator 0.6.5
Reference Point Cloud: /temp/pranav/dynamic_pc_data/longdress/Ply/longdress_vox10_1184.ply
Target Point Cloud: /temp/pranav/dynamic_pc_data/longdress/experiments/3DD_2_noQuantize_OM=1/decompressed/longdress_dec_1184.ply

========== Time & Binary Size ==========
Encoding time (s)           : -1
Decoding time (s)           : -1
Source point cloud size (kB): 20004.665
Total binary files size (kB): 33601.524
Compression ratio           : 1.6796844136105251
bpp (bits per point)        : 305.38476621743365

========== Point-based Metrics =========
Asym. Chamfer dist. (1->2) p2pt: 0.758799
Asym. Chamfer dist. (2->1) p2pt: 0.283415
Chamfer dist.              p2pt: 0.521107
CD-PSNR (dB)               p2pt: 62.8995
Hausdorff distance         p2pt: 64


----------------------------------------
Y-CPSNR (dB)                   : 29.3674
U-CPSNR (dB)                   : 34.7513
V-CPSNR (dB)                   : 34.1661

