PCC-Arena Evaluator 0.6.5
Reference Point Cloud: /temp/pranav/dynamic_pc_data/longdress/Ply/longdress_vox10_1125.ply
Target Point Cloud: /temp/pranav/dynamic_pc_data/longdress/experiments/3DD_2_noQuantize_OM=1/decompressed/longdress_dec_1125.ply

========== Time & Binary Size ==========
Encoding time (s)           : -1
Decoding time (s)           : -1
Source point cloud size (kB): 18703.193
Total binary files size (kB): 33601.524
Compression ratio           : 1.7965661799030785
bpp (bits per point)        : 327.3965264414294

========== Point-based Metrics =========
Asym. Chamfer dist. (1->2) p2pt: 0.774347
Asym. Chamfer dist. (2->1) p2pt: 0.28787
Chamfer dist.              p2pt: 0.531108
CD-PSNR (dB)               p2pt: 62.7314
Hausdorff distance         p2pt: 86


----------------------------------------
Y-CPSNR (dB)                   : 30.0732
U-CPSNR (dB)                   : 35.1881
V-CPSNR (dB)                   : 34.6698

