PCC-Arena Evaluator 0.6.5
Reference Point Cloud: /home/p/pranav/dynamic_pc_data/longdress/Ply/longdress_vox10_1268.ply
Target Point Cloud: /home/p/pranav/dynamic_pc_data/longdress/experiments/3DD_2_noQuantize_OM=1/decompressed/longdress_dec_1268.ply

========== Time & Binary Size ==========
Encoding time (s)           : -1
Decoding time (s)           : -1
Source point cloud size (kB): 18879.181
Total binary files size (kB): 33601.524
Compression ratio           : 1.7798189444764578
bpp (bits per point)        : 323.7893585575646

========== Point-based Metrics =========
Asym. Chamfer dist. (1->2) p2pt: 0.759615
Asym. Chamfer dist. (2->1) p2pt: 0.281419
Chamfer dist.              p2pt: 0.520517
CD-PSNR (dB)               p2pt: 62.9388
Hausdorff distance         p2pt: 44


----------------------------------------
Y-CPSNR (dB)                   : 29.9762
U-CPSNR (dB)                   : 35.3646
V-CPSNR (dB)                   : 34.6649

