PCC-Arena Evaluator 0.6.5
Reference Point Cloud: /temp/pranav/dynamic_pc_data/longdress/Ply/longdress_vox10_1158.ply
Target Point Cloud: /temp/pranav/dynamic_pc_data/longdress/experiments/3DD_2_noQuantize_OM=1/decompressed/longdress_dec_1158.ply

========== Time & Binary Size ==========
Encoding time (s)           : -1
Decoding time (s)           : -1
Source point cloud size (kB): 18940.373
Total binary files size (kB): 33601.524
Compression ratio           : 1.7740687577800078
bpp (bits per point)        : 323.535271327626

========== Point-based Metrics =========
Asym. Chamfer dist. (1->2) p2pt: 0.733908
Asym. Chamfer dist. (2->1) p2pt: 0.275148
Chamfer dist.              p2pt: 0.504528
CD-PSNR (dB)               p2pt: 63.0186
Hausdorff distance         p2pt: 86


----------------------------------------
Y-CPSNR (dB)                   : 29.8509
U-CPSNR (dB)                   : 35.003
V-CPSNR (dB)                   : 34.506

