PCC-Arena Evaluator 0.6.5
Reference Point Cloud: /temp/pranav/dynamic_pc_data/loot/Ply/loot_vox10_1277.ply
Target Point Cloud: /temp/pranav/dynamic_pc_data/loot/experiments/3DD_4_noQuantize_OM=4_r1/decompressed/loot_dec_1277.ply

========== Time & Binary Size ==========
Encoding time (s)           : -1
Decoding time (s)           : -1
Source point cloud size (kB): 17795.981
Total binary files size (kB): 2680.433
Compression ratio           : 0.15062013159038548
bpp (bits per point)        : 26.230537003058103

========== Point-based Metrics =========
Asym. Chamfer dist. (1->2) p2pt: 1.05765
Asym. Chamfer dist. (2->1) p2pt: 0.859244
Chamfer dist.              p2pt: 0.958448
CD-PSNR (dB)               p2pt: 60.2226
Hausdorff distance         p2pt: 140


----------------------------------------
Y-CPSNR (dB)                   : 32.0963
U-CPSNR (dB)                   : 43.872
V-CPSNR (dB)                   : 43.5072

