PCC-Arena Evaluator 0.6.5
Reference Point Cloud: /temp/pranav/dynamic_pc_data/loot/Ply/loot_vox10_1133.ply
Target Point Cloud: /temp/pranav/dynamic_pc_data/loot/experiments/3DD_4_noQuantize_OM=4_r1/decompressed/loot_dec_1133.ply

========== Time & Binary Size ==========
Encoding time (s)           : -1
Decoding time (s)           : -1
Source point cloud size (kB): 16851.899
Total binary files size (kB): 2698.613
Compression ratio           : 0.16013702669354948
bpp (bits per point)        : 27.40633767236148

========== Point-based Metrics =========
Asym. Chamfer dist. (1->2) p2pt: 0.879072
Asym. Chamfer dist. (2->1) p2pt: 0.674191
Chamfer dist.              p2pt: 0.776632
CD-PSNR (dB)               p2pt: 61.3612
Hausdorff distance         p2pt: 89


----------------------------------------
Y-CPSNR (dB)                   : 31.4851
U-CPSNR (dB)                   : 43.9737
V-CPSNR (dB)                   : 43.4872

