PCC-Arena Evaluator 0.6.5
Reference Point Cloud: /temp/pranav/dynamic_pc_data/loot/Ply/loot_vox10_1122.ply
Target Point Cloud: /temp/pranav/dynamic_pc_data/loot/experiments/3DD_4_noQuantize_OM=4_r1/decompressed/loot_dec_1122.ply

========== Time & Binary Size ==========
Encoding time (s)           : -1
Decoding time (s)           : -1
Source point cloud size (kB): 16682.393
Total binary files size (kB): 2698.613
Compression ratio           : 0.16176414259033461
bpp (bits per point)        : 27.38700731964125

========== Point-based Metrics =========
Asym. Chamfer dist. (1->2) p2pt: 0.874518
Asym. Chamfer dist. (2->1) p2pt: 0.665516
Chamfer dist.              p2pt: 0.770017
CD-PSNR (dB)               p2pt: 61.2626
Hausdorff distance         p2pt: 86


----------------------------------------
Y-CPSNR (dB)                   : 32.3012
U-CPSNR (dB)                   : 43.989
V-CPSNR (dB)                   : 43.5379

