PCC-Arena Evaluator 0.6.5
Reference Point Cloud: /temp/pranav/dynamic_pc_data/loot/Ply/loot_vox10_1299.ply
Target Point Cloud: /temp/pranav/dynamic_pc_data/loot/experiments/3DD_4_noQuantize_OM=4_r1/decompressed/loot_dec_1299.ply

========== Time & Binary Size ==========
Encoding time (s)           : -1
Decoding time (s)           : -1
Source point cloud size (kB): 17703.923
Total binary files size (kB): 2680.433
Compression ratio           : 0.15140333585951543
bpp (bits per point)        : 26.401313942665215

========== Point-based Metrics =========
Asym. Chamfer dist. (1->2) p2pt: 0.970783
Asym. Chamfer dist. (2->1) p2pt: 0.826303
Chamfer dist.              p2pt: 0.898543
CD-PSNR (dB)               p2pt: 60.5809
Hausdorff distance         p2pt: 189


----------------------------------------
Y-CPSNR (dB)                   : 31.7876
U-CPSNR (dB)                   : 44.3554
V-CPSNR (dB)                   : 43.9594

