PCC-Arena Evaluator 0.6.5
Reference Point Cloud: /temp/pranav/dynamic_pc_data/loot/Ply/loot_vox10_1015.ply
Target Point Cloud: /temp/pranav/dynamic_pc_data/loot/experiments/3DD_4_noQuantize_OM=4_r1/decompressed/loot_dec_1015.ply

========== Time & Binary Size ==========
Encoding time (s)           : -1
Decoding time (s)           : -1
Source point cloud size (kB): 17051.77
Total binary files size (kB): 2698.613
Compression ratio           : 0.1582599929508784
bpp (bits per point)        : 27.495028610800148

========== Point-based Metrics =========
Asym. Chamfer dist. (1->2) p2pt: 0.849059
Asym. Chamfer dist. (2->1) p2pt: 0.623541
Chamfer dist.              p2pt: 0.7363
CD-PSNR (dB)               p2pt: 61.3993
Hausdorff distance         p2pt: 139


----------------------------------------
Y-CPSNR (dB)                   : 31.9032
U-CPSNR (dB)                   : 44.2859
V-CPSNR (dB)                   : 43.7431

