PCC-Arena Evaluator 0.6.5
Reference Point Cloud: /temp/pranav/dynamic_pc_data/loot/Ply/loot_vox10_1297.ply
Target Point Cloud: /temp/pranav/dynamic_pc_data/loot/experiments/3DD_4_noQuantize_OM=4_r1/decompressed/loot_dec_1297.ply

========== Time & Binary Size ==========
Encoding time (s)           : -1
Decoding time (s)           : -1
Source point cloud size (kB): 17749.443
Total binary files size (kB): 2680.433
Compression ratio           : 0.1510150487539243
bpp (bits per point)        : 26.31855526617458

========== Point-based Metrics =========
Asym. Chamfer dist. (1->2) p2pt: 0.957827
Asym. Chamfer dist. (2->1) p2pt: 0.813862
Chamfer dist.              p2pt: 0.885845
CD-PSNR (dB)               p2pt: 60.5141
Hausdorff distance         p2pt: 145


----------------------------------------
Y-CPSNR (dB)                   : 31.9762
U-CPSNR (dB)                   : 44.1475
V-CPSNR (dB)                   : 44.0324

