PCC-Arena Evaluator 0.6.5
Reference Point Cloud: /temp/pranav/dynamic_pc_data/loot/Ply/loot_vox10_1003.ply
Target Point Cloud: /temp/pranav/dynamic_pc_data/loot/experiments/3DD_2_Quantize=2_OM=4_r1/decompressed/loot_dec_1003.ply

========== Time & Binary Size ==========
Encoding time (s)           : -1
Decoding time (s)           : -1
Source point cloud size (kB): 16910.359
Total binary files size (kB): 1413.446
Compression ratio           : 0.0835846240756923
bpp (bits per point)        : 14.52543010814845

========== Point-based Metrics =========
Asym. Chamfer dist. (1->2) p2pt: 3.6296
Asym. Chamfer dist. (2->1) p2pt: 3.1726
Chamfer dist.              p2pt: 3.4011
CD-PSNR (dB)               p2pt: 54.8656
Hausdorff distance         p2pt: 281


----------------------------------------
Y-CPSNR (dB)                   : 30.1939
U-CPSNR (dB)                   : 41.7587
V-CPSNR (dB)                   : 41.5932

