PCC-Arena Evaluator 0.6.5
Reference Point Cloud: /temp/pranav/dynamic_pc_data/loot/Ply/loot_vox10_1105.ply
Target Point Cloud: /temp/pranav/dynamic_pc_data/loot/experiments/3DD_2_Quantize=2_OM=4_r1/decompressed/loot_dec_1105.ply

========== Time & Binary Size ==========
Encoding time (s)           : -1
Decoding time (s)           : -1
Source point cloud size (kB): 16626.449
Total binary files size (kB): 1413.446
Compression ratio           : 0.0850118988125486
bpp (bits per point)        : 14.371061564838103

========== Point-based Metrics =========
Asym. Chamfer dist. (1->2) p2pt: 3.82658
Asym. Chamfer dist. (2->1) p2pt: 3.05934
Chamfer dist.              p2pt: 3.44296
CD-PSNR (dB)               p2pt: 54.8267
Hausdorff distance         p2pt: 181


----------------------------------------
Y-CPSNR (dB)                   : 30.5241
U-CPSNR (dB)                   : 42.1326
V-CPSNR (dB)                   : 41.8369

