PCC-Arena Evaluator 0.6.5
Reference Point Cloud: /temp/pranav/dynamic_pc_data/loot/Ply/loot_vox10_1095.ply
Target Point Cloud: /temp/pranav/dynamic_pc_data/loot/experiments/3DD_2_Quantize=2_OM=4_r1/decompressed/loot_dec_1095.ply

========== Time & Binary Size ==========
Encoding time (s)           : -1
Decoding time (s)           : -1
Source point cloud size (kB): 16477.405
Total binary files size (kB): 1413.446
Compression ratio           : 0.08578086173156514
bpp (bits per point)        : 14.527930847079592

========== Point-based Metrics =========
Asym. Chamfer dist. (1->2) p2pt: 3.79127
Asym. Chamfer dist. (2->1) p2pt: 3.21264
Chamfer dist.              p2pt: 3.50196
CD-PSNR (dB)               p2pt: 54.8692
Hausdorff distance         p2pt: 209


----------------------------------------
Y-CPSNR (dB)                   : 31.0194
U-CPSNR (dB)                   : 42.2067
V-CPSNR (dB)                   : 41.6428

