PCC-Arena Evaluator 0.6.5
Reference Point Cloud: /temp/pranav/dynamic_pc_data/soldier/Ply/soldier_vox10_0611.ply
Target Point Cloud: /temp/pranav/dynamic_pc_data/soldier/experiments/3DD_4_noQuantize_OM=4/decompressed/soldier_dec_0611.ply

========== Time & Binary Size ==========
Encoding time (s)           : -1
Decoding time (s)           : -1
Source point cloud size (kB): 23512.857
Total binary files size (kB): 13027.259
Compression ratio           : 0.5540483234342811
bpp (bits per point)        : 98.17066110525518

========== Point-based Metrics =========
Asym. Chamfer dist. (1->2) p2pt: 0.52343
Asym. Chamfer dist. (2->1) p2pt: 0.394698
Chamfer dist.              p2pt: 0.459064
CD-PSNR (dB)               p2pt: 63.6707
Hausdorff distance         p2pt: 74


----------------------------------------
Y-CPSNR (dB)                   : 32.655
U-CPSNR (dB)                   : 44.9886
V-CPSNR (dB)                   : 45.2837

