PCC-Arena Evaluator 0.6.5
Reference Point Cloud: /temp/pranav/dynamic_pc_data/soldier/Ply/soldier_vox10_0662.ply
Target Point Cloud: /temp/pranav/dynamic_pc_data/soldier/experiments/3DD_4_noQuantize_OM=4/decompressed/soldier_dec_0662.ply

========== Time & Binary Size ==========
Encoding time (s)           : -1
Decoding time (s)           : -1
Source point cloud size (kB): 23190.208
Total binary files size (kB): 13027.259
Compression ratio           : 0.5617568846299266
bpp (bits per point)        : 99.77671125203803

========== Point-based Metrics =========
Asym. Chamfer dist. (1->2) p2pt: 0.525293
Asym. Chamfer dist. (2->1) p2pt: 0.411251
Chamfer dist.              p2pt: 0.468272
CD-PSNR (dB)               p2pt: 63.5612
Hausdorff distance         p2pt: 98


----------------------------------------
Y-CPSNR (dB)                   : 32.6995
U-CPSNR (dB)                   : 44.7412
V-CPSNR (dB)                   : 45.2743

