PCC-Arena Evaluator 0.6.5
Reference Point Cloud: /temp/pranav/dynamic_pc_data/soldier/Ply/soldier_vox10_0721.ply
Target Point Cloud: /temp/pranav/dynamic_pc_data/soldier/experiments/3DD_4_noQuantize_OM=4/decompressed/soldier_dec_0721.ply

========== Time & Binary Size ==========
Encoding time (s)           : -1
Decoding time (s)           : -1
Source point cloud size (kB): 24228.207
Total binary files size (kB): 13027.259
Compression ratio           : 0.537689767963432
bpp (bits per point)        : 95.51581694937623

========== Point-based Metrics =========
Asym. Chamfer dist. (1->2) p2pt: 0.536247
Asym. Chamfer dist. (2->1) p2pt: 0.398566
Chamfer dist.              p2pt: 0.467406
CD-PSNR (dB)               p2pt: 63.3438
Hausdorff distance         p2pt: 84


----------------------------------------
Y-CPSNR (dB)                   : 32.5964
U-CPSNR (dB)                   : 44.8632
V-CPSNR (dB)                   : 45.3015

