PCC-Arena Evaluator 0.6.5
Reference Point Cloud: /temp/pranav/dynamic_pc_data/soldier/Ply/soldier_vox10_0552.ply
Target Point Cloud: /temp/pranav/dynamic_pc_data/soldier/experiments/3DD_4_noQuantize_OM=4/decompressed/soldier_dec_0552.ply

========== Time & Binary Size ==========
Encoding time (s)           : -1
Decoding time (s)           : -1
Source point cloud size (kB): 23482.951
Total binary files size (kB): 13027.259
Compression ratio           : 0.5547539148721129
bpp (bits per point)        : 98.28490701804186

========== Point-based Metrics =========
Asym. Chamfer dist. (1->2) p2pt: 0.509221
Asym. Chamfer dist. (2->1) p2pt: 0.392525
Chamfer dist.              p2pt: 0.450873
CD-PSNR (dB)               p2pt: 63.7625
Hausdorff distance         p2pt: 58


----------------------------------------
Y-CPSNR (dB)                   : 32.7214
U-CPSNR (dB)                   : 44.7512
V-CPSNR (dB)                   : 45.244

