PCC-Arena Evaluator 0.6.5
Reference Point Cloud: /temp/pranav/dynamic_pc_data/loot/Ply/loot_vox10_1163.ply
Target Point Cloud: /temp/pranav/dynamic_pc_data/loot/experiments/3DD_4_noQuantize_OM=1/decompressed/loot_dec_1163.ply

========== Time & Binary Size ==========
Encoding time (s)           : -1
Decoding time (s)           : -1
Source point cloud size (kB): 17216.949
Total binary files size (kB): 34212.856
Compression ratio           : 1.9871613722036348
bpp (bits per point)        : 345.1995414203609

========== Point-based Metrics =========
Asym. Chamfer dist. (1->2) p2pt: 0.883968
Asym. Chamfer dist. (2->1) p2pt: 0.260425
Chamfer dist.              p2pt: 0.572196
CD-PSNR (dB)               p2pt: 62.526
Hausdorff distance         p2pt: 49


----------------------------------------
Y-CPSNR (dB)                   : 34.9498
U-CPSNR (dB)                   : 46.3871
V-CPSNR (dB)                   : 45.9992

