PCC-Arena Evaluator 0.6.5
Reference Point Cloud: /temp/pranav/dynamic_pc_data/loot/Ply/loot_vox10_1112.ply
Target Point Cloud: /temp/pranav/dynamic_pc_data/loot/experiments/3DD_4_noQuantize_OM=1/decompressed/loot_dec_1112.ply

========== Time & Binary Size ==========
Encoding time (s)           : -1
Decoding time (s)           : -1
Source point cloud size (kB): 16587.77
Total binary files size (kB): 34212.856
Compression ratio           : 2.0625349881267945
bpp (bits per point)        : 349.3233102282894

========== Point-based Metrics =========
Asym. Chamfer dist. (1->2) p2pt: 0.900187
Asym. Chamfer dist. (2->1) p2pt: 0.249325
Chamfer dist.              p2pt: 0.574756
CD-PSNR (dB)               p2pt: 62.6465
Hausdorff distance         p2pt: 54


----------------------------------------
Y-CPSNR (dB)                   : 35.7187
U-CPSNR (dB)                   : 46.526
V-CPSNR (dB)                   : 46.3596

