PCC-Arena Evaluator 0.6.5
Reference Point Cloud: /temp/pranav/dynamic_pc_data/loot/Ply/loot_vox10_1096.ply
Target Point Cloud: /temp/pranav/dynamic_pc_data/loot/experiments/3DD_4_noQuantize_OM=1/decompressed/loot_dec_1096.ply

========== Time & Binary Size ==========
Encoding time (s)           : -1
Decoding time (s)           : -1
Source point cloud size (kB): 16573.831
Total binary files size (kB): 34212.856
Compression ratio           : 2.064269630841536
bpp (bits per point)        : 349.6468412029668

========== Point-based Metrics =========
Asym. Chamfer dist. (1->2) p2pt: 0.925
Asym. Chamfer dist. (2->1) p2pt: 0.254652
Chamfer dist.              p2pt: 0.589826
CD-PSNR (dB)               p2pt: 62.6289
Hausdorff distance         p2pt: 52


----------------------------------------
Y-CPSNR (dB)                   : 35.9665
U-CPSNR (dB)                   : 46.5958
V-CPSNR (dB)                   : 46.4622

