PCC-Arena Evaluator 0.6.5
Reference Point Cloud: /temp/pranav/dynamic_pc_data/loot/Ply/loot_vox10_1211.ply
Target Point Cloud: /temp/pranav/dynamic_pc_data/loot/experiments/3DD_4_noQuantize_OM=1/decompressed/loot_dec_1211.ply

========== Time & Binary Size ==========
Encoding time (s)           : -1
Decoding time (s)           : -1
Source point cloud size (kB): 17536.009
Total binary files size (kB): 34212.856
Compression ratio           : 1.9510058417511078
bpp (bits per point)        : 339.9131758762267

========== Point-based Metrics =========
Asym. Chamfer dist. (1->2) p2pt: 0.899665
Asym. Chamfer dist. (2->1) p2pt: 0.299549
Chamfer dist.              p2pt: 0.599607
CD-PSNR (dB)               p2pt: 62.3654
Hausdorff distance         p2pt: 89


----------------------------------------
Y-CPSNR (dB)                   : 34.603
U-CPSNR (dB)                   : 46.1762
V-CPSNR (dB)                   : 46.1823

