PCC-Arena Evaluator 0.6.5
Reference Point Cloud: /temp/pranav/dynamic_pc_data/loot/Ply/loot_vox10_1011.ply
Target Point Cloud: /temp/pranav/dynamic_pc_data/loot/experiments/3DD_4_noQuantize_OM=1/decompressed/loot_dec_1011.ply

========== Time & Binary Size ==========
Encoding time (s)           : -1
Decoding time (s)           : -1
Source point cloud size (kB): 16940.235
Total binary files size (kB): 34212.856
Compression ratio           : 2.019621097346052
bpp (bits per point)        : 350.90738551717595

========== Point-based Metrics =========
Asym. Chamfer dist. (1->2) p2pt: 0.870752
Asym. Chamfer dist. (2->1) p2pt: 0.246014
Chamfer dist.              p2pt: 0.558383
CD-PSNR (dB)               p2pt: 62.7277
Hausdorff distance         p2pt: 107


----------------------------------------
Y-CPSNR (dB)                   : 34.9251
U-CPSNR (dB)                   : 46.4014
V-CPSNR (dB)                   : 46.3332

