PCC-Arena Evaluator 0.6.5
Reference Point Cloud: /temp/pranav/dynamic_pc_data/loot/Ply/loot_vox10_1178.ply
Target Point Cloud: /temp/pranav/dynamic_pc_data/loot/experiments/3DD_4_noQuantize_OM=1/decompressed/loot_dec_1178.ply

========== Time & Binary Size ==========
Encoding time (s)           : -1
Decoding time (s)           : -1
Source point cloud size (kB): 17072.641
Total binary files size (kB): 34212.856
Compression ratio           : 2.0039580285206022
bpp (bits per point)        : 347.9064158004052

========== Point-based Metrics =========
Asym. Chamfer dist. (1->2) p2pt: 0.897943
Asym. Chamfer dist. (2->1) p2pt: 0.268682
Chamfer dist.              p2pt: 0.583312
CD-PSNR (dB)               p2pt: 62.4586
Hausdorff distance         p2pt: 49


----------------------------------------
Y-CPSNR (dB)                   : 34.8142
U-CPSNR (dB)                   : 46.2883
V-CPSNR (dB)                   : 46.0274

