PCC-Arena Evaluator 0.6.5
Reference Point Cloud: /temp/pranav/dynamic_pc_data/loot/Ply/loot_vox10_1228.ply
Target Point Cloud: /temp/pranav/dynamic_pc_data/loot/experiments/3DD_4_noQuantize_OM=1/decompressed/loot_dec_1228.ply

========== Time & Binary Size ==========
Encoding time (s)           : -1
Decoding time (s)           : -1
Source point cloud size (kB): 17622.435
Total binary files size (kB): 34212.856
Compression ratio           : 1.9414374914703898
bpp (bits per point)        : 338.2914887884174

========== Point-based Metrics =========
Asym. Chamfer dist. (1->2) p2pt: 0.894676
Asym. Chamfer dist. (2->1) p2pt: 0.31057
Chamfer dist.              p2pt: 0.602623
CD-PSNR (dB)               p2pt: 62.3483
Hausdorff distance         p2pt: 101


----------------------------------------
Y-CPSNR (dB)                   : 34.617
U-CPSNR (dB)                   : 46.2777
V-CPSNR (dB)                   : 46.2596

