PCC-Arena Evaluator 0.6.5
Reference Point Cloud: /temp/pranav/dynamic_pc_data/loot/Ply/loot_vox10_1283.ply
Target Point Cloud: /temp/pranav/dynamic_pc_data/loot/experiments/vanilla_r1/decompressed/loot_dec_1283.ply

========== Time & Binary Size ==========
Encoding time (s)           : -1
Decoding time (s)           : -1
Source point cloud size (kB): 17609.546
Total binary files size (kB): 2873.752
Compression ratio           : 0.16319285005984824
bpp (bits per point)        : 28.406127020645396

========== Point-based Metrics =========
Asym. Chamfer dist. (1->2) p2pt: 0.736289
Asym. Chamfer dist. (2->1) p2pt: 0.671481
Chamfer dist.              p2pt: 0.703885
CD-PSNR (dB)               p2pt: 61.5495
Hausdorff distance         p2pt: 144


----------------------------------------
Y-CPSNR (dB)                   : 32.5463
U-CPSNR (dB)                   : 44.1083
V-CPSNR (dB)                   : 43.9865

