PCC-Arena Evaluator 0.6.5
Reference Point Cloud: /home/p/pranav/dynamic_pc_data/loot/Ply/loot_vox10_1202.ply
Target Point Cloud: /home/p/pranav/dynamic_pc_data/loot/experiments/vanilla_r1/decompressed/loot_dec_1202.ply

========== Time & Binary Size ==========
Encoding time (s)           : -1
Decoding time (s)           : -1
Source point cloud size (kB): 17460.017
Total binary files size (kB): 2873.752
Compression ratio           : 0.16459044684778942
bpp (bits per point)        : 28.664568672727906

========== Point-based Metrics =========
Asym. Chamfer dist. (1->2) p2pt: 0.753525
Asym. Chamfer dist. (2->1) p2pt: 0.640802
Chamfer dist.              p2pt: 0.697163
CD-PSNR (dB)               p2pt: 61.4628
Hausdorff distance         p2pt: 110


----------------------------------------
Y-CPSNR (dB)                   : 32.4178
U-CPSNR (dB)                   : 44.142
V-CPSNR (dB)                   : 43.8835

