PCC-Arena Evaluator 0.6.5
Reference Point Cloud: /temp/pranav/dynamic_pc_data/loot/Ply/loot_vox10_1040.ply
Target Point Cloud: /temp/pranav/dynamic_pc_data/loot/experiments/vanilla_r1/decompressed/loot_dec_1040.ply

========== Time & Binary Size ==========
Encoding time (s)           : -1
Decoding time (s)           : -1
Source point cloud size (kB): 17193.515
Total binary files size (kB): 2861.034
Compression ratio           : 0.16640192537709714
bpp (bits per point)        : 28.991615989785668

========== Point-based Metrics =========
Asym. Chamfer dist. (1->2) p2pt: 0.721062
Asym. Chamfer dist. (2->1) p2pt: 0.656074
Chamfer dist.              p2pt: 0.688568
CD-PSNR (dB)               p2pt: 61.8027
Hausdorff distance         p2pt: 83


----------------------------------------
Y-CPSNR (dB)                   : 32.2716
U-CPSNR (dB)                   : 44.081
V-CPSNR (dB)                   : 43.9

