PCC-Arena Evaluator 0.6.5
Reference Point Cloud: /temp/pranav/dynamic_pc_data/soldier/Ply/soldier_vox10_0831.ply
Target Point Cloud: /temp/pranav/dynamic_pc_data/soldier/experiments/2DD_lodX=1_lodY=2_OM=1/decompressed/soldier_dec_0831.ply

========== Time & Binary Size ==========
Encoding time (s)           : -1
Decoding time (s)           : -1
Source point cloud size (kB): 24055.992
Total binary files size (kB): 16753.406
Compression ratio           : 0.6964338032703037
bpp (bits per point)        : 123.09188778138915

========== Point-based Metrics =========
Asym. Chamfer dist. (1->2) p2pt: 0.58783
Asym. Chamfer dist. (2->1) p2pt: 0.337217
Chamfer dist.              p2pt: 0.462523
CD-PSNR (dB)               p2pt: 63.3318
Hausdorff distance         p2pt: 40


----------------------------------------
Y-CPSNR (dB)                   : 33.7096
U-CPSNR (dB)                   : 44.7659
V-CPSNR (dB)                   : 45.1629

