PCC-Arena Evaluator 0.6.5
Reference Point Cloud: /temp/pranav/dynamic_pc_data/soldier/Ply/soldier_vox10_0815.ply
Target Point Cloud: /temp/pranav/dynamic_pc_data/soldier/experiments/2DD_lodX=1_lodY=2_OM=1/decompressed/soldier_dec_0815.ply

========== Time & Binary Size ==========
Encoding time (s)           : -1
Decoding time (s)           : -1
Source point cloud size (kB): 24037.373
Total binary files size (kB): 16753.406
Compression ratio           : 0.6969732507791097
bpp (bits per point)        : 123.25013311066989

========== Point-based Metrics =========
Asym. Chamfer dist. (1->2) p2pt: 0.5902
Asym. Chamfer dist. (2->1) p2pt: 0.340569
Chamfer dist.              p2pt: 0.465385
CD-PSNR (dB)               p2pt: 63.305
Hausdorff distance         p2pt: 41


----------------------------------------
Y-CPSNR (dB)                   : 33.5461
U-CPSNR (dB)                   : 44.7227
V-CPSNR (dB)                   : 45.0314

