PCC-Arena Evaluator 0.6.5
Reference Point Cloud: /home/p/pranav/dynamic_pc_data/soldier/Ply/soldier_vox10_0772.ply
Target Point Cloud: /home/p/pranav/dynamic_pc_data/soldier/experiments/2DD_lodX=1_lodY=2_OM=1/decompressed/soldier_dec_0772.ply

========== Time & Binary Size ==========
Encoding time (s)           : -1
Decoding time (s)           : -1
Source point cloud size (kB): 24387.369
Total binary files size (kB): 16753.406
Compression ratio           : 0.6869706199139398
bpp (bits per point)        : 121.75683743679468

========== Point-based Metrics =========
Asym. Chamfer dist. (1->2) p2pt: 0.638701
Asym. Chamfer dist. (2->1) p2pt: 0.345831
Chamfer dist.              p2pt: 0.492266
CD-PSNR (dB)               p2pt: 62.993
Hausdorff distance         p2pt: 40


----------------------------------------
Y-CPSNR (dB)                   : 33.6481
U-CPSNR (dB)                   : 44.5855
V-CPSNR (dB)                   : 45.0446

