PCC-Arena Evaluator 0.6.5
Reference Point Cloud: /home/p/pranav/dynamic_pc_data/soldier/Ply/soldier_vox10_0720.ply
Target Point Cloud: /home/p/pranav/dynamic_pc_data/soldier/experiments/2DD_lodX=1_lodY=2_OM=1/decompressed/soldier_dec_0720.ply

========== Time & Binary Size ==========
Encoding time (s)           : -1
Decoding time (s)           : -1
Source point cloud size (kB): 24262.784
Total binary files size (kB): 16753.406
Compression ratio           : 0.6904980895844434
bpp (bits per point)        : 122.66806272372072

========== Point-based Metrics =========
Asym. Chamfer dist. (1->2) p2pt: 0.653521
Asym. Chamfer dist. (2->1) p2pt: 0.346026
Chamfer dist.              p2pt: 0.499774
CD-PSNR (dB)               p2pt: 63.0614
Hausdorff distance         p2pt: 37


----------------------------------------
Y-CPSNR (dB)                   : 33.1204
U-CPSNR (dB)                   : 44.5336
V-CPSNR (dB)                   : 44.8614

