PCC-Arena Evaluator 0.6.5
Reference Point Cloud: /temp/pranav/dynamic_pc_data/soldier/Ply/soldier_vox10_0691.ply
Target Point Cloud: /temp/pranav/dynamic_pc_data/soldier/experiments/2DD_lodX=1_lodY=2_OM=1/decompressed/soldier_dec_0691.ply

========== Time & Binary Size ==========
Encoding time (s)           : -1
Decoding time (s)           : -1
Source point cloud size (kB): 24296.878
Total binary files size (kB): 16753.406
Compression ratio           : 0.6895291650227654
bpp (bits per point)        : 122.92311163368288

========== Point-based Metrics =========
Asym. Chamfer dist. (1->2) p2pt: 0.649775
Asym. Chamfer dist. (2->1) p2pt: 0.348308
Chamfer dist.              p2pt: 0.499041
CD-PSNR (dB)               p2pt: 63.1165
Hausdorff distance         p2pt: 40


----------------------------------------
Y-CPSNR (dB)                   : 33.3395
U-CPSNR (dB)                   : 44.4784
V-CPSNR (dB)                   : 45.0723

