PCC-Arena Evaluator 0.6.5
Reference Point Cloud: /home/p/pranav/dynamic_pc_data/soldier/Ply/soldier_vox10_0592.ply
Target Point Cloud: /home/p/pranav/dynamic_pc_data/soldier/experiments/2DD_lodX=1_lodY=2_OM=1/decompressed/soldier_dec_0592.ply

========== Time & Binary Size ==========
Encoding time (s)           : -1
Decoding time (s)           : -1
Source point cloud size (kB): 23526.107
Total binary files size (kB): 16753.406
Compression ratio           : 0.7121197740025581
bpp (bits per point)        : 126.18319581533547

========== Point-based Metrics =========
Asym. Chamfer dist. (1->2) p2pt: 0.629361
Asym. Chamfer dist. (2->1) p2pt: 0.347933
Chamfer dist.              p2pt: 0.488647
CD-PSNR (dB)               p2pt: 63.4036
Hausdorff distance         p2pt: 43


----------------------------------------
Y-CPSNR (dB)                   : 33.1582
U-CPSNR (dB)                   : 44.2016
V-CPSNR (dB)                   : 44.5992

