PCC-Arena Evaluator 0.6.5
Reference Point Cloud: /temp/pranav/dynamic_pc_data/soldier/Ply/soldier_vox10_0739.ply
Target Point Cloud: /temp/pranav/dynamic_pc_data/soldier/experiments/2DD_lodX=1_lodY=2_OM=1/decompressed/soldier_dec_0739.ply

========== Time & Binary Size ==========
Encoding time (s)           : -1
Decoding time (s)           : -1
Source point cloud size (kB): 24180.512
Total binary files size (kB): 16753.406
Compression ratio           : 0.6928474467372734
bpp (bits per point)        : 122.99609704438062

========== Point-based Metrics =========
Asym. Chamfer dist. (1->2) p2pt: 0.635616
Asym. Chamfer dist. (2->1) p2pt: 0.346413
Chamfer dist.              p2pt: 0.491015
CD-PSNR (dB)               p2pt: 62.9964
Hausdorff distance         p2pt: 33


----------------------------------------
Y-CPSNR (dB)                   : 33.0392
U-CPSNR (dB)                   : 44.3322
V-CPSNR (dB)                   : 44.6595

