PCC-Arena Evaluator 0.6.5
Reference Point Cloud: /temp/pranav/dynamic_pc_data/longdress/Ply/longdress_vox10_1184.ply
Target Point Cloud: /temp/pranav/dynamic_pc_data/longdress/experiments/vanilla_rc_OM=4_GQP=36_AQP=46/decompressed/longdress_dec_1184.ply

========== Time & Binary Size ==========
Encoding time (s)           : -1
Decoding time (s)           : -1
Source point cloud size (kB): 20004.665
Total binary files size (kB): 3876.66
Compression ratio           : 0.1937877989958842
bpp (bits per point)        : 35.23271467700323

========== Point-based Metrics =========
Asym. Chamfer dist. (1->2) p2pt: 1.11903
Asym. Chamfer dist. (2->1) p2pt: 1.01777
Chamfer dist.              p2pt: 1.0684
CD-PSNR (dB)               p2pt: 59.7815
Hausdorff distance         p2pt: 161


----------------------------------------
Y-CPSNR (dB)                   : 25.205
U-CPSNR (dB)                   : 31.656
V-CPSNR (dB)                   : 31.0729

