PCC-Arena Evaluator 0.6.5
Reference Point Cloud: /temp/pranav/dynamic_pc_data/longdress/Ply/longdress_vox10_1321.ply
Target Point Cloud: /temp/pranav/dynamic_pc_data/longdress/experiments/vanilla_rc_OM=4_GQP=36_AQP=46/decompressed/longdress_dec_1321.ply

========== Time & Binary Size ==========
Encoding time (s)           : -1
Decoding time (s)           : -1
Source point cloud size (kB): 18371.587
Total binary files size (kB): 3876.66
Compression ratio           : 0.21101388791289505
bpp (bits per point)        : 38.07478122513922

========== Point-based Metrics =========
Asym. Chamfer dist. (1->2) p2pt: 1.22879
Asym. Chamfer dist. (2->1) p2pt: 1.08037
Chamfer dist.              p2pt: 1.15458
CD-PSNR (dB)               p2pt: 59.2713
Hausdorff distance         p2pt: 350


----------------------------------------
Y-CPSNR (dB)                   : 25.4428
U-CPSNR (dB)                   : 31.9283
V-CPSNR (dB)                   : 31.2009

