PCC-Arena Evaluator 0.6.5
Reference Point Cloud: /temp/pranav/dynamic_pc_data/longdress/Ply/longdress_vox10_1263.ply
Target Point Cloud: /temp/pranav/dynamic_pc_data/longdress/experiments/vanilla_rc_OM=4_GQP=36_AQP=46/decompressed/longdress_dec_1263.ply

========== Time & Binary Size ==========
Encoding time (s)           : -1
Decoding time (s)           : -1
Source point cloud size (kB): 18441.555
Total binary files size (kB): 3876.66
Compression ratio           : 0.21021329275107223
bpp (bits per point)        : 38.38467250854003

========== Point-based Metrics =========
Asym. Chamfer dist. (1->2) p2pt: 1.19629
Asym. Chamfer dist. (2->1) p2pt: 1.06398
Chamfer dist.              p2pt: 1.13014
CD-PSNR (dB)               p2pt: 59.5124
Hausdorff distance         p2pt: 130


----------------------------------------
Y-CPSNR (dB)                   : 25.855
U-CPSNR (dB)                   : 32.153
V-CPSNR (dB)                   : 31.5529

