PCC-Arena Evaluator 0.6.5
Reference Point Cloud: /temp/pranav/dynamic_pc_data/longdress/Ply/longdress_vox10_1107.ply
Target Point Cloud: /temp/pranav/dynamic_pc_data/longdress/experiments/vanilla_rc_OM=4_GQP=36_AQP=46/decompressed/longdress_dec_1107.ply

========== Time & Binary Size ==========
Encoding time (s)           : -1
Decoding time (s)           : -1
Source point cloud size (kB): 19350.556
Total binary files size (kB): 3876.66
Compression ratio           : 0.20033842955210174
bpp (bits per point)        : 36.413898047172204

========== Point-based Metrics =========
Asym. Chamfer dist. (1->2) p2pt: 1.23966
Asym. Chamfer dist. (2->1) p2pt: 1.15582
Chamfer dist.              p2pt: 1.19774
CD-PSNR (dB)               p2pt: 59.2251
Hausdorff distance         p2pt: 225


----------------------------------------
Y-CPSNR (dB)                   : 25.4758
U-CPSNR (dB)                   : 32.0604
V-CPSNR (dB)                   : 31.4671

