PCC-Arena Evaluator 0.6.5
Reference Point Cloud: /home/p/pranav/dynamic_pc_data/longdress/Ply/longdress_vox10_1293.ply
Target Point Cloud: /home/p/pranav/dynamic_pc_data/longdress/experiments/vanilla_rc_OM=4_GQP=36_AQP=46/decompressed/longdress_dec_1293.ply

========== Time & Binary Size ==========
Encoding time (s)           : -1
Decoding time (s)           : -1
Source point cloud size (kB): 19494.488
Total binary files size (kB): 3876.66
Compression ratio           : 0.19885928781509932
bpp (bits per point)        : 36.0108683031049

========== Point-based Metrics =========
Asym. Chamfer dist. (1->2) p2pt: 1.1342
Asym. Chamfer dist. (2->1) p2pt: 1.06084
Chamfer dist.              p2pt: 1.09752
CD-PSNR (dB)               p2pt: 59.771
Hausdorff distance         p2pt: 165


----------------------------------------
Y-CPSNR (dB)                   : 25.5662
U-CPSNR (dB)                   : 31.9517
V-CPSNR (dB)                   : 31.0329

