PCC-Arena Evaluator 0.6.5
Reference Point Cloud: /temp/pranav/dynamic_pc_data/loot/Ply/loot_vox10_1184.ply
Target Point Cloud: /temp/pranav/dynamic_pc_data/loot/experiments/2DD_INT_lodX=2_lodY=1_OM=4_r1/decompressed/loot_dec_1184.ply

========== Time & Binary Size ==========
Encoding time (s)           : -1
Decoding time (s)           : -1
Source point cloud size (kB): 17449.872
Total binary files size (kB): 2502.36
Compression ratio           : 0.1434027710919599
bpp (bits per point)        : 24.942598910039646

========== Point-based Metrics =========
Asym. Chamfer dist. (1->2) p2pt: 0.955263
Asym. Chamfer dist. (2->1) p2pt: 0.991127
Chamfer dist.              p2pt: 0.973195
CD-PSNR (dB)               p2pt: 60.1184
Hausdorff distance         p2pt: 180


----------------------------------------
Y-CPSNR (dB)                   : 31.9647
U-CPSNR (dB)                   : 43.8961
V-CPSNR (dB)                   : 43.4131

