PCC-Arena Evaluator 0.6.5
Reference Point Cloud: /temp/pranav/dynamic_pc_data/soldier/Ply/soldier_vox10_0757.ply
Target Point Cloud: /temp/pranav/dynamic_pc_data/soldier/experiments/2DD_lodX=2_lodY=1_OM=4/decompressed/soldier_dec_0757.ply

========== Time & Binary Size ==========
Encoding time (s)           : -1
Decoding time (s)           : -1
Source point cloud size (kB): 24168.194
Total binary files size (kB): 13288.408
Compression ratio           : 0.5498304093388194
bpp (bits per point)        : 97.6123466130922

========== Point-based Metrics =========
Asym. Chamfer dist. (1->2) p2pt: 0.571619
Asym. Chamfer dist. (2->1) p2pt: 0.453755
Chamfer dist.              p2pt: 0.512687
CD-PSNR (dB)               p2pt: 62.9069
Hausdorff distance         p2pt: 425


----------------------------------------
Y-CPSNR (dB)                   : 33.4271
U-CPSNR (dB)                   : 44.6585
V-CPSNR (dB)                   : 44.9571

