PCC-Arena Evaluator 0.6.5
Reference Point Cloud: /home/p/pranav/dynamic_pc_data/soldier/Ply/soldier_vox10_0753.ply
Target Point Cloud: /home/p/pranav/dynamic_pc_data/soldier/experiments/2DD_lodX=2_lodY=1_OM=4/decompressed/soldier_dec_0753.ply

========== Time & Binary Size ==========
Encoding time (s)           : -1
Decoding time (s)           : -1
Source point cloud size (kB): 24190.333
Total binary files size (kB): 13288.408
Compression ratio           : 0.5493272043836684
bpp (bits per point)        : 97.52870524123632

========== Point-based Metrics =========
Asym. Chamfer dist. (1->2) p2pt: 0.595899
Asym. Chamfer dist. (2->1) p2pt: 0.453264
Chamfer dist.              p2pt: 0.524582
CD-PSNR (dB)               p2pt: 62.8134
Hausdorff distance         p2pt: 294


----------------------------------------
Y-CPSNR (dB)                   : 33.2878
U-CPSNR (dB)                   : 44.6691
V-CPSNR (dB)                   : 44.9055

