PCC-Arena Evaluator 0.6.5
Reference Point Cloud: /home/p/pranav/dynamic_pc_data/soldier/Ply/soldier_vox10_0688.ply
Target Point Cloud: /home/p/pranav/dynamic_pc_data/soldier/experiments/2DD_lodX=2_lodY=1_OM=4/decompressed/soldier_dec_0688.ply

========== Time & Binary Size ==========
Encoding time (s)           : -1
Decoding time (s)           : -1
Source point cloud size (kB): 24280.922
Total binary files size (kB): 13288.408
Compression ratio           : 0.5472777351700236
bpp (bits per point)        : 97.57140352793353

========== Point-based Metrics =========
Asym. Chamfer dist. (1->2) p2pt: 0.613289
Asym. Chamfer dist. (2->1) p2pt: 0.454065
Chamfer dist.              p2pt: 0.533677
CD-PSNR (dB)               p2pt: 62.8105
Hausdorff distance         p2pt: 57


----------------------------------------
Y-CPSNR (dB)                   : 33.8351
U-CPSNR (dB)                   : 44.5722
V-CPSNR (dB)                   : 44.8332

