PCC-Arena Evaluator 0.6.5
Reference Point Cloud: /home/p/pranav/dynamic_pc_data/soldier/Ply/soldier_vox10_0780.ply
Target Point Cloud: /home/p/pranav/dynamic_pc_data/soldier/experiments/2DD_lodX=2_lodY=1_OM=4/decompressed/soldier_dec_0780.ply

========== Time & Binary Size ==========
Encoding time (s)           : -1
Decoding time (s)           : -1
Source point cloud size (kB): 24185.752
Total binary files size (kB): 13288.408
Compression ratio           : 0.5494312519205522
bpp (bits per point)        : 97.32486063720998

========== Point-based Metrics =========
Asym. Chamfer dist. (1->2) p2pt: 0.552992
Asym. Chamfer dist. (2->1) p2pt: 0.422151
Chamfer dist.              p2pt: 0.487571
CD-PSNR (dB)               p2pt: 63.0877
Hausdorff distance         p2pt: 173


----------------------------------------
Y-CPSNR (dB)                   : 33.9733
U-CPSNR (dB)                   : 44.6808
V-CPSNR (dB)                   : 45.2938

