PCC-Arena Evaluator 0.6.5
Reference Point Cloud: /temp/pranav/dynamic_pc_data/soldier/Ply/soldier_vox10_0594.ply
Target Point Cloud: /temp/pranav/dynamic_pc_data/soldier/experiments/2DD_lodX=2_lodY=1_OM=4/decompressed/soldier_dec_0594.ply

========== Time & Binary Size ==========
Encoding time (s)           : -1
Decoding time (s)           : -1
Source point cloud size (kB): 23505.549
Total binary files size (kB): 13288.408
Compression ratio           : 0.5653306800024114
bpp (bits per point)        : 100.1679691695955

========== Point-based Metrics =========
Asym. Chamfer dist. (1->2) p2pt: 0.576008
Asym. Chamfer dist. (2->1) p2pt: 0.504865
Chamfer dist.              p2pt: 0.540437
CD-PSNR (dB)               p2pt: 62.9677
Hausdorff distance         p2pt: 3857


----------------------------------------
Y-CPSNR (dB)                   : 33.4274
U-CPSNR (dB)                   : 44.4242
V-CPSNR (dB)                   : 44.9902

