PCC-Arena Evaluator 0.6.5
Reference Point Cloud: /home/p/pranav/dynamic_pc_data/soldier/Ply/soldier_vox10_0713.ply
Target Point Cloud: /home/p/pranav/dynamic_pc_data/soldier/experiments/2DD_lodX=2_lodY=1_OM=4/decompressed/soldier_dec_0713.ply

========== Time & Binary Size ==========
Encoding time (s)           : -1
Decoding time (s)           : -1
Source point cloud size (kB): 24120.693
Total binary files size (kB): 13288.408
Compression ratio           : 0.5509131930828024
bpp (bits per point)        : 98.0031620684537

========== Point-based Metrics =========
Asym. Chamfer dist. (1->2) p2pt: 0.559576
Asym. Chamfer dist. (2->1) p2pt: 0.437084
Chamfer dist.              p2pt: 0.49833
CD-PSNR (dB)               p2pt: 63.1863
Hausdorff distance         p2pt: 578


----------------------------------------
Y-CPSNR (dB)                   : 34.0649
U-CPSNR (dB)                   : 44.7174
V-CPSNR (dB)                   : 45.1157

