PCC-Arena Evaluator 0.6.5
Reference Point Cloud: /temp/pranav/dynamic_pc_data/loot/Ply/loot_vox10_1125.ply
Target Point Cloud: /temp/pranav/dynamic_pc_data/loot/experiments/vanilla_r2/decompressed/loot_dec_1125.ply

========== Time & Binary Size ==========
Encoding time (s)           : -1
Decoding time (s)           : -1
Source point cloud size (kB): 16460.886
Total binary files size (kB): 4383.28
Compression ratio           : 0.26628457301751557
bpp (bits per point)        : 45.17221256790407

========== Point-based Metrics =========
Asym. Chamfer dist. (1->2) p2pt: 0.471273
Asym. Chamfer dist. (2->1) p2pt: 0.446688
Chamfer dist.              p2pt: 0.45898
CD-PSNR (dB)               p2pt: 63.507
Hausdorff distance         p2pt: 49


----------------------------------------
Y-CPSNR (dB)                   : 35.0631
U-CPSNR (dB)                   : 45.8684
V-CPSNR (dB)                   : 45.4678

