PCC-Arena Evaluator 0.6.5
Reference Point Cloud: /temp/pranav/dynamic_pc_data/loot/Ply/loot_vox10_1119.ply
Target Point Cloud: /temp/pranav/dynamic_pc_data/loot/experiments/vanilla_r2/decompressed/loot_dec_1119.ply

========== Time & Binary Size ==========
Encoding time (s)           : -1
Decoding time (s)           : -1
Source point cloud size (kB): 16609.846
Total binary files size (kB): 4383.28
Compression ratio           : 0.2638964864574903
bpp (bits per point)        : 44.68505572532119

========== Point-based Metrics =========
Asym. Chamfer dist. (1->2) p2pt: 0.47903
Asym. Chamfer dist. (2->1) p2pt: 0.45782
Chamfer dist.              p2pt: 0.468425
CD-PSNR (dB)               p2pt: 63.5745
Hausdorff distance         p2pt: 233


----------------------------------------
Y-CPSNR (dB)                   : 34.5652
U-CPSNR (dB)                   : 45.533
V-CPSNR (dB)                   : 45.3337

