PCC-Arena Evaluator 0.6.5
Reference Point Cloud: /temp/pranav/dynamic_pc_data/loot/Ply/loot_vox10_1203.ply
Target Point Cloud: /temp/pranav/dynamic_pc_data/loot/experiments/vanilla_r2/decompressed/loot_dec_1203.ply

========== Time & Binary Size ==========
Encoding time (s)           : -1
Decoding time (s)           : -1
Source point cloud size (kB): 17628.006
Total binary files size (kB): 4383.28
Compression ratio           : 0.24865432879929808
bpp (bits per point)        : 43.27947195110512

========== Point-based Metrics =========
Asym. Chamfer dist. (1->2) p2pt: 0.483669
Asym. Chamfer dist. (2->1) p2pt: 0.462696
Chamfer dist.              p2pt: 0.473182
CD-PSNR (dB)               p2pt: 63.173
Hausdorff distance         p2pt: 94


----------------------------------------
Y-CPSNR (dB)                   : 34.5277
U-CPSNR (dB)                   : 45.401
V-CPSNR (dB)                   : 45.1352

