PCC-Arena Evaluator 0.6.5
Reference Point Cloud: /temp/pranav/dynamic_pc_data/loot/Ply/loot_vox10_1084.ply
Target Point Cloud: /temp/pranav/dynamic_pc_data/loot/experiments/vanilla_r2/decompressed/loot_dec_1084.ply

========== Time & Binary Size ==========
Encoding time (s)           : -1
Decoding time (s)           : -1
Source point cloud size (kB): 16523.318
Total binary files size (kB): 4383.28
Compression ratio           : 0.2652784386283675
bpp (bits per point)        : 44.925327815821

========== Point-based Metrics =========
Asym. Chamfer dist. (1->2) p2pt: 0.476566
Asym. Chamfer dist. (2->1) p2pt: 0.437199
Chamfer dist.              p2pt: 0.456882
CD-PSNR (dB)               p2pt: 63.7071
Hausdorff distance         p2pt: 65


----------------------------------------
Y-CPSNR (dB)                   : 34.3897
U-CPSNR (dB)                   : 45.2431
V-CPSNR (dB)                   : 45.2399

