PCC-Arena Evaluator 0.6.5
Reference Point Cloud: /temp/pranav/dynamic_pc_data/loot/Ply/loot_vox10_1101.ply
Target Point Cloud: /temp/pranav/dynamic_pc_data/loot/experiments/vanilla_r2/decompressed/loot_dec_1101.ply

========== Time & Binary Size ==========
Encoding time (s)           : -1
Decoding time (s)           : -1
Source point cloud size (kB): 16504.733
Total binary files size (kB): 4383.28
Compression ratio           : 0.26557715292940515
bpp (bits per point)        : 44.93782101885361

========== Point-based Metrics =========
Asym. Chamfer dist. (1->2) p2pt: 0.474376
Asym. Chamfer dist. (2->1) p2pt: 0.438914
Chamfer dist.              p2pt: 0.456645
CD-PSNR (dB)               p2pt: 63.7374
Hausdorff distance         p2pt: 50


----------------------------------------
Y-CPSNR (dB)                   : 34.7136
U-CPSNR (dB)                   : 45.6236
V-CPSNR (dB)                   : 45.2009

