PCC-Arena Evaluator 0.6.5
Reference Point Cloud: /temp/pranav/dynamic_pc_data/loot/Ply/loot_vox10_1122.ply
Target Point Cloud: /temp/pranav/dynamic_pc_data/loot/experiments/vanilla_r2/decompressed/loot_dec_1122.ply

========== Time & Binary Size ==========
Encoding time (s)           : -1
Decoding time (s)           : -1
Source point cloud size (kB): 16682.393
Total binary files size (kB): 4383.28
Compression ratio           : 0.26274887541613484
bpp (bits per point)        : 44.48393357774423

========== Point-based Metrics =========
Asym. Chamfer dist. (1->2) p2pt: 0.472822
Asym. Chamfer dist. (2->1) p2pt: 0.441595
Chamfer dist.              p2pt: 0.457209
CD-PSNR (dB)               p2pt: 63.5265
Hausdorff distance         p2pt: 61


----------------------------------------
Y-CPSNR (dB)                   : 34.9638
U-CPSNR (dB)                   : 45.6736
V-CPSNR (dB)                   : 45.2738

