PCC-Arena Evaluator 0.6.5
Reference Point Cloud: /temp/pranav/dynamic_pc_data/loot/Ply/loot_vox10_1289.ply
Target Point Cloud: /temp/pranav/dynamic_pc_data/loot/experiments/vanilla_r2/decompressed/loot_dec_1289.ply

========== Time & Binary Size ==========
Encoding time (s)           : -1
Decoding time (s)           : -1
Source point cloud size (kB): 18178.866
Total binary files size (kB): 4383.28
Compression ratio           : 0.24111955058142787
bpp (bits per point)        : 41.97247497779661

========== Point-based Metrics =========
Asym. Chamfer dist. (1->2) p2pt: 0.497898
Asym. Chamfer dist. (2->1) p2pt: 0.491582
Chamfer dist.              p2pt: 0.49474
CD-PSNR (dB)               p2pt: 63.1852
Hausdorff distance         p2pt: 90


----------------------------------------
Y-CPSNR (dB)                   : 33.9927
U-CPSNR (dB)                   : 45.2063
V-CPSNR (dB)                   : 45.161

