PCC-Arena Evaluator 0.6.5
Reference Point Cloud: /temp/pranav/dynamic_pc_data/redandblack/Ply/redandblack_vox10_1553.ply
Target Point Cloud: /temp/pranav/dynamic_pc_data/redandblack/experiments/2DD_INT_lodX=2_lodY=2_OM=4_r1/decompressed/redandblack_dec_1553.ply

========== Time & Binary Size ==========
Encoding time (s)           : -1
Decoding time (s)           : -1
Source point cloud size (kB): 16551.093
Total binary files size (kB): 3300.722
Compression ratio           : 0.19942622520458317
bpp (bits per point)        : 34.33977496761843

========== Point-based Metrics =========
Asym. Chamfer dist. (1->2) p2pt: 1.3001
Asym. Chamfer dist. (2->1) p2pt: 1.52471
Chamfer dist.              p2pt: 1.4124
CD-PSNR (dB)               p2pt: 58.6705
Hausdorff distance         p2pt: 770


----------------------------------------
Y-CPSNR (dB)                   : 30.5227
U-CPSNR (dB)                   : 38.2598
V-CPSNR (dB)                   : 29.6171

