PCC-Arena Evaluator 0.6.5
Reference Point Cloud: /temp/pranav/dynamic_pc_data/redandblack/Ply/redandblack_vox10_1652.ply
Target Point Cloud: /temp/pranav/dynamic_pc_data/redandblack/experiments/2DD_INT_lodX=2_lodY=2_OM=4_r1/decompressed/redandblack_dec_1652.ply

========== Time & Binary Size ==========
Encoding time (s)           : -1
Decoding time (s)           : -1
Source point cloud size (kB): 16050.958
Total binary files size (kB): 3300.722
Compression ratio           : 0.20564018671035086
bpp (bits per point)        : 35.34635329519261

========== Point-based Metrics =========
Asym. Chamfer dist. (1->2) p2pt: 1.02717
Asym. Chamfer dist. (2->1) p2pt: 1.07823
Chamfer dist.              p2pt: 1.0527
CD-PSNR (dB)               p2pt: 59.3728
Hausdorff distance         p2pt: 194


----------------------------------------
Y-CPSNR (dB)                   : 31.6856
U-CPSNR (dB)                   : 38.9917
V-CPSNR (dB)                   : 30.9934

