PCC-Arena Evaluator 0.6.5
Reference Point Cloud: /temp/pranav/dynamic_pc_data/redandblack/Ply/redandblack_vox10_1660.ply
Target Point Cloud: /temp/pranav/dynamic_pc_data/redandblack/experiments/2DD_INT_lodX=2_lodY=2_OM=4_r1/decompressed/redandblack_dec_1660.ply

========== Time & Binary Size ==========
Encoding time (s)           : -1
Decoding time (s)           : -1
Source point cloud size (kB): 16346.966
Total binary files size (kB): 3300.722
Compression ratio           : 0.20191649019151323
bpp (bits per point)        : 34.73534692889625

========== Point-based Metrics =========
Asym. Chamfer dist. (1->2) p2pt: 1.26153
Asym. Chamfer dist. (2->1) p2pt: 1.34145
Chamfer dist.              p2pt: 1.30149
CD-PSNR (dB)               p2pt: 58.5942
Hausdorff distance         p2pt: 169


----------------------------------------
Y-CPSNR (dB)                   : 31.484
U-CPSNR (dB)                   : 38.9087
V-CPSNR (dB)                   : 29.9263

