PCC-Arena Evaluator 0.6.5
Reference Point Cloud: /temp/pranav/dynamic_pc_data/loot/Ply/loot_vox10_1163.ply
Target Point Cloud: /temp/pranav/dynamic_pc_data/loot/experiments/2DD_INT_lodX=2_lodY=2_OM=4_r1/decompressed/loot_dec_1163.ply

========== Time & Binary Size ==========
Encoding time (s)           : -1
Decoding time (s)           : -1
Source point cloud size (kB): 17216.949
Total binary files size (kB): 2170.136
Compression ratio           : 0.1260464905832038
bpp (bits per point)        : 21.896153656970828

========== Point-based Metrics =========
Asym. Chamfer dist. (1->2) p2pt: 1.18929
Asym. Chamfer dist. (2->1) p2pt: 1.18189
Chamfer dist.              p2pt: 1.18559
CD-PSNR (dB)               p2pt: 59.3621
Hausdorff distance         p2pt: 101


----------------------------------------
Y-CPSNR (dB)                   : 30.9402
U-CPSNR (dB)                   : 42.9348
V-CPSNR (dB)                   : 42.5386

