PCC-Arena Evaluator 0.6.5
Reference Point Cloud: /temp/pranav/dynamic_pc_data/loot/Ply/loot_vox10_1003.ply
Target Point Cloud: /temp/pranav/dynamic_pc_data/loot/experiments/2DD_INT_lodX=2_lodY=2_OM=4_r1/decompressed/loot_dec_1003.ply

========== Time & Binary Size ==========
Encoding time (s)           : -1
Decoding time (s)           : -1
Source point cloud size (kB): 16910.359
Total binary files size (kB): 2170.136
Compression ratio           : 0.12833175215263024
bpp (bits per point)        : 22.3016364213255

========== Point-based Metrics =========
Asym. Chamfer dist. (1->2) p2pt: 1.21207
Asym. Chamfer dist. (2->1) p2pt: 1.26997
Chamfer dist.              p2pt: 1.24102
CD-PSNR (dB)               p2pt: 59.244
Hausdorff distance         p2pt: 94


----------------------------------------
Y-CPSNR (dB)                   : 31.0091
U-CPSNR (dB)                   : 43.3592
V-CPSNR (dB)                   : 42.6714

