PCC-Arena Evaluator 0.6.5
Reference Point Cloud: /temp/pranav/dynamic_pc_data/longdress/Ply/longdress_vox10_1214.ply
Target Point Cloud: /temp/pranav/dynamic_pc_data/longdress/experiments/vanilla_rc_OM=4_GQP=34_AQP=45/decompressed/longdress_dec_1214.ply

========== Time & Binary Size ==========
Encoding time (s)           : -1
Decoding time (s)           : -1
Source point cloud size (kB): 18915.017
Total binary files size (kB): 4417.164
Compression ratio           : 0.23352683214611966
bpp (bits per point)        : 42.397159870087336

========== Point-based Metrics =========
Asym. Chamfer dist. (1->2) p2pt: 0.923551
Asym. Chamfer dist. (2->1) p2pt: 0.850512
Chamfer dist.              p2pt: 0.887032
CD-PSNR (dB)               p2pt: 60.6136
Hausdorff distance         p2pt: 97


----------------------------------------
Y-CPSNR (dB)                   : 26.3378
U-CPSNR (dB)                   : 32.5142
V-CPSNR (dB)                   : 31.8575

