PCC-Arena Evaluator 0.6.5
Reference Point Cloud: /temp/pranav/dynamic_pc_data/longdress/Ply/longdress_vox10_1230.ply
Target Point Cloud: /temp/pranav/dynamic_pc_data/longdress/experiments/vanilla_rc_OM=4_GQP=34_AQP=45/decompressed/longdress_dec_1230.ply

========== Time & Binary Size ==========
Encoding time (s)           : -1
Decoding time (s)           : -1
Source point cloud size (kB): 20321.309
Total binary files size (kB): 4417.164
Compression ratio           : 0.21736611553911214
bpp (bits per point)        : 39.48907486397359

========== Point-based Metrics =========
Asym. Chamfer dist. (1->2) p2pt: 0.962116
Asym. Chamfer dist. (2->1) p2pt: 0.911428
Chamfer dist.              p2pt: 0.936772
CD-PSNR (dB)               p2pt: 60.4045
Hausdorff distance         p2pt: 129


----------------------------------------
Y-CPSNR (dB)                   : 26.3823
U-CPSNR (dB)                   : 32.5115
V-CPSNR (dB)                   : 31.8864

