PCC-Arena Evaluator 0.6.5
Reference Point Cloud: /home/p/pranav/dynamic_pc_data/longdress/Ply/longdress_vox10_1057.ply
Target Point Cloud: /home/p/pranav/dynamic_pc_data/longdress/experiments/vanilla_rc_OM=4_GQP=34_AQP=45/decompressed/longdress_dec_1057.ply

========== Time & Binary Size ==========
Encoding time (s)           : -1
Decoding time (s)           : -1
Source point cloud size (kB): 18152.615
Total binary files size (kB): 4417.164
Compression ratio           : 0.2433348583661362
bpp (bits per point)        : 43.81634421881568

========== Point-based Metrics =========
Asym. Chamfer dist. (1->2) p2pt: 0.945756
Asym. Chamfer dist. (2->1) p2pt: 0.898915
Chamfer dist.              p2pt: 0.922336
CD-PSNR (dB)               p2pt: 60.527
Hausdorff distance         p2pt: 145


----------------------------------------
Y-CPSNR (dB)                   : 25.9305
U-CPSNR (dB)                   : 32.3695
V-CPSNR (dB)                   : 31.6568

