PCC-Arena Evaluator 0.6.5
Reference Point Cloud: /temp/pranav/dynamic_pc_data/longdress/Ply/longdress_vox10_1327.ply
Target Point Cloud: /temp/pranav/dynamic_pc_data/longdress/experiments/vanilla_rc_OM=4_GQP=34_AQP=45/decompressed/longdress_dec_1327.ply

========== Time & Binary Size ==========
Encoding time (s)           : -1
Decoding time (s)           : -1
Source point cloud size (kB): 18762.435
Total binary files size (kB): 4417.164
Compression ratio           : 0.2354259455129358
bpp (bits per point)        : 42.67755224291582

========== Point-based Metrics =========
Asym. Chamfer dist. (1->2) p2pt: 0.931572
Asym. Chamfer dist. (2->1) p2pt: 0.88755
Chamfer dist.              p2pt: 0.909561
CD-PSNR (dB)               p2pt: 60.3943
Hausdorff distance         p2pt: 157


----------------------------------------
Y-CPSNR (dB)                   : 26.3263
U-CPSNR (dB)                   : 32.5658
V-CPSNR (dB)                   : 31.9566

