PCC-Arena Evaluator 0.6.5
Reference Point Cloud: /home/p/pranav/dynamic_pc_data/soldier/Ply/soldier_vox10_0647.ply
Target Point Cloud: /home/p/pranav/dynamic_pc_data/soldier/experiments/2DD_lodX=2_lodY=1_OM=1/decompressed/soldier_dec_0647.ply

========== Time & Binary Size ==========
Encoding time (s)           : -1
Decoding time (s)           : -1
Source point cloud size (kB): 23560.986
Total binary files size (kB): 16868.398
Compression ratio           : 0.7159461832369834
bpp (bits per point)        : 127.02680844014037

========== Point-based Metrics =========
Asym. Chamfer dist. (1->2) p2pt: 0.637164
Asym. Chamfer dist. (2->1) p2pt: 0.358897
Chamfer dist.              p2pt: 0.49803
CD-PSNR (dB)               p2pt: 63.2936
Hausdorff distance         p2pt: 66


----------------------------------------
Y-CPSNR (dB)                   : 33.2931
U-CPSNR (dB)                   : 44.538
V-CPSNR (dB)                   : 44.9547

