PCC-Arena Evaluator 0.6.5
Reference Point Cloud: /home/p/pranav/dynamic_pc_data/soldier/Ply/soldier_vox10_0676.ply
Target Point Cloud: /home/p/pranav/dynamic_pc_data/soldier/experiments/2DD_lodX=2_lodY=1_OM=1/decompressed/soldier_dec_0676.ply

========== Time & Binary Size ==========
Encoding time (s)           : -1
Decoding time (s)           : -1
Source point cloud size (kB): 23276.632
Total binary files size (kB): 16868.398
Compression ratio           : 0.7246923867679825
bpp (bits per point)        : 128.71960098475648

========== Point-based Metrics =========
Asym. Chamfer dist. (1->2) p2pt: 0.659032
Asym. Chamfer dist. (2->1) p2pt: 0.352604
Chamfer dist.              p2pt: 0.505818
CD-PSNR (dB)               p2pt: 63.1733
Hausdorff distance         p2pt: 267


----------------------------------------
Y-CPSNR (dB)                   : 33.3432
U-CPSNR (dB)                   : 44.5821
V-CPSNR (dB)                   : 44.908

