PCC-Arena Evaluator 0.6.5
Reference Point Cloud: /home/p/pranav/dynamic_pc_data/soldier/Ply/soldier_vox10_0720.ply
Target Point Cloud: /home/p/pranav/dynamic_pc_data/soldier/experiments/2DD_lodX=2_lodY=1_OM=1/decompressed/soldier_dec_0720.ply

========== Time & Binary Size ==========
Encoding time (s)           : -1
Decoding time (s)           : -1
Source point cloud size (kB): 24262.784
Total binary files size (kB): 16868.398
Compression ratio           : 0.6952375292134654
bpp (bits per point)        : 123.51003156687574

========== Point-based Metrics =========
Asym. Chamfer dist. (1->2) p2pt: 0.651495
Asym. Chamfer dist. (2->1) p2pt: 0.347265
Chamfer dist.              p2pt: 0.49938
CD-PSNR (dB)               p2pt: 63.0648
Hausdorff distance         p2pt: 26


----------------------------------------
Y-CPSNR (dB)                   : 33.191
U-CPSNR (dB)                   : 44.4251
V-CPSNR (dB)                   : 45.0282

