PCC-Arena Evaluator 0.6.5
Reference Point Cloud: /temp/pranav/dynamic_pc_data/soldier/Ply/soldier_vox10_0781.ply
Target Point Cloud: /temp/pranav/dynamic_pc_data/soldier/experiments/2DD_lodX=2_lodY=1_OM=1/decompressed/soldier_dec_0781.ply

========== Time & Binary Size ==========
Encoding time (s)           : -1
Decoding time (s)           : -1
Source point cloud size (kB): 24159.551
Total binary files size (kB): 16868.398
Compression ratio           : 0.6982082572643838
bpp (bits per point)        : 123.62827376698951

========== Point-based Metrics =========
Asym. Chamfer dist. (1->2) p2pt: 0.586657
Asym. Chamfer dist. (2->1) p2pt: 0.339884
Chamfer dist.              p2pt: 0.463271
CD-PSNR (dB)               p2pt: 63.3014
Hausdorff distance         p2pt: 42


----------------------------------------
Y-CPSNR (dB)                   : 33.7068
U-CPSNR (dB)                   : 44.6875
V-CPSNR (dB)                   : 44.9963

