PCC-Arena Evaluator 0.6.5
Reference Point Cloud: /home/p/pranav/dynamic_pc_data/soldier/Ply/soldier_vox10_0584.ply
Target Point Cloud: /home/p/pranav/dynamic_pc_data/soldier/experiments/2DD_lodX=2_lodY=1_OM=1/decompressed/soldier_dec_0584.ply

========== Time & Binary Size ==========
Encoding time (s)           : -1
Decoding time (s)           : -1
Source point cloud size (kB): 23491.267
Total binary files size (kB): 16868.398
Compression ratio           : 0.718071017625401
bpp (bits per point)        : 127.23244471472279

========== Point-based Metrics =========
Asym. Chamfer dist. (1->2) p2pt: 0.629983
Asym. Chamfer dist. (2->1) p2pt: 0.343687
Chamfer dist.              p2pt: 0.486835
CD-PSNR (dB)               p2pt: 63.4213
Hausdorff distance         p2pt: 34


----------------------------------------
Y-CPSNR (dB)                   : 33.2053
U-CPSNR (dB)                   : 44.2012
V-CPSNR (dB)                   : 44.6088

