PCC-Arena Evaluator 0.6.5
Reference Point Cloud: /home/p/pranav/dynamic_pc_data/soldier/Ply/soldier_vox10_0618.ply
Target Point Cloud: /home/p/pranav/dynamic_pc_data/soldier/experiments/2DD_lodX=2_lodY=1_OM=1/decompressed/soldier_dec_0618.ply

========== Time & Binary Size ==========
Encoding time (s)           : -1
Decoding time (s)           : -1
Source point cloud size (kB): 23537.103
Total binary files size (kB): 16868.398
Compression ratio           : 0.7166726508355765
bpp (bits per point)        : 126.96382560950023

========== Point-based Metrics =========
Asym. Chamfer dist. (1->2) p2pt: 0.615808
Asym. Chamfer dist. (2->1) p2pt: 0.345625
Chamfer dist.              p2pt: 0.480716
CD-PSNR (dB)               p2pt: 63.4734
Hausdorff distance         p2pt: 41


----------------------------------------
Y-CPSNR (dB)                   : 33.2815
U-CPSNR (dB)                   : 44.4678
V-CPSNR (dB)                   : 44.754

