PCC-Arena Evaluator 0.6.5
Reference Point Cloud: /home/p/pranav/dynamic_pc_data/soldier/Ply/soldier_vox10_0788.ply
Target Point Cloud: /home/p/pranav/dynamic_pc_data/soldier/experiments/2DD_lodX=2_lodY=1_OM=1/decompressed/soldier_dec_0788.ply

========== Time & Binary Size ==========
Encoding time (s)           : -1
Decoding time (s)           : -1
Source point cloud size (kB): 24061.728
Total binary files size (kB): 16868.398
Compression ratio           : 0.701046824234735
bpp (bits per point)        : 123.9359689065304

========== Point-based Metrics =========
Asym. Chamfer dist. (1->2) p2pt: 0.584399
Asym. Chamfer dist. (2->1) p2pt: 0.335491
Chamfer dist.              p2pt: 0.459945
CD-PSNR (dB)               p2pt: 63.3148
Hausdorff distance         p2pt: 41


----------------------------------------
Y-CPSNR (dB)                   : 33.6045
U-CPSNR (dB)                   : 44.758
V-CPSNR (dB)                   : 45.0939

