PCC-Arena Evaluator 0.6.5
Reference Point Cloud: /home/p/pranav/dynamic_pc_data/soldier/Ply/soldier_vox10_0565.ply
Target Point Cloud: /home/p/pranav/dynamic_pc_data/soldier/experiments/2DD_lodX=2_lodY=1_OM=1/decompressed/soldier_dec_0565.ply

========== Time & Binary Size ==========
Encoding time (s)           : -1
Decoding time (s)           : -1
Source point cloud size (kB): 23484.664
Total binary files size (kB): 16868.398
Compression ratio           : 0.718272912058695
bpp (bits per point)        : 127.2532009633537

========== Point-based Metrics =========
Asym. Chamfer dist. (1->2) p2pt: 0.633409
Asym. Chamfer dist. (2->1) p2pt: 0.346722
Chamfer dist.              p2pt: 0.490065
CD-PSNR (dB)               p2pt: 63.3901
Hausdorff distance         p2pt: 45


----------------------------------------
Y-CPSNR (dB)                   : 33.1978
U-CPSNR (dB)                   : 44.3167
V-CPSNR (dB)                   : 44.5432

