PCC-Arena Evaluator 0.6.5
Reference Point Cloud: /temp/pranav/dynamic_pc_data/loot/Ply/loot_vox10_1067.ply
Target Point Cloud: /temp/pranav/dynamic_pc_data/loot/experiments/vanilla_rc_OM=4_GQP=26_AQP=35/decompressed/loot_dec_1067.ply

========== Time & Binary Size ==========
Encoding time (s)           : -1
Decoding time (s)           : -1
Source point cloud size (kB): 16630.64
Total binary files size (kB): 5403.536
Compression ratio           : 0.32491449517276544
bpp (bits per point)        : 55.08767225933393

========== Point-based Metrics =========
Asym. Chamfer dist. (1->2) p2pt: 0.389238
Asym. Chamfer dist. (2->1) p2pt: 0.387591
Chamfer dist.              p2pt: 0.388415
CD-PSNR (dB)               p2pt: 64.4013
Hausdorff distance         p2pt: 36


----------------------------------------
Y-CPSNR (dB)                   : 35.7679
U-CPSNR (dB)                   : 45.8169
V-CPSNR (dB)                   : 45.7459

