PCC-Arena Evaluator 0.6.5
Reference Point Cloud: /temp/pranav/dynamic_pc_data/loot/Ply/loot_vox10_1123.ply
Target Point Cloud: /temp/pranav/dynamic_pc_data/loot/experiments/vanilla_rc_OM=4_GQP=26_AQP=35/decompressed/loot_dec_1123.ply

========== Time & Binary Size ==========
Encoding time (s)           : -1
Decoding time (s)           : -1
Source point cloud size (kB): 16706.853
Total binary files size (kB): 5403.536
Compression ratio           : 0.3234323064912345
bpp (bits per point)        : 54.77329319253645

========== Point-based Metrics =========
Asym. Chamfer dist. (1->2) p2pt: 0.397263
Asym. Chamfer dist. (2->1) p2pt: 0.386611
Chamfer dist.              p2pt: 0.391937
CD-PSNR (dB)               p2pt: 64.1516
Hausdorff distance         p2pt: 58


----------------------------------------
Y-CPSNR (dB)                   : 35.8823
U-CPSNR (dB)                   : 45.857
V-CPSNR (dB)                   : 45.8214

