PCC-Arena Evaluator 0.6.5
Reference Point Cloud: /temp/pranav/dynamic_pc_data/soldier/Ply/soldier_vox10_0696.ply
Target Point Cloud: /temp/pranav/dynamic_pc_data/soldier/experiments/vanilla_rc_OM=4_GQP=27_AQP=34/decompressed/soldier_dec_0696.ply

========== Time & Binary Size ==========
Encoding time (s)           : -1
Decoding time (s)           : -1
Source point cloud size (kB): 24189.55
Total binary files size (kB): 11445.655
Compression ratio           : 0.473165271780583
bpp (bits per point)        : 84.32850501374082

========== Point-based Metrics =========
Asym. Chamfer dist. (1->2) p2pt: 0.467558
Asym. Chamfer dist. (2->1) p2pt: 0.469879
Chamfer dist.              p2pt: 0.468718
CD-PSNR (dB)               p2pt: 63.4854
Hausdorff distance         p2pt: 65


----------------------------------------
Y-CPSNR (dB)                   : 33.295
U-CPSNR (dB)                   : 44.1086
V-CPSNR (dB)                   : 44.3766

