PCC-Arena Evaluator 0.6.5
Reference Point Cloud: /temp/pranav/dynamic_pc_data/soldier/Ply/soldier_vox10_0771.ply
Target Point Cloud: /temp/pranav/dynamic_pc_data/soldier/experiments/vanilla_rc_OM=4_GQP=27_AQP=34/decompressed/soldier_dec_0771.ply

========== Time & Binary Size ==========
Encoding time (s)           : -1
Decoding time (s)           : -1
Source point cloud size (kB): 24452.486
Total binary files size (kB): 11445.655
Compression ratio           : 0.4680773562246391
bpp (bits per point)        : 82.95185154316403

========== Point-based Metrics =========
Asym. Chamfer dist. (1->2) p2pt: 0.478326
Asym. Chamfer dist. (2->1) p2pt: 0.472002
Chamfer dist.              p2pt: 0.475164
CD-PSNR (dB)               p2pt: 63.1304
Hausdorff distance         p2pt: 73


----------------------------------------
Y-CPSNR (dB)                   : 33.7213
U-CPSNR (dB)                   : 44.5529
V-CPSNR (dB)                   : 44.7535

