PCC-Arena Evaluator 0.6.5
Reference Point Cloud: /temp/pranav/dynamic_pc_data/soldier/Ply/soldier_vox10_0536.ply
Target Point Cloud: /temp/pranav/dynamic_pc_data/soldier/experiments/vanilla_rc_OM=4_GQP=27_AQP=34/decompressed/soldier_dec_0536.ply

========== Time & Binary Size ==========
Encoding time (s)           : -1
Decoding time (s)           : -1
Source point cloud size (kB): 23475.756
Total binary files size (kB): 11445.655
Compression ratio           : 0.48755213676611736
bpp (bits per point)        : 86.39778828280541

========== Point-based Metrics =========
Asym. Chamfer dist. (1->2) p2pt: 0.468496
Asym. Chamfer dist. (2->1) p2pt: 0.472826
Chamfer dist.              p2pt: 0.470661
CD-PSNR (dB)               p2pt: 63.5722
Hausdorff distance         p2pt: 66


----------------------------------------
Y-CPSNR (dB)                   : 33.1559
U-CPSNR (dB)                   : 43.951
V-CPSNR (dB)                   : 44.3301

