PCC-Arena Evaluator 0.6.5
Reference Point Cloud: /temp/pranav/dynamic_pc_data/soldier/Ply/soldier_vox10_0545.ply
Target Point Cloud: /temp/pranav/dynamic_pc_data/soldier/experiments/vanilla_rc_OM=4_GQP=27_AQP=34/decompressed/soldier_dec_0545.ply

========== Time & Binary Size ==========
Encoding time (s)           : -1
Decoding time (s)           : -1
Source point cloud size (kB): 23456.101
Total binary files size (kB): 11445.655
Compression ratio           : 0.4879606802511637
bpp (bits per point)        : 86.4473820857589

========== Point-based Metrics =========
Asym. Chamfer dist. (1->2) p2pt: 0.475956
Asym. Chamfer dist. (2->1) p2pt: 0.476289
Chamfer dist.              p2pt: 0.476123
CD-PSNR (dB)               p2pt: 63.5218
Hausdorff distance         p2pt: 56


----------------------------------------
Y-CPSNR (dB)                   : 33.2884
U-CPSNR (dB)                   : 44.1392
V-CPSNR (dB)                   : 44.4972

