PCC-Arena Evaluator 0.6.5
Reference Point Cloud: /temp/pranav/dynamic_pc_data/loot/Ply/loot_vox10_1124.ply
Target Point Cloud: /temp/pranav/dynamic_pc_data/loot/experiments/vanilla_rc_OM=4_GQP=41_AQP=48/decompressed/loot_dec_1124.ply

========== Time & Binary Size ==========
Encoding time (s)           : -1
Decoding time (s)           : -1
Source point cloud size (kB): 16675.054
Total binary files size (kB): 1811.445
Compression ratio           : 0.10863203201620816
bpp (bits per point)        : 18.409625330137086

========== Point-based Metrics =========
Asym. Chamfer dist. (1->2) p2pt: 2.11279
Asym. Chamfer dist. (2->1) p2pt: 2.06769
Chamfer dist.              p2pt: 2.09024
CD-PSNR (dB)               p2pt: 56.8787
Hausdorff distance         p2pt: 286


----------------------------------------
Y-CPSNR (dB)                   : 30.7252
U-CPSNR (dB)                   : 41.5827
V-CPSNR (dB)                   : 40.6402

