PCC-Arena Evaluator 0.6.5
Reference Point Cloud: /temp/pranav/dynamic_pc_data/loot/Ply/loot_vox10_1265.ply
Target Point Cloud: /temp/pranav/dynamic_pc_data/loot/experiments/vanilla_rc_OM=4_GQP=41_AQP=48/decompressed/loot_dec_1265.ply

========== Time & Binary Size ==========
Encoding time (s)           : -1
Decoding time (s)           : -1
Source point cloud size (kB): 17526.326
Total binary files size (kB): 1811.445
Compression ratio           : 0.10335566050751309
bpp (bits per point)        : 18.007552665489488

========== Point-based Metrics =========
Asym. Chamfer dist. (1->2) p2pt: 2.32124
Asym. Chamfer dist. (2->1) p2pt: 2.14361
Chamfer dist.              p2pt: 2.23242
CD-PSNR (dB)               p2pt: 56.3905
Hausdorff distance         p2pt: 302


----------------------------------------
Y-CPSNR (dB)                   : 30.339
U-CPSNR (dB)                   : 41.7526
V-CPSNR (dB)                   : 41.074

