PCC-Arena Evaluator 0.6.5
Reference Point Cloud: /temp/pranav/dynamic_pc_data/loot/Ply/loot_vox10_1250.ply
Target Point Cloud: /temp/pranav/dynamic_pc_data/loot/experiments/vanilla_rc_OM=4_GQP=41_AQP=48/decompressed/loot_dec_1250.ply

========== Time & Binary Size ==========
Encoding time (s)           : -1
Decoding time (s)           : -1
Source point cloud size (kB): 17794.959
Total binary files size (kB): 1811.445
Compression ratio           : 0.10179540172022875
bpp (bits per point)        : 17.725919991193038

========== Point-based Metrics =========
Asym. Chamfer dist. (1->2) p2pt: 2.284
Asym. Chamfer dist. (2->1) p2pt: 2.12457
Chamfer dist.              p2pt: 2.20428
CD-PSNR (dB)               p2pt: 56.5044
Hausdorff distance         p2pt: 290


----------------------------------------
Y-CPSNR (dB)                   : 30.3608
U-CPSNR (dB)                   : 41.7435
V-CPSNR (dB)                   : 40.7015

