PCC-Arena Evaluator 0.6.5
Reference Point Cloud: /temp/pranav/dynamic_pc_data/loot/Ply/loot_vox10_1036.ply
Target Point Cloud: /temp/pranav/dynamic_pc_data/loot/experiments/vanilla_rc_OM=4_GQP=41_AQP=48/decompressed/loot_dec_1036.ply

========== Time & Binary Size ==========
Encoding time (s)           : -1
Decoding time (s)           : -1
Source point cloud size (kB): 16991.794
Total binary files size (kB): 1811.445
Compression ratio           : 0.10660704808450477
bpp (bits per point)        : 18.548318351642866

========== Point-based Metrics =========
Asym. Chamfer dist. (1->2) p2pt: 2.23078
Asym. Chamfer dist. (2->1) p2pt: 2.00548
Chamfer dist.              p2pt: 2.11813
CD-PSNR (dB)               p2pt: 56.9212
Hausdorff distance         p2pt: 179


----------------------------------------
Y-CPSNR (dB)                   : 30.3568
U-CPSNR (dB)                   : 41.6244
V-CPSNR (dB)                   : 41.1346

