PCC-Arena Evaluator 0.6.5
Reference Point Cloud: /temp/pranav/dynamic_pc_data/redandblack/Ply/redandblack_vox10_1720.ply
Target Point Cloud: /temp/pranav/dynamic_pc_data/redandblack/experiments/vanilla_rc_OM=4_GQP=26_AQP=32/decompressed/redandblack_dec_1720.ply

========== Time & Binary Size ==========
Encoding time (s)           : -1
Decoding time (s)           : -1
Source point cloud size (kB): 14104.059
Total binary files size (kB): 9076.025
Compression ratio           : 0.6435044691744413
bpp (bits per point)        : 111.07572183416401

========== Point-based Metrics =========
Asym. Chamfer dist. (1->2) p2pt: 0.450855
Asym. Chamfer dist. (2->1) p2pt: 0.454195
Chamfer dist.              p2pt: 0.452525
CD-PSNR (dB)               p2pt: 63.2278
Hausdorff distance         p2pt: 89


----------------------------------------
Y-CPSNR (dB)                   : 35.9576
U-CPSNR (dB)                   : 40.6226
V-CPSNR (dB)                   : 35.5168

