PCC-Arena Evaluator 0.6.5
Reference Point Cloud: /temp/pranav/dynamic_pc_data/redandblack/Ply/redandblack_vox10_1508.ply
Target Point Cloud: /temp/pranav/dynamic_pc_data/redandblack/experiments/vanilla_rc_OM=4_GQP=26_AQP=32/decompressed/redandblack_dec_1508.ply

========== Time & Binary Size ==========
Encoding time (s)           : -1
Decoding time (s)           : -1
Source point cloud size (kB): 15243.303
Total binary files size (kB): 9076.025
Compression ratio           : 0.5954106534522078
bpp (bits per point)        : 102.50690008117742

========== Point-based Metrics =========
Asym. Chamfer dist. (1->2) p2pt: 0.458631
Asym. Chamfer dist. (2->1) p2pt: 0.467658
Chamfer dist.              p2pt: 0.463145
CD-PSNR (dB)               p2pt: 63.0771
Hausdorff distance         p2pt: 96


----------------------------------------
Y-CPSNR (dB)                   : 36.2139
U-CPSNR (dB)                   : 40.8392
V-CPSNR (dB)                   : 35.5764

