PCC-Arena Evaluator 0.6.5
Reference Point Cloud: /temp/pranav/dynamic_pc_data/redandblack/Ply/redandblack_vox10_1539.ply
Target Point Cloud: /temp/pranav/dynamic_pc_data/redandblack/experiments/vanilla_rc_OM=4_GQP=26_AQP=32/decompressed/redandblack_dec_1539.ply

========== Time & Binary Size ==========
Encoding time (s)           : -1
Decoding time (s)           : -1
Source point cloud size (kB): 15892.77
Total binary files size (kB): 9076.025
Compression ratio           : 0.571078861645893
bpp (bits per point)        : 98.41349874692831

========== Point-based Metrics =========
Asym. Chamfer dist. (1->2) p2pt: 0.466213
Asym. Chamfer dist. (2->1) p2pt: 0.472614
Chamfer dist.              p2pt: 0.469414
CD-PSNR (dB)               p2pt: 63.1983
Hausdorff distance         p2pt: 117


----------------------------------------
Y-CPSNR (dB)                   : 35.7486
U-CPSNR (dB)                   : 40.4765
V-CPSNR (dB)                   : 35.1643

