PCC-Arena Evaluator 0.6.5
Reference Point Cloud: /temp/pranav/dynamic_pc_data/redandblack/Ply/redandblack_vox10_1597.ply
Target Point Cloud: /temp/pranav/dynamic_pc_data/redandblack/experiments/vanilla_rc_OM=4_GQP=26_AQP=32/decompressed/redandblack_dec_1597.ply

========== Time & Binary Size ==========
Encoding time (s)           : -1
Decoding time (s)           : -1
Source point cloud size (kB): 15472.437
Total binary files size (kB): 9076.025
Compression ratio           : 0.5865931139354453
bpp (bits per point)        : 101.25480417914777

========== Point-based Metrics =========
Asym. Chamfer dist. (1->2) p2pt: 0.484006
Asym. Chamfer dist. (2->1) p2pt: 0.463158
Chamfer dist.              p2pt: 0.473582
CD-PSNR (dB)               p2pt: 63.0293
Hausdorff distance         p2pt: 130


----------------------------------------
Y-CPSNR (dB)                   : 35.9858
U-CPSNR (dB)                   : 40.7225
V-CPSNR (dB)                   : 35.2417

