PCC-Arena Evaluator 0.6.5
Reference Point Cloud: /temp/pranav/dynamic_pc_data/redandblack/Ply/redandblack_vox10_1645.ply
Target Point Cloud: /temp/pranav/dynamic_pc_data/redandblack/experiments/vanilla_rc_OM=4_GQP=26_AQP=32/decompressed/redandblack_dec_1645.ply

========== Time & Binary Size ==========
Encoding time (s)           : -1
Decoding time (s)           : -1
Source point cloud size (kB): 16348.829
Total binary files size (kB): 9076.025
Compression ratio           : 0.5551483228554167
bpp (bits per point)        : 95.75734716162964

========== Point-based Metrics =========
Asym. Chamfer dist. (1->2) p2pt: 0.449643
Asym. Chamfer dist. (2->1) p2pt: 0.462275
Chamfer dist.              p2pt: 0.455959
CD-PSNR (dB)               p2pt: 63.1304
Hausdorff distance         p2pt: 80


----------------------------------------
Y-CPSNR (dB)                   : 36.2019
U-CPSNR (dB)                   : 41.1408
V-CPSNR (dB)                   : 35.6811

