PCC-Arena Evaluator 0.6.5
Reference Point Cloud: /temp/pranav/dynamic_pc_data/loot/Ply/loot_vox10_1155.ply
Target Point Cloud: /temp/pranav/dynamic_pc_data/loot/experiments/3DD_2_noQuantize_OM=4_r1/decompressed/loot_dec_1155.ply

========== Time & Binary Size ==========
Encoding time (s)           : -1
Decoding time (s)           : -1
Source point cloud size (kB): 17210.401
Total binary files size (kB): 2729.103
Compression ratio           : 0.15857288856895316
bpp (bits per point)        : 27.504360697661234

========== Point-based Metrics =========
Asym. Chamfer dist. (1->2) p2pt: 0.837484
Asym. Chamfer dist. (2->1) p2pt: 0.655459
Chamfer dist.              p2pt: 0.746472
CD-PSNR (dB)               p2pt: 61.1664
Hausdorff distance         p2pt: 141


----------------------------------------
Y-CPSNR (dB)                   : 31.7748
U-CPSNR (dB)                   : 43.9222
V-CPSNR (dB)                   : 43.8628

