PCC-Arena Evaluator 0.6.5
Reference Point Cloud: /temp/pranav/dynamic_pc_data/loot/Ply/loot_vox10_1179.ply
Target Point Cloud: /temp/pranav/dynamic_pc_data/loot/experiments/3DD_2_noQuantize_OM=4_r1/decompressed/loot_dec_1179.ply

========== Time & Binary Size ==========
Encoding time (s)           : -1
Decoding time (s)           : -1
Source point cloud size (kB): 17091.76
Total binary files size (kB): 2729.103
Compression ratio           : 0.15967360880330642
bpp (bits per point)        : 27.721299215447768

========== Point-based Metrics =========
Asym. Chamfer dist. (1->2) p2pt: 0.825475
Asym. Chamfer dist. (2->1) p2pt: 0.681111
Chamfer dist.              p2pt: 0.753293
CD-PSNR (dB)               p2pt: 61.3509
Hausdorff distance         p2pt: 194


----------------------------------------
Y-CPSNR (dB)                   : 31.7814
U-CPSNR (dB)                   : 44.3488
V-CPSNR (dB)                   : 43.7573

