PCC-Arena Evaluator 0.6.5
Reference Point Cloud: /home/p/pranav/dynamic_pc_data/soldier/Ply/soldier_vox10_0763.ply
Target Point Cloud: /home/p/pranav/dynamic_pc_data/soldier/experiments/3DD_2_Quantize=2_OM=4/decompressed/soldier_dec_0763.ply

========== Time & Binary Size ==========
Encoding time (s)           : -1
Decoding time (s)           : -1
Source point cloud size (kB): 24213.93
Total binary files size (kB): 6641.099
Compression ratio           : 0.2742677045816189
bpp (bits per point)        : 48.68698132019589

========== Point-based Metrics =========
Asym. Chamfer dist. (1->2) p2pt: 68241.9
Asym. Chamfer dist. (2->1) p2pt: 3035.1
Chamfer dist.              p2pt: 35638.5
CD-PSNR (dB)               p2pt: 14.4898
Hausdorff distance         p2pt: 279846


----------------------------------------
Y-CPSNR (dB)                   : 12.5127
U-CPSNR (dB)                   : 37.6067
V-CPSNR (dB)                   : 36.8117

