PCC-Arena Evaluator 0.6.5
Reference Point Cloud: /home/p/pranav/dynamic_pc_data/soldier/Ply/soldier_vox10_0693.ply
Target Point Cloud: /home/p/pranav/dynamic_pc_data/soldier/experiments/3DD_2_Quantize=2_OM=4/decompressed/soldier_dec_0693.ply

========== Time & Binary Size ==========
Encoding time (s)           : -1
Decoding time (s)           : -1
Source point cloud size (kB): 24298.157
Total binary files size (kB): 6641.099
Compression ratio           : 0.2733169844939269
bpp (bits per point)        : 48.71068422968348

========== Point-based Metrics =========
Asym. Chamfer dist. (1->2) p2pt: 62908.7
Asym. Chamfer dist. (2->1) p2pt: 2375.54
Chamfer dist.              p2pt: 32642.1
CD-PSNR (dB)               p2pt: 15.0058
Hausdorff distance         p2pt: 301289


----------------------------------------
Y-CPSNR (dB)                   : 12.1972
U-CPSNR (dB)                   : 36.351
V-CPSNR (dB)                   : 37.0396

