PCC-Arena Evaluator 0.6.5
Reference Point Cloud: /temp/pranav/dynamic_pc_data/soldier/Ply/soldier_vox10_0811.ply
Target Point Cloud: /temp/pranav/dynamic_pc_data/soldier/experiments/3DD_2_Quantize=2_OM=4/decompressed/soldier_dec_0811.ply

========== Time & Binary Size ==========
Encoding time (s)           : -1
Decoding time (s)           : -1
Source point cloud size (kB): 24078.605
Total binary files size (kB): 6641.099
Compression ratio           : 0.2758091259854963
bpp (bits per point)        : 48.77028882801771

========== Point-based Metrics =========
Asym. Chamfer dist. (1->2) p2pt: 2.32806
Asym. Chamfer dist. (2->1) p2pt: 1.85959
Chamfer dist.              p2pt: 2.09382
CD-PSNR (dB)               p2pt: 56.7672
Hausdorff distance         p2pt: 465


----------------------------------------
Y-CPSNR (dB)                   : 30.1056
U-CPSNR (dB)                   : 43.3972
V-CPSNR (dB)                   : 43.6562

