PCC-Arena Evaluator 0.6.5
Reference Point Cloud: /home/p/pranav/dynamic_pc_data/soldier/Ply/soldier_vox10_0586.ply
Target Point Cloud: /home/p/pranav/dynamic_pc_data/soldier/experiments/3DD_2_Quantize=2_OM=4/decompressed/soldier_dec_0586.ply

========== Time & Binary Size ==========
Encoding time (s)           : -1
Decoding time (s)           : -1
Source point cloud size (kB): 23506.83
Total binary files size (kB): 6641.099
Compression ratio           : 0.2825178469406551
bpp (bits per point)        : 50.0512884284028

========== Point-based Metrics =========
Asym. Chamfer dist. (1->2) p2pt: 2.3736
Asym. Chamfer dist. (2->1) p2pt: 1.89152
Chamfer dist.              p2pt: 2.13256
CD-PSNR (dB)               p2pt: 57.005
Hausdorff distance         p2pt: 441


----------------------------------------
Y-CPSNR (dB)                   : 29.8464
U-CPSNR (dB)                   : 43.0943
V-CPSNR (dB)                   : 43.4584

