PCC-Arena Evaluator 0.6.5
Reference Point Cloud: /home/p/pranav/dynamic_pc_data/soldier/Ply/soldier_vox10_0576.ply
Target Point Cloud: /home/p/pranav/dynamic_pc_data/soldier/experiments/3DD_2_Quantize=2_OM=4/decompressed/soldier_dec_0576.ply

========== Time & Binary Size ==========
Encoding time (s)           : -1
Decoding time (s)           : -1
Source point cloud size (kB): 23502.671
Total binary files size (kB): 6641.099
Compression ratio           : 0.28256784090625275
bpp (bits per point)        : 50.06289052156862

========== Point-based Metrics =========
Asym. Chamfer dist. (1->2) p2pt: 60082.3
Asym. Chamfer dist. (2->1) p2pt: 3380.68
Chamfer dist.              p2pt: 31731.5
CD-PSNR (dB)               p2pt: 15.2733
Hausdorff distance         p2pt: 284994


----------------------------------------
Y-CPSNR (dB)                   : 10.5727
U-CPSNR (dB)                   : 35.7577
V-CPSNR (dB)                   : 36.7756

