PCC-Arena Evaluator 0.6.5
Reference Point Cloud: /home/p/pranav/dynamic_pc_data/soldier/Ply/soldier_vox10_0592.ply
Target Point Cloud: /home/p/pranav/dynamic_pc_data/soldier/experiments/3DD_2_Quantize=2_OM=4/decompressed/soldier_dec_0592.ply

========== Time & Binary Size ==========
Encoding time (s)           : -1
Decoding time (s)           : -1
Source point cloud size (kB): 23526.107
Total binary files size (kB): 6641.099
Compression ratio           : 0.28228635532432117
bpp (bits per point)        : 50.019386836684355

========== Point-based Metrics =========
Asym. Chamfer dist. (1->2) p2pt: 60114.5
Asym. Chamfer dist. (2->1) p2pt: 3398.93
Chamfer dist.              p2pt: 31756.7
CD-PSNR (dB)               p2pt: 15.2752
Hausdorff distance         p2pt: 284836


----------------------------------------
Y-CPSNR (dB)                   : 11.0635
U-CPSNR (dB)                   : 36.4629
V-CPSNR (dB)                   : 36.2265

