PCC-Arena Evaluator 0.6.5
Reference Point Cloud: /home/p/pranav/dynamic_pc_data/soldier/Ply/soldier_vox10_0829.ply
Target Point Cloud: /home/p/pranav/dynamic_pc_data/soldier/experiments/3DD_2_Quantize=2_OM=4/decompressed/soldier_dec_0829.ply

========== Time & Binary Size ==========
Encoding time (s)           : -1
Decoding time (s)           : -1
Source point cloud size (kB): 24048.483
Total binary files size (kB): 6641.099
Compression ratio           : 0.27615459153910044
bpp (bits per point)        : 48.823577738588966

========== Point-based Metrics =========
Asym. Chamfer dist. (1->2) p2pt: 2.3524
Asym. Chamfer dist. (2->1) p2pt: 1.84621
Chamfer dist.              p2pt: 2.0993
CD-PSNR (dB)               p2pt: 56.7606
Hausdorff distance         p2pt: 464


----------------------------------------
Y-CPSNR (dB)                   : 30.0509
U-CPSNR (dB)                   : 43.3296
V-CPSNR (dB)                   : 43.5901

