PCC-Arena Evaluator 0.6.5
Reference Point Cloud: /home/p/pranav/dynamic_pc_data/soldier/Ply/soldier_vox10_0540.ply
Target Point Cloud: /home/p/pranav/dynamic_pc_data/soldier/experiments/3DD_2_Quantize=2_OM=4/decompressed/soldier_dec_0540.ply

========== Time & Binary Size ==========
Encoding time (s)           : -1
Decoding time (s)           : -1
Source point cloud size (kB): 23493.456
Total binary files size (kB): 6641.099
Compression ratio           : 0.28267867443597916
bpp (bits per point)        : 50.077377103571

========== Point-based Metrics =========
Asym. Chamfer dist. (1->2) p2pt: 60211.9
Asym. Chamfer dist. (2->1) p2pt: 3373.58
Chamfer dist.              p2pt: 31792.7
CD-PSNR (dB)               p2pt: 15.2786
Hausdorff distance         p2pt: 284638


----------------------------------------
Y-CPSNR (dB)                   : 10.875
U-CPSNR (dB)                   : 37.5536
V-CPSNR (dB)                   : 37.5343

