PCC-Arena Evaluator 0.6.5
Reference Point Cloud: /temp/pranav/dynamic_pc_data/longdress/Ply/longdress_vox10_1219.ply
Target Point Cloud: /temp/pranav/dynamic_pc_data/longdress/experiments/3DD_4_noQuantize_OM=1/decompressed/longdress_dec_1219.ply

========== Time & Binary Size ==========
Encoding time (s)           : -1
Decoding time (s)           : -1
Source point cloud size (kB): 19521.068
Total binary files size (kB): 41154.491
Compression ratio           : 2.108208987336144
bpp (bits per point)        : 383.088609244553

========== Point-based Metrics =========
Asym. Chamfer dist. (1->2) p2pt: 0.940483
Asym. Chamfer dist. (2->1) p2pt: 0.288578
Chamfer dist.              p2pt: 0.614531
CD-PSNR (dB)               p2pt: 62.2471
Hausdorff distance         p2pt: 52


----------------------------------------
Y-CPSNR (dB)                   : 29.4472
U-CPSNR (dB)                   : 34.9525
V-CPSNR (dB)                   : 34.1526

