PCC-Arena Evaluator 0.6.5
Reference Point Cloud: /temp/pranav/dynamic_pc_data/longdress/Ply/longdress_vox10_1296.ply
Target Point Cloud: /temp/pranav/dynamic_pc_data/longdress/experiments/3DD_4_noQuantize_OM=1/decompressed/longdress_dec_1296.ply

========== Time & Binary Size ==========
Encoding time (s)           : -1
Decoding time (s)           : -1
Source point cloud size (kB): 19500.922
Total binary files size (kB): 41154.491
Compression ratio           : 2.110386934525455
bpp (bits per point)        : 381.8985991233066

========== Point-based Metrics =========
Asym. Chamfer dist. (1->2) p2pt: 0.991277
Asym. Chamfer dist. (2->1) p2pt: 0.305631
Chamfer dist.              p2pt: 0.648454
CD-PSNR (dB)               p2pt: 62.0147
Hausdorff distance         p2pt: 68


----------------------------------------
Y-CPSNR (dB)                   : 28.7551
U-CPSNR (dB)                   : 34.6827
V-CPSNR (dB)                   : 33.5416

