PCC-Arena Evaluator 0.6.5
Reference Point Cloud: /temp/pranav/dynamic_pc_data/longdress/Ply/longdress_vox10_1133.ply
Target Point Cloud: /temp/pranav/dynamic_pc_data/longdress/experiments/3DD_4_noQuantize_OM=1/decompressed/longdress_dec_1133.ply

========== Time & Binary Size ==========
Encoding time (s)           : -1
Decoding time (s)           : -1
Source point cloud size (kB): 19880.377
Total binary files size (kB): 41154.491
Compression ratio           : 2.070106165491731
bpp (bits per point)        : 376.9304449171462

========== Point-based Metrics =========
Asym. Chamfer dist. (1->2) p2pt: 1.00019
Asym. Chamfer dist. (2->1) p2pt: 0.407043
Chamfer dist.              p2pt: 0.703619
CD-PSNR (dB)               p2pt: 61.6464
Hausdorff distance         p2pt: 65


----------------------------------------
Y-CPSNR (dB)                   : 28.841
U-CPSNR (dB)                   : 34.3433
V-CPSNR (dB)                   : 33.3067

