PCC-Arena Evaluator 0.6.5
Reference Point Cloud: /temp/pranav/dynamic_pc_data/loot/Ply/loot_vox10_1044.ply
Target Point Cloud: /temp/pranav/dynamic_pc_data/loot/experiments/3DD_2_noQuantize_OM=4_r1/decompressed/loot_dec_1044.ply

========== Time & Binary Size ==========
Encoding time (s)           : -1
Decoding time (s)           : -1
Source point cloud size (kB): 17175.348
Total binary files size (kB): 2739.629
Compression ratio           : 0.15950937355097547
bpp (bits per point)        : 27.81433952303116

========== Point-based Metrics =========
Asym. Chamfer dist. (1->2) p2pt: 0.817756
Asym. Chamfer dist. (2->1) p2pt: 0.635237
Chamfer dist.              p2pt: 0.726496
CD-PSNR (dB)               p2pt: 61.1947
Hausdorff distance         p2pt: 81


----------------------------------------
Y-CPSNR (dB)                   : 32.253
U-CPSNR (dB)                   : 43.9775
V-CPSNR (dB)                   : 43.7061

