PCC-Arena Evaluator 0.6.5
Reference Point Cloud: /temp/pranav/dynamic_pc_data/loot/Ply/loot_vox10_1269.ply
Target Point Cloud: /temp/pranav/dynamic_pc_data/loot/experiments/3DD_2_noQuantize_OM=4_r1/decompressed/loot_dec_1269.ply

========== Time & Binary Size ==========
Encoding time (s)           : -1
Decoding time (s)           : -1
Source point cloud size (kB): 17520.839
Total binary files size (kB): 2739.629
Compression ratio           : 0.15636403028416618
bpp (bits per point)        : 27.243928330809947

========== Point-based Metrics =========
Asym. Chamfer dist. (1->2) p2pt: 0.894437
Asym. Chamfer dist. (2->1) p2pt: 0.810918
Chamfer dist.              p2pt: 0.852677
CD-PSNR (dB)               p2pt: 60.6778
Hausdorff distance         p2pt: 134


----------------------------------------
Y-CPSNR (dB)                   : 32.5389
U-CPSNR (dB)                   : 43.8959
V-CPSNR (dB)                   : 43.5311

