PCC-Arena Evaluator 0.6.5
Reference Point Cloud: /temp/pranav/dynamic_pc_data/loot/Ply/loot_vox10_1209.ply
Target Point Cloud: /temp/pranav/dynamic_pc_data/loot/experiments/3DD_2_noQuantize_OM=4_r1/decompressed/loot_dec_1209.ply

========== Time & Binary Size ==========
Encoding time (s)           : -1
Decoding time (s)           : -1
Source point cloud size (kB): 17260.331
Total binary files size (kB): 2739.629
Compression ratio           : 0.1587240128824876
bpp (bits per point)        : 27.641923038601774

========== Point-based Metrics =========
Asym. Chamfer dist. (1->2) p2pt: 0.871059
Asym. Chamfer dist. (2->1) p2pt: 0.672468
Chamfer dist.              p2pt: 0.771763
CD-PSNR (dB)               p2pt: 61.2581
Hausdorff distance         p2pt: 169


----------------------------------------
Y-CPSNR (dB)                   : 31.7124
U-CPSNR (dB)                   : 44.1332
V-CPSNR (dB)                   : 43.8517

