PCC-Arena Evaluator 0.6.5
Reference Point Cloud: /temp/pranav/dynamic_pc_data/loot/Ply/loot_vox10_1295.ply
Target Point Cloud: /temp/pranav/dynamic_pc_data/loot/experiments/3DD_2_noQuantize_OM=4_r1/decompressed/loot_dec_1295.ply

========== Time & Binary Size ==========
Encoding time (s)           : -1
Decoding time (s)           : -1
Source point cloud size (kB): 17822.83
Total binary files size (kB): 2739.629
Compression ratio           : 0.15371458965832024
bpp (bits per point)        : 26.77196771293437

========== Point-based Metrics =========
Asym. Chamfer dist. (1->2) p2pt: 0.851795
Asym. Chamfer dist. (2->1) p2pt: 0.696309
Chamfer dist.              p2pt: 0.774052
CD-PSNR (dB)               p2pt: 61.0656
Hausdorff distance         p2pt: 174


----------------------------------------
Y-CPSNR (dB)                   : 32.243
U-CPSNR (dB)                   : 44.2
V-CPSNR (dB)                   : 43.6769

