PCC-Arena Evaluator 0.6.5
Reference Point Cloud: /temp/pranav/dynamic_pc_data/loot/Ply/loot_vox10_1217.ply
Target Point Cloud: /temp/pranav/dynamic_pc_data/loot/experiments/3DD_2_noQuantize_OM=4_r1/decompressed/loot_dec_1217.ply

========== Time & Binary Size ==========
Encoding time (s)           : -1
Decoding time (s)           : -1
Source point cloud size (kB): 17642.179
Total binary files size (kB): 2729.103
Compression ratio           : 0.15469194593252908
bpp (bits per point)        : 26.94708415462145

========== Point-based Metrics =========
Asym. Chamfer dist. (1->2) p2pt: 0.87608
Asym. Chamfer dist. (2->1) p2pt: 0.760042
Chamfer dist.              p2pt: 0.818061
CD-PSNR (dB)               p2pt: 60.8982
Hausdorff distance         p2pt: 102


----------------------------------------
Y-CPSNR (dB)                   : 32.1983
U-CPSNR (dB)                   : 44.2228
V-CPSNR (dB)                   : 43.9731

