PCC-Arena Evaluator 0.6.5
Reference Point Cloud: /temp/pranav/dynamic_pc_data/redandblack/Ply/redandblack_vox10_1479.ply
Target Point Cloud: /temp/pranav/dynamic_pc_data/redandblack/experiments/2DD_lodX=1_lodY=2_OM=4_r1/decompressed/redandblack_dec_1479.ply

========== Time & Binary Size ==========
Encoding time (s)           : -1
Decoding time (s)           : -1
Source point cloud size (kB): 15691.549
Total binary files size (kB): 3712.495
Compression ratio           : 0.23659200248490445
bpp (bits per point)        : 40.70076673769896

========== Point-based Metrics =========
Asym. Chamfer dist. (1->2) p2pt: 1.12506
Asym. Chamfer dist. (2->1) p2pt: 0.901707
Chamfer dist.              p2pt: 1.01338
CD-PSNR (dB)               p2pt: 59.7811
Hausdorff distance         p2pt: 105


----------------------------------------
Y-CPSNR (dB)                   : 32.0488
U-CPSNR (dB)                   : 38.1934
V-CPSNR (dB)                   : 30.6205

