PCC-Arena Evaluator 0.6.5
Reference Point Cloud: /temp/pranav/dynamic_pc_data/redandblack/Ply/redandblack_vox10_1609.ply
Target Point Cloud: /temp/pranav/dynamic_pc_data/redandblack/experiments/2DD_lodX=1_lodY=2_OM=4_r1/decompressed/redandblack_dec_1609.ply

========== Time & Binary Size ==========
Encoding time (s)           : -1
Decoding time (s)           : -1
Source point cloud size (kB): 17584.388
Total binary files size (kB): 3659.718
Compression ratio           : 0.20812313741029828
bpp (bits per point)        : 35.84098012067883

========== Point-based Metrics =========
Asym. Chamfer dist. (1->2) p2pt: 0.979816
Asym. Chamfer dist. (2->1) p2pt: 0.856256
Chamfer dist.              p2pt: 0.918036
CD-PSNR (dB)               p2pt: 60.1661
Hausdorff distance         p2pt: 137


----------------------------------------
Y-CPSNR (dB)                   : 32.2867
U-CPSNR (dB)                   : 39.2551
V-CPSNR (dB)                   : 31.5279

