PCC-Arena Evaluator 0.6.5
Reference Point Cloud: /temp/pranav/dynamic_pc_data/redandblack/Ply/redandblack_vox10_1560.ply
Target Point Cloud: /temp/pranav/dynamic_pc_data/redandblack/experiments/2DD_lodX=1_lodY=2_OM=4_r1/decompressed/redandblack_dec_1560.ply

========== Time & Binary Size ==========
Encoding time (s)           : -1
Decoding time (s)           : -1
Source point cloud size (kB): 15920.071
Total binary files size (kB): 3712.495
Compression ratio           : 0.2331958821037921
bpp (bits per point)        : 40.09585216625896

========== Point-based Metrics =========
Asym. Chamfer dist. (1->2) p2pt: 1.13947
Asym. Chamfer dist. (2->1) p2pt: 0.896508
Chamfer dist.              p2pt: 1.01799
CD-PSNR (dB)               p2pt: 59.9284
Hausdorff distance         p2pt: 326


----------------------------------------
Y-CPSNR (dB)                   : 31.666
U-CPSNR (dB)                   : 38.8427
V-CPSNR (dB)                   : 30.5952

