PCC-Arena Evaluator 0.6.5
Reference Point Cloud: /temp/pranav/dynamic_pc_data/redandblack/Ply/redandblack_vox10_1620.ply
Target Point Cloud: /temp/pranav/dynamic_pc_data/redandblack/experiments/2DD_lodX=1_lodY=2_OM=4_r1/decompressed/redandblack_dec_1620.ply

========== Time & Binary Size ==========
Encoding time (s)           : -1
Decoding time (s)           : -1
Source point cloud size (kB): 17068.932
Total binary files size (kB): 3712.495
Compression ratio           : 0.2175001341618796
bpp (bits per point)        : 37.53478291090848

========== Point-based Metrics =========
Asym. Chamfer dist. (1->2) p2pt: 1.14615
Asym. Chamfer dist. (2->1) p2pt: 0.99299
Chamfer dist.              p2pt: 1.06957
CD-PSNR (dB)               p2pt: 59.4037
Hausdorff distance         p2pt: 698


----------------------------------------
Y-CPSNR (dB)                   : 31.9156
U-CPSNR (dB)                   : 38.7065
V-CPSNR (dB)                   : 31.0331

