PCC-Arena Evaluator 0.6.5
Reference Point Cloud: /temp/pranav/dynamic_pc_data/redandblack/Ply/redandblack_vox10_1606.ply
Target Point Cloud: /temp/pranav/dynamic_pc_data/redandblack/experiments/2DD_lodX=1_lodY=2_OM=4_r1/decompressed/redandblack_dec_1606.ply

========== Time & Binary Size ==========
Encoding time (s)           : -1
Decoding time (s)           : -1
Source point cloud size (kB): 16996.08
Total binary files size (kB): 3659.718
Compression ratio           : 0.21532718132651762
bpp (bits per point)        : 37.0436954439576

========== Point-based Metrics =========
Asym. Chamfer dist. (1->2) p2pt: 1.08774
Asym. Chamfer dist. (2->1) p2pt: 0.897739
Chamfer dist.              p2pt: 0.992737
CD-PSNR (dB)               p2pt: 59.816
Hausdorff distance         p2pt: 258


----------------------------------------
Y-CPSNR (dB)                   : 32.0273
U-CPSNR (dB)                   : 39.1231
V-CPSNR (dB)                   : 30.9328

