PCC-Arena Evaluator 0.6.5
Reference Point Cloud: /temp/pranav/dynamic_pc_data/redandblack/Ply/redandblack_vox10_1683.ply
Target Point Cloud: /temp/pranav/dynamic_pc_data/redandblack/experiments/2DD_lodX=1_lodY=2_OM=4_r1/decompressed/redandblack_dec_1683.ply

========== Time & Binary Size ==========
Encoding time (s)           : -1
Decoding time (s)           : -1
Source point cloud size (kB): 16299.645
Total binary files size (kB): 3712.495
Compression ratio           : 0.22776538998241985
bpp (bits per point)        : 39.365538009665116

========== Point-based Metrics =========
Asym. Chamfer dist. (1->2) p2pt: 1.09718
Asym. Chamfer dist. (2->1) p2pt: 0.914492
Chamfer dist.              p2pt: 1.00583
CD-PSNR (dB)               p2pt: 59.679
Hausdorff distance         p2pt: 179


----------------------------------------
Y-CPSNR (dB)                   : 31.8003
U-CPSNR (dB)                   : 39.1648
V-CPSNR (dB)                   : 30.8697

