PCC-Arena Evaluator 0.6.5
Reference Point Cloud: /temp/pranav/dynamic_pc_data/redandblack/Ply/redandblack_vox10_1524.ply
Target Point Cloud: /temp/pranav/dynamic_pc_data/redandblack/experiments/2DD_lodX=1_lodY=2_OM=4_r1/decompressed/redandblack_dec_1524.ply

========== Time & Binary Size ==========
Encoding time (s)           : -1
Decoding time (s)           : -1
Source point cloud size (kB): 14684.513
Total binary files size (kB): 3659.718
Compression ratio           : 0.24922297389092846
bpp (bits per point)        : 43.013630847616

========== Point-based Metrics =========
Asym. Chamfer dist. (1->2) p2pt: 1.12814
Asym. Chamfer dist. (2->1) p2pt: 0.924041
Chamfer dist.              p2pt: 1.02609
CD-PSNR (dB)               p2pt: 59.5343
Hausdorff distance         p2pt: 178


----------------------------------------
Y-CPSNR (dB)                   : 31.6699
U-CPSNR (dB)                   : 38.4683
V-CPSNR (dB)                   : 30.8739

