PCC-Arena Evaluator 0.6.5
Reference Point Cloud: /temp/pranav/dynamic_pc_data/soldier/Ply/soldier_vox10_0668.ply
Target Point Cloud: /temp/pranav/dynamic_pc_data/soldier/experiments/vanilla_rc_OM=4_GQP=40_AQP=52/decompressed/soldier_dec_0668.ply

========== Time & Binary Size ==========
Encoding time (s)           : -1
Decoding time (s)           : -1
Source point cloud size (kB): 23249.328
Total binary files size (kB): 2864.358
Compression ratio           : 0.12320175447651649
bpp (bits per point)        : 21.880151629443613

========== Point-based Metrics =========
Asym. Chamfer dist. (1->2) p2pt: 2.20067
Asym. Chamfer dist. (2->1) p2pt: 2.10081
Chamfer dist.              p2pt: 2.15074
CD-PSNR (dB)               p2pt: 56.9302
Hausdorff distance         p2pt: 340


----------------------------------------
Y-CPSNR (dB)                   : 25.7324
U-CPSNR (dB)                   : 40.3282
V-CPSNR (dB)                   : 40.2283

