PCC-Arena Evaluator 0.6.5
Reference Point Cloud: /temp/pranav/dynamic_pc_data/soldier/Ply/soldier_vox10_0803.ply
Target Point Cloud: /temp/pranav/dynamic_pc_data/soldier/experiments/vanilla_rc_OM=4_GQP=40_AQP=52/decompressed/soldier_dec_0803.ply

========== Time & Binary Size ==========
Encoding time (s)           : -1
Decoding time (s)           : -1
Source point cloud size (kB): 24061.131
Total binary files size (kB): 2864.358
Compression ratio           : 0.11904502743449591
bpp (bits per point)        : 21.044357342012557

========== Point-based Metrics =========
Asym. Chamfer dist. (1->2) p2pt: 2.19072
Asym. Chamfer dist. (2->1) p2pt: 1.95624
Chamfer dist.              p2pt: 2.07348
CD-PSNR (dB)               p2pt: 56.7923
Hausdorff distance         p2pt: 338


----------------------------------------
Y-CPSNR (dB)                   : 25.9153
U-CPSNR (dB)                   : 40.1193
V-CPSNR (dB)                   : 39.8476

