PCC-Arena Evaluator 0.6.5
Reference Point Cloud: /temp/pranav/dynamic_pc_data/soldier/Ply/soldier_vox10_0763.ply
Target Point Cloud: /temp/pranav/dynamic_pc_data/soldier/experiments/vanilla_rc_OM=4_GQP=40_AQP=52/decompressed/soldier_dec_0763.ply

========== Time & Binary Size ==========
Encoding time (s)           : -1
Decoding time (s)           : -1
Source point cloud size (kB): 24213.93
Total binary files size (kB): 2864.358
Compression ratio           : 0.11829380856391342
bpp (bits per point)        : 20.999076273423068

========== Point-based Metrics =========
Asym. Chamfer dist. (1->2) p2pt: 2.22824
Asym. Chamfer dist. (2->1) p2pt: 1.98161
Chamfer dist.              p2pt: 2.10493
CD-PSNR (dB)               p2pt: 56.7767
Hausdorff distance         p2pt: 354


----------------------------------------
Y-CPSNR (dB)                   : 25.7758
U-CPSNR (dB)                   : 40.2086
V-CPSNR (dB)                   : 39.8603

