PCC-Arena Evaluator 0.6.5
Reference Point Cloud: /temp/pranav/dynamic_pc_data/longdress/Ply/longdress_vox10_1313.ply
Target Point Cloud: /temp/pranav/dynamic_pc_data/longdress/experiments/2DD_INT_lodX=2_lodY=1_OM=4_r1/decompressed/longdress_dec_1313.ply

========== Time & Binary Size ==========
Encoding time (s)           : -1
Decoding time (s)           : -1
Source point cloud size (kB): 19106.05
Total binary files size (kB): 4858.411
Compression ratio           : 0.2542865218085371
bpp (bits per point)        : 45.883520681489244

========== Point-based Metrics =========
Asym. Chamfer dist. (1->2) p2pt: 0.989373
Asym. Chamfer dist. (2->1) p2pt: 1.07043
Chamfer dist.              p2pt: 1.0299
CD-PSNR (dB)               p2pt: 59.9218
Hausdorff distance         p2pt: 409


----------------------------------------
Y-CPSNR (dB)                   : 25.9438
U-CPSNR (dB)                   : 32.1198
V-CPSNR (dB)                   : 31.2046

