PCC-Arena Evaluator 0.6.5
Reference Point Cloud: /temp/pranav/dynamic_pc_data/longdress/Ply/longdress_vox10_1167.ply
Target Point Cloud: /temp/pranav/dynamic_pc_data/longdress/experiments/2DD_INT_lodX=2_lodY=1_OM=4_r1/decompressed/longdress_dec_1167.ply

========== Time & Binary Size ==========
Encoding time (s)           : -1
Decoding time (s)           : -1
Source point cloud size (kB): 18506.134
Total binary files size (kB): 4858.411
Compression ratio           : 0.2625297644553963
bpp (bits per point)        : 47.8363089011035

========== Point-based Metrics =========
Asym. Chamfer dist. (1->2) p2pt: 1.03088
Asym. Chamfer dist. (2->1) p2pt: 1.2497
Chamfer dist.              p2pt: 1.14029
CD-PSNR (dB)               p2pt: 59.5091
Hausdorff distance         p2pt: 701


----------------------------------------
Y-CPSNR (dB)                   : 26.1239
U-CPSNR (dB)                   : 32.1187
V-CPSNR (dB)                   : 31.5194

