PCC-Arena Evaluator 0.6.5
Reference Point Cloud: /temp/pranav/dynamic_pc_data/loot/Ply/loot_vox10_1157.ply
Target Point Cloud: /temp/pranav/dynamic_pc_data/loot/experiments/vanilla_rc_OM=4_GQP=36_AQP=47/decompressed/loot_dec_1157.ply

========== Time & Binary Size ==========
Encoding time (s)           : -1
Decoding time (s)           : -1
Source point cloud size (kB): 17239.818
Total binary files size (kB): 2110.586
Compression ratio           : 0.12242507432503057
bpp (bits per point)        : 21.22453166265884

========== Point-based Metrics =========
Asym. Chamfer dist. (1->2) p2pt: 1.14153
Asym. Chamfer dist. (2->1) p2pt: 1.05167
Chamfer dist.              p2pt: 1.0966
CD-PSNR (dB)               p2pt: 59.4954
Hausdorff distance         p2pt: 197


----------------------------------------
Y-CPSNR (dB)                   : 30.6975
U-CPSNR (dB)                   : 42.0558
V-CPSNR (dB)                   : 41.6792

