PCC-Arena Evaluator 0.6.5
Reference Point Cloud: /temp/pranav/dynamic_pc_data/loot/Ply/loot_vox10_1259.ply
Target Point Cloud: /temp/pranav/dynamic_pc_data/loot/experiments/vanilla_rc_OM=4_GQP=36_AQP=47/decompressed/loot_dec_1259.ply

========== Time & Binary Size ==========
Encoding time (s)           : -1
Decoding time (s)           : -1
Source point cloud size (kB): 17541.583
Total binary files size (kB): 2113.901
Compression ratio           : 0.12050799520202937
bpp (bits per point)        : 21.01619660111225

========== Point-based Metrics =========
Asym. Chamfer dist. (1->2) p2pt: 1.19935
Asym. Chamfer dist. (2->1) p2pt: 1.08405
Chamfer dist.              p2pt: 1.1417
CD-PSNR (dB)               p2pt: 59.5173
Hausdorff distance         p2pt: 161


----------------------------------------
Y-CPSNR (dB)                   : 30.5224
U-CPSNR (dB)                   : 42.0075
V-CPSNR (dB)                   : 41.6853

