PCC-Arena Evaluator 0.6.5
Reference Point Cloud: /temp/pranav/dynamic_pc_data/loot/Ply/loot_vox10_1279.ply
Target Point Cloud: /temp/pranav/dynamic_pc_data/loot/experiments/vanilla_rc_OM=4_GQP=36_AQP=47/decompressed/loot_dec_1279.ply

========== Time & Binary Size ==========
Encoding time (s)           : -1
Decoding time (s)           : -1
Source point cloud size (kB): 17711.849
Total binary files size (kB): 2113.901
Compression ratio           : 0.11934953826672755
bpp (bits per point)        : 20.776869170360616

========== Point-based Metrics =========
Asym. Chamfer dist. (1->2) p2pt: 1.22973
Asym. Chamfer dist. (2->1) p2pt: 1.11363
Chamfer dist.              p2pt: 1.17168
CD-PSNR (dB)               p2pt: 59.2678
Hausdorff distance         p2pt: 129


----------------------------------------
Y-CPSNR (dB)                   : 30.8264
U-CPSNR (dB)                   : 42.1318
V-CPSNR (dB)                   : 41.3807

