PCC-Arena Evaluator 0.6.5
Reference Point Cloud: /temp/pranav/dynamic_pc_data/redandblack/Ply/redandblack_vox10_1736.ply
Target Point Cloud: /temp/pranav/dynamic_pc_data/redandblack/experiments/vanilla_rc_OM=4_GQP=40_AQP=52/decompressed/redandblack_dec_1736.ply

========== Time & Binary Size ==========
Encoding time (s)           : -1
Decoding time (s)           : -1
Source point cloud size (kB): 14187.898
Total binary files size (kB): 2266.891
Compression ratio           : 0.15977638125111981
bpp (bits per point)        : 27.514653137270372

========== Point-based Metrics =========
Asym. Chamfer dist. (1->2) p2pt: 2.09002
Asym. Chamfer dist. (2->1) p2pt: 1.91699
Chamfer dist.              p2pt: 2.00351
CD-PSNR (dB)               p2pt: 56.6936
Hausdorff distance         p2pt: 293


----------------------------------------
Y-CPSNR (dB)                   : 28.7674
U-CPSNR (dB)                   : 36.2548
V-CPSNR (dB)                   : 27.425

