PCC-Arena Evaluator 0.6.5
Reference Point Cloud: /temp/pranav/dynamic_pc_data/redandblack/Ply/redandblack_vox10_1722.ply
Target Point Cloud: /temp/pranav/dynamic_pc_data/redandblack/experiments/vanilla_rc_OM=4_GQP=40_AQP=52/decompressed/redandblack_dec_1722.ply

========== Time & Binary Size ==========
Encoding time (s)           : -1
Decoding time (s)           : -1
Source point cloud size (kB): 13830.459
Total binary files size (kB): 2247.0
Compression ratio           : 0.16246749294437732
bpp (bits per point)        : 28.040138453643145

========== Point-based Metrics =========
Asym. Chamfer dist. (1->2) p2pt: 2.15631
Asym. Chamfer dist. (2->1) p2pt: 1.9428
Chamfer dist.              p2pt: 2.04956
CD-PSNR (dB)               p2pt: 56.6411
Hausdorff distance         p2pt: 294


----------------------------------------
Y-CPSNR (dB)                   : 28.4808
U-CPSNR (dB)                   : 36.3637
V-CPSNR (dB)                   : 27.571

