PCC-Arena Evaluator 0.6.5
Reference Point Cloud: /temp/pranav/dynamic_pc_data/redandblack/Ply/redandblack_vox10_1479.ply
Target Point Cloud: /temp/pranav/dynamic_pc_data/redandblack/experiments/vanilla_rc_OM=4_GQP=40_AQP=52/decompressed/redandblack_dec_1479.ply

========== Time & Binary Size ==========
Encoding time (s)           : -1
Decoding time (s)           : -1
Source point cloud size (kB): 15691.549
Total binary files size (kB): 2247.0
Compression ratio           : 0.14319809981793383
bpp (bits per point)        : 24.634275025181065

========== Point-based Metrics =========
Asym. Chamfer dist. (1->2) p2pt: 2.18542
Asym. Chamfer dist. (2->1) p2pt: 1.97996
Chamfer dist.              p2pt: 2.08269
CD-PSNR (dB)               p2pt: 56.6526
Hausdorff distance         p2pt: 325


----------------------------------------
Y-CPSNR (dB)                   : 29.1822
U-CPSNR (dB)                   : 36.2887
V-CPSNR (dB)                   : 27.5973

