PCC-Arena Evaluator 0.6.5
Reference Point Cloud: /temp/pranav/dynamic_pc_data/redandblack/Ply/redandblack_vox10_1515.ply
Target Point Cloud: /temp/pranav/dynamic_pc_data/redandblack/experiments/vanilla_rc_OM=4_GQP=40_AQP=52/decompressed/redandblack_dec_1515.ply

========== Time & Binary Size ==========
Encoding time (s)           : -1
Decoding time (s)           : -1
Source point cloud size (kB): 14203.349
Total binary files size (kB): 2266.891
Compression ratio           : 0.1596025697882943
bpp (bits per point)        : 27.547713335672633

========== Point-based Metrics =========
Asym. Chamfer dist. (1->2) p2pt: 2.05218
Asym. Chamfer dist. (2->1) p2pt: 1.92521
Chamfer dist.              p2pt: 1.98869
CD-PSNR (dB)               p2pt: 56.6891
Hausdorff distance         p2pt: 337


----------------------------------------
Y-CPSNR (dB)                   : 28.7899
U-CPSNR (dB)                   : 36.6608
V-CPSNR (dB)                   : 27.592

