PCC-Arena Evaluator 0.6.5
Reference Point Cloud: /home/p/pranav/dynamic_pc_data/redandblack/Ply/redandblack_vox10_1489.ply
Target Point Cloud: /home/p/pranav/dynamic_pc_data/redandblack/experiments/vanilla_rc_OM=4_GQP=40_AQP=52/decompressed/redandblack_dec_1489.ply

========== Time & Binary Size ==========
Encoding time (s)           : -1
Decoding time (s)           : -1
Source point cloud size (kB): 16222.431
Total binary files size (kB): 2247.0
Compression ratio           : 0.1385119160007523
bpp (bits per point)        : 23.851509228925927

========== Point-based Metrics =========
Asym. Chamfer dist. (1->2) p2pt: 2.15345
Asym. Chamfer dist. (2->1) p2pt: 1.9936
Chamfer dist.              p2pt: 2.07353
CD-PSNR (dB)               p2pt: 56.5798
Hausdorff distance         p2pt: 264


----------------------------------------
Y-CPSNR (dB)                   : 28.8056
U-CPSNR (dB)                   : 36.2362
V-CPSNR (dB)                   : 27.6065

