PCC-Arena Evaluator 0.6.5
Reference Point Cloud: /temp/pranav/dynamic_pc_data/loot/Ply/loot_vox10_1087.ply
Target Point Cloud: /temp/pranav/dynamic_pc_data/loot/experiments/vanilla_rc_OM=4_GQP=36_AQP=47/decompressed/loot_dec_1087.ply

========== Time & Binary Size ==========
Encoding time (s)           : -1
Decoding time (s)           : -1
Source point cloud size (kB): 16480.435
Total binary files size (kB): 2110.586
Compression ratio           : 0.12806615844788075
bpp (bits per point)        : 21.68618223665283

========== Point-based Metrics =========
Asym. Chamfer dist. (1->2) p2pt: 1.11672
Asym. Chamfer dist. (2->1) p2pt: 0.957598
Chamfer dist.              p2pt: 1.03716
CD-PSNR (dB)               p2pt: 60.1144
Hausdorff distance         p2pt: 120


----------------------------------------
Y-CPSNR (dB)                   : 30.8573
U-CPSNR (dB)                   : 42.2277
V-CPSNR (dB)                   : 41.2994

