PCC-Arena Evaluator 0.6.5
Reference Point Cloud: /temp/pranav/dynamic_pc_data/loot/Ply/loot_vox10_1021.ply
Target Point Cloud: /temp/pranav/dynamic_pc_data/loot/experiments/vanilla_rc_OM=4_GQP=36_AQP=47/decompressed/loot_dec_1021.ply

========== Time & Binary Size ==========
Encoding time (s)           : -1
Decoding time (s)           : -1
Source point cloud size (kB): 16914.966
Total binary files size (kB): 2110.586
Compression ratio           : 0.12477624844176452
bpp (bits per point)        : 21.69487588014596

========== Point-based Metrics =========
Asym. Chamfer dist. (1->2) p2pt: 1.16056
Asym. Chamfer dist. (2->1) p2pt: 1.00291
Chamfer dist.              p2pt: 1.08173
CD-PSNR (dB)               p2pt: 59.8539
Hausdorff distance         p2pt: 84


----------------------------------------
Y-CPSNR (dB)                   : 30.5816
U-CPSNR (dB)                   : 41.8398
V-CPSNR (dB)                   : 41.6939

