PCC-Arena Evaluator 0.6.5
Reference Point Cloud: /home/p/pranav/dynamic_pc_data/loot/Ply/loot_vox10_1076.ply
Target Point Cloud: /home/p/pranav/dynamic_pc_data/loot/experiments/3DD_2_noQuantize_OM=4/decompressed/loot_dec_1076.ply

========== Time & Binary Size ==========
Encoding time (s)           : -1
Decoding time (s)           : -1
Source point cloud size (kB): 16596.744
Total binary files size (kB): 6607.689
Compression ratio           : 0.3981316455806031
bpp (bits per point)        : 67.52349650832012

========== Point-based Metrics =========
Asym. Chamfer dist. (1->2) p2pt: 0.409337
Asym. Chamfer dist. (2->1) p2pt: 0.334605
Chamfer dist.              p2pt: 0.371971
CD-PSNR (dB)               p2pt: 64.4002
Hausdorff distance         p2pt: 36


----------------------------------------
Y-CPSNR (dB)                   : 36.5043
U-CPSNR (dB)                   : 46.8406
V-CPSNR (dB)                   : 46.5463

