PCC-Arena Evaluator 0.6.5
Reference Point Cloud: /temp/pranav/dynamic_pc_data/loot/Ply/loot_vox10_1061.ply
Target Point Cloud: /temp/pranav/dynamic_pc_data/loot/experiments/3DD_2_noQuantize_OM=4/decompressed/loot_dec_1061.ply

========== Time & Binary Size ==========
Encoding time (s)           : -1
Decoding time (s)           : -1
Source point cloud size (kB): 16687.436
Total binary files size (kB): 6607.689
Compression ratio           : 0.3959679006409373
bpp (bits per point)        : 67.530052313215

========== Point-based Metrics =========
Asym. Chamfer dist. (1->2) p2pt: 0.427561
Asym. Chamfer dist. (2->1) p2pt: 0.339078
Chamfer dist.              p2pt: 0.383319
CD-PSNR (dB)               p2pt: 64.2991
Hausdorff distance         p2pt: 105


----------------------------------------
Y-CPSNR (dB)                   : 36.5319
U-CPSNR (dB)                   : 46.7797
V-CPSNR (dB)                   : 46.619

