PCC-Arena Evaluator 0.6.5
Reference Point Cloud: /home/p/pranav/dynamic_pc_data/loot/Ply/loot_vox10_1275.ply
Target Point Cloud: /home/p/pranav/dynamic_pc_data/loot/experiments/3DD_2_noQuantize_OM=4/decompressed/loot_dec_1275.ply

========== Time & Binary Size ==========
Encoding time (s)           : -1
Decoding time (s)           : -1
Source point cloud size (kB): 17713.526
Total binary files size (kB): 6607.689
Compression ratio           : 0.373030699816626
bpp (bits per point)        : 64.9736376329918

========== Point-based Metrics =========
Asym. Chamfer dist. (1->2) p2pt: 0.445582
Asym. Chamfer dist. (2->1) p2pt: 0.394335
Chamfer dist.              p2pt: 0.419958
CD-PSNR (dB)               p2pt: 63.8319
Hausdorff distance         p2pt: 153


----------------------------------------
Y-CPSNR (dB)                   : 35.9553
U-CPSNR (dB)                   : 46.2892
V-CPSNR (dB)                   : 46.046

