PCC-Arena Evaluator 0.6.5
Reference Point Cloud: /home/p/pranav/dynamic_pc_data/loot/Ply/loot_vox10_1075.ply
Target Point Cloud: /home/p/pranav/dynamic_pc_data/loot/experiments/3DD_2_noQuantize_OM=4/decompressed/loot_dec_1075.ply

========== Time & Binary Size ==========
Encoding time (s)           : -1
Decoding time (s)           : -1
Source point cloud size (kB): 16621.361
Total binary files size (kB): 6607.689
Compression ratio           : 0.39754199430479853
bpp (bits per point)        : 67.40983522936669

========== Point-based Metrics =========
Asym. Chamfer dist. (1->2) p2pt: 0.404298
Asym. Chamfer dist. (2->1) p2pt: 0.328806
Chamfer dist.              p2pt: 0.366552
CD-PSNR (dB)               p2pt: 64.445
Hausdorff distance         p2pt: 21


----------------------------------------
Y-CPSNR (dB)                   : 36.6273
U-CPSNR (dB)                   : 46.696
V-CPSNR (dB)                   : 46.4559

