PCC-Arena Evaluator 0.6.5
Reference Point Cloud: /home/p/pranav/dynamic_pc_data/loot/Ply/loot_vox10_1102.ply
Target Point Cloud: /home/p/pranav/dynamic_pc_data/loot/experiments/3DD_2_noQuantize_OM=4/decompressed/loot_dec_1102.ply

========== Time & Binary Size ==========
Encoding time (s)           : -1
Decoding time (s)           : -1
Source point cloud size (kB): 16536.682
Total binary files size (kB): 6607.689
Compression ratio           : 0.39957767827911306
bpp (bits per point)        : 67.56751381413201

========== Point-based Metrics =========
Asym. Chamfer dist. (1->2) p2pt: 0.402846
Asym. Chamfer dist. (2->1) p2pt: 0.329042
Chamfer dist.              p2pt: 0.365944
CD-PSNR (dB)               p2pt: 64.6904
Hausdorff distance         p2pt: 74


----------------------------------------
Y-CPSNR (dB)                   : 36.2295
U-CPSNR (dB)                   : 46.4747
V-CPSNR (dB)                   : 46.6667

