PCC-Arena Evaluator 0.6.5
Reference Point Cloud: /temp/pranav/dynamic_pc_data/loot/Ply/loot_vox10_1082.ply
Target Point Cloud: /temp/pranav/dynamic_pc_data/loot/experiments/3DD_2_noQuantize_OM=4/decompressed/loot_dec_1082.ply

========== Time & Binary Size ==========
Encoding time (s)           : -1
Decoding time (s)           : -1
Source point cloud size (kB): 16577.535
Total binary files size (kB): 6607.689
Compression ratio           : 0.39859297537299726
bpp (bits per point)        : 67.53419347750265

========== Point-based Metrics =========
Asym. Chamfer dist. (1->2) p2pt: 0.40799
Asym. Chamfer dist. (2->1) p2pt: 0.324844
Chamfer dist.              p2pt: 0.366417
CD-PSNR (dB)               p2pt: 64.6653
Hausdorff distance         p2pt: 41


----------------------------------------
Y-CPSNR (dB)                   : 36.0022
U-CPSNR (dB)                   : 46.6391
V-CPSNR (dB)                   : 46.382

