PCC-Arena Evaluator 0.6.5
Reference Point Cloud: /temp/pranav/dynamic_pc_data/loot/Ply/loot_vox10_1080.ply
Target Point Cloud: /temp/pranav/dynamic_pc_data/loot/experiments/3DD_2_noQuantize_OM=4/decompressed/loot_dec_1080.ply

========== Time & Binary Size ==========
Encoding time (s)           : -1
Decoding time (s)           : -1
Source point cloud size (kB): 16655.254
Total binary files size (kB): 6607.689
Compression ratio           : 0.3967330068938006
bpp (bits per point)        : 67.27488756022878

========== Point-based Metrics =========
Asym. Chamfer dist. (1->2) p2pt: 0.412238
Asym. Chamfer dist. (2->1) p2pt: 0.337495
Chamfer dist.              p2pt: 0.374867
CD-PSNR (dB)               p2pt: 64.5465
Hausdorff distance         p2pt: 85


----------------------------------------
Y-CPSNR (dB)                   : 36.5158
U-CPSNR (dB)                   : 46.4783
V-CPSNR (dB)                   : 46.504

