PCC-Arena Evaluator 0.6.5
Reference Point Cloud: /home/p/pranav/dynamic_pc_data/loot/Ply/loot_vox10_1219.ply
Target Point Cloud: /home/p/pranav/dynamic_pc_data/loot/experiments/3DD_2_noQuantize_OM=4/decompressed/loot_dec_1219.ply

========== Time & Binary Size ==========
Encoding time (s)           : -1
Decoding time (s)           : -1
Source point cloud size (kB): 17650.927
Total binary files size (kB): 6607.689
Compression ratio           : 0.3743536529271239
bpp (bits per point)        : 65.19810109486755

========== Point-based Metrics =========
Asym. Chamfer dist. (1->2) p2pt: 0.450629
Asym. Chamfer dist. (2->1) p2pt: 0.409544
Chamfer dist.              p2pt: 0.430086
CD-PSNR (dB)               p2pt: 63.7057
Hausdorff distance         p2pt: 125


----------------------------------------
Y-CPSNR (dB)                   : 36.1222
U-CPSNR (dB)                   : 46.6328
V-CPSNR (dB)                   : 46.5479

