PCC-Arena Evaluator 0.6.5
Reference Point Cloud: /home/p/pranav/dynamic_pc_data/loot/Ply/loot_vox10_1095.ply
Target Point Cloud: /home/p/pranav/dynamic_pc_data/loot/experiments/3DD_2_noQuantize_OM=4/decompressed/loot_dec_1095.ply

========== Time & Binary Size ==========
Encoding time (s)           : -1
Decoding time (s)           : -1
Source point cloud size (kB): 16477.405
Total binary files size (kB): 6607.689
Compression ratio           : 0.4010151477128832
bpp (bits per point)        : 67.91631859371246

========== Point-based Metrics =========
Asym. Chamfer dist. (1->2) p2pt: 0.401386
Asym. Chamfer dist. (2->1) p2pt: 0.330007
Chamfer dist.              p2pt: 0.365697
CD-PSNR (dB)               p2pt: 64.6811
Hausdorff distance         p2pt: 34


----------------------------------------
Y-CPSNR (dB)                   : 37.0199
U-CPSNR (dB)                   : 46.7253
V-CPSNR (dB)                   : 46.6845

