PCC-Arena Evaluator 0.6.5
Reference Point Cloud: /temp/pranav/dynamic_pc_data/loot/Ply/loot_vox10_1044.ply
Target Point Cloud: /temp/pranav/dynamic_pc_data/loot/experiments/3DD_2_noQuantize_OM=4/decompressed/loot_dec_1044.ply

========== Time & Binary Size ==========
Encoding time (s)           : -1
Decoding time (s)           : -1
Source point cloud size (kB): 17175.348
Total binary files size (kB): 6607.689
Compression ratio           : 0.3847193663848907
bpp (bits per point)        : 67.08518025929723

========== Point-based Metrics =========
Asym. Chamfer dist. (1->2) p2pt: 0.405759
Asym. Chamfer dist. (2->1) p2pt: 0.326118
Chamfer dist.              p2pt: 0.365938
CD-PSNR (dB)               p2pt: 64.1729
Hausdorff distance         p2pt: 35


----------------------------------------
Y-CPSNR (dB)                   : 36.4262
U-CPSNR (dB)                   : 46.5673
V-CPSNR (dB)                   : 46.433

