PCC-Arena Evaluator 0.6.5
Reference Point Cloud: /temp/pranav/dynamic_pc_data/loot/Ply/loot_vox10_1112.ply
Target Point Cloud: /temp/pranav/dynamic_pc_data/loot/experiments/3DD_2_noQuantize_OM=4/decompressed/loot_dec_1112.ply

========== Time & Binary Size ==========
Encoding time (s)           : -1
Decoding time (s)           : -1
Source point cloud size (kB): 16587.77
Total binary files size (kB): 6607.689
Compression ratio           : 0.3983470351952071
bpp (bits per point)        : 67.46644578397826

========== Point-based Metrics =========
Asym. Chamfer dist. (1->2) p2pt: 0.401367
Asym. Chamfer dist. (2->1) p2pt: 0.32747
Chamfer dist.              p2pt: 0.364418
CD-PSNR (dB)               p2pt: 64.6253
Hausdorff distance         p2pt: 29


----------------------------------------
Y-CPSNR (dB)                   : 36.7464
U-CPSNR (dB)                   : 46.6912
V-CPSNR (dB)                   : 46.8042

