PCC-Arena Evaluator 0.6.5
Reference Point Cloud: /temp/pranav/dynamic_pc_data/loot/Ply/loot_vox10_1123.ply
Target Point Cloud: /temp/pranav/dynamic_pc_data/loot/experiments/3DD_2_noQuantize_OM=4/decompressed/loot_dec_1123.ply

========== Time & Binary Size ==========
Encoding time (s)           : -1
Decoding time (s)           : -1
Source point cloud size (kB): 16706.853
Total binary files size (kB): 6607.689
Compression ratio           : 0.39550769974453004
bpp (bits per point)        : 66.9792681906992

========== Point-based Metrics =========
Asym. Chamfer dist. (1->2) p2pt: 0.41169
Asym. Chamfer dist. (2->1) p2pt: 0.329194
Chamfer dist.              p2pt: 0.370442
CD-PSNR (dB)               p2pt: 64.3966
Hausdorff distance         p2pt: 58


----------------------------------------
Y-CPSNR (dB)                   : 36.618
U-CPSNR (dB)                   : 46.6523
V-CPSNR (dB)                   : 46.4914

