PCC-Arena Evaluator 0.6.5
Reference Point Cloud: /temp/pranav/dynamic_pc_data/loot/Ply/loot_vox10_1133.ply
Target Point Cloud: /temp/pranav/dynamic_pc_data/loot/experiments/2DD_INT_lodX=2_lodY=2_OM=4_r1/decompressed/loot_dec_1133.ply

========== Time & Binary Size ==========
Encoding time (s)           : -1
Decoding time (s)           : -1
Source point cloud size (kB): 16851.899
Total binary files size (kB): 2237.66
Compression ratio           : 0.1327838482772772
bpp (bits per point)        : 22.72503154618183

========== Point-based Metrics =========
Asym. Chamfer dist. (1->2) p2pt: 1.24625
Asym. Chamfer dist. (2->1) p2pt: 1.23702
Chamfer dist.              p2pt: 1.24164
CD-PSNR (dB)               p2pt: 59.3234
Hausdorff distance         p2pt: 100


----------------------------------------
Y-CPSNR (dB)                   : 30.5843
U-CPSNR (dB)                   : 43.2333
V-CPSNR (dB)                   : 42.7679

