PCC-Arena Evaluator 0.6.5
Reference Point Cloud: /temp/pranav/dynamic_pc_data/soldier/Ply/soldier_vox10_0731.ply
Target Point Cloud: /temp/pranav/dynamic_pc_data/soldier/experiments/2DD_INT_lodX=1_lodY=2_OM=4_r1/decompressed/soldier_dec_0731.ply

========== Time & Binary Size ==========
Encoding time (s)           : -1
Decoding time (s)           : -1
Source point cloud size (kB): 24190.826
Total binary files size (kB): 4976.561
Compression ratio           : 0.20572100349115816
bpp (bits per point)        : 36.52541940597838

========== Point-based Metrics =========
Asym. Chamfer dist. (1->2) p2pt: 0.895759
Asym. Chamfer dist. (2->1) p2pt: 0.893869
Chamfer dist.              p2pt: 0.894814
CD-PSNR (dB)               p2pt: 60.4691
Hausdorff distance         p2pt: 213


----------------------------------------
Y-CPSNR (dB)                   : 28.8581
U-CPSNR (dB)                   : 42.8669
V-CPSNR (dB)                   : 43.3231

