PCC-Arena Evaluator 0.6.5
Reference Point Cloud: /temp/pranav/dynamic_pc_data/soldier/Ply/soldier_vox10_0576.ply
Target Point Cloud: /temp/pranav/dynamic_pc_data/soldier/experiments/2DD_INT_lodX=1_lodY=2_OM=4_r1/decompressed/soldier_dec_0576.ply

========== Time & Binary Size ==========
Encoding time (s)           : -1
Decoding time (s)           : -1
Source point cloud size (kB): 23502.671
Total binary files size (kB): 4976.561
Compression ratio           : 0.21174448640326882
bpp (bits per point)        : 37.51503004501334

========== Point-based Metrics =========
Asym. Chamfer dist. (1->2) p2pt: 0.926807
Asym. Chamfer dist. (2->1) p2pt: 1.00803
Chamfer dist.              p2pt: 0.967419
CD-PSNR (dB)               p2pt: 60.4321
Hausdorff distance         p2pt: 3690


----------------------------------------
Y-CPSNR (dB)                   : 28.8406
U-CPSNR (dB)                   : 42.6257
V-CPSNR (dB)                   : 42.913

