PCC-Arena Evaluator 0.6.5
Reference Point Cloud: /temp/pranav/dynamic_pc_data/soldier/Ply/soldier_vox10_0668.ply
Target Point Cloud: /temp/pranav/dynamic_pc_data/soldier/experiments/2DD_INT_lodX=1_lodY=2_OM=4_r1/decompressed/soldier_dec_0668.ply

========== Time & Binary Size ==========
Encoding time (s)           : -1
Decoding time (s)           : -1
Source point cloud size (kB): 23249.328
Total binary files size (kB): 4976.561
Compression ratio           : 0.21405182119672445
bpp (bits per point)        : 38.01476954807169

========== Point-based Metrics =========
Asym. Chamfer dist. (1->2) p2pt: 0.933159
Asym. Chamfer dist. (2->1) p2pt: 1.01192
Chamfer dist.              p2pt: 0.972538
CD-PSNR (dB)               p2pt: 60.377
Hausdorff distance         p2pt: 1082


----------------------------------------
Y-CPSNR (dB)                   : 28.6805
U-CPSNR (dB)                   : 42.6668
V-CPSNR (dB)                   : 43.0527

