PCC-Arena Evaluator 0.6.5
Reference Point Cloud: /temp/pranav/dynamic_pc_data/soldier/Ply/soldier_vox10_0716.ply
Target Point Cloud: /temp/pranav/dynamic_pc_data/soldier/experiments/2DD_INT_lodX=1_lodY=2_OM=4_r1/decompressed/soldier_dec_0716.ply

========== Time & Binary Size ==========
Encoding time (s)           : -1
Decoding time (s)           : -1
Source point cloud size (kB): 24256.221
Total binary files size (kB): 4976.561
Compression ratio           : 0.2051663777304799
bpp (bits per point)        : 36.4863887972433

========== Point-based Metrics =========
Asym. Chamfer dist. (1->2) p2pt: 0.975299
Asym. Chamfer dist. (2->1) p2pt: 1.03312
Chamfer dist.              p2pt: 1.00421
CD-PSNR (dB)               p2pt: 60.0335
Hausdorff distance         p2pt: 126


----------------------------------------
Y-CPSNR (dB)                   : 28.7821
U-CPSNR (dB)                   : 42.5575
V-CPSNR (dB)                   : 42.9849

