PCC-Arena Evaluator 0.6.5
Reference Point Cloud: /temp/pranav/dynamic_pc_data/redandblack/Ply/redandblack_vox10_1725.ply
Target Point Cloud: /temp/pranav/dynamic_pc_data/redandblack/experiments/vanilla_rc_OM=4_GQP=33_AQP=43/decompressed/redandblack_dec_1725.ply

========== Time & Binary Size ==========
Encoding time (s)           : -1
Decoding time (s)           : -1
Source point cloud size (kB): 13862.687
Total binary files size (kB): 4040.508
Compression ratio           : 0.2914664379279428
bpp (bits per point)        : 50.30646042366036

========== Point-based Metrics =========
Asym. Chamfer dist. (1->2) p2pt: 0.893683
Asym. Chamfer dist. (2->1) p2pt: 0.807347
Chamfer dist.              p2pt: 0.850515
CD-PSNR (dB)               p2pt: 60.4837
Hausdorff distance         p2pt: 184


----------------------------------------
Y-CPSNR (dB)                   : 31.385
U-CPSNR (dB)                   : 38.9674
V-CPSNR (dB)                   : 31.643

