PCC-Arena Evaluator 0.6.5
Reference Point Cloud: /temp/pranav/dynamic_pc_data/redandblack/Ply/redandblack_vox10_1584.ply
Target Point Cloud: /temp/pranav/dynamic_pc_data/redandblack/experiments/vanilla_rc_OM=4_GQP=33_AQP=43/decompressed/redandblack_dec_1584.ply

========== Time & Binary Size ==========
Encoding time (s)           : -1
Decoding time (s)           : -1
Source point cloud size (kB): 15089.037
Total binary files size (kB): 4040.508
Compression ratio           : 0.2677777249800633
bpp (bits per point)        : 46.13610724154468

========== Point-based Metrics =========
Asym. Chamfer dist. (1->2) p2pt: 0.864535
Asym. Chamfer dist. (2->1) p2pt: 0.855999
Chamfer dist.              p2pt: 0.860267
CD-PSNR (dB)               p2pt: 60.4218
Hausdorff distance         p2pt: 193


----------------------------------------
Y-CPSNR (dB)                   : 31.9848
U-CPSNR (dB)                   : 38.9553
V-CPSNR (dB)                   : 31.5729

