PCC-Arena Evaluator 0.6.5
Reference Point Cloud: /temp/pranav/dynamic_pc_data/redandblack/Ply/redandblack_vox10_1589.ply
Target Point Cloud: /temp/pranav/dynamic_pc_data/redandblack/experiments/vanilla_rc_OM=4_GQP=33_AQP=43/decompressed/redandblack_dec_1589.ply

========== Time & Binary Size ==========
Encoding time (s)           : -1
Decoding time (s)           : -1
Source point cloud size (kB): 14734.816
Total binary files size (kB): 4040.508
Compression ratio           : 0.2742150292205888
bpp (bits per point)        : 47.34572682372379

========== Point-based Metrics =========
Asym. Chamfer dist. (1->2) p2pt: 0.953558
Asym. Chamfer dist. (2->1) p2pt: 0.896332
Chamfer dist.              p2pt: 0.924945
CD-PSNR (dB)               p2pt: 60.0742
Hausdorff distance         p2pt: 225


----------------------------------------
Y-CPSNR (dB)                   : 32.0314
U-CPSNR (dB)                   : 39.0531
V-CPSNR (dB)                   : 31.7886

