PCC-Arena Evaluator 0.6.5
Reference Point Cloud: /temp/pranav/dynamic_pc_data/redandblack/Ply/redandblack_vox10_1537.ply
Target Point Cloud: /temp/pranav/dynamic_pc_data/redandblack/experiments/vanilla_rc_OM=4_GQP=33_AQP=43/decompressed/redandblack_dec_1537.ply

========== Time & Binary Size ==========
Encoding time (s)           : -1
Decoding time (s)           : -1
Source point cloud size (kB): 15855.211
Total binary files size (kB): 4040.508
Compression ratio           : 0.25483785740852016
bpp (bits per point)        : 43.931995514933234

========== Point-based Metrics =========
Asym. Chamfer dist. (1->2) p2pt: 0.920064
Asym. Chamfer dist. (2->1) p2pt: 0.904388
Chamfer dist.              p2pt: 0.912226
CD-PSNR (dB)               p2pt: 60.1399
Hausdorff distance         p2pt: 137


----------------------------------------
Y-CPSNR (dB)                   : 31.7524
U-CPSNR (dB)                   : 38.7941
V-CPSNR (dB)                   : 31.6657

