PCC-Arena Evaluator 0.6.5
Reference Point Cloud: /temp/pranav/dynamic_pc_data/redandblack/Ply/redandblack_vox10_1743.ply
Target Point Cloud: /temp/pranav/dynamic_pc_data/redandblack/experiments/vanilla_rc_OM=4_GQP=33_AQP=43/decompressed/redandblack_dec_1743.ply

========== Time & Binary Size ==========
Encoding time (s)           : -1
Decoding time (s)           : -1
Source point cloud size (kB): 14822.245
Total binary files size (kB): 4040.508
Compression ratio           : 0.27259757209518526
bpp (bits per point)        : 46.96538046328894

========== Point-based Metrics =========
Asym. Chamfer dist. (1->2) p2pt: 0.950094
Asym. Chamfer dist. (2->1) p2pt: 0.834109
Chamfer dist.              p2pt: 0.892101
CD-PSNR (dB)               p2pt: 60.2422
Hausdorff distance         p2pt: 168


----------------------------------------
Y-CPSNR (dB)                   : 31.6324
U-CPSNR (dB)                   : 38.7633
V-CPSNR (dB)                   : 31.8024

