PCC-Arena Evaluator 0.6.5
Reference Point Cloud: /temp/pranav/dynamic_pc_data/redandblack/Ply/redandblack_vox10_1721.ply
Target Point Cloud: /temp/pranav/dynamic_pc_data/redandblack/experiments/vanilla_rc_OM=4_GQP=33_AQP=43/decompressed/redandblack_dec_1721.ply

========== Time & Binary Size ==========
Encoding time (s)           : -1
Decoding time (s)           : -1
Source point cloud size (kB): 14028.256
Total binary files size (kB): 4040.508
Compression ratio           : 0.28802639472789776
bpp (bits per point)        : 49.71357385197922

========== Point-based Metrics =========
Asym. Chamfer dist. (1->2) p2pt: 0.903041
Asym. Chamfer dist. (2->1) p2pt: 0.854327
Chamfer dist.              p2pt: 0.878684
CD-PSNR (dB)               p2pt: 60.3446
Hausdorff distance         p2pt: 260


----------------------------------------
Y-CPSNR (dB)                   : 31.6046
U-CPSNR (dB)                   : 38.7999
V-CPSNR (dB)                   : 31.9366

