PCC-Arena Evaluator 0.6.5
Reference Point Cloud: /temp/pranav/dynamic_pc_data/soldier/Ply/soldier_vox10_0708.ply
Target Point Cloud: /temp/pranav/dynamic_pc_data/soldier/experiments/3DD_2_noQuantize_OM=4_r1/decompressed/soldier_dec_0708.ply

========== Time & Binary Size ==========
Encoding time (s)           : -1
Decoding time (s)           : -1
Source point cloud size (kB): 24116.691
Total binary files size (kB): 5191.897
Compression ratio           : 0.2152823121546816
bpp (bits per point)        : 38.329559915580276

========== Point-based Metrics =========
Asym. Chamfer dist. (1->2) p2pt: 0.895716
Asym. Chamfer dist. (2->1) p2pt: 0.745468
Chamfer dist.              p2pt: 0.820592
CD-PSNR (dB)               p2pt: 61.0516
Hausdorff distance         p2pt: 200


----------------------------------------
Y-CPSNR (dB)                   : 29.4554
U-CPSNR (dB)                   : 43.2027
V-CPSNR (dB)                   : 43.5069

