PCC-Arena Evaluator 0.6.5
Reference Point Cloud: /temp/pranav/dynamic_pc_data/soldier/Ply/soldier_vox10_0802.ply
Target Point Cloud: /temp/pranav/dynamic_pc_data/soldier/experiments/3DD_2_noQuantize_OM=4_r1/decompressed/soldier_dec_0802.ply

========== Time & Binary Size ==========
Encoding time (s)           : -1
Decoding time (s)           : -1
Source point cloud size (kB): 24074.564
Total binary files size (kB): 5191.897
Compression ratio           : 0.21565902501910317
bpp (bits per point)        : 38.121299285119676

========== Point-based Metrics =========
Asym. Chamfer dist. (1->2) p2pt: 0.896698
Asym. Chamfer dist. (2->1) p2pt: 0.745097
Chamfer dist.              p2pt: 0.820897
CD-PSNR (dB)               p2pt: 60.8131
Hausdorff distance         p2pt: 145


----------------------------------------
Y-CPSNR (dB)                   : 29.3129
U-CPSNR (dB)                   : 43.3585
V-CPSNR (dB)                   : 43.4871

