PCC-Arena Evaluator 0.6.5
Reference Point Cloud: /temp/pranav/dynamic_pc_data/soldier/Ply/soldier_vox10_0623.ply
Target Point Cloud: /temp/pranav/dynamic_pc_data/soldier/experiments/2DD_INT_lodX=1_lodY=2_OM=4_r1/decompressed/soldier_dec_0623.ply

========== Time & Binary Size ==========
Encoding time (s)           : -1
Decoding time (s)           : -1
Source point cloud size (kB): 23547.038
Total binary files size (kB): 4976.561
Compression ratio           : 0.21134552040048518
bpp (bits per point)        : 37.44752688697969

========== Point-based Metrics =========
Asym. Chamfer dist. (1->2) p2pt: 0.908508
Asym. Chamfer dist. (2->1) p2pt: 0.990223
Chamfer dist.              p2pt: 0.949366
CD-PSNR (dB)               p2pt: 60.5209
Hausdorff distance         p2pt: 3604


----------------------------------------
Y-CPSNR (dB)                   : 28.8643
U-CPSNR (dB)                   : 42.7466
V-CPSNR (dB)                   : 43.0498

