PCC-Arena Evaluator 0.6.5
Reference Point Cloud: /temp/pranav/dynamic_pc_data/soldier/Ply/soldier_vox10_0593.ply
Target Point Cloud: /temp/pranav/dynamic_pc_data/soldier/experiments/2DD_INT_lodX=1_lodY=2_OM=4_r1/decompressed/soldier_dec_0593.ply

========== Time & Binary Size ==========
Encoding time (s)           : -1
Decoding time (s)           : -1
Source point cloud size (kB): 23505.547
Total binary files size (kB): 4976.561
Compression ratio           : 0.2117185785976391
bpp (bits per point)        : 37.51266173438813

========== Point-based Metrics =========
Asym. Chamfer dist. (1->2) p2pt: 0.909009
Asym. Chamfer dist. (2->1) p2pt: 1.03442
Chamfer dist.              p2pt: 0.971716
CD-PSNR (dB)               p2pt: 60.4208
Hausdorff distance         p2pt: 3837


----------------------------------------
Y-CPSNR (dB)                   : 28.7962
U-CPSNR (dB)                   : 42.7548
V-CPSNR (dB)                   : 42.7728

