PCC-Arena Evaluator 0.6.5
Reference Point Cloud: /temp/pranav/dynamic_pc_data/loot/Ply/loot_vox10_1192.ply
Target Point Cloud: /temp/pranav/dynamic_pc_data/loot/experiments/vanilla_rc_OM=4_GQP=34_AQP=45/decompressed/loot_dec_1192.ply

========== Time & Binary Size ==========
Encoding time (s)           : -1
Decoding time (s)           : -1
Source point cloud size (kB): 17337.065
Total binary files size (kB): 2392.316
Compression ratio           : 0.13798852343231105
bpp (bits per point)        : 24.044464322507046

========== Point-based Metrics =========
Asym. Chamfer dist. (1->2) p2pt: 0.960674
Asym. Chamfer dist. (2->1) p2pt: 0.817858
Chamfer dist.              p2pt: 0.889266
CD-PSNR (dB)               p2pt: 60.6448
Hausdorff distance         p2pt: 85


----------------------------------------
Y-CPSNR (dB)                   : 30.8862
U-CPSNR (dB)                   : 42.7359
V-CPSNR (dB)                   : 42.7472

