PCC-Arena Evaluator 0.6.5
Reference Point Cloud: /home/p/pranav/dynamic_pc_data/loot/Ply/loot_vox10_1086.ply
Target Point Cloud: /home/p/pranav/dynamic_pc_data/loot/experiments/vanilla_rc_OM=4_GQP=34_AQP=45/decompressed/loot_dec_1086.ply

========== Time & Binary Size ==========
Encoding time (s)           : -1
Decoding time (s)           : -1
Source point cloud size (kB): 16479.881
Total binary files size (kB): 2392.316
Compression ratio           : 0.14516585404955287
bpp (bits per point)        : 24.58517736345442

========== Point-based Metrics =========
Asym. Chamfer dist. (1->2) p2pt: 0.90408
Asym. Chamfer dist. (2->1) p2pt: 0.763445
Chamfer dist.              p2pt: 0.833762
CD-PSNR (dB)               p2pt: 61.088
Hausdorff distance         p2pt: 65


----------------------------------------
Y-CPSNR (dB)                   : 31.397
U-CPSNR (dB)                   : 43.1788
V-CPSNR (dB)                   : 42.8831

