PCC-Arena Evaluator 0.6.5
Reference Point Cloud: /temp/pranav/dynamic_pc_data/loot/Ply/loot_vox10_1024.ply
Target Point Cloud: /temp/pranav/dynamic_pc_data/loot/experiments/vanilla_r1/decompressed/loot_dec_1024.ply

========== Time & Binary Size ==========
Encoding time (s)           : -1
Decoding time (s)           : -1
Source point cloud size (kB): 16944.071
Total binary files size (kB): 2861.034
Compression ratio           : 0.1688516295759148
bpp (bits per point)        : 29.353760681458795

========== Point-based Metrics =========
Asym. Chamfer dist. (1->2) p2pt: 0.719911
Asym. Chamfer dist. (2->1) p2pt: 0.640954
Chamfer dist.              p2pt: 0.680433
CD-PSNR (dB)               p2pt: 61.8691
Hausdorff distance         p2pt: 61


----------------------------------------
Y-CPSNR (dB)                   : 32.0401
U-CPSNR (dB)                   : 44.3575
V-CPSNR (dB)                   : 43.7524

