PCC-Arena Evaluator 0.6.5
Reference Point Cloud: /temp/pranav/dynamic_pc_data/loot/Ply/loot_vox10_1057.ply
Target Point Cloud: /temp/pranav/dynamic_pc_data/loot/experiments/vanilla_r1/decompressed/loot_dec_1057.ply

========== Time & Binary Size ==========
Encoding time (s)           : -1
Decoding time (s)           : -1
Source point cloud size (kB): 17088.805
Total binary files size (kB): 2861.034
Compression ratio           : 0.16742153708231794
bpp (bits per point)        : 28.684776996305413

========== Point-based Metrics =========
Asym. Chamfer dist. (1->2) p2pt: 0.747818
Asym. Chamfer dist. (2->1) p2pt: 0.67917
Chamfer dist.              p2pt: 0.713494
CD-PSNR (dB)               p2pt: 61.5911
Hausdorff distance         p2pt: 82


----------------------------------------
Y-CPSNR (dB)                   : 32.1112
U-CPSNR (dB)                   : 43.8872
V-CPSNR (dB)                   : 43.4922

