PCC-Arena Evaluator 0.6.5
Reference Point Cloud: /temp/pranav/dynamic_pc_data/loot/Ply/loot_vox10_1246.ply
Target Point Cloud: /temp/pranav/dynamic_pc_data/loot/experiments/vanilla_r1/decompressed/loot_dec_1246.ply

========== Time & Binary Size ==========
Encoding time (s)           : -1
Decoding time (s)           : -1
Source point cloud size (kB): 17830.178
Total binary files size (kB): 2861.034
Compression ratio           : 0.1604602040428312
bpp (bits per point)        : 27.960434647169844

========== Point-based Metrics =========
Asym. Chamfer dist. (1->2) p2pt: 0.737544
Asym. Chamfer dist. (2->1) p2pt: 0.679377
Chamfer dist.              p2pt: 0.70846
CD-PSNR (dB)               p2pt: 61.5764
Hausdorff distance         p2pt: 77


----------------------------------------
Y-CPSNR (dB)                   : 32.2896
U-CPSNR (dB)                   : 44.2767
V-CPSNR (dB)                   : 43.9404

