PCC-Arena Evaluator 0.6.5
Reference Point Cloud: /temp/pranav/dynamic_pc_data/soldier/Ply/soldier_vox10_0716.ply
Target Point Cloud: /temp/pranav/dynamic_pc_data/soldier/experiments/vanilla_rc_OM=4_GQP=36_AQP=47/decompressed/soldier_dec_0716.ply

========== Time & Binary Size ==========
Encoding time (s)           : -1
Decoding time (s)           : -1
Source point cloud size (kB): 24256.221
Total binary files size (kB): 3720.167
Compression ratio           : 0.15336960361632587
bpp (bits per point)        : 27.274951427838264

========== Point-based Metrics =========
Asym. Chamfer dist. (1->2) p2pt: 1.29917
Asym. Chamfer dist. (2->1) p2pt: 1.1637
Chamfer dist.              p2pt: 1.23144
CD-PSNR (dB)               p2pt: 59.1477
Hausdorff distance         p2pt: 221


----------------------------------------
Y-CPSNR (dB)                   : 27.4554
U-CPSNR (dB)                   : 41.8932
V-CPSNR (dB)                   : 41.8938

