PCC-Arena Evaluator 0.6.5
Reference Point Cloud: /temp/pranav/dynamic_pc_data/soldier/Ply/soldier_vox10_0635.ply
Target Point Cloud: /temp/pranav/dynamic_pc_data/soldier/experiments/vanilla_rc_OM=4_GQP=36_AQP=47/decompressed/soldier_dec_0635.ply

========== Time & Binary Size ==========
Encoding time (s)           : -1
Decoding time (s)           : -1
Source point cloud size (kB): 23520.353
Total binary files size (kB): 3720.167
Compression ratio           : 0.15816799178141586
bpp (bits per point)        : 28.045088748921028

========== Point-based Metrics =========
Asym. Chamfer dist. (1->2) p2pt: 1.32561
Asym. Chamfer dist. (2->1) p2pt: 1.20808
Chamfer dist.              p2pt: 1.26685
CD-PSNR (dB)               p2pt: 59.2691
Hausdorff distance         p2pt: 205


----------------------------------------
Y-CPSNR (dB)                   : 27.5073
U-CPSNR (dB)                   : 41.8073
V-CPSNR (dB)                   : 41.9992

