PCC-Arena Evaluator 0.6.5
Reference Point Cloud: /temp/pranav/dynamic_pc_data/soldier/Ply/soldier_vox10_0653.ply
Target Point Cloud: /temp/pranav/dynamic_pc_data/soldier/experiments/vanilla_rc_OM=4_GQP=36_AQP=47/decompressed/soldier_dec_0653.ply

========== Time & Binary Size ==========
Encoding time (s)           : -1
Decoding time (s)           : -1
Source point cloud size (kB): 23239.488
Total binary files size (kB): 3720.167
Compression ratio           : 0.16007955941198015
bpp (bits per point)        : 28.423091579177584

========== Point-based Metrics =========
Asym. Chamfer dist. (1->2) p2pt: 1.31083
Asym. Chamfer dist. (2->1) p2pt: 1.21466
Chamfer dist.              p2pt: 1.26274
CD-PSNR (dB)               p2pt: 59.2455
Hausdorff distance         p2pt: 194


----------------------------------------
Y-CPSNR (dB)                   : 27.2389
U-CPSNR (dB)                   : 41.851
V-CPSNR (dB)                   : 41.8078

