PCC-Arena Evaluator 0.6.5
Reference Point Cloud: /temp/pranav/dynamic_pc_data/soldier/Ply/soldier_vox10_0576.ply
Target Point Cloud: /temp/pranav/dynamic_pc_data/soldier/experiments/vanilla_rc_OM=4_GQP=36_AQP=47/decompressed/soldier_dec_0576.ply

========== Time & Binary Size ==========
Encoding time (s)           : -1
Decoding time (s)           : -1
Source point cloud size (kB): 23502.671
Total binary files size (kB): 3720.167
Compression ratio           : 0.15828698789171666
bpp (bits per point)        : 28.043899547793576

========== Point-based Metrics =========
Asym. Chamfer dist. (1->2) p2pt: 1.31403
Asym. Chamfer dist. (2->1) p2pt: 1.20668
Chamfer dist.              p2pt: 1.26036
CD-PSNR (dB)               p2pt: 59.2833
Hausdorff distance         p2pt: 484


----------------------------------------
Y-CPSNR (dB)                   : 27.2041
U-CPSNR (dB)                   : 41.7279
V-CPSNR (dB)                   : 41.7913

