PCC-Arena Evaluator 0.6.5
Reference Point Cloud: /temp/pranav/dynamic_pc_data/soldier/Ply/soldier_vox10_0563.ply
Target Point Cloud: /temp/pranav/dynamic_pc_data/soldier/experiments/vanilla_rc_OM=4_GQP=36_AQP=47/decompressed/soldier_dec_0563.ply

========== Time & Binary Size ==========
Encoding time (s)           : -1
Decoding time (s)           : -1
Source point cloud size (kB): 23497.167
Total binary files size (kB): 3720.167
Compression ratio           : 0.15832406519475303
bpp (bits per point)        : 28.050110932454672

========== Point-based Metrics =========
Asym. Chamfer dist. (1->2) p2pt: 1.2825
Asym. Chamfer dist. (2->1) p2pt: 1.24343
Chamfer dist.              p2pt: 1.26296
CD-PSNR (dB)               p2pt: 59.2811
Hausdorff distance         p2pt: 232


----------------------------------------
Y-CPSNR (dB)                   : 27.247
U-CPSNR (dB)                   : 41.9385
V-CPSNR (dB)                   : 41.7129

