PCC-Arena Evaluator 0.6.5
Reference Point Cloud: /temp/pranav/dynamic_pc_data/longdress/Ply/longdress_vox10_1188.ply
Target Point Cloud: /temp/pranav/dynamic_pc_data/longdress/experiments/2DD_lodX=2_lodY=2_OM=4_r1/decompressed/longdress_dec_1188.ply

========== Time & Binary Size ==========
Encoding time (s)           : -1
Decoding time (s)           : -1
Source point cloud size (kB): 19528.915
Total binary files size (kB): 3898.886
Compression ratio           : 0.1996468313779849
bpp (bits per point)        : 36.32099231218894

========== Point-based Metrics =========
Asym. Chamfer dist. (1->2) p2pt: 1.67119
Asym. Chamfer dist. (2->1) p2pt: 0.982971
Chamfer dist.              p2pt: 1.32708
CD-PSNR (dB)               p2pt: 58.7865
Hausdorff distance         p2pt: 173


----------------------------------------
Y-CPSNR (dB)                   : 24.9882
U-CPSNR (dB)                   : 31.3459
V-CPSNR (dB)                   : 30.5241

