PCC-Arena Evaluator 0.6.5
Reference Point Cloud: /temp/pranav/dynamic_pc_data/longdress/Ply/longdress_vox10_1337.ply
Target Point Cloud: /temp/pranav/dynamic_pc_data/longdress/experiments/2DD_lodX=2_lodY=2_OM=4_r1/decompressed/longdress_dec_1337.ply

========== Time & Binary Size ==========
Encoding time (s)           : -1
Decoding time (s)           : -1
Source point cloud size (kB): 19873.571
Total binary files size (kB): 3898.886
Compression ratio           : 0.19618447031990374
bpp (bits per point)        : 35.66012139338293

========== Point-based Metrics =========
Asym. Chamfer dist. (1->2) p2pt: 1.75409
Asym. Chamfer dist. (2->1) p2pt: 1.10708
Chamfer dist.              p2pt: 1.43059
CD-PSNR (dB)               p2pt: 58.5961
Hausdorff distance         p2pt: 254


----------------------------------------
Y-CPSNR (dB)                   : 25.4599
U-CPSNR (dB)                   : 31.5801
V-CPSNR (dB)                   : 30.6467

