PCC-Arena Evaluator 0.6.5
Reference Point Cloud: /temp/pranav/dynamic_pc_data/longdress/Ply/longdress_vox10_1096.ply
Target Point Cloud: /temp/pranav/dynamic_pc_data/longdress/experiments/2DD_lodX=2_lodY=2_OM=4_r1/decompressed/longdress_dec_1096.ply

========== Time & Binary Size ==========
Encoding time (s)           : -1
Decoding time (s)           : -1
Source point cloud size (kB): 18735.069
Total binary files size (kB): 3898.886
Compression ratio           : 0.20810630588016515
bpp (bits per point)        : 37.942916089351904

========== Point-based Metrics =========
Asym. Chamfer dist. (1->2) p2pt: 1.74074
Asym. Chamfer dist. (2->1) p2pt: 1.11099
Chamfer dist.              p2pt: 1.42586
CD-PSNR (dB)               p2pt: 58.5384
Hausdorff distance         p2pt: 242


----------------------------------------
Y-CPSNR (dB)                   : 25.1034
U-CPSNR (dB)                   : 31.3785
V-CPSNR (dB)                   : 30.4972

