PCC-Arena Evaluator 0.6.5
Reference Point Cloud: /temp/pranav/dynamic_pc_data/longdress/Ply/longdress_vox10_1307.ply
Target Point Cloud: /temp/pranav/dynamic_pc_data/longdress/experiments/2DD_lodX=2_lodY=2_OM=4_r1/decompressed/longdress_dec_1307.ply

========== Time & Binary Size ==========
Encoding time (s)           : -1
Decoding time (s)           : -1
Source point cloud size (kB): 19156.777
Total binary files size (kB): 4022.404
Compression ratio           : 0.20997289888586165
bpp (bits per point)        : 37.96104004879136

========== Point-based Metrics =========
Asym. Chamfer dist. (1->2) p2pt: 1.78505
Asym. Chamfer dist. (2->1) p2pt: 1.07718
Chamfer dist.              p2pt: 1.43112
CD-PSNR (dB)               p2pt: 58.5108
Hausdorff distance         p2pt: 328


----------------------------------------
Y-CPSNR (dB)                   : 24.9101
U-CPSNR (dB)                   : 31.2108
V-CPSNR (dB)                   : 30.3256

