PCC-Arena Evaluator 0.6.5
Reference Point Cloud: /temp/pranav/dynamic_pc_data/soldier/Ply/soldier_vox10_0627.ply
Target Point Cloud: /temp/pranav/dynamic_pc_data/soldier/experiments/vanilla_r1/decompressed/soldier_dec_0627.ply

========== Time & Binary Size ==========
Encoding time (s)           : -1
Decoding time (s)           : -1
Source point cloud size (kB): 23576.262
Total binary files size (kB): 5488.956
Compression ratio           : 0.2328170598036279
bpp (bits per point)        : 41.25568923822176

========== Point-based Metrics =========
Asym. Chamfer dist. (1->2) p2pt: 0.815732
Asym. Chamfer dist. (2->1) p2pt: 0.753466
Chamfer dist.              p2pt: 0.784599
CD-PSNR (dB)               p2pt: 61.3462
Hausdorff distance         p2pt: 125


----------------------------------------
Y-CPSNR (dB)                   : 29.5234
U-CPSNR (dB)                   : 42.9615
V-CPSNR (dB)                   : 43.4028

