PCC-Arena Evaluator 0.6.5
Reference Point Cloud: /temp/pranav/dynamic_pc_data/soldier/Ply/soldier_vox10_0765.ply
Target Point Cloud: /temp/pranav/dynamic_pc_data/soldier/experiments/vanilla_r1/decompressed/soldier_dec_0765.ply

========== Time & Binary Size ==========
Encoding time (s)           : -1
Decoding time (s)           : -1
Source point cloud size (kB): 24293.27
Total binary files size (kB): 5488.956
Compression ratio           : 0.22594553964945846
bpp (bits per point)        : 40.10738255033557

========== Point-based Metrics =========
Asym. Chamfer dist. (1->2) p2pt: 0.795342
Asym. Chamfer dist. (2->1) p2pt: 0.737905
Chamfer dist.              p2pt: 0.766624
CD-PSNR (dB)               p2pt: 61.1129
Hausdorff distance         p2pt: 104


----------------------------------------
Y-CPSNR (dB)                   : 29.4396
U-CPSNR (dB)                   : 43.2235
V-CPSNR (dB)                   : 43.3282

