PCC-Arena Evaluator 0.6.5
Reference Point Cloud: /temp/pranav/dynamic_pc_data/soldier/Ply/soldier_vox10_0547.ply
Target Point Cloud: /temp/pranav/dynamic_pc_data/soldier/experiments/vanilla_r1/decompressed/soldier_dec_0547.ply

========== Time & Binary Size ==========
Encoding time (s)           : -1
Decoding time (s)           : -1
Source point cloud size (kB): 23468.906
Total binary files size (kB): 5488.956
Compression ratio           : 0.23388205653897973
bpp (bits per point)        : 41.43847546860712

========== Point-based Metrics =========
Asym. Chamfer dist. (1->2) p2pt: 0.79844
Asym. Chamfer dist. (2->1) p2pt: 0.749463
Chamfer dist.              p2pt: 0.773951
CD-PSNR (dB)               p2pt: 61.4121
Hausdorff distance         p2pt: 131


----------------------------------------
Y-CPSNR (dB)                   : 29.3943
U-CPSNR (dB)                   : 43.0787
V-CPSNR (dB)                   : 43.298

