PCC-Arena Evaluator 0.6.5
Reference Point Cloud: /temp/pranav/dynamic_pc_data/soldier/Ply/soldier_vox10_0732.ply
Target Point Cloud: /temp/pranav/dynamic_pc_data/soldier/experiments/vanilla_r1/decompressed/soldier_dec_0732.ply

========== Time & Binary Size ==========
Encoding time (s)           : -1
Decoding time (s)           : -1
Source point cloud size (kB): 24180.376
Total binary files size (kB): 5488.956
Compression ratio           : 0.22700044035708958
bpp (bits per point)        : 40.30310912453478

========== Point-based Metrics =========
Asym. Chamfer dist. (1->2) p2pt: 0.807507
Asym. Chamfer dist. (2->1) p2pt: 0.748369
Chamfer dist.              p2pt: 0.777938
CD-PSNR (dB)               p2pt: 61.072
Hausdorff distance         p2pt: 117


----------------------------------------
Y-CPSNR (dB)                   : 29.3443
U-CPSNR (dB)                   : 43.1246
V-CPSNR (dB)                   : 43.3157

