PCC-Arena Evaluator 0.6.5
Reference Point Cloud: /temp/pranav/dynamic_pc_data/loot/Ply/loot_vox10_1165.ply
Target Point Cloud: /temp/pranav/dynamic_pc_data/loot/experiments/3DD_4_noQuantize_OM=4/decompressed/loot_dec_1165.ply

========== Time & Binary Size ==========
Encoding time (s)           : -1
Decoding time (s)           : -1
Source point cloud size (kB): 17165.854
Total binary files size (kB): 6402.461
Compression ratio           : 0.3729765498413304
bpp (bits per point)        : 64.87734155810433

========== Point-based Metrics =========
Asym. Chamfer dist. (1->2) p2pt: 0.457909
Asym. Chamfer dist. (2->1) p2pt: 0.327635
Chamfer dist.              p2pt: 0.392772
CD-PSNR (dB)               p2pt: 64.1777
Hausdorff distance         p2pt: 86


----------------------------------------
Y-CPSNR (dB)                   : 35.473
U-CPSNR (dB)                   : 46.4168
V-CPSNR (dB)                   : 45.9752

