PCC-Arena Evaluator 0.6.5
Reference Point Cloud: /temp/pranav/dynamic_pc_data/loot/Ply/loot_vox10_1149.ply
Target Point Cloud: /temp/pranav/dynamic_pc_data/loot/experiments/3DD_4_noQuantize_OM=4/decompressed/loot_dec_1149.ply

========== Time & Binary Size ==========
Encoding time (s)           : -1
Decoding time (s)           : -1
Source point cloud size (kB): 17289.499
Total binary files size (kB): 6402.461
Compression ratio           : 0.37030922642697744
bpp (bits per point)        : 64.29037031830329

========== Point-based Metrics =========
Asym. Chamfer dist. (1->2) p2pt: 0.459452
Asym. Chamfer dist. (2->1) p2pt: 0.328343
Chamfer dist.              p2pt: 0.393897
CD-PSNR (dB)               p2pt: 64.1035
Hausdorff distance         p2pt: 38


----------------------------------------
Y-CPSNR (dB)                   : 35.361
U-CPSNR (dB)                   : 46.4113
V-CPSNR (dB)                   : 46.3847

