PCC-Arena Evaluator 0.6.5
Reference Point Cloud: /temp/pranav/dynamic_pc_data/loot/Ply/loot_vox10_1237.ply
Target Point Cloud: /temp/pranav/dynamic_pc_data/loot/experiments/3DD_4_noQuantize_OM=4/decompressed/loot_dec_1237.ply

========== Time & Binary Size ==========
Encoding time (s)           : -1
Decoding time (s)           : -1
Source point cloud size (kB): 17456.731
Total binary files size (kB): 6402.461
Compression ratio           : 0.3667617379221803
bpp (bits per point)        : 63.87235427549579

========== Point-based Metrics =========
Asym. Chamfer dist. (1->2) p2pt: 0.473166
Asym. Chamfer dist. (2->1) p2pt: 0.364357
Chamfer dist.              p2pt: 0.418762
CD-PSNR (dB)               p2pt: 63.807
Hausdorff distance         p2pt: 138


----------------------------------------
Y-CPSNR (dB)                   : 36.0108
U-CPSNR (dB)                   : 46.8116
V-CPSNR (dB)                   : 46.1656

