PCC-Arena Evaluator 0.6.5
Reference Point Cloud: /temp/pranav/dynamic_pc_data/loot/Ply/loot_vox10_1040.ply
Target Point Cloud: /temp/pranav/dynamic_pc_data/loot/experiments/3DD_4_noQuantize_OM=4/decompressed/loot_dec_1040.ply

========== Time & Binary Size ==========
Encoding time (s)           : -1
Decoding time (s)           : -1
Source point cloud size (kB): 17193.515
Total binary files size (kB): 6402.461
Compression ratio           : 0.3723765035828916
bpp (bits per point)        : 64.87783462258021

========== Point-based Metrics =========
Asym. Chamfer dist. (1->2) p2pt: 0.48704
Asym. Chamfer dist. (2->1) p2pt: 0.346081
Chamfer dist.              p2pt: 0.416561
CD-PSNR (dB)               p2pt: 63.9853
Hausdorff distance         p2pt: 94


----------------------------------------
Y-CPSNR (dB)                   : 35.7794
U-CPSNR (dB)                   : 46.4661
V-CPSNR (dB)                   : 46.4755

