PCC-Arena Evaluator 0.6.5
Reference Point Cloud: /temp/pranav/dynamic_pc_data/loot/Ply/loot_vox10_1175.ply
Target Point Cloud: /temp/pranav/dynamic_pc_data/loot/experiments/3DD_4_noQuantize_OM=4/decompressed/loot_dec_1175.ply

========== Time & Binary Size ==========
Encoding time (s)           : -1
Decoding time (s)           : -1
Source point cloud size (kB): 17068.718
Total binary files size (kB): 6402.461
Compression ratio           : 0.37509911406351665
bpp (bits per point)        : 65.18498419999007

========== Point-based Metrics =========
Asym. Chamfer dist. (1->2) p2pt: 0.471189
Asym. Chamfer dist. (2->1) p2pt: 0.357071
Chamfer dist.              p2pt: 0.41413
CD-PSNR (dB)               p2pt: 63.946
Hausdorff distance         p2pt: 109


----------------------------------------
Y-CPSNR (dB)                   : 35.8125
U-CPSNR (dB)                   : 46.4019
V-CPSNR (dB)                   : 46.3109

