PCC-Arena Evaluator 0.6.5
Reference Point Cloud: /temp/pranav/dynamic_pc_data/loot/Ply/loot_vox10_1236.ply
Target Point Cloud: /temp/pranav/dynamic_pc_data/loot/experiments/3DD_4_noQuantize_OM=4/decompressed/loot_dec_1236.ply

========== Time & Binary Size ==========
Encoding time (s)           : -1
Decoding time (s)           : -1
Source point cloud size (kB): 17651.506
Total binary files size (kB): 6402.461
Compression ratio           : 0.36271471680659995
bpp (bits per point)        : 63.16649319001367

========== Point-based Metrics =========
Asym. Chamfer dist. (1->2) p2pt: 0.508233
Asym. Chamfer dist. (2->1) p2pt: 0.391028
Chamfer dist.              p2pt: 0.449631
CD-PSNR (dB)               p2pt: 63.4481
Hausdorff distance         p2pt: 120


----------------------------------------
Y-CPSNR (dB)                   : 35.9329
U-CPSNR (dB)                   : 46.7211
V-CPSNR (dB)                   : 46.5985

