PCC-Arena Evaluator 0.6.5
Reference Point Cloud: /temp/pranav/dynamic_pc_data/loot/Ply/loot_vox10_1295.ply
Target Point Cloud: /temp/pranav/dynamic_pc_data/loot/experiments/3DD_4_noQuantize_OM=4/decompressed/loot_dec_1295.ply

========== Time & Binary Size ==========
Encoding time (s)           : -1
Decoding time (s)           : -1
Source point cloud size (kB): 17822.83
Total binary files size (kB): 6402.461
Compression ratio           : 0.3592280799401666
bpp (bits per point)        : 62.56558065903139

========== Point-based Metrics =========
Asym. Chamfer dist. (1->2) p2pt: 0.511384
Asym. Chamfer dist. (2->1) p2pt: 0.416482
Chamfer dist.              p2pt: 0.463933
CD-PSNR (dB)               p2pt: 63.2888
Hausdorff distance         p2pt: 125


----------------------------------------
Y-CPSNR (dB)                   : 35.9466
U-CPSNR (dB)                   : 46.5932
V-CPSNR (dB)                   : 46.4157

