PCC-Arena Evaluator 0.6.5
Reference Point Cloud: /temp/pranav/dynamic_pc_data/loot/Ply/loot_vox10_1064.ply
Target Point Cloud: /temp/pranav/dynamic_pc_data/loot/experiments/3DD_4_noQuantize_OM=4/decompressed/loot_dec_1064.ply

========== Time & Binary Size ==========
Encoding time (s)           : -1
Decoding time (s)           : -1
Source point cloud size (kB): 16680.175
Total binary files size (kB): 6402.461
Compression ratio           : 0.38383656046774095
bpp (bits per point)        : 65.20589631919258

========== Point-based Metrics =========
Asym. Chamfer dist. (1->2) p2pt: 0.511714
Asym. Chamfer dist. (2->1) p2pt: 0.369406
Chamfer dist.              p2pt: 0.44056
CD-PSNR (dB)               p2pt: 63.8303
Hausdorff distance         p2pt: 89


----------------------------------------
Y-CPSNR (dB)                   : 36.4722
U-CPSNR (dB)                   : 46.8087
V-CPSNR (dB)                   : 46.3422

