PCC-Arena Evaluator 0.6.5
Reference Point Cloud: /temp/pranav/dynamic_pc_data/loot/Ply/loot_vox10_1227.ply
Target Point Cloud: /temp/pranav/dynamic_pc_data/loot/experiments/3DD_4_noQuantize_OM=4/decompressed/loot_dec_1227.ply

========== Time & Binary Size ==========
Encoding time (s)           : -1
Decoding time (s)           : -1
Source point cloud size (kB): 17502.697
Total binary files size (kB): 6402.461
Compression ratio           : 0.3657985395050831
bpp (bits per point)        : 63.760323459261365

========== Point-based Metrics =========
Asym. Chamfer dist. (1->2) p2pt: 0.498946
Asym. Chamfer dist. (2->1) p2pt: 0.370091
Chamfer dist.              p2pt: 0.434518
CD-PSNR (dB)               p2pt: 63.7733
Hausdorff distance         p2pt: 126


----------------------------------------
Y-CPSNR (dB)                   : 35.0714
U-CPSNR (dB)                   : 46.2974
V-CPSNR (dB)                   : 46.1977

