PCC-Arena Evaluator 0.6.5
Reference Point Cloud: /temp/pranav/dynamic_pc_data/loot/Ply/loot_vox10_1007.ply
Target Point Cloud: /temp/pranav/dynamic_pc_data/loot/experiments/3DD_4_noQuantize_OM=4/decompressed/loot_dec_1007.ply

========== Time & Binary Size ==========
Encoding time (s)           : -1
Decoding time (s)           : -1
Source point cloud size (kB): 16857.28
Total binary files size (kB): 6402.461
Compression ratio           : 0.37980391854439155
bpp (bits per point)        : 66.05046017669444

========== Point-based Metrics =========
Asym. Chamfer dist. (1->2) p2pt: 0.450946
Asym. Chamfer dist. (2->1) p2pt: 0.315271
Chamfer dist.              p2pt: 0.383108
CD-PSNR (dB)               p2pt: 64.3496
Hausdorff distance         p2pt: 29


----------------------------------------
Y-CPSNR (dB)                   : 35.344
U-CPSNR (dB)                   : 46.3727
V-CPSNR (dB)                   : 46.3956

