PCC-Arena Evaluator 0.6.5
Reference Point Cloud: /temp/pranav/dynamic_pc_data/loot/Ply/loot_vox10_1056.ply
Target Point Cloud: /temp/pranav/dynamic_pc_data/loot/experiments/vanilla_rc_OM=4_GQP=33_AQP=43/decompressed/loot_dec_1056.ply

========== Time & Binary Size ==========
Encoding time (s)           : -1
Decoding time (s)           : -1
Source point cloud size (kB): 17135.283
Total binary files size (kB): 2700.523
Compression ratio           : 0.15760014001519557
bpp (bits per point)        : 27.04552783647635

========== Point-based Metrics =========
Asym. Chamfer dist. (1->2) p2pt: 0.841078
Asym. Chamfer dist. (2->1) p2pt: 0.767154
Chamfer dist.              p2pt: 0.804116
CD-PSNR (dB)               p2pt: 61.0979
Hausdorff distance         p2pt: 174


----------------------------------------
Y-CPSNR (dB)                   : 31.6232
U-CPSNR (dB)                   : 43.999
V-CPSNR (dB)                   : 43.8596

