PCC-Arena Evaluator 0.6.5
Reference Point Cloud: /temp/pranav/dynamic_pc_data/loot/Ply/loot_vox10_1096.ply
Target Point Cloud: /temp/pranav/dynamic_pc_data/loot/experiments/vanilla_rc_OM=4_GQP=33_AQP=43/decompressed/loot_dec_1096.ply

========== Time & Binary Size ==========
Encoding time (s)           : -1
Decoding time (s)           : -1
Source point cloud size (kB): 16573.831
Total binary files size (kB): 2700.523
Compression ratio           : 0.16293897289045606
bpp (bits per point)        : 27.598670410501814

========== Point-based Metrics =========
Asym. Chamfer dist. (1->2) p2pt: 0.798111
Asym. Chamfer dist. (2->1) p2pt: 0.713415
Chamfer dist.              p2pt: 0.755763
CD-PSNR (dB)               p2pt: 61.5523
Hausdorff distance         p2pt: 150


----------------------------------------
Y-CPSNR (dB)                   : 32.6403
U-CPSNR (dB)                   : 44.2486
V-CPSNR (dB)                   : 43.8

