PCC-Arena Evaluator 0.6.5
Reference Point Cloud: /temp/pranav/dynamic_pc_data/loot/Ply/loot_vox10_1221.ply
Target Point Cloud: /temp/pranav/dynamic_pc_data/loot/experiments/vanilla_rc_OM=4_GQP=33_AQP=43/decompressed/loot_dec_1221.ply

========== Time & Binary Size ==========
Encoding time (s)           : -1
Decoding time (s)           : -1
Source point cloud size (kB): 17626.999
Total binary files size (kB): 2700.523
Compression ratio           : 0.1532037869860888
bpp (bits per point)        : 26.69262598394552

========== Point-based Metrics =========
Asym. Chamfer dist. (1->2) p2pt: 0.80983
Asym. Chamfer dist. (2->1) p2pt: 0.755734
Chamfer dist.              p2pt: 0.782782
CD-PSNR (dB)               p2pt: 61.1362
Hausdorff distance         p2pt: 131


----------------------------------------
Y-CPSNR (dB)                   : 32.0342
U-CPSNR (dB)                   : 44.2138
V-CPSNR (dB)                   : 43.9403

