PCC-Arena Evaluator 0.6.5
Reference Point Cloud: /temp/pranav/dynamic_pc_data/loot/Ply/loot_vox10_1126.ply
Target Point Cloud: /temp/pranav/dynamic_pc_data/loot/experiments/vanilla_rc_OM=4_GQP=33_AQP=43/decompressed/loot_dec_1126.ply

========== Time & Binary Size ==========
Encoding time (s)           : -1
Decoding time (s)           : -1
Source point cloud size (kB): 16422.724
Total binary files size (kB): 2700.523
Compression ratio           : 0.16443818942582245
bpp (bits per point)        : 27.915556290637696

========== Point-based Metrics =========
Asym. Chamfer dist. (1->2) p2pt: 0.788304
Asym. Chamfer dist. (2->1) p2pt: 0.720232
Chamfer dist.              p2pt: 0.754268
CD-PSNR (dB)               p2pt: 61.4227
Hausdorff distance         p2pt: 125


----------------------------------------
Y-CPSNR (dB)                   : 32.32
U-CPSNR (dB)                   : 44.339
V-CPSNR (dB)                   : 43.5096

