PCC-Arena Evaluator 0.6.5
Reference Point Cloud: /temp/pranav/dynamic_pc_data/loot/Ply/loot_vox10_1262.ply
Target Point Cloud: /temp/pranav/dynamic_pc_data/loot/experiments/vanilla_rc_OM=4_GQP=33_AQP=43/decompressed/loot_dec_1262.ply

========== Time & Binary Size ==========
Encoding time (s)           : -1
Decoding time (s)           : -1
Source point cloud size (kB): 17469.131
Total binary files size (kB): 2700.523
Compression ratio           : 0.154588284900949
bpp (bits per point)        : 26.9704381348061

========== Point-based Metrics =========
Asym. Chamfer dist. (1->2) p2pt: 0.820664
Asym. Chamfer dist. (2->1) p2pt: 0.746664
Chamfer dist.              p2pt: 0.783664
CD-PSNR (dB)               p2pt: 61.1076
Hausdorff distance         p2pt: 81


----------------------------------------
Y-CPSNR (dB)                   : 32.0262
U-CPSNR (dB)                   : 44.1665
V-CPSNR (dB)                   : 43.7871

