PCC-Arena Evaluator 0.6.5
Reference Point Cloud: /temp/pranav/dynamic_pc_data/loot/Ply/loot_vox10_1079.ply
Target Point Cloud: /temp/pranav/dynamic_pc_data/loot/experiments/vanilla_rc_OM=4_GQP=33_AQP=43/decompressed/loot_dec_1079.ply

========== Time & Binary Size ==========
Encoding time (s)           : -1
Decoding time (s)           : -1
Source point cloud size (kB): 16557.501
Total binary files size (kB): 2700.523
Compression ratio           : 0.16309967307264545
bpp (bits per point)        : 27.672801751246634

========== Point-based Metrics =========
Asym. Chamfer dist. (1->2) p2pt: 0.78301
Asym. Chamfer dist. (2->1) p2pt: 0.696228
Chamfer dist.              p2pt: 0.739619
CD-PSNR (dB)               p2pt: 61.5607
Hausdorff distance         p2pt: 118


----------------------------------------
Y-CPSNR (dB)                   : 32.3347
U-CPSNR (dB)                   : 44.0405
V-CPSNR (dB)                   : 43.763

