PCC-Arena Evaluator 0.6.5
Reference Point Cloud: /temp/pranav/dynamic_pc_data/loot/Ply/loot_vox10_1144.ply
Target Point Cloud: /temp/pranav/dynamic_pc_data/loot/experiments/vanilla_rc_OM=4_GQP=33_AQP=43/decompressed/loot_dec_1144.ply

========== Time & Binary Size ==========
Encoding time (s)           : -1
Decoding time (s)           : -1
Source point cloud size (kB): 17021.542
Total binary files size (kB): 2700.523
Compression ratio           : 0.15865325244916118
bpp (bits per point)        : 27.48767302111179

========== Point-based Metrics =========
Asym. Chamfer dist. (1->2) p2pt: 0.832949
Asym. Chamfer dist. (2->1) p2pt: 0.712218
Chamfer dist.              p2pt: 0.772583
CD-PSNR (dB)               p2pt: 61.0341
Hausdorff distance         p2pt: 158


----------------------------------------
Y-CPSNR (dB)                   : 32.0651
U-CPSNR (dB)                   : 44.5236
V-CPSNR (dB)                   : 44.0605

