PCC-Arena Evaluator 0.6.5
Reference Point Cloud: /temp/pranav/dynamic_pc_data/loot/Ply/loot_vox10_1287.ply
Target Point Cloud: /temp/pranav/dynamic_pc_data/loot/experiments/vanilla_rc_OM=4_GQP=33_AQP=43/decompressed/loot_dec_1287.ply

========== Time & Binary Size ==========
Encoding time (s)           : -1
Decoding time (s)           : -1
Source point cloud size (kB): 17817.949
Total binary files size (kB): 2700.523
Compression ratio           : 0.15156194464357262
bpp (bits per point)        : 26.383663859060363

========== Point-based Metrics =========
Asym. Chamfer dist. (1->2) p2pt: 0.83222
Asym. Chamfer dist. (2->1) p2pt: 0.777674
Chamfer dist.              p2pt: 0.804947
CD-PSNR (dB)               p2pt: 61.0796
Hausdorff distance         p2pt: 146


----------------------------------------
Y-CPSNR (dB)                   : 31.5213
U-CPSNR (dB)                   : 44.1635
V-CPSNR (dB)                   : 43.8207

