PCC-Arena Evaluator 0.6.5
Reference Point Cloud: /temp/pranav/dynamic_pc_data/loot/Ply/loot_vox10_1017.ply
Target Point Cloud: /temp/pranav/dynamic_pc_data/loot/experiments/vanilla_rc_OM=4_GQP=25_AQP=34/decompressed/loot_dec_1017.ply

========== Time & Binary Size ==========
Encoding time (s)           : -1
Decoding time (s)           : -1
Source point cloud size (kB): 16985.919
Total binary files size (kB): 6019.298
Compression ratio           : 0.3543698754244618
bpp (bits per point)        : 61.608985520967536

========== Point-based Metrics =========
Asym. Chamfer dist. (1->2) p2pt: 0.358241
Asym. Chamfer dist. (2->1) p2pt: 0.344718
Chamfer dist.              p2pt: 0.351479
CD-PSNR (dB)               p2pt: 64.6794
Hausdorff distance         p2pt: 53


----------------------------------------
Y-CPSNR (dB)                   : 36.09
U-CPSNR (dB)                   : 45.9216
V-CPSNR (dB)                   : 45.7869

