PCC-Arena Evaluator 0.6.5
Reference Point Cloud: /temp/pranav/dynamic_pc_data/loot/Ply/loot_vox10_1233.ply
Target Point Cloud: /temp/pranav/dynamic_pc_data/loot/experiments/vanilla_rc_OM=4_GQP=25_AQP=34/decompressed/loot_dec_1233.ply

========== Time & Binary Size ==========
Encoding time (s)           : -1
Decoding time (s)           : -1
Source point cloud size (kB): 17741.108
Total binary files size (kB): 6019.298
Compression ratio           : 0.33928534790498993
bpp (bits per point)        : 59.09586526142171

========== Point-based Metrics =========
Asym. Chamfer dist. (1->2) p2pt: 0.38985
Asym. Chamfer dist. (2->1) p2pt: 0.379378
Chamfer dist.              p2pt: 0.384614
CD-PSNR (dB)               p2pt: 64.1118
Hausdorff distance         p2pt: 84


----------------------------------------
Y-CPSNR (dB)                   : 36.054
U-CPSNR (dB)                   : 45.8569
V-CPSNR (dB)                   : 45.7592

