PCC-Arena Evaluator 0.6.5
Reference Point Cloud: /temp/pranav/dynamic_pc_data/loot/Ply/loot_vox10_1293.ply
Target Point Cloud: /temp/pranav/dynamic_pc_data/loot/experiments/vanilla_rc_OM=4_GQP=25_AQP=34/decompressed/loot_dec_1293.ply

========== Time & Binary Size ==========
Encoding time (s)           : -1
Decoding time (s)           : -1
Source point cloud size (kB): 18178.862
Total binary files size (kB): 6019.298
Compression ratio           : 0.3311152260245993
bpp (bits per point)        : 57.66964469631283

========== Point-based Metrics =========
Asym. Chamfer dist. (1->2) p2pt: 0.393203
Asym. Chamfer dist. (2->1) p2pt: 0.380214
Chamfer dist.              p2pt: 0.386709
CD-PSNR (dB)               p2pt: 64.1824
Hausdorff distance         p2pt: 41


----------------------------------------
Y-CPSNR (dB)                   : 36.0867
U-CPSNR (dB)                   : 45.7154
V-CPSNR (dB)                   : 45.7824

