PCC-Arena Evaluator 0.6.5
Reference Point Cloud: /temp/pranav/dynamic_pc_data/loot/Ply/loot_vox10_1127.ply
Target Point Cloud: /temp/pranav/dynamic_pc_data/loot/experiments/vanilla_rc_OM=4_GQP=25_AQP=34/decompressed/loot_dec_1127.ply

========== Time & Binary Size ==========
Encoding time (s)           : -1
Decoding time (s)           : -1
Source point cloud size (kB): 16423.279
Total binary files size (kB): 6019.298
Compression ratio           : 0.36651012261315175
bpp (bits per point)        : 62.27112305412374

========== Point-based Metrics =========
Asym. Chamfer dist. (1->2) p2pt: 0.369871
Asym. Chamfer dist. (2->1) p2pt: 0.357651
Chamfer dist.              p2pt: 0.363761
CD-PSNR (dB)               p2pt: 64.6493
Hausdorff distance         p2pt: 52


----------------------------------------
Y-CPSNR (dB)                   : 36.6155
U-CPSNR (dB)                   : 45.8399
V-CPSNR (dB)                   : 45.6775

