PCC-Arena Evaluator 0.6.5
Reference Point Cloud: /temp/pranav/dynamic_pc_data/loot/Ply/loot_vox10_1279.ply
Target Point Cloud: /temp/pranav/dynamic_pc_data/loot/experiments/vanilla_rc_OM=4_GQP=25_AQP=34/decompressed/loot_dec_1279.ply

========== Time & Binary Size ==========
Encoding time (s)           : -1
Decoding time (s)           : -1
Source point cloud size (kB): 17711.849
Total binary files size (kB): 6019.298
Compression ratio           : 0.3398458286314433
bpp (bits per point)        : 59.16179000029486

========== Point-based Metrics =========
Asym. Chamfer dist. (1->2) p2pt: 0.383095
Asym. Chamfer dist. (2->1) p2pt: 0.377922
Chamfer dist.              p2pt: 0.380509
CD-PSNR (dB)               p2pt: 64.1522
Hausdorff distance         p2pt: 49


----------------------------------------
Y-CPSNR (dB)                   : 36.3402
U-CPSNR (dB)                   : 45.66
V-CPSNR (dB)                   : 45.6613

