PCC-Arena Evaluator 0.6.5
Reference Point Cloud: /temp/pranav/dynamic_pc_data/loot/Ply/loot_vox10_1047.ply
Target Point Cloud: /temp/pranav/dynamic_pc_data/loot/experiments/vanilla_rc_OM=4_GQP=25_AQP=34/decompressed/loot_dec_1047.ply

========== Time & Binary Size ==========
Encoding time (s)           : -1
Decoding time (s)           : -1
Source point cloud size (kB): 17009.458
Total binary files size (kB): 6019.298
Compression ratio           : 0.35387947105663214
bpp (bits per point)        : 61.64708051156658

========== Point-based Metrics =========
Asym. Chamfer dist. (1->2) p2pt: 0.372778
Asym. Chamfer dist. (2->1) p2pt: 0.353122
Chamfer dist.              p2pt: 0.36295
CD-PSNR (dB)               p2pt: 64.286
Hausdorff distance         p2pt: 59


----------------------------------------
Y-CPSNR (dB)                   : 36.7676
U-CPSNR (dB)                   : 45.8419
V-CPSNR (dB)                   : 45.4179

