PCC-Arena Evaluator 0.6.5
Reference Point Cloud: /temp/pranav/dynamic_pc_data/loot/Ply/loot_vox10_1110.ply
Target Point Cloud: /temp/pranav/dynamic_pc_data/loot/experiments/vanilla_rc_OM=4_GQP=25_AQP=34/decompressed/loot_dec_1110.ply

========== Time & Binary Size ==========
Encoding time (s)           : -1
Decoding time (s)           : -1
Source point cloud size (kB): 16527.11
Total binary files size (kB): 6019.298
Compression ratio           : 0.36420753537672346
bpp (bits per point)        : 61.63840049152629

========== Point-based Metrics =========
Asym. Chamfer dist. (1->2) p2pt: 0.362504
Asym. Chamfer dist. (2->1) p2pt: 0.349063
Chamfer dist.              p2pt: 0.355784
CD-PSNR (dB)               p2pt: 64.589
Hausdorff distance         p2pt: 25


----------------------------------------
Y-CPSNR (dB)                   : 36.7075
U-CPSNR (dB)                   : 46.0086
V-CPSNR (dB)                   : 45.6769

