PCC-Arena Evaluator 0.6.5
Reference Point Cloud: /temp/pranav/dynamic_pc_data/redandblack/Ply/redandblack_vox10_1513.ply
Target Point Cloud: /temp/pranav/dynamic_pc_data/redandblack/experiments/vanilla_rc_OM=4_GQP=34_AQP=44/decompressed/redandblack_dec_1513.ply

========== Time & Binary Size ==========
Encoding time (s)           : -1
Decoding time (s)           : -1
Source point cloud size (kB): 14406.281
Total binary files size (kB): 3676.936
Compression ratio           : 0.2552314507817805
bpp (bits per point)        : 44.03661198422702

========== Point-based Metrics =========
Asym. Chamfer dist. (1->2) p2pt: 0.978311
Asym. Chamfer dist. (2->1) p2pt: 0.884377
Chamfer dist.              p2pt: 0.931344
CD-PSNR (dB)               p2pt: 60.0303
Hausdorff distance         p2pt: 105


----------------------------------------
Y-CPSNR (dB)                   : 31.502
U-CPSNR (dB)                   : 39.0372
V-CPSNR (dB)                   : 31.1403

