PCC-Arena Evaluator 0.6.5
Reference Point Cloud: /temp/pranav/dynamic_pc_data/redandblack/Ply/redandblack_vox10_1675.ply
Target Point Cloud: /temp/pranav/dynamic_pc_data/redandblack/experiments/vanilla_rc_OM=4_GQP=34_AQP=44/decompressed/redandblack_dec_1675.ply

========== Time & Binary Size ==========
Encoding time (s)           : -1
Decoding time (s)           : -1
Source point cloud size (kB): 16662.81
Total binary files size (kB): 3676.936
Compression ratio           : 0.22066722239526226
bpp (bits per point)        : 38.05125936389543

========== Point-based Metrics =========
Asym. Chamfer dist. (1->2) p2pt: 1.05333
Asym. Chamfer dist. (2->1) p2pt: 1.03923
Chamfer dist.              p2pt: 1.04628
CD-PSNR (dB)               p2pt: 59.7548
Hausdorff distance         p2pt: 258


----------------------------------------
Y-CPSNR (dB)                   : 31.6116
U-CPSNR (dB)                   : 39.2954
V-CPSNR (dB)                   : 31.7264

