PCC-Arena Evaluator 0.6.5
Reference Point Cloud: /temp/pranav/dynamic_pc_data/redandblack/Ply/redandblack_vox10_1512.ply
Target Point Cloud: /temp/pranav/dynamic_pc_data/redandblack/experiments/vanilla_rc_OM=4_GQP=34_AQP=44/decompressed/redandblack_dec_1512.ply

========== Time & Binary Size ==========
Encoding time (s)           : -1
Decoding time (s)           : -1
Source point cloud size (kB): 14563.949
Total binary files size (kB): 3676.936
Compression ratio           : 0.2524683380860507
bpp (bits per point)        : 43.54882302430936

========== Point-based Metrics =========
Asym. Chamfer dist. (1->2) p2pt: 0.975901
Asym. Chamfer dist. (2->1) p2pt: 0.90441
Chamfer dist.              p2pt: 0.940155
CD-PSNR (dB)               p2pt: 59.9892
Hausdorff distance         p2pt: 206


----------------------------------------
Y-CPSNR (dB)                   : 31.4896
U-CPSNR (dB)                   : 39.1004
V-CPSNR (dB)                   : 31.1352

