PCC-Arena Evaluator 0.6.5
Reference Point Cloud: /home/p/pranav/dynamic_pc_data/loot/Ply/loot_vox10_1113.ply
Target Point Cloud: /home/p/pranav/dynamic_pc_data/loot/experiments/vanilla_rc_OM=4_GQP=34_AQP=44/decompressed/loot_dec_1113.ply

========== Time & Binary Size ==========
Encoding time (s)           : -1
Decoding time (s)           : -1
Source point cloud size (kB): 16577.966
Total binary files size (kB): 2484.794
Compression ratio           : 0.1498853357522871
bpp (bits per point)        : 25.385931350137795

========== Point-based Metrics =========
Asym. Chamfer dist. (1->2) p2pt: 0.933337
Asym. Chamfer dist. (2->1) p2pt: 0.792432
Chamfer dist.              p2pt: 0.862884
CD-PSNR (dB)               p2pt: 60.9262
Hausdorff distance         p2pt: 91


----------------------------------------
Y-CPSNR (dB)                   : 31.4362
U-CPSNR (dB)                   : 43.4983
V-CPSNR (dB)                   : 43.0584

