PCC-Arena Evaluator 0.6.5
Reference Point Cloud: /temp/pranav/dynamic_pc_data/loot/Ply/loot_vox10_1177.ply
Target Point Cloud: /temp/pranav/dynamic_pc_data/loot/experiments/vanilla_rc_OM=4_GQP=34_AQP=44/decompressed/loot_dec_1177.ply

========== Time & Binary Size ==========
Encoding time (s)           : -1
Decoding time (s)           : -1
Source point cloud size (kB): 17007.565
Total binary files size (kB): 2484.794
Compression ratio           : 0.1460993387354392
bpp (bits per point)        : 25.365847184897646

========== Point-based Metrics =========
Asym. Chamfer dist. (1->2) p2pt: 0.919299
Asym. Chamfer dist. (2->1) p2pt: 0.790911
Chamfer dist.              p2pt: 0.855105
CD-PSNR (dB)               p2pt: 60.7964
Hausdorff distance         p2pt: 101


----------------------------------------
Y-CPSNR (dB)                   : 31.2986
U-CPSNR (dB)                   : 43.6596
V-CPSNR (dB)                   : 43.2478

