PCC-Arena Evaluator 0.6.5
Reference Point Cloud: /home/p/pranav/dynamic_pc_data/loot/Ply/loot_vox10_1182.ply
Target Point Cloud: /home/p/pranav/dynamic_pc_data/loot/experiments/vanilla_rc_OM=4_GQP=34_AQP=44/decompressed/loot_dec_1182.ply

========== Time & Binary Size ==========
Encoding time (s)           : -1
Decoding time (s)           : -1
Source point cloud size (kB): 17415.11
Total binary files size (kB): 2484.794
Compression ratio           : 0.1426803505691322
bpp (bits per point)        : 24.80255133106415

========== Point-based Metrics =========
Asym. Chamfer dist. (1->2) p2pt: 0.948694
Asym. Chamfer dist. (2->1) p2pt: 0.830335
Chamfer dist.              p2pt: 0.889515
CD-PSNR (dB)               p2pt: 60.6038
Hausdorff distance         p2pt: 101


----------------------------------------
Y-CPSNR (dB)                   : 31.7053
U-CPSNR (dB)                   : 43.7803
V-CPSNR (dB)                   : 43.3649

