PCC-Arena Evaluator 0.6.5
Reference Point Cloud: /home/p/pranav/dynamic_pc_data/loot/Ply/loot_vox10_1161.ply
Target Point Cloud: /home/p/pranav/dynamic_pc_data/loot/experiments/vanilla_rc_OM=4_GQP=34_AQP=44/decompressed/loot_dec_1161.ply

========== Time & Binary Size ==========
Encoding time (s)           : -1
Decoding time (s)           : -1
Source point cloud size (kB): 17152.977
Total binary files size (kB): 2484.794
Compression ratio           : 0.14486080171389493
bpp (bits per point)        : 25.132884073179675

========== Point-based Metrics =========
Asym. Chamfer dist. (1->2) p2pt: 0.931335
Asym. Chamfer dist. (2->1) p2pt: 0.824502
Chamfer dist.              p2pt: 0.877919
CD-PSNR (dB)               p2pt: 60.6123
Hausdorff distance         p2pt: 153


----------------------------------------
Y-CPSNR (dB)                   : 31.5673
U-CPSNR (dB)                   : 43.6217
V-CPSNR (dB)                   : 43.1364

