PCC-Arena Evaluator 0.6.5
Reference Point Cloud: /home/p/pranav/dynamic_pc_data/redandblack/Ply/redandblack_vox10_1602.ply
Target Point Cloud: /home/p/pranav/dynamic_pc_data/redandblack/experiments/3DD_2_noQuantize_OM=1/decompressed/redandblack_dec_1602.ply

========== Time & Binary Size ==========
Encoding time (s)           : -1
Decoding time (s)           : -1
Source point cloud size (kB): 16249.555
Total binary files size (kB): 25094.376
Compression ratio           : 1.5443115826864182
bpp (bits per point)        : 266.0113053640852

========== Point-based Metrics =========
Asym. Chamfer dist. (1->2) p2pt: 0.821155
Asym. Chamfer dist. (2->1) p2pt: 0.336222
Chamfer dist.              p2pt: 0.578688
CD-PSNR (dB)               p2pt: 62.1577
Hausdorff distance         p2pt: 81


----------------------------------------
Y-CPSNR (dB)                   : 34.9458
U-CPSNR (dB)                   : 40.984
V-CPSNR (dB)                   : 33.9218

