PCC-Arena Evaluator 0.6.5
Reference Point Cloud: /home/p/pranav/dynamic_pc_data/redandblack/Ply/redandblack_vox10_1721.ply
Target Point Cloud: /home/p/pranav/dynamic_pc_data/redandblack/experiments/3DD_2_noQuantize_OM=1/decompressed/redandblack_dec_1721.ply

========== Time & Binary Size ==========
Encoding time (s)           : -1
Decoding time (s)           : -1
Source point cloud size (kB): 14028.256
Total binary files size (kB): 25094.376
Compression ratio           : 1.7888450282059296
bpp (bits per point)        : 308.75600655792164

========== Point-based Metrics =========
Asym. Chamfer dist. (1->2) p2pt: 0.800863
Asym. Chamfer dist. (2->1) p2pt: 0.313938
Chamfer dist.              p2pt: 0.5574
CD-PSNR (dB)               p2pt: 62.3212
Hausdorff distance         p2pt: 101


----------------------------------------
Y-CPSNR (dB)                   : 34.5611
U-CPSNR (dB)                   : 40.4176
V-CPSNR (dB)                   : 34.1131

