PCC-Arena Evaluator 0.6.5
Reference Point Cloud: /home/p/pranav/dynamic_pc_data/redandblack/Ply/redandblack_vox10_1458.ply
Target Point Cloud: /home/p/pranav/dynamic_pc_data/redandblack/experiments/3DD_2_noQuantize_OM=1/decompressed/redandblack_dec_1458.ply

========== Time & Binary Size ==========
Encoding time (s)           : -1
Decoding time (s)           : -1
Source point cloud size (kB): 15120.879
Total binary files size (kB): 25094.376
Compression ratio           : 1.6595844725693525
bpp (bits per point)        : 286.36740842177335

========== Point-based Metrics =========
Asym. Chamfer dist. (1->2) p2pt: 0.851555
Asym. Chamfer dist. (2->1) p2pt: 0.327126
Chamfer dist.              p2pt: 0.589341
CD-PSNR (dB)               p2pt: 62.0783
Hausdorff distance         p2pt: 102


----------------------------------------
Y-CPSNR (dB)                   : 35.1932
U-CPSNR (dB)                   : 41.2354
V-CPSNR (dB)                   : 34.4796

