PCC-Arena Evaluator 0.6.5
Reference Point Cloud: /temp/pranav/dynamic_pc_data/loot/Ply/loot_vox10_1158.ply
Target Point Cloud: /temp/pranav/dynamic_pc_data/loot/experiments/vanilla_rc_OM=4_GQP=25_AQP=33/decompressed/loot_dec_1158.ply

========== Time & Binary Size ==========
Encoding time (s)           : -1
Decoding time (s)           : -1
Source point cloud size (kB): 17309.37
Total binary files size (kB): 6490.608
Compression ratio           : 0.3749765589388869
bpp (bits per point)        : 65.00553847386502

========== Point-based Metrics =========
Asym. Chamfer dist. (1->2) p2pt: 0.362366
Asym. Chamfer dist. (2->1) p2pt: 0.357023
Chamfer dist.              p2pt: 0.359694
CD-PSNR (dB)               p2pt: 64.3685
Hausdorff distance         p2pt: 94


----------------------------------------
Y-CPSNR (dB)                   : 36.76
U-CPSNR (dB)                   : 46.2239
V-CPSNR (dB)                   : 45.9298

