PCC-Arena Evaluator 0.6.5
Reference Point Cloud: /temp/pranav/dynamic_pc_data/loot/Ply/loot_vox10_1085.ply
Target Point Cloud: /temp/pranav/dynamic_pc_data/loot/experiments/vanilla_rc_OM=4_GQP=25_AQP=33/decompressed/loot_dec_1085.ply

========== Time & Binary Size ==========
Encoding time (s)           : -1
Decoding time (s)           : -1
Source point cloud size (kB): 16477.856
Total binary files size (kB): 6490.608
Compression ratio           : 0.39389881790446524
bpp (bits per point)        : 66.71205882239578

========== Point-based Metrics =========
Asym. Chamfer dist. (1->2) p2pt: 0.358279
Asym. Chamfer dist. (2->1) p2pt: 0.350205
Chamfer dist.              p2pt: 0.354242
CD-PSNR (dB)               p2pt: 64.8129
Hausdorff distance         p2pt: 35


----------------------------------------
Y-CPSNR (dB)                   : 36.5074
U-CPSNR (dB)                   : 46.4253
V-CPSNR (dB)                   : 45.9052

