PCC-Arena Evaluator 0.6.5
Reference Point Cloud: /temp/pranav/dynamic_pc_data/loot/Ply/loot_vox10_1199.ply
Target Point Cloud: /temp/pranav/dynamic_pc_data/loot/experiments/vanilla_rc_OM=4_GQP=25_AQP=33/decompressed/loot_dec_1199.ply

========== Time & Binary Size ==========
Encoding time (s)           : -1
Decoding time (s)           : -1
Source point cloud size (kB): 17485.648
Total binary files size (kB): 6490.608
Compression ratio           : 0.37119630911019136
bpp (bits per point)        : 64.71371847184245

========== Point-based Metrics =========
Asym. Chamfer dist. (1->2) p2pt: 0.375327
Asym. Chamfer dist. (2->1) p2pt: 0.35878
Chamfer dist.              p2pt: 0.367053
CD-PSNR (dB)               p2pt: 64.4294
Hausdorff distance         p2pt: 21


----------------------------------------
Y-CPSNR (dB)                   : 36.3469
U-CPSNR (dB)                   : 46.2755
V-CPSNR (dB)                   : 45.8062

