PCC-Arena Evaluator 0.6.5
Reference Point Cloud: /temp/pranav/dynamic_pc_data/loot/Ply/loot_vox10_1120.ply
Target Point Cloud: /temp/pranav/dynamic_pc_data/loot/experiments/vanilla_rc_OM=4_GQP=25_AQP=33/decompressed/loot_dec_1120.ply

========== Time & Binary Size ==========
Encoding time (s)           : -1
Decoding time (s)           : -1
Source point cloud size (kB): 16659.096
Total binary files size (kB): 6490.608
Compression ratio           : 0.3896134580171697
bpp (bits per point)        : 65.96263653062935

========== Point-based Metrics =========
Asym. Chamfer dist. (1->2) p2pt: 0.367427
Asym. Chamfer dist. (2->1) p2pt: 0.352514
Chamfer dist.              p2pt: 0.35997
CD-PSNR (dB)               p2pt: 64.684
Hausdorff distance         p2pt: 29


----------------------------------------
Y-CPSNR (dB)                   : 36.6987
U-CPSNR (dB)                   : 46.3734
V-CPSNR (dB)                   : 46.2331

