PCC-Arena Evaluator 0.6.5
Reference Point Cloud: /temp/pranav/dynamic_pc_data/loot/Ply/loot_vox10_1042.ply
Target Point Cloud: /temp/pranav/dynamic_pc_data/loot/experiments/vanilla_rc_OM=4_GQP=25_AQP=33/decompressed/loot_dec_1042.ply

========== Time & Binary Size ==========
Encoding time (s)           : -1
Decoding time (s)           : -1
Source point cloud size (kB): 17276.449
Total binary files size (kB): 6490.608
Compression ratio           : 0.37569109253875027
bpp (bits per point)        : 65.50264534245642

========== Point-based Metrics =========
Asym. Chamfer dist. (1->2) p2pt: 0.365809
Asym. Chamfer dist. (2->1) p2pt: 0.35318
Chamfer dist.              p2pt: 0.359494
CD-PSNR (dB)               p2pt: 64.3779
Hausdorff distance         p2pt: 35


----------------------------------------
Y-CPSNR (dB)                   : 36.8451
U-CPSNR (dB)                   : 46.2564
V-CPSNR (dB)                   : 45.9898

