PCC-Arena Evaluator 0.6.5
Reference Point Cloud: /temp/pranav/dynamic_pc_data/soldier/Ply/soldier_vox10_0537.ply
Target Point Cloud: /temp/pranav/dynamic_pc_data/soldier/experiments/2DD_lodX=1_lodY=2_OM=4_r1/decompressed/soldier_dec_0537.ply

========== Time & Binary Size ==========
Encoding time (s)           : -1
Decoding time (s)           : -1
Source point cloud size (kB): 23522.508
Total binary files size (kB): 4976.561
Compression ratio           : 0.2115659180560168
bpp (bits per point)        : 37.48504175728987

========== Point-based Metrics =========
Asym. Chamfer dist. (1->2) p2pt: 1.07602
Asym. Chamfer dist. (2->1) p2pt: 0.912883
Chamfer dist.              p2pt: 0.994454
CD-PSNR (dB)               p2pt: 60.3247
Hausdorff distance         p2pt: 4133


----------------------------------------
Y-CPSNR (dB)                   : 28.7632
U-CPSNR (dB)                   : 42.7205
V-CPSNR (dB)                   : 42.9811

