PCC-Arena Evaluator 0.6.5
Reference Point Cloud: /temp/pranav/dynamic_pc_data/soldier/Ply/soldier_vox10_0679.ply
Target Point Cloud: /temp/pranav/dynamic_pc_data/soldier/experiments/2DD_lodX=1_lodY=2_OM=4_r1/decompressed/soldier_dec_0679.ply

========== Time & Binary Size ==========
Encoding time (s)           : -1
Decoding time (s)           : -1
Source point cloud size (kB): 23687.124
Total binary files size (kB): 4976.561
Compression ratio           : 0.21009561988192402
bpp (bits per point)        : 37.29845990689552

========== Point-based Metrics =========
Asym. Chamfer dist. (1->2) p2pt: 1.06136
Asym. Chamfer dist. (2->1) p2pt: 0.877854
Chamfer dist.              p2pt: 0.969606
CD-PSNR (dB)               p2pt: 60.3072
Hausdorff distance         p2pt: 339


----------------------------------------
Y-CPSNR (dB)                   : 29.2462
U-CPSNR (dB)                   : 43.0355
V-CPSNR (dB)                   : 43.1485

