PCC-Arena Evaluator 0.6.5
Reference Point Cloud: /home/p/pranav/dynamic_pc_data/redandblack/Ply/redandblack_vox10_1736.ply
Target Point Cloud: /home/p/pranav/dynamic_pc_data/redandblack/experiments/3DD_2_noQuantize_OM=4/decompressed/redandblack_dec_1736.ply

========== Time & Binary Size ==========
Encoding time (s)           : -1
Decoding time (s)           : -1
Source point cloud size (kB): 14187.898
Total binary files size (kB): 8775.738
Compression ratio           : 0.618536868534014
bpp (bits per point)        : 106.51654053660401

========== Point-based Metrics =========
Asym. Chamfer dist. (1->2) p2pt: 0.47538
Asym. Chamfer dist. (2->1) p2pt: 0.387512
Chamfer dist.              p2pt: 0.431446
CD-PSNR (dB)               p2pt: 63.3622
Hausdorff distance         p2pt: 150


----------------------------------------
Y-CPSNR (dB)                   : 35.1879
U-CPSNR (dB)                   : 40.6348
V-CPSNR (dB)                   : 34.2411

