PCC-Arena Evaluator 0.6.5
Reference Point Cloud: /temp/pranav/dynamic_pc_data/redandblack/Ply/redandblack_vox10_1670.ply
Target Point Cloud: /temp/pranav/dynamic_pc_data/redandblack/experiments/3DD_2_noQuantize_OM=4/decompressed/redandblack_dec_1670.ply

========== Time & Binary Size ==========
Encoding time (s)           : -1
Decoding time (s)           : -1
Source point cloud size (kB): 16309.472
Total binary files size (kB): 8775.738
Compression ratio           : 0.5380761559908255
bpp (bits per point)        : 92.72586358557402

========== Point-based Metrics =========
Asym. Chamfer dist. (1->2) p2pt: 0.5062
Asym. Chamfer dist. (2->1) p2pt: 0.426706
Chamfer dist.              p2pt: 0.466453
CD-PSNR (dB)               p2pt: 63.3022
Hausdorff distance         p2pt: 134


----------------------------------------
Y-CPSNR (dB)                   : 35.5308
U-CPSNR (dB)                   : 41.2561
V-CPSNR (dB)                   : 35.0358

