PCC-Arena Evaluator 0.6.5
Reference Point Cloud: /home/p/pranav/dynamic_pc_data/redandblack/Ply/redandblack_vox10_1559.ply
Target Point Cloud: /home/p/pranav/dynamic_pc_data/redandblack/experiments/3DD_2_noQuantize_OM=4/decompressed/redandblack_dec_1559.ply

========== Time & Binary Size ==========
Encoding time (s)           : -1
Decoding time (s)           : -1
Source point cloud size (kB): 16037.789
Total binary files size (kB): 8775.738
Compression ratio           : 0.5471912618379005
bpp (bits per point)        : 94.05078851337231

========== Point-based Metrics =========
Asym. Chamfer dist. (1->2) p2pt: 0.496771
Asym. Chamfer dist. (2->1) p2pt: 0.414184
Chamfer dist.              p2pt: 0.455478
CD-PSNR (dB)               p2pt: 63.4774
Hausdorff distance         p2pt: 90


----------------------------------------
Y-CPSNR (dB)                   : 35.208
U-CPSNR (dB)                   : 40.7458
V-CPSNR (dB)                   : 34.479

