PCC-Arena Evaluator 0.6.5
Reference Point Cloud: /home/p/pranav/dynamic_pc_data/redandblack/Ply/redandblack_vox10_1518.ply
Target Point Cloud: /home/p/pranav/dynamic_pc_data/redandblack/experiments/3DD_2_noQuantize_OM=4/decompressed/redandblack_dec_1518.ply

========== Time & Binary Size ==========
Encoding time (s)           : -1
Decoding time (s)           : -1
Source point cloud size (kB): 14032.896
Total binary files size (kB): 8775.738
Compression ratio           : 0.6253689901214973
bpp (bits per point)        : 107.98549240012181

========== Point-based Metrics =========
Asym. Chamfer dist. (1->2) p2pt: 0.47688
Asym. Chamfer dist. (2->1) p2pt: 0.383833
Chamfer dist.              p2pt: 0.430357
CD-PSNR (dB)               p2pt: 63.2578
Hausdorff distance         p2pt: 85


----------------------------------------
Y-CPSNR (dB)                   : 35.4818
U-CPSNR (dB)                   : 40.8095
V-CPSNR (dB)                   : 34.3375

