PCC-Arena Evaluator 0.6.5
Reference Point Cloud: /home/p/pranav/dynamic_pc_data/redandblack/Ply/redandblack_vox10_1564.ply
Target Point Cloud: /home/p/pranav/dynamic_pc_data/redandblack/experiments/3DD_2_noQuantize_OM=4/decompressed/redandblack_dec_1564.ply

========== Time & Binary Size ==========
Encoding time (s)           : -1
Decoding time (s)           : -1
Source point cloud size (kB): 15233.18
Total binary files size (kB): 8775.738
Compression ratio           : 0.5760936324523178
bpp (bits per point)        : 99.12196058609754

========== Point-based Metrics =========
Asym. Chamfer dist. (1->2) p2pt: 0.490817
Asym. Chamfer dist. (2->1) p2pt: 0.392827
Chamfer dist.              p2pt: 0.441822
CD-PSNR (dB)               p2pt: 63.2909
Hausdorff distance         p2pt: 105


----------------------------------------
Y-CPSNR (dB)                   : 35.2419
U-CPSNR (dB)                   : 40.8662
V-CPSNR (dB)                   : 34.4497

