PCC-Arena Evaluator 0.6.5
Reference Point Cloud: /home/p/pranav/dynamic_pc_data/redandblack/Ply/redandblack_vox10_1748.ply
Target Point Cloud: /home/p/pranav/dynamic_pc_data/redandblack/experiments/3DD_2_noQuantize_OM=4/decompressed/redandblack_dec_1748.ply

========== Time & Binary Size ==========
Encoding time (s)           : -1
Decoding time (s)           : -1
Source point cloud size (kB): 15709.614
Total binary files size (kB): 8775.738
Compression ratio           : 0.5586221278256741
bpp (bits per point)        : 96.29977161590321

========== Point-based Metrics =========
Asym. Chamfer dist. (1->2) p2pt: 0.503689
Asym. Chamfer dist. (2->1) p2pt: 0.395235
Chamfer dist.              p2pt: 0.449462
CD-PSNR (dB)               p2pt: 63.1851
Hausdorff distance         p2pt: 50


----------------------------------------
Y-CPSNR (dB)                   : 35.0986
U-CPSNR (dB)                   : 40.3526
V-CPSNR (dB)                   : 34.7206

