PCC-Arena Evaluator 0.6.5
Reference Point Cloud: /home/p/pranav/dynamic_pc_data/redandblack/Ply/redandblack_vox10_1716.ply
Target Point Cloud: /home/p/pranav/dynamic_pc_data/redandblack/experiments/3DD_2_noQuantize_OM=4/decompressed/redandblack_dec_1716.ply

========== Time & Binary Size ==========
Encoding time (s)           : -1
Decoding time (s)           : -1
Source point cloud size (kB): 14901.186
Total binary files size (kB): 8775.738
Compression ratio           : 0.588928827544331
bpp (bits per point)        : 101.63618175422037

========== Point-based Metrics =========
Asym. Chamfer dist. (1->2) p2pt: 0.522645
Asym. Chamfer dist. (2->1) p2pt: 0.418654
Chamfer dist.              p2pt: 0.470649
CD-PSNR (dB)               p2pt: 63.4777
Hausdorff distance         p2pt: 59


----------------------------------------
Y-CPSNR (dB)                   : 35.0908
U-CPSNR (dB)                   : 40.4139
V-CPSNR (dB)                   : 34.8543

