PCC-Arena Evaluator 0.6.5
Reference Point Cloud: /home/p/pranav/dynamic_pc_data/redandblack/Ply/redandblack_vox10_1656.ply
Target Point Cloud: /home/p/pranav/dynamic_pc_data/redandblack/experiments/3DD_2_noQuantize_OM=4/decompressed/redandblack_dec_1656.ply

========== Time & Binary Size ==========
Encoding time (s)           : -1
Decoding time (s)           : -1
Source point cloud size (kB): 15926.185
Total binary files size (kB): 8775.738
Compression ratio           : 0.5510257478485903
bpp (bits per point)        : 94.83247536521615

========== Point-based Metrics =========
Asym. Chamfer dist. (1->2) p2pt: 0.474764
Asym. Chamfer dist. (2->1) p2pt: 0.394825
Chamfer dist.              p2pt: 0.434795
CD-PSNR (dB)               p2pt: 63.2882
Hausdorff distance         p2pt: 50


----------------------------------------
Y-CPSNR (dB)                   : 35.6834
U-CPSNR (dB)                   : 41.1435
V-CPSNR (dB)                   : 35.1084

