PCC-Arena Evaluator 0.6.5
Reference Point Cloud: /home/p/pranav/dynamic_pc_data/redandblack/Ply/redandblack_vox10_1714.ply
Target Point Cloud: /home/p/pranav/dynamic_pc_data/redandblack/experiments/3DD_2_noQuantize_OM=4/decompressed/redandblack_dec_1714.ply

========== Time & Binary Size ==========
Encoding time (s)           : -1
Decoding time (s)           : -1
Source point cloud size (kB): 15113.134
Total binary files size (kB): 8775.738
Compression ratio           : 0.5806696347693338
bpp (bits per point)        : 100.21812596444697

========== Point-based Metrics =========
Asym. Chamfer dist. (1->2) p2pt: 0.527638
Asym. Chamfer dist. (2->1) p2pt: 0.432491
Chamfer dist.              p2pt: 0.480064
CD-PSNR (dB)               p2pt: 63.331
Hausdorff distance         p2pt: 101


----------------------------------------
Y-CPSNR (dB)                   : 35.1927
U-CPSNR (dB)                   : 40.4787
V-CPSNR (dB)                   : 34.864

