PCC-Arena Evaluator 0.6.5
Reference Point Cloud: /temp/pranav/dynamic_pc_data/redandblack/Ply/redandblack_vox10_1498.ply
Target Point Cloud: /temp/pranav/dynamic_pc_data/redandblack/experiments/3DD_2_noQuantize_OM=4/decompressed/redandblack_dec_1498.ply

========== Time & Binary Size ==========
Encoding time (s)           : -1
Decoding time (s)           : -1
Source point cloud size (kB): 15937.903
Total binary files size (kB): 8775.738
Compression ratio           : 0.5506206180323722
bpp (bits per point)        : 94.85630748153362

========== Point-based Metrics =========
Asym. Chamfer dist. (1->2) p2pt: 0.511176
Asym. Chamfer dist. (2->1) p2pt: 0.415528
Chamfer dist.              p2pt: 0.463352
CD-PSNR (dB)               p2pt: 63.0751
Hausdorff distance         p2pt: 82


----------------------------------------
Y-CPSNR (dB)                   : 35.1507
U-CPSNR (dB)                   : 40.3688
V-CPSNR (dB)                   : 34.1601

