PCC-Arena Evaluator 0.6.5
Reference Point Cloud: /temp/pranav/dynamic_pc_data/longdress/Ply/longdress_vox10_1079.ply
Target Point Cloud: /temp/pranav/dynamic_pc_data/longdress/experiments/vanilla_rc_OM=4_GQP=36_AQP=47/decompressed/longdress_dec_1079.ply

========== Time & Binary Size ==========
Encoding time (s)           : -1
Decoding time (s)           : -1
Source point cloud size (kB): 17710.131
Total binary files size (kB): 3545.264
Compression ratio           : 0.20018282191136813
bpp (bits per point)        : 36.47419090167877

========== Point-based Metrics =========
Asym. Chamfer dist. (1->2) p2pt: 1.27939
Asym. Chamfer dist. (2->1) p2pt: 1.09305
Chamfer dist.              p2pt: 1.18622
CD-PSNR (dB)               p2pt: 59.2229
Hausdorff distance         p2pt: 170


----------------------------------------
Y-CPSNR (dB)                   : 25.4757
U-CPSNR (dB)                   : 31.7399
V-CPSNR (dB)                   : 31.1561

