PCC-Arena Evaluator 0.6.5
Reference Point Cloud: /temp/pranav/dynamic_pc_data/longdress/Ply/longdress_vox10_1343.ply
Target Point Cloud: /temp/pranav/dynamic_pc_data/longdress/experiments/vanilla_rc_OM=4_GQP=36_AQP=47/decompressed/longdress_dec_1343.ply

========== Time & Binary Size ==========
Encoding time (s)           : -1
Decoding time (s)           : -1
Source point cloud size (kB): 19193.231
Total binary files size (kB): 3545.264
Compression ratio           : 0.1847142880737485
bpp (bits per point)        : 33.59520320860049

========== Point-based Metrics =========
Asym. Chamfer dist. (1->2) p2pt: 1.14716
Asym. Chamfer dist. (2->1) p2pt: 1.06902
Chamfer dist.              p2pt: 1.10809
CD-PSNR (dB)               p2pt: 59.6438
Hausdorff distance         p2pt: 227


----------------------------------------
Y-CPSNR (dB)                   : 24.9149
U-CPSNR (dB)                   : 31.2407
V-CPSNR (dB)                   : 30.5402

