PCC-Arena Evaluator 0.6.5
Reference Point Cloud: /temp/pranav/dynamic_pc_data/longdress/Ply/longdress_vox10_1226.ply
Target Point Cloud: /temp/pranav/dynamic_pc_data/longdress/experiments/vanilla_rc_OM=4_GQP=36_AQP=47/decompressed/longdress_dec_1226.ply

========== Time & Binary Size ==========
Encoding time (s)           : -1
Decoding time (s)           : -1
Source point cloud size (kB): 20212.503
Total binary files size (kB): 3543.821
Compression ratio           : 0.17532816197974094
bpp (bits per point)        : 31.903896361115613

========== Point-based Metrics =========
Asym. Chamfer dist. (1->2) p2pt: 1.19069
Asym. Chamfer dist. (2->1) p2pt: 1.085
Chamfer dist.              p2pt: 1.13784
CD-PSNR (dB)               p2pt: 59.5562
Hausdorff distance         p2pt: 161


----------------------------------------
Y-CPSNR (dB)                   : 25.689
U-CPSNR (dB)                   : 31.6801
V-CPSNR (dB)                   : 31.1646

