PCC-Arena Evaluator 0.6.5
Reference Point Cloud: /temp/pranav/dynamic_pc_data/longdress/Ply/longdress_vox10_1269.ply
Target Point Cloud: /temp/pranav/dynamic_pc_data/longdress/experiments/vanilla_rc_OM=4_GQP=36_AQP=47/decompressed/longdress_dec_1269.ply

========== Time & Binary Size ==========
Encoding time (s)           : -1
Decoding time (s)           : -1
Source point cloud size (kB): 19096.64
Total binary files size (kB): 3543.821
Compression ratio           : 0.18557301179683966
bpp (bits per point)        : 33.702289332220644

========== Point-based Metrics =========
Asym. Chamfer dist. (1->2) p2pt: 1.21803
Asym. Chamfer dist. (2->1) p2pt: 1.08747
Chamfer dist.              p2pt: 1.15275
CD-PSNR (dB)               p2pt: 59.5059
Hausdorff distance         p2pt: 169


----------------------------------------
Y-CPSNR (dB)                   : 25.4084
U-CPSNR (dB)                   : 31.7069
V-CPSNR (dB)                   : 31.0886

