PCC-Arena Evaluator 0.6.5
Reference Point Cloud: /temp/pranav/dynamic_pc_data/longdress/Ply/longdress_vox10_1184.ply
Target Point Cloud: /temp/pranav/dynamic_pc_data/longdress/experiments/vanilla_rc_OM=4_GQP=36_AQP=47/decompressed/longdress_dec_1184.ply

========== Time & Binary Size ==========
Encoding time (s)           : -1
Decoding time (s)           : -1
Source point cloud size (kB): 20004.665
Total binary files size (kB): 3543.821
Compression ratio           : 0.1771497298255182
bpp (bits per point)        : 32.20773401829726

========== Point-based Metrics =========
Asym. Chamfer dist. (1->2) p2pt: 1.11903
Asym. Chamfer dist. (2->1) p2pt: 1.01777
Chamfer dist.              p2pt: 1.0684
CD-PSNR (dB)               p2pt: 59.7815
Hausdorff distance         p2pt: 161


----------------------------------------
Y-CPSNR (dB)                   : 24.8024
U-CPSNR (dB)                   : 31.3387
V-CPSNR (dB)                   : 30.6559

