PCC-Arena Evaluator 0.6.5
Reference Point Cloud: /temp/pranav/dynamic_pc_data/longdress/Ply/longdress_vox10_1342.ply
Target Point Cloud: /temp/pranav/dynamic_pc_data/longdress/experiments/vanilla_rc_OM=4_GQP=36_AQP=47/decompressed/longdress_dec_1342.ply

========== Time & Binary Size ==========
Encoding time (s)           : -1
Decoding time (s)           : -1
Source point cloud size (kB): 19310.428
Total binary files size (kB): 3545.264
Compression ratio           : 0.18359323780912573
bpp (bits per point)        : 33.379442807242185

========== Point-based Metrics =========
Asym. Chamfer dist. (1->2) p2pt: 1.19546
Asym. Chamfer dist. (2->1) p2pt: 1.10396
Chamfer dist.              p2pt: 1.14971
CD-PSNR (dB)               p2pt: 59.4926
Hausdorff distance         p2pt: 186


----------------------------------------
Y-CPSNR (dB)                   : 24.9695
U-CPSNR (dB)                   : 31.3767
V-CPSNR (dB)                   : 30.5967

