PCC-Arena Evaluator 0.6.5
Reference Point Cloud: /temp/pranav/dynamic_pc_data/longdress/Ply/longdress_vox10_1282.ply
Target Point Cloud: /temp/pranav/dynamic_pc_data/longdress/experiments/vanilla_rc_OM=4_GQP=36_AQP=47/decompressed/longdress_dec_1282.ply

========== Time & Binary Size ==========
Encoding time (s)           : -1
Decoding time (s)           : -1
Source point cloud size (kB): 19215.909
Total binary files size (kB): 3543.821
Compression ratio           : 0.18442120016284425
bpp (bits per point)        : 33.39171525152233

========== Point-based Metrics =========
Asym. Chamfer dist. (1->2) p2pt: 1.16855
Asym. Chamfer dist. (2->1) p2pt: 1.04484
Chamfer dist.              p2pt: 1.10669
CD-PSNR (dB)               p2pt: 59.6142
Hausdorff distance         p2pt: 158


----------------------------------------
Y-CPSNR (dB)                   : 25.2432
U-CPSNR (dB)                   : 31.5317
V-CPSNR (dB)                   : 30.5804

