PCC-Arena Evaluator 0.6.5
Reference Point Cloud: /temp/pranav/dynamic_pc_data/soldier/Ply/soldier_vox10_0745.ply
Target Point Cloud: /temp/pranav/dynamic_pc_data/soldier/experiments/2DD_lodX=2_lodY=1_OM=4_r1/decompressed/soldier_dec_0745.ply

========== Time & Binary Size ==========
Encoding time (s)           : -1
Decoding time (s)           : -1
Source point cloud size (kB): 24147.284
Total binary files size (kB): 5013.382
Compression ratio           : 0.20761680692536683
bpp (bits per point)        : 36.85659883549962

========== Point-based Metrics =========
Asym. Chamfer dist. (1->2) p2pt: 1.11147
Asym. Chamfer dist. (2->1) p2pt: 0.892853
Chamfer dist.              p2pt: 1.00216
CD-PSNR (dB)               p2pt: 59.9208
Hausdorff distance         p2pt: 436


----------------------------------------
Y-CPSNR (dB)                   : 28.7045
U-CPSNR (dB)                   : 42.9764
V-CPSNR (dB)                   : 43.0649

