PCC-Arena Evaluator 0.6.5
Reference Point Cloud: /temp/pranav/dynamic_pc_data/soldier/Ply/soldier_vox10_0603.ply
Target Point Cloud: /temp/pranav/dynamic_pc_data/soldier/experiments/2DD_lodX=2_lodY=1_OM=4_r1/decompressed/soldier_dec_0603.ply

========== Time & Binary Size ==========
Encoding time (s)           : -1
Decoding time (s)           : -1
Source point cloud size (kB): 23494.395
Total binary files size (kB): 5013.382
Compression ratio           : 0.21338629915773527
bpp (bits per point)        : 37.81087705802053

========== Point-based Metrics =========
Asym. Chamfer dist. (1->2) p2pt: 1.09508
Asym. Chamfer dist. (2->1) p2pt: 0.961824
Chamfer dist.              p2pt: 1.02845
CD-PSNR (dB)               p2pt: 60.1719
Hausdorff distance         p2pt: 3756


----------------------------------------
Y-CPSNR (dB)                   : 28.7747
U-CPSNR (dB)                   : 42.7858
V-CPSNR (dB)                   : 43.2191

