PCC-Arena Evaluator 0.6.5
Reference Point Cloud: /temp/pranav/dynamic_pc_data/longdress/Ply/longdress_vox10_1095.ply
Target Point Cloud: /temp/pranav/dynamic_pc_data/longdress/experiments/vanilla_rc_OM=4_GQP=26_AQP=34/decompressed/longdress_dec_1095.ply

========== Time & Binary Size ==========
Encoding time (s)           : -1
Decoding time (s)           : -1
Source point cloud size (kB): 18879.835
Total binary files size (kB): 13894.289
Compression ratio           : 0.7359327557682576
bpp (bits per point)        : 134.17838333089895

========== Point-based Metrics =========
Asym. Chamfer dist. (1->2) p2pt: 0.414923
Asym. Chamfer dist. (2->1) p2pt: 0.419452
Chamfer dist.              p2pt: 0.417188
CD-PSNR (dB)               p2pt: 63.8699
Hausdorff distance         p2pt: 107


----------------------------------------
Y-CPSNR (dB)                   : 31.0679
U-CPSNR (dB)                   : 34.6702
V-CPSNR (dB)                   : 34.271

