PCC-Arena Evaluator 0.6.5
Reference Point Cloud: /temp/pranav/dynamic_pc_data/longdress/Ply/longdress_vox10_1204.ply
Target Point Cloud: /temp/pranav/dynamic_pc_data/longdress/experiments/vanilla_rc_OM=4_GQP=26_AQP=34/decompressed/longdress_dec_1204.ply

========== Time & Binary Size ==========
Encoding time (s)           : -1
Decoding time (s)           : -1
Source point cloud size (kB): 18326.092
Total binary files size (kB): 13894.289
Compression ratio           : 0.7581697723660887
bpp (bits per point)        : 138.1143763846625

========== Point-based Metrics =========
Asym. Chamfer dist. (1->2) p2pt: 0.400829
Asym. Chamfer dist. (2->1) p2pt: 0.403076
Chamfer dist.              p2pt: 0.401953
CD-PSNR (dB)               p2pt: 63.8662
Hausdorff distance         p2pt: 46


----------------------------------------
Y-CPSNR (dB)                   : 30.8655
U-CPSNR (dB)                   : 34.3374
V-CPSNR (dB)                   : 34.1261

