PCC-Arena Evaluator 0.6.5
Reference Point Cloud: /temp/pranav/dynamic_pc_data/longdress/Ply/longdress_vox10_1280.ply
Target Point Cloud: /temp/pranav/dynamic_pc_data/longdress/experiments/vanilla_rc_OM=4_GQP=26_AQP=34/decompressed/longdress_dec_1280.ply

========== Time & Binary Size ==========
Encoding time (s)           : -1
Decoding time (s)           : -1
Source point cloud size (kB): 19832.758
Total binary files size (kB): 13894.289
Compression ratio           : 0.70057270905035
bpp (bits per point)        : 126.83259659556406

========== Point-based Metrics =========
Asym. Chamfer dist. (1->2) p2pt: 0.419443
Asym. Chamfer dist. (2->1) p2pt: 0.421094
Chamfer dist.              p2pt: 0.420269
CD-PSNR (dB)               p2pt: 63.8006
Hausdorff distance         p2pt: 82


----------------------------------------
Y-CPSNR (dB)                   : 31.2531
U-CPSNR (dB)                   : 34.8125
V-CPSNR (dB)                   : 34.1777

