PCC-Arena Evaluator 0.6.5
Reference Point Cloud: /temp/pranav/dynamic_pc_data/longdress/Ply/longdress_vox10_1151.ply
Target Point Cloud: /temp/pranav/dynamic_pc_data/longdress/experiments/vanilla_rc_OM=4_GQP=26_AQP=34/decompressed/longdress_dec_1151.ply

========== Time & Binary Size ==========
Encoding time (s)           : -1
Decoding time (s)           : -1
Source point cloud size (kB): 19631.895
Total binary files size (kB): 13894.289
Compression ratio           : 0.7077405925408627
bpp (bits per point)        : 128.73605210857187

========== Point-based Metrics =========
Asym. Chamfer dist. (1->2) p2pt: 0.414125
Asym. Chamfer dist. (2->1) p2pt: 0.414527
Chamfer dist.              p2pt: 0.414326
CD-PSNR (dB)               p2pt: 63.8891
Hausdorff distance         p2pt: 109


----------------------------------------
Y-CPSNR (dB)                   : 31.2485
U-CPSNR (dB)                   : 34.6516
V-CPSNR (dB)                   : 34.2581

