PCC-Arena Evaluator 0.6.5
Reference Point Cloud: /temp/pranav/dynamic_pc_data/longdress/Ply/longdress_vox10_1109.ply
Target Point Cloud: /temp/pranav/dynamic_pc_data/longdress/experiments/vanilla_rc_OM=4_GQP=26_AQP=34/decompressed/longdress_dec_1109.ply

========== Time & Binary Size ==========
Encoding time (s)           : -1
Decoding time (s)           : -1
Source point cloud size (kB): 19563.865
Total binary files size (kB): 13894.289
Compression ratio           : 0.7102016396044442
bpp (bits per point)        : 129.0595125304204

========== Point-based Metrics =========
Asym. Chamfer dist. (1->2) p2pt: 0.421746
Asym. Chamfer dist. (2->1) p2pt: 0.438972
Chamfer dist.              p2pt: 0.430359
CD-PSNR (dB)               p2pt: 63.6524
Hausdorff distance         p2pt: 77


----------------------------------------
Y-CPSNR (dB)                   : 31.1434
U-CPSNR (dB)                   : 34.7248
V-CPSNR (dB)                   : 34.4826

