PCC-Arena Evaluator 0.6.5
Reference Point Cloud: /temp/pranav/dynamic_pc_data/redandblack/Ply/redandblack_vox10_1540.ply
Target Point Cloud: /temp/pranav/dynamic_pc_data/redandblack/experiments/3DD_2_noQuantize_OM=4_r1/decompressed/redandblack_dec_1540.ply

========== Time & Binary Size ==========
Encoding time (s)           : -1
Decoding time (s)           : -1
Source point cloud size (kB): 15833.684
Total binary files size (kB): 3985.273
Compression ratio           : 0.25169587823023376
bpp (bits per point)        : 43.379836016948

========== Point-based Metrics =========
Asym. Chamfer dist. (1->2) p2pt: 0.954279
Asym. Chamfer dist. (2->1) p2pt: 0.781606
Chamfer dist.              p2pt: 0.867942
CD-PSNR (dB)               p2pt: 60.5673
Hausdorff distance         p2pt: 125


----------------------------------------
Y-CPSNR (dB)                   : 32.0424
U-CPSNR (dB)                   : 38.9155
V-CPSNR (dB)                   : 31.4581

