PCC-Arena Evaluator 0.6.5
Reference Point Cloud: /home/p/pranav/dynamic_pc_data/longdress/Ply/longdress_vox10_1339.ply
Target Point Cloud: /home/p/pranav/dynamic_pc_data/longdress/experiments/vanilla_rc_OM=4_GQP=40_AQP=52/decompressed/longdress_dec_1339.ply

========== Time & Binary Size ==========
Encoding time (s)           : -1
Decoding time (s)           : -1
Source point cloud size (kB): 19514.237
Total binary files size (kB): 2432.896
Compression ratio           : 0.1246728734513166
bpp (bits per point)        : 22.65941435064451

========== Point-based Metrics =========
Asym. Chamfer dist. (1->2) p2pt: 2.10119
Asym. Chamfer dist. (2->1) p2pt: 1.951
Chamfer dist.              p2pt: 2.02609
CD-PSNR (dB)               p2pt: 57.0521
Hausdorff distance         p2pt: 329


----------------------------------------
Y-CPSNR (dB)                   : 23.8379
U-CPSNR (dB)                   : 30.0975
V-CPSNR (dB)                   : 28.9906

