PCC-Arena Evaluator 0.6.5
Reference Point Cloud: /home/p/pranav/dynamic_pc_data/longdress/Ply/longdress_vox10_1247.ply
Target Point Cloud: /home/p/pranav/dynamic_pc_data/longdress/experiments/vanilla_rc_OM=4_GQP=40_AQP=52/decompressed/longdress_dec_1247.ply

========== Time & Binary Size ==========
Encoding time (s)           : -1
Decoding time (s)           : -1
Source point cloud size (kB): 17702.836
Total binary files size (kB): 2432.896
Compression ratio           : 0.13742973159780728
bpp (bits per point)        : 25.01760073215344

========== Point-based Metrics =========
Asym. Chamfer dist. (1->2) p2pt: 2.05229
Asym. Chamfer dist. (2->1) p2pt: 1.86959
Chamfer dist.              p2pt: 1.96094
CD-PSNR (dB)               p2pt: 57.1239
Hausdorff distance         p2pt: 305


----------------------------------------
Y-CPSNR (dB)                   : 23.851
U-CPSNR (dB)                   : 30.4351
V-CPSNR (dB)                   : 29.3891

