PCC-Arena Evaluator 0.6.5
Reference Point Cloud: /temp/pranav/dynamic_pc_data/longdress/Ply/longdress_vox10_1112.ply
Target Point Cloud: /temp/pranav/dynamic_pc_data/longdress/experiments/vanilla_rc_OM=4_GQP=40_AQP=52/decompressed/longdress_dec_1112.ply

========== Time & Binary Size ==========
Encoding time (s)           : -1
Decoding time (s)           : -1
Source point cloud size (kB): 19589.258
Total binary files size (kB): 2434.377
Compression ratio           : 0.12427101628862103
bpp (bits per point)        : 22.568267940454586

========== Point-based Metrics =========
Asym. Chamfer dist. (1->2) p2pt: 2.06878
Asym. Chamfer dist. (2->1) p2pt: 1.9596
Chamfer dist.              p2pt: 2.01419
CD-PSNR (dB)               p2pt: 56.9149
Hausdorff distance         p2pt: 386


----------------------------------------
Y-CPSNR (dB)                   : 23.9766
U-CPSNR (dB)                   : 30.399
V-CPSNR (dB)                   : 29.4381

