PCC-Arena Evaluator 0.6.5
Reference Point Cloud: /temp/pranav/dynamic_pc_data/longdress/Ply/longdress_vox10_1133.ply
Target Point Cloud: /temp/pranav/dynamic_pc_data/longdress/experiments/vanilla_rc_OM=4_GQP=40_AQP=52/decompressed/longdress_dec_1133.ply

========== Time & Binary Size ==========
Encoding time (s)           : -1
Decoding time (s)           : -1
Source point cloud size (kB): 19880.377
Total binary files size (kB): 2432.896
Compression ratio           : 0.12237675372051547
bpp (bits per point)        : 22.282685302003742

========== Point-based Metrics =========
Asym. Chamfer dist. (1->2) p2pt: 1.96638
Asym. Chamfer dist. (2->1) p2pt: 1.78056
Chamfer dist.              p2pt: 1.87347
CD-PSNR (dB)               p2pt: 57.3933
Hausdorff distance         p2pt: 285


----------------------------------------
Y-CPSNR (dB)                   : 23.7924
U-CPSNR (dB)                   : 30.1952
V-CPSNR (dB)                   : 29.1698

