PCC-Arena Evaluator 0.6.5
Reference Point Cloud: /home/p/pranav/dynamic_pc_data/longdress/Ply/longdress_vox10_1189.ply
Target Point Cloud: /home/p/pranav/dynamic_pc_data/longdress/experiments/vanilla_rc_OM=4_GQP=40_AQP=52/decompressed/longdress_dec_1189.ply

========== Time & Binary Size ==========
Encoding time (s)           : -1
Decoding time (s)           : -1
Source point cloud size (kB): 19463.837
Total binary files size (kB): 2432.896
Compression ratio           : 0.1249957035706783
bpp (bits per point)        : 22.743616230643028

========== Point-based Metrics =========
Asym. Chamfer dist. (1->2) p2pt: 1.96139
Asym. Chamfer dist. (2->1) p2pt: 1.81061
Chamfer dist.              p2pt: 1.886
CD-PSNR (dB)               p2pt: 57.2514
Hausdorff distance         p2pt: 305


----------------------------------------
Y-CPSNR (dB)                   : 23.3358
U-CPSNR (dB)                   : 29.9882
V-CPSNR (dB)                   : 28.889

