PCC-Arena Evaluator 0.6.5
Reference Point Cloud: /temp/pranav/dynamic_pc_data/soldier/Ply/soldier_vox10_0734.ply
Target Point Cloud: /temp/pranav/dynamic_pc_data/soldier/experiments/2DD_lodX=2_lodY=2_OM=1/decompressed/soldier_dec_0734.ply

========== Time & Binary Size ==========
Encoding time (s)           : -1
Decoding time (s)           : -1
Source point cloud size (kB): 24160.865
Total binary files size (kB): 15463.927
Compression ratio           : 0.6400402882926584
bpp (bits per point)        : 113.62294806431733

========== Point-based Metrics =========
Asym. Chamfer dist. (1->2) p2pt: 0.892128
Asym. Chamfer dist. (2->1) p2pt: 0.358567
Chamfer dist.              p2pt: 0.625348
CD-PSNR (dB)               p2pt: 62.0082
Hausdorff distance         p2pt: 34


----------------------------------------
Y-CPSNR (dB)                   : 32.2019
U-CPSNR (dB)                   : 44.1953
V-CPSNR (dB)                   : 44.5479

