PCC-Arena Evaluator 0.6.5
Reference Point Cloud: /temp/pranav/dynamic_pc_data/soldier/Ply/soldier_vox10_0783.ply
Target Point Cloud: /temp/pranav/dynamic_pc_data/soldier/experiments/2DD_lodX=2_lodY=2_OM=1/decompressed/soldier_dec_0783.ply

========== Time & Binary Size ==========
Encoding time (s)           : -1
Decoding time (s)           : -1
Source point cloud size (kB): 24150.032
Total binary files size (kB): 15463.927
Compression ratio           : 0.6403273916986942
bpp (bits per point)        : 113.29444496339562

========== Point-based Metrics =========
Asym. Chamfer dist. (1->2) p2pt: 0.774897
Asym. Chamfer dist. (2->1) p2pt: 0.342221
Chamfer dist.              p2pt: 0.558559
CD-PSNR (dB)               p2pt: 62.4822
Hausdorff distance         p2pt: 91


----------------------------------------
Y-CPSNR (dB)                   : 33.0904
U-CPSNR (dB)                   : 44.5251
V-CPSNR (dB)                   : 44.8898

