PCC-Arena Evaluator 0.6.5
Reference Point Cloud: /temp/pranav/dynamic_pc_data/soldier/Ply/soldier_vox10_0831.ply
Target Point Cloud: /temp/pranav/dynamic_pc_data/soldier/experiments/2DD_lodX=2_lodY=2_OM=1/decompressed/soldier_dec_0831.ply

========== Time & Binary Size ==========
Encoding time (s)           : -1
Decoding time (s)           : -1
Source point cloud size (kB): 24055.992
Total binary files size (kB): 15463.927
Compression ratio           : 0.6428305679516355
bpp (bits per point)        : 113.61773044499692

========== Point-based Metrics =========
Asym. Chamfer dist. (1->2) p2pt: 0.777413
Asym. Chamfer dist. (2->1) p2pt: 0.341104
Chamfer dist.              p2pt: 0.559259
CD-PSNR (dB)               p2pt: 62.507
Hausdorff distance         p2pt: 40


----------------------------------------
Y-CPSNR (dB)                   : 33.0664
U-CPSNR (dB)                   : 44.4313
V-CPSNR (dB)                   : 44.9748

