PCC-Arena Evaluator 0.6.5
Reference Point Cloud: /temp/pranav/dynamic_pc_data/soldier/Ply/soldier_vox10_0598.ply
Target Point Cloud: /temp/pranav/dynamic_pc_data/soldier/experiments/2DD_lodX=2_lodY=2_OM=1/decompressed/soldier_dec_0598.ply

========== Time & Binary Size ==========
Encoding time (s)           : -1
Decoding time (s)           : -1
Source point cloud size (kB): 23491.88
Total binary files size (kB): 15463.927
Compression ratio           : 0.6582668990306437
bpp (bits per point)        : 116.64615819795016

========== Point-based Metrics =========
Asym. Chamfer dist. (1->2) p2pt: 0.853386
Asym. Chamfer dist. (2->1) p2pt: 0.352428
Chamfer dist.              p2pt: 0.602907
CD-PSNR (dB)               p2pt: 62.4886
Hausdorff distance         p2pt: 59


----------------------------------------
Y-CPSNR (dB)                   : 32.3976
U-CPSNR (dB)                   : 43.94
V-CPSNR (dB)                   : 44.314

