PCC-Arena Evaluator 0.6.5
Reference Point Cloud: /temp/pranav/dynamic_pc_data/soldier/Ply/soldier_vox10_0673.ply
Target Point Cloud: /temp/pranav/dynamic_pc_data/soldier/experiments/2DD_lodX=2_lodY=2_OM=1/decompressed/soldier_dec_0673.ply

========== Time & Binary Size ==========
Encoding time (s)           : -1
Decoding time (s)           : -1
Source point cloud size (kB): 23208.136
Total binary files size (kB): 15463.927
Compression ratio           : 0.6663149078409399
bpp (bits per point)        : 118.38186446192417

========== Point-based Metrics =========
Asym. Chamfer dist. (1->2) p2pt: 0.778542
Asym. Chamfer dist. (2->1) p2pt: 0.348275
Chamfer dist.              p2pt: 0.563408
CD-PSNR (dB)               p2pt: 62.7269
Hausdorff distance         p2pt: 58


----------------------------------------
Y-CPSNR (dB)                   : 33.0199
U-CPSNR (dB)                   : 44.5288
V-CPSNR (dB)                   : 44.8117

