PCC-Arena Evaluator 0.6.5
Reference Point Cloud: /temp/pranav/dynamic_pc_data/soldier/Ply/soldier_vox10_0548.ply
Target Point Cloud: /temp/pranav/dynamic_pc_data/soldier/experiments/2DD_lodX=2_lodY=2_OM=1/decompressed/soldier_dec_0548.ply

========== Time & Binary Size ==========
Encoding time (s)           : -1
Decoding time (s)           : -1
Source point cloud size (kB): 23492.173
Total binary files size (kB): 15463.927
Compression ratio           : 0.6582586889684492
bpp (bits per point)        : 116.60382956864335

========== Point-based Metrics =========
Asym. Chamfer dist. (1->2) p2pt: 0.846026
Asym. Chamfer dist. (2->1) p2pt: 0.354801
Chamfer dist.              p2pt: 0.600413
CD-PSNR (dB)               p2pt: 62.5122
Hausdorff distance         p2pt: 106


----------------------------------------
Y-CPSNR (dB)                   : 32.4312
U-CPSNR (dB)                   : 43.9118
V-CPSNR (dB)                   : 44.475

