PCC-Arena Evaluator 0.6.5
Reference Point Cloud: /temp/pranav/dynamic_pc_data/soldier/Ply/soldier_vox10_0777.ply
Target Point Cloud: /temp/pranav/dynamic_pc_data/soldier/experiments/2DD_lodX=2_lodY=2_OM=1/decompressed/soldier_dec_0777.ply

========== Time & Binary Size ==========
Encoding time (s)           : -1
Decoding time (s)           : -1
Source point cloud size (kB): 24300.165
Total binary files size (kB): 15463.927
Compression ratio           : 0.6363712756682928
bpp (bits per point)        : 112.79685401495126

========== Point-based Metrics =========
Asym. Chamfer dist. (1->2) p2pt: 0.76717
Asym. Chamfer dist. (2->1) p2pt: 0.340961
Chamfer dist.              p2pt: 0.554066
CD-PSNR (dB)               p2pt: 62.5348
Hausdorff distance         p2pt: 36


----------------------------------------
Y-CPSNR (dB)                   : 33.2664
U-CPSNR (dB)                   : 44.48
V-CPSNR (dB)                   : 45.0191

