PCC-Arena Evaluator 0.6.5
Reference Point Cloud: /temp/pranav/dynamic_pc_data/soldier/Ply/soldier_vox10_0684.ply
Target Point Cloud: /temp/pranav/dynamic_pc_data/soldier/experiments/2DD_lodX=2_lodY=2_OM=1/decompressed/soldier_dec_0684.ply

========== Time & Binary Size ==========
Encoding time (s)           : -1
Decoding time (s)           : -1
Source point cloud size (kB): 24228.005
Total binary files size (kB): 15463.927
Compression ratio           : 0.6382666257498295
bpp (bits per point)        : 113.4517475642681

========== Point-based Metrics =========
Asym. Chamfer dist. (1->2) p2pt: 0.83093
Asym. Chamfer dist. (2->1) p2pt: 0.348151
Chamfer dist.              p2pt: 0.589541
CD-PSNR (dB)               p2pt: 62.3975
Hausdorff distance         p2pt: 34


----------------------------------------
Y-CPSNR (dB)                   : 33.3387
U-CPSNR (dB)                   : 44.4434
V-CPSNR (dB)                   : 44.9665

