PCC-Arena Evaluator 0.6.5
Reference Point Cloud: /temp/pranav/dynamic_pc_data/redandblack/Ply/redandblack_vox10_1665.ply
Target Point Cloud: /temp/pranav/dynamic_pc_data/redandblack/experiments/vanilla_rc_OM=4_GQP=36_AQP=47/decompressed/redandblack_dec_1665.ply

========== Time & Binary Size ==========
Encoding time (s)           : -1
Decoding time (s)           : -1
Source point cloud size (kB): 16127.283
Total binary files size (kB): 2988.828
Compression ratio           : 0.1853274355016899
bpp (bits per point)        : 31.94762383222524

========== Point-based Metrics =========
Asym. Chamfer dist. (1->2) p2pt: 1.27506
Asym. Chamfer dist. (2->1) p2pt: 1.14555
Chamfer dist.              p2pt: 1.2103
CD-PSNR (dB)               p2pt: 58.9444
Hausdorff distance         p2pt: 166


----------------------------------------
Y-CPSNR (dB)                   : 30.6672
U-CPSNR (dB)                   : 38.4618
V-CPSNR (dB)                   : 29.9407

