PCC-Arena Evaluator 0.6.5
Reference Point Cloud: /temp/pranav/dynamic_pc_data/redandblack/Ply/redandblack_vox10_1674.ply
Target Point Cloud: /temp/pranav/dynamic_pc_data/redandblack/experiments/vanilla_rc_OM=4_GQP=36_AQP=47/decompressed/redandblack_dec_1674.ply

========== Time & Binary Size ==========
Encoding time (s)           : -1
Decoding time (s)           : -1
Source point cloud size (kB): 16447.482
Total binary files size (kB): 2965.909
Compression ratio           : 0.1803260219406229
bpp (bits per point)        : 31.09815722561535

========== Point-based Metrics =========
Asym. Chamfer dist. (1->2) p2pt: 1.31904
Asym. Chamfer dist. (2->1) p2pt: 1.27708
Chamfer dist.              p2pt: 1.29806
CD-PSNR (dB)               p2pt: 58.9483
Hausdorff distance         p2pt: 197


----------------------------------------
Y-CPSNR (dB)                   : 30.8223
U-CPSNR (dB)                   : 38.2718
V-CPSNR (dB)                   : 29.9112

