PCC-Arena Evaluator 0.6.5
Reference Point Cloud: /temp/pranav/dynamic_pc_data/redandblack/Ply/redandblack_vox10_1485.ply
Target Point Cloud: /temp/pranav/dynamic_pc_data/redandblack/experiments/vanilla_rc_OM=4_GQP=36_AQP=47/decompressed/redandblack_dec_1485.ply

========== Time & Binary Size ==========
Encoding time (s)           : -1
Decoding time (s)           : -1
Source point cloud size (kB): 16026.448
Total binary files size (kB): 2965.909
Compression ratio           : 0.1850634026953446
bpp (bits per point)        : 31.75907975082385

========== Point-based Metrics =========
Asym. Chamfer dist. (1->2) p2pt: 1.30119
Asym. Chamfer dist. (2->1) p2pt: 1.18788
Chamfer dist.              p2pt: 1.24454
CD-PSNR (dB)               p2pt: 58.8135
Hausdorff distance         p2pt: 211


----------------------------------------
Y-CPSNR (dB)                   : 30.6013
U-CPSNR (dB)                   : 37.3661
V-CPSNR (dB)                   : 29.806

