PCC-Arena Evaluator 0.6.5
Reference Point Cloud: /temp/pranav/dynamic_pc_data/redandblack/Ply/redandblack_vox10_1738.ply
Target Point Cloud: /temp/pranav/dynamic_pc_data/redandblack/experiments/vanilla_rc_OM=4_GQP=36_AQP=47/decompressed/redandblack_dec_1738.ply

========== Time & Binary Size ==========
Encoding time (s)           : -1
Decoding time (s)           : -1
Source point cloud size (kB): 14181.27
Total binary files size (kB): 2965.909
Compression ratio           : 0.20914269314384396
bpp (bits per point)        : 36.040349174379095

========== Point-based Metrics =========
Asym. Chamfer dist. (1->2) p2pt: 1.3145
Asym. Chamfer dist. (2->1) p2pt: 1.07528
Chamfer dist.              p2pt: 1.19489
CD-PSNR (dB)               p2pt: 58.955
Hausdorff distance         p2pt: 113


----------------------------------------
Y-CPSNR (dB)                   : 30.4302
U-CPSNR (dB)                   : 37.8112
V-CPSNR (dB)                   : 29.5124

