PCC-Arena Evaluator 0.6.5
Reference Point Cloud: /temp/pranav/dynamic_pc_data/redandblack/Ply/redandblack_vox10_1512.ply
Target Point Cloud: /temp/pranav/dynamic_pc_data/redandblack/experiments/vanilla_rc_OM=4_GQP=36_AQP=47/decompressed/redandblack_dec_1512.ply

========== Time & Binary Size ==========
Encoding time (s)           : -1
Decoding time (s)           : -1
Source point cloud size (kB): 14563.949
Total binary files size (kB): 2988.828
Compression ratio           : 0.2052209877966477
bpp (bits per point)        : 35.39902288810588

========== Point-based Metrics =========
Asym. Chamfer dist. (1->2) p2pt: 1.30902
Asym. Chamfer dist. (2->1) p2pt: 1.15317
Chamfer dist.              p2pt: 1.23109
CD-PSNR (dB)               p2pt: 58.8183
Hausdorff distance         p2pt: 160


----------------------------------------
Y-CPSNR (dB)                   : 30.4169
U-CPSNR (dB)                   : 38.1176
V-CPSNR (dB)                   : 29.5355

