PCC-Arena Evaluator 0.6.5
Reference Point Cloud: /temp/pranav/dynamic_pc_data/soldier/Ply/soldier_vox10_0803.ply
Target Point Cloud: /temp/pranav/dynamic_pc_data/soldier/experiments/3DD_4_noQuantize_OM=4_r1/decompressed/soldier_dec_0803.ply

========== Time & Binary Size ==========
Encoding time (s)           : -1
Decoding time (s)           : -1
Source point cloud size (kB): 24061.131
Total binary files size (kB): 5063.599
Compression ratio           : 0.21044725619922022
bpp (bits per point)        : 37.202118866656136

========== Point-based Metrics =========
Asym. Chamfer dist. (1->2) p2pt: 1.00761
Asym. Chamfer dist. (2->1) p2pt: 0.758632
Chamfer dist.              p2pt: 0.883119
CD-PSNR (dB)               p2pt: 60.4991
Hausdorff distance         p2pt: 130


----------------------------------------
Y-CPSNR (dB)                   : 29.1058
U-CPSNR (dB)                   : 43.3343
V-CPSNR (dB)                   : 43.33

