PCC-Arena Evaluator 0.6.5
Reference Point Cloud: /temp/pranav/dynamic_pc_data/soldier/Ply/soldier_vox10_0619.ply
Target Point Cloud: /temp/pranav/dynamic_pc_data/soldier/experiments/3DD_4_noQuantize_OM=4_r1/decompressed/soldier_dec_0619.ply

========== Time & Binary Size ==========
Encoding time (s)           : -1
Decoding time (s)           : -1
Source point cloud size (kB): 23519.269
Total binary files size (kB): 5063.599
Compression ratio           : 0.2152957645069666
bpp (bits per point)        : 38.14196843283715

========== Point-based Metrics =========
Asym. Chamfer dist. (1->2) p2pt: 1.031
Asym. Chamfer dist. (2->1) p2pt: 0.786278
Chamfer dist.              p2pt: 0.908639
CD-PSNR (dB)               p2pt: 60.7076
Hausdorff distance         p2pt: 157


----------------------------------------
Y-CPSNR (dB)                   : 28.9402
U-CPSNR (dB)                   : 42.9405
V-CPSNR (dB)                   : 43.1395

