PCC-Arena Evaluator 0.6.5
Reference Point Cloud: /temp/pranav/dynamic_pc_data/longdress/Ply/longdress_vox10_1267.ply
Target Point Cloud: /temp/pranav/dynamic_pc_data/longdress/experiments/vanilla_rc_OM=4_GQP=27_AQP=35/decompressed/longdress_dec_1267.ply

========== Time & Binary Size ==========
Encoding time (s)           : -1
Decoding time (s)           : -1
Source point cloud size (kB): 18669.627
Total binary files size (kB): 12516.769
Compression ratio           : 0.6704348726410013
bpp (bits per point)        : 122.11407491417735

========== Point-based Metrics =========
Asym. Chamfer dist. (1->2) p2pt: 0.446
Asym. Chamfer dist. (2->1) p2pt: 0.436403
Chamfer dist.              p2pt: 0.441201
CD-PSNR (dB)               p2pt: 63.6589
Hausdorff distance         p2pt: 62


----------------------------------------
Y-CPSNR (dB)                   : 30.8522
U-CPSNR (dB)                   : 34.8871
V-CPSNR (dB)                   : 34.5638

