PCC-Arena Evaluator 0.6.5
Reference Point Cloud: /temp/pranav/dynamic_pc_data/longdress/Ply/longdress_vox10_1163.ply
Target Point Cloud: /temp/pranav/dynamic_pc_data/longdress/experiments/vanilla_rc_OM=4_GQP=27_AQP=35/decompressed/longdress_dec_1163.ply

========== Time & Binary Size ==========
Encoding time (s)           : -1
Decoding time (s)           : -1
Source point cloud size (kB): 18845.5
Total binary files size (kB): 12516.769
Compression ratio           : 0.6641781327107267
bpp (bits per point)        : 121.13246476743483

========== Point-based Metrics =========
Asym. Chamfer dist. (1->2) p2pt: 0.446425
Asym. Chamfer dist. (2->1) p2pt: 0.431012
Chamfer dist.              p2pt: 0.438718
CD-PSNR (dB)               p2pt: 63.5388
Hausdorff distance         p2pt: 99


----------------------------------------
Y-CPSNR (dB)                   : 30.5633
U-CPSNR (dB)                   : 34.5687
V-CPSNR (dB)                   : 34.3874

