PCC-Arena Evaluator 0.6.5
Reference Point Cloud: /temp/pranav/dynamic_pc_data/longdress/Ply/longdress_vox10_1253.ply
Target Point Cloud: /temp/pranav/dynamic_pc_data/longdress/experiments/vanilla_rc_OM=4_GQP=27_AQP=35/decompressed/longdress_dec_1253.ply

========== Time & Binary Size ==========
Encoding time (s)           : -1
Decoding time (s)           : -1
Source point cloud size (kB): 16718.093
Total binary files size (kB): 12516.769
Compression ratio           : 0.7486959786621596
bpp (bits per point)        : 136.50065705171897

========== Point-based Metrics =========
Asym. Chamfer dist. (1->2) p2pt: 0.430826
Asym. Chamfer dist. (2->1) p2pt: 0.430324
Chamfer dist.              p2pt: 0.430575
CD-PSNR (dB)               p2pt: 63.4865
Hausdorff distance         p2pt: 101


----------------------------------------
Y-CPSNR (dB)                   : 30.8891
U-CPSNR (dB)                   : 34.9759
V-CPSNR (dB)                   : 34.6314

