PCC-Arena Evaluator 0.6.5
Reference Point Cloud: /temp/pranav/dynamic_pc_data/longdress/Ply/longdress_vox10_1338.ply
Target Point Cloud: /temp/pranav/dynamic_pc_data/longdress/experiments/vanilla_rc_OM=4_GQP=27_AQP=35/decompressed/longdress_dec_1338.ply

========== Time & Binary Size ==========
Encoding time (s)           : -1
Decoding time (s)           : -1
Source point cloud size (kB): 19567.349
Total binary files size (kB): 12516.769
Compression ratio           : 0.6396762790912556
bpp (bits per point)        : 116.2153324064037

========== Point-based Metrics =========
Asym. Chamfer dist. (1->2) p2pt: 0.448288
Asym. Chamfer dist. (2->1) p2pt: 0.445328
Chamfer dist.              p2pt: 0.446808
CD-PSNR (dB)               p2pt: 63.6393
Hausdorff distance         p2pt: 84


----------------------------------------
Y-CPSNR (dB)                   : 30.7327
U-CPSNR (dB)                   : 34.5822
V-CPSNR (dB)                   : 34.2153

