PCC-Arena Evaluator 0.6.5
Reference Point Cloud: /temp/pranav/dynamic_pc_data/longdress/Ply/longdress_vox10_1263.ply
Target Point Cloud: /temp/pranav/dynamic_pc_data/longdress/experiments/vanilla_rc_OM=4_GQP=27_AQP=35/decompressed/longdress_dec_1263.ply

========== Time & Binary Size ==========
Encoding time (s)           : -1
Decoding time (s)           : -1
Source point cloud size (kB): 18441.555
Total binary files size (kB): 12516.769
Compression ratio           : 0.6787263330017452
bpp (bits per point)        : 123.93454131392643

========== Point-based Metrics =========
Asym. Chamfer dist. (1->2) p2pt: 0.453531
Asym. Chamfer dist. (2->1) p2pt: 0.452364
Chamfer dist.              p2pt: 0.452948
CD-PSNR (dB)               p2pt: 63.4832
Hausdorff distance         p2pt: 68


----------------------------------------
Y-CPSNR (dB)                   : 31.0455
U-CPSNR (dB)                   : 34.9713
V-CPSNR (dB)                   : 34.7337

