PCC-Arena Evaluator 0.6.5
Reference Point Cloud: /temp/pranav/dynamic_pc_data/longdress/Ply/longdress_vox10_1293.ply
Target Point Cloud: /temp/pranav/dynamic_pc_data/longdress/experiments/2DD_INT_lodX=1_lodY=2_OM=4_r1/decompressed/longdress_dec_1293.ply

========== Time & Binary Size ==========
Encoding time (s)           : -1
Decoding time (s)           : -1
Source point cloud size (kB): 19494.488
Total binary files size (kB): 4715.148
Compression ratio           : 0.24187083035984325
bpp (bits per point)        : 43.79970739183948

========== Point-based Metrics =========
Asym. Chamfer dist. (1->2) p2pt: 0.908941
Asym. Chamfer dist. (2->1) p2pt: 0.938903
Chamfer dist.              p2pt: 0.923922
CD-PSNR (dB)               p2pt: 60.5188
Hausdorff distance         p2pt: 232


----------------------------------------
Y-CPSNR (dB)                   : 26.2633
U-CPSNR (dB)                   : 32.3131
V-CPSNR (dB)                   : 31.2755

