PCC-Arena Evaluator 0.6.5
Reference Point Cloud: /temp/pranav/dynamic_pc_data/longdress/Ply/longdress_vox10_1196.ply
Target Point Cloud: /temp/pranav/dynamic_pc_data/longdress/experiments/2DD_INT_lodX=2_lodY=2_OM=4_r1/decompressed/longdress_dec_1196.ply

========== Time & Binary Size ==========
Encoding time (s)           : -1
Decoding time (s)           : -1
Source point cloud size (kB): 18142.782
Total binary files size (kB): 4022.404
Compression ratio           : 0.2217082253427286
bpp (bits per point)        : 40.44136176779971

========== Point-based Metrics =========
Asym. Chamfer dist. (1->2) p2pt: 1.24744
Asym. Chamfer dist. (2->1) p2pt: 1.29641
Chamfer dist.              p2pt: 1.27192
CD-PSNR (dB)               p2pt: 58.8532
Hausdorff distance         p2pt: 131


----------------------------------------
Y-CPSNR (dB)                   : 24.6922
U-CPSNR (dB)                   : 31.0073
V-CPSNR (dB)                   : 30.1808

