PCC-Arena Evaluator 0.6.5
Reference Point Cloud: /temp/pranav/dynamic_pc_data/longdress/Ply/longdress_vox10_1322.ply
Target Point Cloud: /temp/pranav/dynamic_pc_data/longdress/experiments/2DD_lodX=2_lodY=1_OM=4_r1/decompressed/longdress_dec_1322.ply

========== Time & Binary Size ==========
Encoding time (s)           : -1
Decoding time (s)           : -1
Source point cloud size (kB): 18178.28
Total binary files size (kB): 4858.411
Compression ratio           : 0.26726461469401946
bpp (bits per point)        : 48.25902514188796

========== Point-based Metrics =========
Asym. Chamfer dist. (1->2) p2pt: 1.18794
Asym. Chamfer dist. (2->1) p2pt: 0.92786
Chamfer dist.              p2pt: 1.0579
CD-PSNR (dB)               p2pt: 59.6249
Hausdorff distance         p2pt: 230


----------------------------------------
Y-CPSNR (dB)                   : 26.1791
U-CPSNR (dB)                   : 32.2574
V-CPSNR (dB)                   : 31.5

