PCC-Arena Evaluator 0.6.5
Reference Point Cloud: /temp/pranav/dynamic_pc_data/longdress/Ply/longdress_vox10_1238.ply
Target Point Cloud: /temp/pranav/dynamic_pc_data/longdress/experiments/2DD_lodX=2_lodY=1_OM=4_r1/decompressed/longdress_dec_1238.ply

========== Time & Binary Size ==========
Encoding time (s)           : -1
Decoding time (s)           : -1
Source point cloud size (kB): 19681.519
Total binary files size (kB): 4858.411
Compression ratio           : 0.2468514244251168
bpp (bits per point)        : 44.83066276038663

========== Point-based Metrics =========
Asym. Chamfer dist. (1->2) p2pt: 1.2722
Asym. Chamfer dist. (2->1) p2pt: 1.02102
Chamfer dist.              p2pt: 1.14661
CD-PSNR (dB)               p2pt: 59.4553
Hausdorff distance         p2pt: 314


----------------------------------------
Y-CPSNR (dB)                   : 26.3405
U-CPSNR (dB)                   : 32.2966
V-CPSNR (dB)                   : 31.2801

