PCC-Arena Evaluator 0.6.5
Reference Point Cloud: /temp/pranav/dynamic_pc_data/longdress/Ply/longdress_vox10_1281.ply
Target Point Cloud: /temp/pranav/dynamic_pc_data/longdress/experiments/2DD_lodX=2_lodY=1_OM=4_r1/decompressed/longdress_dec_1281.ply

========== Time & Binary Size ==========
Encoding time (s)           : -1
Decoding time (s)           : -1
Source point cloud size (kB): 19197.488
Total binary files size (kB): 4858.411
Compression ratio           : 0.2530753502749943
bpp (bits per point)        : 45.812888381785775

========== Point-based Metrics =========
Asym. Chamfer dist. (1->2) p2pt: 1.27495
Asym. Chamfer dist. (2->1) p2pt: 0.966196
Chamfer dist.              p2pt: 1.12057
CD-PSNR (dB)               p2pt: 59.5327
Hausdorff distance         p2pt: 86


----------------------------------------
Y-CPSNR (dB)                   : 26.2327
U-CPSNR (dB)                   : 32.1346
V-CPSNR (dB)                   : 31.076

