PCC-Arena Evaluator 0.6.5
Reference Point Cloud: /temp/pranav/dynamic_pc_data/longdress/Ply/longdress_vox10_1188.ply
Target Point Cloud: /temp/pranav/dynamic_pc_data/longdress/experiments/2DD_lodX=2_lodY=1_OM=4_r1/decompressed/longdress_dec_1188.ply

========== Time & Binary Size ==========
Encoding time (s)           : -1
Decoding time (s)           : -1
Source point cloud size (kB): 19528.915
Total binary files size (kB): 4858.411
Compression ratio           : 0.24878038539263445
bpp (bits per point)        : 45.25967380950718

========== Point-based Metrics =========
Asym. Chamfer dist. (1->2) p2pt: 1.11513
Asym. Chamfer dist. (2->1) p2pt: 0.925015
Chamfer dist.              p2pt: 1.02007
CD-PSNR (dB)               p2pt: 59.9291
Hausdorff distance         p2pt: 89


----------------------------------------
Y-CPSNR (dB)                   : 25.8245
U-CPSNR (dB)                   : 32.0277
V-CPSNR (dB)                   : 31.4172

