PCC-Arena Evaluator 0.6.5
Reference Point Cloud: /temp/pranav/dynamic_pc_data/soldier/Ply/soldier_vox10_0682.ply
Target Point Cloud: /temp/pranav/dynamic_pc_data/soldier/experiments/vanilla_OM=4/decompressed/soldier_dec_0682.ply

========== Time & Binary Size ==========
Encoding time (s)           : -1
Decoding time (s)           : -1
Source point cloud size (kB): 24030.57
Total binary files size (kB): 14533.566
Compression ratio           : 0.604794892505671
bpp (bits per point)        : 107.38241813453126

========== Point-based Metrics =========
Asym. Chamfer dist. (1->2) p2pt: 0.37777
Asym. Chamfer dist. (2->1) p2pt: 0.372291
Chamfer dist.              p2pt: 0.37503
CD-PSNR (dB)               p2pt: 64.3898
Hausdorff distance         p2pt: 62


----------------------------------------
Y-CPSNR (dB)                   : 35.0054
U-CPSNR (dB)                   : 45.2185
V-CPSNR (dB)                   : 45.6854

