PCC-Arena Evaluator 0.6.5
Reference Point Cloud: /temp/pranav/dynamic_pc_data/soldier/Ply/soldier_vox10_0559.ply
Target Point Cloud: /temp/pranav/dynamic_pc_data/soldier/experiments/vanilla_OM=4/decompressed/soldier_dec_0559.ply

========== Time & Binary Size ==========
Encoding time (s)           : -1
Decoding time (s)           : -1
Source point cloud size (kB): 23495.503
Total binary files size (kB): 14533.566
Compression ratio           : 0.6185679872441974
bpp (bits per point)        : 109.58205044589253

========== Point-based Metrics =========
Asym. Chamfer dist. (1->2) p2pt: 0.384507
Asym. Chamfer dist. (2->1) p2pt: 0.366848
Chamfer dist.              p2pt: 0.375678
CD-PSNR (dB)               p2pt: 64.5495
Hausdorff distance         p2pt: 93


----------------------------------------
Y-CPSNR (dB)                   : 34.3363
U-CPSNR (dB)                   : 44.8221
V-CPSNR (dB)                   : 45.2493

