PCC-Arena Evaluator 0.6.5
Reference Point Cloud: /temp/pranav/dynamic_pc_data/soldier/Ply/soldier_vox10_0544.ply
Target Point Cloud: /temp/pranav/dynamic_pc_data/soldier/experiments/vanilla_OM=4/decompressed/soldier_dec_0544.ply

========== Time & Binary Size ==========
Encoding time (s)           : -1
Decoding time (s)           : -1
Source point cloud size (kB): 23484.804
Total binary files size (kB): 14533.566
Compression ratio           : 0.6188497889954713
bpp (bits per point)        : 109.63175070742463

========== Point-based Metrics =========
Asym. Chamfer dist. (1->2) p2pt: 0.385832
Asym. Chamfer dist. (2->1) p2pt: 0.371127
Chamfer dist.              p2pt: 0.37848
CD-PSNR (dB)               p2pt: 64.52
Hausdorff distance         p2pt: 72


----------------------------------------
Y-CPSNR (dB)                   : 34.3126
U-CPSNR (dB)                   : 44.7771
V-CPSNR (dB)                   : 45.2279

