PCC-Arena Evaluator 0.6.5
Reference Point Cloud: /home/p/pranav/dynamic_pc_data/soldier/Ply/soldier_vox10_0557.ply
Target Point Cloud: /home/p/pranav/dynamic_pc_data/soldier/experiments/vanilla_OM=4/decompressed/soldier_dec_0557.ply

========== Time & Binary Size ==========
Encoding time (s)           : -1
Decoding time (s)           : -1
Source point cloud size (kB): 23515.507
Total binary files size (kB): 14533.566
Compression ratio           : 0.618041788339924
bpp (bits per point)        : 109.49062062107309

========== Point-based Metrics =========
Asym. Chamfer dist. (1->2) p2pt: 0.382104
Asym. Chamfer dist. (2->1) p2pt: 0.368651
Chamfer dist.              p2pt: 0.375377
CD-PSNR (dB)               p2pt: 64.5556
Hausdorff distance         p2pt: 67


----------------------------------------
Y-CPSNR (dB)                   : 34.3474
U-CPSNR (dB)                   : 44.8738
V-CPSNR (dB)                   : 45.182

