PCC-Arena Evaluator 0.6.5
Reference Point Cloud: /home/p/pranav/dynamic_pc_data/soldier/Ply/soldier_vox10_0818.ply
Target Point Cloud: /home/p/pranav/dynamic_pc_data/soldier/experiments/vanilla_OM=4/decompressed/soldier_dec_0818.ply

========== Time & Binary Size ==========
Encoding time (s)           : -1
Decoding time (s)           : -1
Source point cloud size (kB): 24125.277
Total binary files size (kB): 14533.566
Compression ratio           : 0.6024206893044172
bpp (bits per point)        : 106.5110506499574

========== Point-based Metrics =========
Asym. Chamfer dist. (1->2) p2pt: 0.381339
Asym. Chamfer dist. (2->1) p2pt: 0.371482
Chamfer dist.              p2pt: 0.376411
CD-PSNR (dB)               p2pt: 64.2302
Hausdorff distance         p2pt: 40


----------------------------------------
Y-CPSNR (dB)                   : 34.441
U-CPSNR (dB)                   : 44.9094
V-CPSNR (dB)                   : 45.3458

