PCC-Arena Evaluator 0.6.5
Reference Point Cloud: /temp/pranav/dynamic_pc_data/soldier/Ply/soldier_vox10_0545.ply
Target Point Cloud: /temp/pranav/dynamic_pc_data/soldier/experiments/vanilla_OM=4/decompressed/soldier_dec_0545.ply

========== Time & Binary Size ==========
Encoding time (s)           : -1
Decoding time (s)           : -1
Source point cloud size (kB): 23456.101
Total binary files size (kB): 14533.566
Compression ratio           : 0.6196070693931613
bpp (bits per point)        : 109.76992868215883

========== Point-based Metrics =========
Asym. Chamfer dist. (1->2) p2pt: 0.387235
Asym. Chamfer dist. (2->1) p2pt: 0.37009
Chamfer dist.              p2pt: 0.378662
CD-PSNR (dB)               p2pt: 64.5165
Hausdorff distance         p2pt: 36


----------------------------------------
Y-CPSNR (dB)                   : 34.3337
U-CPSNR (dB)                   : 44.7275
V-CPSNR (dB)                   : 45.0671

