PCC-Arena Evaluator 0.6.5
Reference Point Cloud: /temp/pranav/dynamic_pc_data/soldier/Ply/soldier_vox10_0581.ply
Target Point Cloud: /temp/pranav/dynamic_pc_data/soldier/experiments/vanilla_OM=4/decompressed/soldier_dec_0581.ply

========== Time & Binary Size ==========
Encoding time (s)           : -1
Decoding time (s)           : -1
Source point cloud size (kB): 23517.655
Total binary files size (kB): 14533.566
Compression ratio           : 0.6179853390994978
bpp (bits per point)        : 109.48185715671255

========== Point-based Metrics =========
Asym. Chamfer dist. (1->2) p2pt: 0.387792
Asym. Chamfer dist. (2->1) p2pt: 0.370553
Chamfer dist.              p2pt: 0.379172
CD-PSNR (dB)               p2pt: 64.5042
Hausdorff distance         p2pt: 56


----------------------------------------
Y-CPSNR (dB)                   : 34.3259
U-CPSNR (dB)                   : 44.7933
V-CPSNR (dB)                   : 45.3188

