PCC-Arena Evaluator 0.6.5
Reference Point Cloud: /temp/pranav/dynamic_pc_data/loot/Ply/loot_vox10_1071.ply
Target Point Cloud: /temp/pranav/dynamic_pc_data/loot/experiments/2DD_INT_lodX=1_lodY=2_OM=4_r1/decompressed/loot_dec_1071.ply

========== Time & Binary Size ==========
Encoding time (s)           : -1
Decoding time (s)           : -1
Source point cloud size (kB): 16678.052
Total binary files size (kB): 2461.386
Compression ratio           : 0.14758234354947447
bpp (bits per point)        : 25.015801388814783

========== Point-based Metrics =========
Asym. Chamfer dist. (1->2) p2pt: 0.843968
Asym. Chamfer dist. (2->1) p2pt: 0.817625
Chamfer dist.              p2pt: 0.830796
CD-PSNR (dB)               p2pt: 61.044
Hausdorff distance         p2pt: 99


----------------------------------------
Y-CPSNR (dB)                   : 32.6231
U-CPSNR (dB)                   : 43.5908
V-CPSNR (dB)                   : 43.0301

