PCC-Arena Evaluator 0.6.5
Reference Point Cloud: /temp/pranav/dynamic_pc_data/redandblack/Ply/redandblack_vox10_1623.ply
Target Point Cloud: /temp/pranav/dynamic_pc_data/redandblack/experiments/3DD_4_noQuantize_OM=4_r1/decompressed/redandblack_dec_1623.ply

========== Time & Binary Size ==========
Encoding time (s)           : -1
Decoding time (s)           : -1
Source point cloud size (kB): 16733.9
Total binary files size (kB): 3823.529
Compression ratio           : 0.22849001129443822
bpp (bits per point)        : 39.48147335459613

========== Point-based Metrics =========
Asym. Chamfer dist. (1->2) p2pt: 1.08049
Asym. Chamfer dist. (2->1) p2pt: 0.799906
Chamfer dist.              p2pt: 0.9402
CD-PSNR (dB)               p2pt: 59.9291
Hausdorff distance         p2pt: 154


----------------------------------------
Y-CPSNR (dB)                   : 31.9699
U-CPSNR (dB)                   : 39.1291
V-CPSNR (dB)                   : 31.5933

