PCC-Arena Evaluator 0.6.5
Reference Point Cloud: /temp/pranav/dynamic_pc_data/redandblack/Ply/redandblack_vox10_1652.ply
Target Point Cloud: /temp/pranav/dynamic_pc_data/redandblack/experiments/3DD_4_noQuantize_OM=4_r1/decompressed/redandblack_dec_1652.ply

========== Time & Binary Size ==========
Encoding time (s)           : -1
Decoding time (s)           : -1
Source point cloud size (kB): 16050.958
Total binary files size (kB): 3823.529
Compression ratio           : 0.23821188741506893
bpp (bits per point)        : 40.94492261645013

========== Point-based Metrics =========
Asym. Chamfer dist. (1->2) p2pt: 1.13342
Asym. Chamfer dist. (2->1) p2pt: 0.767008
Chamfer dist.              p2pt: 0.950213
CD-PSNR (dB)               p2pt: 59.8176
Hausdorff distance         p2pt: 131


----------------------------------------
Y-CPSNR (dB)                   : 32.0067
U-CPSNR (dB)                   : 39.2101
V-CPSNR (dB)                   : 31.5354

