PCC-Arena Evaluator 0.6.5
Reference Point Cloud: /temp/pranav/dynamic_pc_data/redandblack/Ply/redandblack_vox10_1690.ply
Target Point Cloud: /temp/pranav/dynamic_pc_data/redandblack/experiments/3DD_4_noQuantize_OM=4_r1/decompressed/redandblack_dec_1690.ply

========== Time & Binary Size ==========
Encoding time (s)           : -1
Decoding time (s)           : -1
Source point cloud size (kB): 16510.506
Total binary files size (kB): 3823.529
Compression ratio           : 0.23158157599773135
bpp (bits per point)        : 40.0006172403602

========== Point-based Metrics =========
Asym. Chamfer dist. (1->2) p2pt: 1.12402
Asym. Chamfer dist. (2->1) p2pt: 0.836085
Chamfer dist.              p2pt: 0.980055
CD-PSNR (dB)               p2pt: 59.809
Hausdorff distance         p2pt: 136


----------------------------------------
Y-CPSNR (dB)                   : 31.7706
U-CPSNR (dB)                   : 39.3905
V-CPSNR (dB)                   : 31.3974

