PCC-Arena Evaluator 0.6.5
Reference Point Cloud: /temp/pranav/dynamic_pc_data/redandblack/Ply/redandblack_vox10_1596.ply
Target Point Cloud: /temp/pranav/dynamic_pc_data/redandblack/experiments/2DD_lodX=1_lodY=2_OM=4_r1/decompressed/redandblack_dec_1596.ply

========== Time & Binary Size ==========
Encoding time (s)           : -1
Decoding time (s)           : -1
Source point cloud size (kB): 15436.062
Total binary files size (kB): 3712.495
Compression ratio           : 0.24050790933594332
bpp (bits per point)        : 41.522899840199536

========== Point-based Metrics =========
Asym. Chamfer dist. (1->2) p2pt: 1.18753
Asym. Chamfer dist. (2->1) p2pt: 0.953433
Chamfer dist.              p2pt: 1.07048
CD-PSNR (dB)               p2pt: 59.4889
Hausdorff distance         p2pt: 393


----------------------------------------
Y-CPSNR (dB)                   : 31.9087
U-CPSNR (dB)                   : 38.7887
V-CPSNR (dB)                   : 30.6972

