PCC-Arena Evaluator 0.6.5
Reference Point Cloud: /temp/pranav/dynamic_pc_data/loot/Ply/loot_vox10_1068.ply
Target Point Cloud: /temp/pranav/dynamic_pc_data/loot/experiments/vanilla_rc_OM=4_GQP=30_AQP=41/decompressed/loot_dec_1068.ply

========== Time & Binary Size ==========
Encoding time (s)           : -1
Decoding time (s)           : -1
Source point cloud size (kB): 16499.618
Total binary files size (kB): 3266.036
Compression ratio           : 0.19794615851106373
bpp (bits per point)        : 33.57705558889636

========== Point-based Metrics =========
Asym. Chamfer dist. (1->2) p2pt: 0.570458
Asym. Chamfer dist. (2->1) p2pt: 0.528831
Chamfer dist.              p2pt: 0.549644
CD-PSNR (dB)               p2pt: 62.8959
Hausdorff distance         p2pt: 43


----------------------------------------
Y-CPSNR (dB)                   : 32.9506
U-CPSNR (dB)                   : 44.8105
V-CPSNR (dB)                   : 43.9817

