PCC-Arena Evaluator 0.6.5
Reference Point Cloud: /temp/pranav/dynamic_pc_data/loot/Ply/loot_vox10_1113.ply
Target Point Cloud: /temp/pranav/dynamic_pc_data/loot/experiments/vanilla_rc_OM=4_GQP=30_AQP=41/decompressed/loot_dec_1113.ply

========== Time & Binary Size ==========
Encoding time (s)           : -1
Decoding time (s)           : -1
Source point cloud size (kB): 16577.966
Total binary files size (kB): 3266.036
Compression ratio           : 0.19701065860552494
bpp (bits per point)        : 33.367500759853186

========== Point-based Metrics =========
Asym. Chamfer dist. (1->2) p2pt: 0.579786
Asym. Chamfer dist. (2->1) p2pt: 0.538268
Chamfer dist.              p2pt: 0.559027
CD-PSNR (dB)               p2pt: 62.8114
Hausdorff distance         p2pt: 42


----------------------------------------
Y-CPSNR (dB)                   : 32.6877
U-CPSNR (dB)                   : 44.5227
V-CPSNR (dB)                   : 44.3109

