PCC-Arena Evaluator 0.6.5
Reference Point Cloud: /temp/pranav/dynamic_pc_data/loot/Ply/loot_vox10_1089.ply
Target Point Cloud: /temp/pranav/dynamic_pc_data/loot/experiments/vanilla_rc_OM=4_GQP=30_AQP=41/decompressed/loot_dec_1089.ply

========== Time & Binary Size ==========
Encoding time (s)           : -1
Decoding time (s)           : -1
Source point cloud size (kB): 16490.417
Total binary files size (kB): 3266.036
Compression ratio           : 0.1980566046328604
bpp (bits per point)        : 33.51181134679366

========== Point-based Metrics =========
Asym. Chamfer dist. (1->2) p2pt: 0.569131
Asym. Chamfer dist. (2->1) p2pt: 0.514398
Chamfer dist.              p2pt: 0.541765
CD-PSNR (dB)               p2pt: 62.8202
Hausdorff distance         p2pt: 90


----------------------------------------
Y-CPSNR (dB)                   : 33.2984
U-CPSNR (dB)                   : 44.5867
V-CPSNR (dB)                   : 44.2065

