PCC-Arena Evaluator 0.6.5
Reference Point Cloud: /temp/pranav/dynamic_pc_data/loot/Ply/loot_vox10_1236.ply
Target Point Cloud: /temp/pranav/dynamic_pc_data/loot/experiments/vanilla_rc_OM=4_GQP=30_AQP=41/decompressed/loot_dec_1236.ply

========== Time & Binary Size ==========
Encoding time (s)           : -1
Decoding time (s)           : -1
Source point cloud size (kB): 17651.506
Total binary files size (kB): 3266.036
Compression ratio           : 0.18502874485610463
bpp (bits per point)        : 32.22261576483472

========== Point-based Metrics =========
Asym. Chamfer dist. (1->2) p2pt: 0.565415
Asym. Chamfer dist. (2->1) p2pt: 0.548436
Chamfer dist.              p2pt: 0.556926
CD-PSNR (dB)               p2pt: 62.5187
Hausdorff distance         p2pt: 126


----------------------------------------
Y-CPSNR (dB)                   : 32.9609
U-CPSNR (dB)                   : 44.6558
V-CPSNR (dB)                   : 44.3273

