PCC-Arena Evaluator 0.6.5
Reference Point Cloud: /temp/pranav/dynamic_pc_data/loot/Ply/loot_vox10_1283.ply
Target Point Cloud: /temp/pranav/dynamic_pc_data/loot/experiments/vanilla_rc_OM=4_GQP=30_AQP=41/decompressed/loot_dec_1283.ply

========== Time & Binary Size ==========
Encoding time (s)           : -1
Decoding time (s)           : -1
Source point cloud size (kB): 17609.546
Total binary files size (kB): 3266.036
Compression ratio           : 0.1854696310739641
bpp (bits per point)        : 32.28372993563836

========== Point-based Metrics =========
Asym. Chamfer dist. (1->2) p2pt: 0.590531
Asym. Chamfer dist. (2->1) p2pt: 0.554527
Chamfer dist.              p2pt: 0.572529
CD-PSNR (dB)               p2pt: 62.4466
Hausdorff distance         p2pt: 89


----------------------------------------
Y-CPSNR (dB)                   : 32.9663
U-CPSNR (dB)                   : 44.7621
V-CPSNR (dB)                   : 44.6122

