PCC-Arena Evaluator 0.6.5
Reference Point Cloud: /temp/pranav/dynamic_pc_data/loot/Ply/loot_vox10_1049.ply
Target Point Cloud: /temp/pranav/dynamic_pc_data/loot/experiments/vanilla_rc_OM=4_GQP=30_AQP=41/decompressed/loot_dec_1049.ply

========== Time & Binary Size ==========
Encoding time (s)           : -1
Decoding time (s)           : -1
Source point cloud size (kB): 17004.773
Total binary files size (kB): 3266.036
Compression ratio           : 0.192065839396974
bpp (bits per point)        : 33.35344457833786

========== Point-based Metrics =========
Asym. Chamfer dist. (1->2) p2pt: 0.594686
Asym. Chamfer dist. (2->1) p2pt: 0.553709
Chamfer dist.              p2pt: 0.574198
CD-PSNR (dB)               p2pt: 62.5707
Hausdorff distance         p2pt: 105


----------------------------------------
Y-CPSNR (dB)                   : 32.9357
U-CPSNR (dB)                   : 44.3322
V-CPSNR (dB)                   : 44.2474

