PCC-Arena Evaluator 0.6.5
Reference Point Cloud: /temp/pranav/dynamic_pc_data/loot/Ply/loot_vox10_1073.ply
Target Point Cloud: /temp/pranav/dynamic_pc_data/loot/experiments/vanilla_rc_OM=4_GQP=30_AQP=41/decompressed/loot_dec_1073.ply

========== Time & Binary Size ==========
Encoding time (s)           : -1
Decoding time (s)           : -1
Source point cloud size (kB): 16585.369
Total binary files size (kB): 3266.036
Compression ratio           : 0.1969227214661308
bpp (bits per point)        : 33.39253302728961

========== Point-based Metrics =========
Asym. Chamfer dist. (1->2) p2pt: 0.56048
Asym. Chamfer dist. (2->1) p2pt: 0.507703
Chamfer dist.              p2pt: 0.534092
CD-PSNR (dB)               p2pt: 62.865
Hausdorff distance         p2pt: 48


----------------------------------------
Y-CPSNR (dB)                   : 33.4841
U-CPSNR (dB)                   : 44.4929
V-CPSNR (dB)                   : 44.2846

