PCC-Arena Evaluator 0.6.5
Reference Point Cloud: /temp/pranav/dynamic_pc_data/loot/Ply/loot_vox10_1263.ply
Target Point Cloud: /temp/pranav/dynamic_pc_data/loot/experiments/vanilla_rc_OM=4_GQP=30_AQP=41/decompressed/loot_dec_1263.ply

========== Time & Binary Size ==========
Encoding time (s)           : -1
Decoding time (s)           : -1
Source point cloud size (kB): 17298.099
Total binary files size (kB): 3266.036
Compression ratio           : 0.18880895524993818
bpp (bits per point)        : 32.922173585438195

========== Point-based Metrics =========
Asym. Chamfer dist. (1->2) p2pt: 0.577714
Asym. Chamfer dist. (2->1) p2pt: 0.557788
Chamfer dist.              p2pt: 0.567751
CD-PSNR (dB)               p2pt: 62.4388
Hausdorff distance         p2pt: 93


----------------------------------------
Y-CPSNR (dB)                   : 32.9329
U-CPSNR (dB)                   : 44.6528
V-CPSNR (dB)                   : 43.9651

