PCC-Arena Evaluator 0.6.5
Reference Point Cloud: /temp/pranav/dynamic_pc_data/loot/Ply/loot_vox10_1233.ply
Target Point Cloud: /temp/pranav/dynamic_pc_data/loot/experiments/vanilla_rc_OM=4_GQP=30_AQP=41/decompressed/loot_dec_1233.ply

========== Time & Binary Size ==========
Encoding time (s)           : -1
Decoding time (s)           : -1
Source point cloud size (kB): 17741.108
Total binary files size (kB): 3266.036
Compression ratio           : 0.18409425161044057
bpp (bits per point)        : 32.065071939444216

========== Point-based Metrics =========
Asym. Chamfer dist. (1->2) p2pt: 0.608859
Asym. Chamfer dist. (2->1) p2pt: 0.5757
Chamfer dist.              p2pt: 0.592279
CD-PSNR (dB)               p2pt: 62.2367
Hausdorff distance         p2pt: 117


----------------------------------------
Y-CPSNR (dB)                   : 32.8141
U-CPSNR (dB)                   : 44.5563
V-CPSNR (dB)                   : 44.2717

