PCC-Arena Evaluator 0.6.5
Reference Point Cloud: /temp/pranav/dynamic_pc_data/loot/Ply/loot_vox10_1149.ply
Target Point Cloud: /temp/pranav/dynamic_pc_data/loot/experiments/vanilla_rc_OM=4_GQP=30_AQP=41/decompressed/loot_dec_1149.ply

========== Time & Binary Size ==========
Encoding time (s)           : -1
Decoding time (s)           : -1
Source point cloud size (kB): 17289.499
Total binary files size (kB): 3266.036
Compression ratio           : 0.1889028710432847
bpp (bits per point)        : 32.795930176366554

========== Point-based Metrics =========
Asym. Chamfer dist. (1->2) p2pt: 0.56933
Asym. Chamfer dist. (2->1) p2pt: 0.522749
Chamfer dist.              p2pt: 0.546039
CD-PSNR (dB)               p2pt: 62.6851
Hausdorff distance         p2pt: 90


----------------------------------------
Y-CPSNR (dB)                   : 32.3711
U-CPSNR (dB)                   : 44.361
V-CPSNR (dB)                   : 44.0672

