PCC-Arena Evaluator 0.6.5
Reference Point Cloud: /temp/pranav/dynamic_pc_data/loot/Ply/loot_vox10_1242.ply
Target Point Cloud: /temp/pranav/dynamic_pc_data/loot/experiments/2DD_lodX=1_lodY=2_OM=4/decompressed/loot_dec_1242.ply

========== Time & Binary Size ==========
Encoding time (s)           : -1
Decoding time (s)           : -1
Source point cloud size (kB): 17624.218
Total binary files size (kB): 5919.293
Compression ratio           : 0.33586131310904116
bpp (bits per point)        : 58.52819601377357

========== Point-based Metrics =========
Asym. Chamfer dist. (1->2) p2pt: 0.660241
Asym. Chamfer dist. (2->1) p2pt: 0.416873
Chamfer dist.              p2pt: 0.538557
CD-PSNR (dB)               p2pt: 62.8187
Hausdorff distance         p2pt: 228


----------------------------------------
Y-CPSNR (dB)                   : 35.2096
U-CPSNR (dB)                   : 45.7446
V-CPSNR (dB)                   : 45.4963

