PCC-Arena Evaluator 0.6.5
Reference Point Cloud: /temp/pranav/dynamic_pc_data/loot/Ply/loot_vox10_1102.ply
Target Point Cloud: /temp/pranav/dynamic_pc_data/loot/experiments/2DD_lodX=1_lodY=2_OM=4/decompressed/loot_dec_1102.ply

========== Time & Binary Size ==========
Encoding time (s)           : -1
Decoding time (s)           : -1
Source point cloud size (kB): 16536.682
Total binary files size (kB): 5919.293
Compression ratio           : 0.3579492548747082
bpp (bits per point)        : 60.528259055078856

========== Point-based Metrics =========
Asym. Chamfer dist. (1->2) p2pt: 0.645724
Asym. Chamfer dist. (2->1) p2pt: 0.381751
Chamfer dist.              p2pt: 0.513738
CD-PSNR (dB)               p2pt: 63.2171
Hausdorff distance         p2pt: 69


----------------------------------------
Y-CPSNR (dB)                   : 35.7735
U-CPSNR (dB)                   : 46.2315
V-CPSNR (dB)                   : 45.929

