PCC-Arena Evaluator 0.6.5
Reference Point Cloud: /temp/pranav/dynamic_pc_data/loot/Ply/loot_vox10_1244.ply
Target Point Cloud: /temp/pranav/dynamic_pc_data/loot/experiments/2DD_lodX=1_lodY=2_OM=4/decompressed/loot_dec_1244.ply

========== Time & Binary Size ==========
Encoding time (s)           : -1
Decoding time (s)           : -1
Source point cloud size (kB): 17641.807
Total binary files size (kB): 5919.293
Compression ratio           : 0.33552645712539536
bpp (bits per point)        : 58.4446197005096

========== Point-based Metrics =========
Asym. Chamfer dist. (1->2) p2pt: 0.659295
Asym. Chamfer dist. (2->1) p2pt: 0.414923
Chamfer dist.              p2pt: 0.537109
CD-PSNR (dB)               p2pt: 62.8077
Hausdorff distance         p2pt: 56


----------------------------------------
Y-CPSNR (dB)                   : 35.2744
U-CPSNR (dB)                   : 45.8083
V-CPSNR (dB)                   : 45.5505

