PCC-Arena Evaluator 0.6.5
Reference Point Cloud: /temp/pranav/dynamic_pc_data/loot/Ply/loot_vox10_1263.ply
Target Point Cloud: /temp/pranav/dynamic_pc_data/loot/experiments/2DD_lodX=1_lodY=2_OM=4/decompressed/loot_dec_1263.ply

========== Time & Binary Size ==========
Encoding time (s)           : -1
Decoding time (s)           : -1
Source point cloud size (kB): 17298.099
Total binary files size (kB): 5919.293
Compression ratio           : 0.34219326643927755
bpp (bits per point)        : 59.6674352790567

========== Point-based Metrics =========
Asym. Chamfer dist. (1->2) p2pt: 0.603784
Asym. Chamfer dist. (2->1) p2pt: 0.397334
Chamfer dist.              p2pt: 0.500559
CD-PSNR (dB)               p2pt: 62.9858
Hausdorff distance         p2pt: 64


----------------------------------------
Y-CPSNR (dB)                   : 36.4234
U-CPSNR (dB)                   : 46.0226
V-CPSNR (dB)                   : 45.6429

