PCC-Arena Evaluator 0.6.5
Reference Point Cloud: /temp/pranav/dynamic_pc_data/loot/Ply/loot_vox10_1228.ply
Target Point Cloud: /temp/pranav/dynamic_pc_data/loot/experiments/2DD_lodX=1_lodY=2_OM=4/decompressed/loot_dec_1228.ply

========== Time & Binary Size ==========
Encoding time (s)           : -1
Decoding time (s)           : -1
Source point cloud size (kB): 17622.435
Total binary files size (kB): 5919.293
Compression ratio           : 0.3358952948329785
bpp (bits per point)        : 58.5290640905529

========== Point-based Metrics =========
Asym. Chamfer dist. (1->2) p2pt: 0.665011
Asym. Chamfer dist. (2->1) p2pt: 0.409317
Chamfer dist.              p2pt: 0.537164
CD-PSNR (dB)               p2pt: 62.8477
Hausdorff distance         p2pt: 59


----------------------------------------
Y-CPSNR (dB)                   : 35.2386
U-CPSNR (dB)                   : 45.8047
V-CPSNR (dB)                   : 45.7554

