PCC-Arena Evaluator 0.6.5
Reference Point Cloud: /temp/pranav/dynamic_pc_data/loot/Ply/loot_vox10_1238.ply
Target Point Cloud: /temp/pranav/dynamic_pc_data/loot/experiments/2DD_lodX=1_lodY=2_OM=4/decompressed/loot_dec_1238.ply

========== Time & Binary Size ==========
Encoding time (s)           : -1
Decoding time (s)           : -1
Source point cloud size (kB): 17403.432
Total binary files size (kB): 5919.293
Compression ratio           : 0.3401221667082676
bpp (bits per point)        : 59.25247874113484

========== Point-based Metrics =========
Asym. Chamfer dist. (1->2) p2pt: 0.655545
Asym. Chamfer dist. (2->1) p2pt: 0.412679
Chamfer dist.              p2pt: 0.534112
CD-PSNR (dB)               p2pt: 62.8118
Hausdorff distance         p2pt: 1357


----------------------------------------
Y-CPSNR (dB)                   : 35.7768
U-CPSNR (dB)                   : 45.8205
V-CPSNR (dB)                   : 45.5439

