PCC-Arena Evaluator 0.6.5
Reference Point Cloud: /home/p/pranav/dynamic_pc_data/loot/Ply/loot_vox10_1146.ply
Target Point Cloud: /home/p/pranav/dynamic_pc_data/loot/experiments/2DD_lodX=1_lodY=2_OM=4/decompressed/loot_dec_1146.ply

========== Time & Binary Size ==========
Encoding time (s)           : -1
Decoding time (s)           : -1
Source point cloud size (kB): 17215.452
Total binary files size (kB): 5919.293
Compression ratio           : 0.34383604914933397
bpp (bits per point)        : 59.59564758857983

========== Point-based Metrics =========
Asym. Chamfer dist. (1->2) p2pt: 0.61689
Asym. Chamfer dist. (2->1) p2pt: 0.388627
Chamfer dist.              p2pt: 0.502758
CD-PSNR (dB)               p2pt: 63.0127
Hausdorff distance         p2pt: 113


----------------------------------------
Y-CPSNR (dB)                   : 35.6438
U-CPSNR (dB)                   : 45.8304
V-CPSNR (dB)                   : 45.8085

