PCC-Arena Evaluator 0.6.5
Reference Point Cloud: /home/p/pranav/dynamic_pc_data/loot/Ply/loot_vox10_1020.ply
Target Point Cloud: /home/p/pranav/dynamic_pc_data/loot/experiments/2DD_lodX=1_lodY=2_OM=4/decompressed/loot_dec_1020.ply

========== Time & Binary Size ==========
Encoding time (s)           : -1
Decoding time (s)           : -1
Source point cloud size (kB): 16932.898
Total binary files size (kB): 5919.293
Compression ratio           : 0.34957353431172855
bpp (bits per point)        : 60.78348175892671

========== Point-based Metrics =========
Asym. Chamfer dist. (1->2) p2pt: 0.633855
Asym. Chamfer dist. (2->1) p2pt: 0.389572
Chamfer dist.              p2pt: 0.511714
CD-PSNR (dB)               p2pt: 63.1215
Hausdorff distance         p2pt: 59


----------------------------------------
Y-CPSNR (dB)                   : 35.5634
U-CPSNR (dB)                   : 45.8134
V-CPSNR (dB)                   : 45.6643

