PCC-Arena Evaluator 0.6.5
Reference Point Cloud: /temp/pranav/dynamic_pc_data/longdress/Ply/longdress_vox10_1317.ply
Target Point Cloud: /temp/pranav/dynamic_pc_data/longdress/experiments/vanilla_rc_OM=4_GQP=32_AQP=38/decompressed/longdress_dec_1317.ply

========== Time & Binary Size ==========
Encoding time (s)           : -1
Decoding time (s)           : -1
Source point cloud size (kB): 18620.929
Total binary files size (kB): 8567.843
Compression ratio           : 0.4601189876187166
bpp (bits per point)        : 83.027466770356

========== Point-based Metrics =========
Asym. Chamfer dist. (1->2) p2pt: 0.723639
Asym. Chamfer dist. (2->1) p2pt: 0.674292
Chamfer dist.              p2pt: 0.698965
CD-PSNR (dB)               p2pt: 61.5254
Hausdorff distance         p2pt: 68


----------------------------------------
Y-CPSNR (dB)                   : 28.9332
U-CPSNR (dB)                   : 33.922
V-CPSNR (dB)                   : 33.2896

