PCC-Arena Evaluator 0.6.5
Reference Point Cloud: /temp/pranav/dynamic_pc_data/longdress/Ply/longdress_vox10_1303.ply
Target Point Cloud: /temp/pranav/dynamic_pc_data/longdress/experiments/vanilla_rc_OM=4_GQP=32_AQP=38/decompressed/longdress_dec_1303.ply

========== Time & Binary Size ==========
Encoding time (s)           : -1
Decoding time (s)           : -1
Source point cloud size (kB): 19188.512
Total binary files size (kB): 8567.843
Compression ratio           : 0.44650898412550183
bpp (bits per point)        : 80.81831934338629

========== Point-based Metrics =========
Asym. Chamfer dist. (1->2) p2pt: 0.740641
Asym. Chamfer dist. (2->1) p2pt: 0.674168
Chamfer dist.              p2pt: 0.707405
CD-PSNR (dB)               p2pt: 61.5784
Hausdorff distance         p2pt: 116


----------------------------------------
Y-CPSNR (dB)                   : 28.7539
U-CPSNR (dB)                   : 33.8756
V-CPSNR (dB)                   : 33.2864

