PCC-Arena Evaluator 0.6.5
Reference Point Cloud: /temp/pranav/dynamic_pc_data/longdress/Ply/longdress_vox10_1172.ply
Target Point Cloud: /temp/pranav/dynamic_pc_data/longdress/experiments/vanilla_rc_OM=4_GQP=32_AQP=38/decompressed/longdress_dec_1172.ply

========== Time & Binary Size ==========
Encoding time (s)           : -1
Decoding time (s)           : -1
Source point cloud size (kB): 18197.876
Total binary files size (kB): 8567.843
Compression ratio           : 0.4708155501224429
bpp (bits per point)        : 85.86593974592016

========== Point-based Metrics =========
Asym. Chamfer dist. (1->2) p2pt: 0.71587
Asym. Chamfer dist. (2->1) p2pt: 0.674461
Chamfer dist.              p2pt: 0.695165
CD-PSNR (dB)               p2pt: 61.7544
Hausdorff distance         p2pt: 150


----------------------------------------
Y-CPSNR (dB)                   : 28.7087
U-CPSNR (dB)                   : 33.5433
V-CPSNR (dB)                   : 33.2297

