PCC-Arena Evaluator 0.6.5
Reference Point Cloud: /temp/pranav/dynamic_pc_data/longdress/Ply/longdress_vox10_1335.ply
Target Point Cloud: /temp/pranav/dynamic_pc_data/longdress/experiments/vanilla_rc_OM=4_GQP=32_AQP=38/decompressed/longdress_dec_1335.ply

========== Time & Binary Size ==========
Encoding time (s)           : -1
Decoding time (s)           : -1
Source point cloud size (kB): 19707.799
Total binary files size (kB): 8567.843
Compression ratio           : 0.43474377833871763
bpp (bits per point)        : 79.0275686102243

========== Point-based Metrics =========
Asym. Chamfer dist. (1->2) p2pt: 0.753124
Asym. Chamfer dist. (2->1) p2pt: 0.734091
Chamfer dist.              p2pt: 0.743608
CD-PSNR (dB)               p2pt: 61.4219
Hausdorff distance         p2pt: 126


----------------------------------------
Y-CPSNR (dB)                   : 29.231
U-CPSNR (dB)                   : 33.9637
V-CPSNR (dB)                   : 33.3756

