PCC-Arena Evaluator 0.6.5
Reference Point Cloud: /temp/pranav/dynamic_pc_data/longdress/Ply/longdress_vox10_1159.ply
Target Point Cloud: /temp/pranav/dynamic_pc_data/longdress/experiments/vanilla_rc_OM=4_GQP=32_AQP=38/decompressed/longdress_dec_1159.ply

========== Time & Binary Size ==========
Encoding time (s)           : -1
Decoding time (s)           : -1
Source point cloud size (kB): 18987.489
Total binary files size (kB): 8567.843
Compression ratio           : 0.4512362324475869
bpp (bits per point)        : 82.26702225465509

========== Point-based Metrics =========
Asym. Chamfer dist. (1->2) p2pt: 0.737793
Asym. Chamfer dist. (2->1) p2pt: 0.688625
Chamfer dist.              p2pt: 0.713209
CD-PSNR (dB)               p2pt: 61.5307
Hausdorff distance         p2pt: 141


----------------------------------------
Y-CPSNR (dB)                   : 28.9606
U-CPSNR (dB)                   : 33.8047
V-CPSNR (dB)                   : 33.3874

