PCC-Arena Evaluator 0.6.5
Reference Point Cloud: /temp/pranav/dynamic_pc_data/longdress/Ply/longdress_vox10_1295.ply
Target Point Cloud: /temp/pranav/dynamic_pc_data/longdress/experiments/vanilla_rc_OM=4_GQP=32_AQP=38/decompressed/longdress_dec_1295.ply

========== Time & Binary Size ==========
Encoding time (s)           : -1
Decoding time (s)           : -1
Source point cloud size (kB): 19598.657
Total binary files size (kB): 8567.843
Compression ratio           : 0.4371648016494192
bpp (bits per point)        : 79.09213160569985

========== Point-based Metrics =========
Asym. Chamfer dist. (1->2) p2pt: 0.734922
Asym. Chamfer dist. (2->1) p2pt: 0.696698
Chamfer dist.              p2pt: 0.71581
CD-PSNR (dB)               p2pt: 61.6092
Hausdorff distance         p2pt: 203


----------------------------------------
Y-CPSNR (dB)                   : 29.0603
U-CPSNR (dB)                   : 34.0768
V-CPSNR (dB)                   : 33.3129

