PCC-Arena Evaluator 0.6.5
Reference Point Cloud: /temp/pranav/dynamic_pc_data/longdress/Ply/longdress_vox10_1112.ply
Target Point Cloud: /temp/pranav/dynamic_pc_data/longdress/experiments/vanilla_rc_OM=4_GQP=32_AQP=38/decompressed/longdress_dec_1112.ply

========== Time & Binary Size ==========
Encoding time (s)           : -1
Decoding time (s)           : -1
Source point cloud size (kB): 19589.258
Total binary files size (kB): 8567.843
Compression ratio           : 0.43737455497293465
bpp (bits per point)        : 79.42951173780735

========== Point-based Metrics =========
Asym. Chamfer dist. (1->2) p2pt: 0.749768
Asym. Chamfer dist. (2->1) p2pt: 0.758896
Chamfer dist.              p2pt: 0.754332
CD-PSNR (dB)               p2pt: 61.1803
Hausdorff distance         p2pt: 165


----------------------------------------
Y-CPSNR (dB)                   : 29.0659
U-CPSNR (dB)                   : 33.9263
V-CPSNR (dB)                   : 33.5714

