PCC-Arena Evaluator 0.6.5
Reference Point Cloud: /temp/pranav/dynamic_pc_data/longdress/Ply/longdress_vox10_1122.ply
Target Point Cloud: /temp/pranav/dynamic_pc_data/longdress/experiments/vanilla_rc_OM=4_GQP=32_AQP=38/decompressed/longdress_dec_1122.ply

========== Time & Binary Size ==========
Encoding time (s)           : -1
Decoding time (s)           : -1
Source point cloud size (kB): 18318.531
Total binary files size (kB): 8567.843
Compression ratio           : 0.4677145236154581
bpp (bits per point)        : 85.33825039934561

========== Point-based Metrics =========
Asym. Chamfer dist. (1->2) p2pt: 0.728704
Asym. Chamfer dist. (2->1) p2pt: 0.685232
Chamfer dist.              p2pt: 0.706968
CD-PSNR (dB)               p2pt: 61.4301
Hausdorff distance         p2pt: 144


----------------------------------------
Y-CPSNR (dB)                   : 29.3149
U-CPSNR (dB)                   : 34.0722
V-CPSNR (dB)                   : 33.7252

