PCC-Arena Evaluator 0.6.5
Reference Point Cloud: /home/p/pranav/dynamic_pc_data/redandblack/Ply/redandblack_vox10_1674.ply
Target Point Cloud: /home/p/pranav/dynamic_pc_data/redandblack/experiments/vanilla_rc_OM=4_GQP=34_AQP=45/decompressed/redandblack_dec_1674.ply

========== Time & Binary Size ==========
Encoding time (s)           : -1
Decoding time (s)           : -1
Source point cloud size (kB): 16447.482
Total binary files size (kB): 3472.331
Compression ratio           : 0.2111162669155072
bpp (bits per point)        : 36.408094576528875

========== Point-based Metrics =========
Asym. Chamfer dist. (1->2) p2pt: 1.01168
Asym. Chamfer dist. (2->1) p2pt: 0.996636
Chamfer dist.              p2pt: 1.00416
CD-PSNR (dB)               p2pt: 60.0633
Hausdorff distance         p2pt: 414


----------------------------------------
Y-CPSNR (dB)                   : 31.4384
U-CPSNR (dB)                   : 38.8311
V-CPSNR (dB)                   : 30.9813

