PCC-Arena Evaluator 0.6.5
Reference Point Cloud: /temp/pranav/dynamic_pc_data/redandblack/Ply/redandblack_vox10_1721.ply
Target Point Cloud: /temp/pranav/dynamic_pc_data/redandblack/experiments/vanilla_rc_OM=4_GQP=34_AQP=45/decompressed/redandblack_dec_1721.ply

========== Time & Binary Size ==========
Encoding time (s)           : -1
Decoding time (s)           : -1
Source point cloud size (kB): 14028.256
Total binary files size (kB): 3472.331
Compression ratio           : 0.247524068565615
bpp (bits per point)        : 42.72284168402014

========== Point-based Metrics =========
Asym. Chamfer dist. (1->2) p2pt: 1.04656
Asym. Chamfer dist. (2->1) p2pt: 0.899913
Chamfer dist.              p2pt: 0.973234
CD-PSNR (dB)               p2pt: 59.9007
Hausdorff distance         p2pt: 200


----------------------------------------
Y-CPSNR (dB)                   : 30.9913
U-CPSNR (dB)                   : 38.3538
V-CPSNR (dB)                   : 30.7342

