PCC-Arena Evaluator 0.6.5
Reference Point Cloud: /temp/pranav/dynamic_pc_data/redandblack/Ply/redandblack_vox10_1540.ply
Target Point Cloud: /temp/pranav/dynamic_pc_data/redandblack/experiments/vanilla_rc_OM=4_GQP=34_AQP=45/decompressed/redandblack_dec_1540.ply

========== Time & Binary Size ==========
Encoding time (s)           : -1
Decoding time (s)           : -1
Source point cloud size (kB): 15833.684
Total binary files size (kB): 3472.331
Compression ratio           : 0.21930025886584578
bpp (bits per point)        : 37.7964444033232

========== Point-based Metrics =========
Asym. Chamfer dist. (1->2) p2pt: 1.04257
Asym. Chamfer dist. (2->1) p2pt: 0.966562
Chamfer dist.              p2pt: 1.00457
CD-PSNR (dB)               p2pt: 59.9324
Hausdorff distance         p2pt: 161


----------------------------------------
Y-CPSNR (dB)                   : 31.1289
U-CPSNR (dB)                   : 38.3894
V-CPSNR (dB)                   : 30.5434

