PCC-Arena Evaluator 0.6.5
Reference Point Cloud: /temp/pranav/dynamic_pc_data/redandblack/Ply/redandblack_vox10_1455.ply
Target Point Cloud: /temp/pranav/dynamic_pc_data/redandblack/experiments/vanilla_rc_OM=4_GQP=34_AQP=45/decompressed/redandblack_dec_1455.ply

========== Time & Binary Size ==========
Encoding time (s)           : -1
Decoding time (s)           : -1
Source point cloud size (kB): 14634.881
Total binary files size (kB): 3472.331
Compression ratio           : 0.23726404061638767
bpp (bits per point)        : 40.88558543707611

========== Point-based Metrics =========
Asym. Chamfer dist. (1->2) p2pt: 1.01414
Asym. Chamfer dist. (2->1) p2pt: 0.901992
Chamfer dist.              p2pt: 0.958067
CD-PSNR (dB)               p2pt: 59.9805
Hausdorff distance         p2pt: 129


----------------------------------------
Y-CPSNR (dB)                   : 31.3538
U-CPSNR (dB)                   : 38.8743
V-CPSNR (dB)                   : 30.9388

