PCC-Arena Evaluator 0.6.5
Reference Point Cloud: /temp/pranav/dynamic_pc_data/redandblack/Ply/redandblack_vox10_1683.ply
Target Point Cloud: /temp/pranav/dynamic_pc_data/redandblack/experiments/vanilla_rc_OM=4_GQP=34_AQP=45/decompressed/redandblack_dec_1683.ply

========== Time & Binary Size ==========
Encoding time (s)           : -1
Decoding time (s)           : -1
Source point cloud size (kB): 16299.645
Total binary files size (kB): 3472.331
Compression ratio           : 0.21303108135177176
bpp (bits per point)        : 36.818952742734595

========== Point-based Metrics =========
Asym. Chamfer dist. (1->2) p2pt: 1.02201
Asym. Chamfer dist. (2->1) p2pt: 0.931363
Chamfer dist.              p2pt: 0.976688
CD-PSNR (dB)               p2pt: 59.8067
Hausdorff distance         p2pt: 195


----------------------------------------
Y-CPSNR (dB)                   : 31.2967
U-CPSNR (dB)                   : 38.8456
V-CPSNR (dB)                   : 31.0916

